[2024-10-24T06:45:52.028+0000] {local_task_job_runner.py:120} INFO - ::group::Pre task execution logs
[2024-10-24T06:45:52.071+0000] {taskinstance.py:2076} INFO - Dependencies all met for dep_context=non-requeueable deps ti=<TaskInstance: SessionSummaryWithPKCheck.create_joined_table manual__2024-10-24T06:45:50.372758+00:00 [queued]>
[2024-10-24T06:45:52.081+0000] {taskinstance.py:2076} INFO - Dependencies all met for dep_context=requeueable deps ti=<TaskInstance: SessionSummaryWithPKCheck.create_joined_table manual__2024-10-24T06:45:50.372758+00:00 [queued]>
[2024-10-24T06:45:52.083+0000] {taskinstance.py:2306} INFO - Starting attempt 1 of 1
[2024-10-24T06:45:52.097+0000] {taskinstance.py:2330} INFO - Executing <Task(_PythonDecoratedOperator): create_joined_table> on 2024-10-24 06:45:50.372758+00:00
[2024-10-24T06:45:52.105+0000] {standard_task_runner.py:90} INFO - Running: ['***', 'tasks', 'run', 'SessionSummaryWithPKCheck', 'create_joined_table', 'manual__2024-10-24T06:45:50.372758+00:00', '--job-id', '26', '--raw', '--subdir', 'DAGS_FOLDER/CTAS_Summary_DAG_with_constraints.py', '--cfg-path', '/tmp/tmp_e1lbx57']
[2024-10-24T06:45:52.108+0000] {standard_task_runner.py:91} INFO - Job 26: Subtask create_joined_table
[2024-10-24T06:45:52.107+0000] {logging_mixin.py:188} WARNING - /home/***/.local/lib/python3.12/site-packages/***/task/task_runner/standard_task_runner.py:61 DeprecationWarning: This process (pid=416) is multi-threaded, use of fork() may lead to deadlocks in the child.
[2024-10-24T06:45:52.109+0000] {standard_task_runner.py:63} INFO - Started process 419 to run task
[2024-10-24T06:45:52.163+0000] {task_command.py:426} INFO - Running <TaskInstance: SessionSummaryWithPKCheck.create_joined_table manual__2024-10-24T06:45:50.372758+00:00 [running]> on host 4a25c42f06c7
[2024-10-24T06:45:52.248+0000] {taskinstance.py:2648} INFO - Exporting env vars: AIRFLOW_CTX_DAG_OWNER='***' AIRFLOW_CTX_DAG_ID='SessionSummaryWithPKCheck' AIRFLOW_CTX_TASK_ID='create_joined_table' AIRFLOW_CTX_EXECUTION_DATE='2024-10-24T06:45:50.372758+00:00' AIRFLOW_CTX_TRY_NUMBER='1' AIRFLOW_CTX_DAG_RUN_ID='manual__2024-10-24T06:45:50.372758+00:00'
[2024-10-24T06:45:52.250+0000] {taskinstance.py:430} INFO - ::endgroup::
[2024-10-24T06:45:52.259+0000] {base.py:84} INFO - Using connection ID 'snowflake_conn' for task execution.
[2024-10-24T06:45:52.261+0000] {connection.py:399} INFO - Snowflake Connector for Python Version: 3.10.0, Python Version: 3.12.3, Platform: Linux-5.15.153.1-microsoft-standard-WSL2-x86_64-with-glibc2.36
[2024-10-24T06:45:52.262+0000] {connection.py:1239} INFO - This connection is in OCSP Fail Open Mode. TLS Certificates would be checked for validity and revocation status. Any other Certificate Revocation related exceptions or OCSP Responder failures would be disregarded in favor of connectivity.
[2024-10-24T06:45:54.861+0000] {cursor.py:1149} INFO - Number of results in first chunk: 1
[2024-10-24T06:45:54.863+0000] {CTAS_Summary_DAG_with_constraints.py:30} INFO - Table dev.analytics.session_summary created successfully.
[2024-10-24T06:45:55.293+0000] {cursor.py:1149} INFO - Number of results in first chunk: 0
[2024-10-24T06:45:55.295+0000] {CTAS_Summary_DAG_with_constraints.py:45} INFO - Primary key uniqueness check passed. No duplicates found.
[2024-10-24T06:45:55.296+0000] {connection.py:762} INFO - closed
[2024-10-24T06:45:55.346+0000] {connection.py:768} INFO - No async queries seem to be running, deleting session
[2024-10-24T06:45:55.400+0000] {python.py:237} INFO - Done. Returned value was: None
[2024-10-24T06:45:55.401+0000] {taskinstance.py:441} INFO - ::group::Post task execution logs
[2024-10-24T06:45:55.416+0000] {taskinstance.py:1206} INFO - Marking task as SUCCESS. dag_id=SessionSummaryWithPKCheck, task_id=create_joined_table, run_id=manual__2024-10-24T06:45:50.372758+00:00, execution_date=20241024T064550, start_date=20241024T064552, end_date=20241024T064555
[2024-10-24T06:45:55.465+0000] {local_task_job_runner.py:240} INFO - Task exited with return code 0
[2024-10-24T06:45:55.485+0000] {taskinstance.py:3498} INFO - 0 downstream tasks scheduled from follow-on schedule check
[2024-10-24T06:45:55.491+0000] {local_task_job_runner.py:222} INFO - ::endgroup::
