[2024-11-12T03:17:50.499+0000] {local_task_job_runner.py:120} INFO - ::group::Pre task execution logs
[2024-11-12T03:17:50.556+0000] {taskinstance.py:2076} INFO - Dependencies all met for dep_context=non-requeueable deps ti=<TaskInstance: dbt_stock_analysis_dag.dbt_run manual__2024-11-12T03:17:49.261880+00:00 [queued]>
[2024-11-12T03:17:50.569+0000] {taskinstance.py:2076} INFO - Dependencies all met for dep_context=requeueable deps ti=<TaskInstance: dbt_stock_analysis_dag.dbt_run manual__2024-11-12T03:17:49.261880+00:00 [queued]>
[2024-11-12T03:17:50.571+0000] {taskinstance.py:2306} INFO - Starting attempt 1 of 2
[2024-11-12T03:17:50.589+0000] {taskinstance.py:2330} INFO - Executing <Task(BashOperator): dbt_run> on 2024-11-12 03:17:49.261880+00:00
[2024-11-12T03:17:50.596+0000] {standard_task_runner.py:90} INFO - Running: ['***', 'tasks', 'run', 'dbt_stock_analysis_dag', 'dbt_run', 'manual__2024-11-12T03:17:49.261880+00:00', '--job-id', '145', '--raw', '--subdir', 'DAGS_FOLDER/DAG for dbt.py', '--cfg-path', '/tmp/tmp835u72zf']
[2024-11-12T03:17:50.599+0000] {standard_task_runner.py:91} INFO - Job 145: Subtask dbt_run
[2024-11-12T03:17:50.600+0000] {logging_mixin.py:188} WARNING - /home/***/.local/lib/python3.12/site-packages/***/task/task_runner/standard_task_runner.py:61 DeprecationWarning: This process (pid=339) is multi-threaded, use of fork() may lead to deadlocks in the child.
[2024-11-12T03:17:50.601+0000] {standard_task_runner.py:63} INFO - Started process 340 to run task
[2024-11-12T03:17:50.671+0000] {task_command.py:426} INFO - Running <TaskInstance: dbt_stock_analysis_dag.dbt_run manual__2024-11-12T03:17:49.261880+00:00 [running]> on host 35ca5a0ec4fb
[2024-11-12T03:17:50.835+0000] {taskinstance.py:2648} INFO - Exporting env vars: AIRFLOW_CTX_DAG_OWNER='Utkarsh Tripathi' AIRFLOW_CTX_DAG_ID='dbt_stock_analysis_dag' AIRFLOW_CTX_TASK_ID='dbt_run' AIRFLOW_CTX_EXECUTION_DATE='2024-11-12T03:17:49.261880+00:00' AIRFLOW_CTX_TRY_NUMBER='1' AIRFLOW_CTX_DAG_RUN_ID='manual__2024-11-12T03:17:49.261880+00:00'
[2024-11-12T03:17:50.836+0000] {taskinstance.py:430} INFO - ::endgroup::
[2024-11-12T03:17:50.870+0000] {taskinstance.py:441} INFO - ::group::Post task execution logs
[2024-11-12T03:17:50.884+0000] {taskinstance.py:2905} ERROR - Task failed with exception
Traceback (most recent call last):
  File "/home/airflow/.local/lib/python3.12/site-packages/airflow/models/taskinstance.py", line 465, in _execute_task
    result = _execute_callable(context=context, **execute_callable_kwargs)
             ^^^^^^^^^^^^^^^^^^^^^^^^^^^^^^^^^^^^^^^^^^^^^^^^^^^^^^^^^^^^^
  File "/home/airflow/.local/lib/python3.12/site-packages/airflow/models/taskinstance.py", line 432, in _execute_callable
    return execute_callable(context=context, **execute_callable_kwargs)
           ^^^^^^^^^^^^^^^^^^^^^^^^^^^^^^^^^^^^^^^^^^^^^^^^^^^^^^^^^^^^
  File "/home/airflow/.local/lib/python3.12/site-packages/airflow/models/baseoperator.py", line 400, in wrapper
    return func(self, *args, **kwargs)
           ^^^^^^^^^^^^^^^^^^^^^^^^^^^
  File "/home/airflow/.local/lib/python3.12/site-packages/airflow/operators/bash.py", line 220, in execute
    raise AirflowException(f"Can not find the cwd: {self.cwd}")
airflow.exceptions.AirflowException: Can not find the cwd: C:\Users\utkar\sjsu-data226-main\week10\build_utl
[2024-11-12T03:17:50.892+0000] {taskinstance.py:1206} INFO - Marking task as UP_FOR_RETRY. dag_id=dbt_stock_analysis_dag, task_id=dbt_run, run_id=manual__2024-11-12T03:17:49.261880+00:00, execution_date=20241112T031749, start_date=20241112T031750, end_date=20241112T031750
[2024-11-12T03:17:50.922+0000] {standard_task_runner.py:110} ERROR - Failed to execute job 145 for task dbt_run (Can not find the cwd: C:\Users\utkar\sjsu-data226-main\week10\build_utl; 340)
[2024-11-12T03:17:50.936+0000] {local_task_job_runner.py:240} INFO - Task exited with return code 1
[2024-11-12T03:17:50.975+0000] {taskinstance.py:3498} INFO - 0 downstream tasks scheduled from follow-on schedule check
[2024-11-12T03:17:50.982+0000] {local_task_job_runner.py:222} INFO - ::endgroup::
