[2024-11-11T23:17:53.203+0000] {processor.py:161} INFO - Started process (PID=286) to work on /opt/airflow/dags/build_elt_with_ctas.py
[2024-11-11T23:17:53.217+0000] {processor.py:830} INFO - Processing file /opt/airflow/dags/build_elt_with_ctas.py for tasks to queue
[2024-11-11T23:17:53.250+0000] {logging_mixin.py:188} INFO - [2024-11-11T23:17:53.243+0000] {dagbag.py:545} INFO - Filling up the DagBag from /opt/airflow/dags/build_elt_with_ctas.py
[2024-11-11T23:17:53.529+0000] {processor.py:840} INFO - DAG(s) 'BuildELT_CTAS' retrieved from /opt/airflow/dags/build_elt_with_ctas.py
[2024-11-11T23:17:53.770+0000] {logging_mixin.py:188} INFO - [2024-11-11T23:17:53.769+0000] {dag.py:3096} INFO - Sync 1 DAGs
[2024-11-11T23:17:53.991+0000] {logging_mixin.py:188} INFO - [2024-11-11T23:17:53.989+0000] {dag.py:3954} INFO - Setting next_dagrun for BuildELT_CTAS to 2024-11-10 02:45:00+00:00, run_after=2024-11-11 02:45:00+00:00
[2024-11-11T23:17:54.104+0000] {processor.py:183} INFO - Processing /opt/airflow/dags/build_elt_with_ctas.py took 0.929 seconds
[2024-11-11T23:18:24.717+0000] {processor.py:161} INFO - Started process (PID=317) to work on /opt/airflow/dags/build_elt_with_ctas.py
[2024-11-11T23:18:24.720+0000] {processor.py:830} INFO - Processing file /opt/airflow/dags/build_elt_with_ctas.py for tasks to queue
[2024-11-11T23:18:24.725+0000] {logging_mixin.py:188} INFO - [2024-11-11T23:18:24.724+0000] {dagbag.py:545} INFO - Filling up the DagBag from /opt/airflow/dags/build_elt_with_ctas.py
[2024-11-11T23:18:24.802+0000] {processor.py:840} INFO - DAG(s) 'BuildELT_CTAS' retrieved from /opt/airflow/dags/build_elt_with_ctas.py
[2024-11-11T23:18:24.876+0000] {logging_mixin.py:188} INFO - [2024-11-11T23:18:24.876+0000] {dag.py:3096} INFO - Sync 1 DAGs
[2024-11-11T23:18:24.936+0000] {logging_mixin.py:188} INFO - [2024-11-11T23:18:24.936+0000] {dag.py:3954} INFO - Setting next_dagrun for BuildELT_CTAS to 2024-11-10 02:45:00+00:00, run_after=2024-11-11 02:45:00+00:00
[2024-11-11T23:18:25.002+0000] {processor.py:183} INFO - Processing /opt/airflow/dags/build_elt_with_ctas.py took 0.306 seconds
[2024-11-11T23:18:55.511+0000] {processor.py:161} INFO - Started process (PID=338) to work on /opt/airflow/dags/build_elt_with_ctas.py
[2024-11-11T23:18:55.513+0000] {processor.py:830} INFO - Processing file /opt/airflow/dags/build_elt_with_ctas.py for tasks to queue
[2024-11-11T23:18:55.516+0000] {logging_mixin.py:188} INFO - [2024-11-11T23:18:55.515+0000] {dagbag.py:545} INFO - Filling up the DagBag from /opt/airflow/dags/build_elt_with_ctas.py
[2024-11-11T23:18:55.548+0000] {processor.py:840} INFO - DAG(s) 'BuildELT_CTAS' retrieved from /opt/airflow/dags/build_elt_with_ctas.py
[2024-11-11T23:18:55.585+0000] {logging_mixin.py:188} INFO - [2024-11-11T23:18:55.585+0000] {dag.py:3096} INFO - Sync 1 DAGs
[2024-11-11T23:18:55.628+0000] {logging_mixin.py:188} INFO - [2024-11-11T23:18:55.627+0000] {dag.py:3954} INFO - Setting next_dagrun for BuildELT_CTAS to 2024-11-10 02:45:00+00:00, run_after=2024-11-11 02:45:00+00:00
[2024-11-11T23:18:55.665+0000] {processor.py:183} INFO - Processing /opt/airflow/dags/build_elt_with_ctas.py took 0.169 seconds
[2024-11-11T23:19:26.352+0000] {processor.py:161} INFO - Started process (PID=359) to work on /opt/airflow/dags/build_elt_with_ctas.py
[2024-11-11T23:19:26.353+0000] {processor.py:830} INFO - Processing file /opt/airflow/dags/build_elt_with_ctas.py for tasks to queue
[2024-11-11T23:19:26.355+0000] {logging_mixin.py:188} INFO - [2024-11-11T23:19:26.355+0000] {dagbag.py:545} INFO - Filling up the DagBag from /opt/airflow/dags/build_elt_with_ctas.py
[2024-11-11T23:19:26.381+0000] {processor.py:840} INFO - DAG(s) 'BuildELT_CTAS' retrieved from /opt/airflow/dags/build_elt_with_ctas.py
[2024-11-11T23:19:26.413+0000] {logging_mixin.py:188} INFO - [2024-11-11T23:19:26.413+0000] {dag.py:3096} INFO - Sync 1 DAGs
[2024-11-11T23:19:26.444+0000] {logging_mixin.py:188} INFO - [2024-11-11T23:19:26.443+0000] {dag.py:3954} INFO - Setting next_dagrun for BuildELT_CTAS to 2024-11-10 02:45:00+00:00, run_after=2024-11-11 02:45:00+00:00
[2024-11-11T23:19:26.494+0000] {processor.py:183} INFO - Processing /opt/airflow/dags/build_elt_with_ctas.py took 0.148 seconds
[2024-11-11T23:19:57.053+0000] {processor.py:161} INFO - Started process (PID=380) to work on /opt/airflow/dags/build_elt_with_ctas.py
[2024-11-11T23:19:57.055+0000] {processor.py:830} INFO - Processing file /opt/airflow/dags/build_elt_with_ctas.py for tasks to queue
[2024-11-11T23:19:57.060+0000] {logging_mixin.py:188} INFO - [2024-11-11T23:19:57.059+0000] {dagbag.py:545} INFO - Filling up the DagBag from /opt/airflow/dags/build_elt_with_ctas.py
[2024-11-11T23:19:57.121+0000] {processor.py:840} INFO - DAG(s) 'BuildELT_CTAS' retrieved from /opt/airflow/dags/build_elt_with_ctas.py
[2024-11-11T23:19:57.186+0000] {logging_mixin.py:188} INFO - [2024-11-11T23:19:57.186+0000] {dag.py:3096} INFO - Sync 1 DAGs
[2024-11-11T23:19:57.268+0000] {logging_mixin.py:188} INFO - [2024-11-11T23:19:57.268+0000] {dag.py:3954} INFO - Setting next_dagrun for BuildELT_CTAS to 2024-11-10 02:45:00+00:00, run_after=2024-11-11 02:45:00+00:00
[2024-11-11T23:19:57.309+0000] {processor.py:183} INFO - Processing /opt/airflow/dags/build_elt_with_ctas.py took 0.265 seconds
[2024-11-11T23:20:27.458+0000] {processor.py:161} INFO - Started process (PID=401) to work on /opt/airflow/dags/build_elt_with_ctas.py
[2024-11-11T23:20:27.460+0000] {processor.py:830} INFO - Processing file /opt/airflow/dags/build_elt_with_ctas.py for tasks to queue
[2024-11-11T23:20:27.463+0000] {logging_mixin.py:188} INFO - [2024-11-11T23:20:27.462+0000] {dagbag.py:545} INFO - Filling up the DagBag from /opt/airflow/dags/build_elt_with_ctas.py
[2024-11-11T23:20:27.494+0000] {processor.py:840} INFO - DAG(s) 'BuildELT_CTAS' retrieved from /opt/airflow/dags/build_elt_with_ctas.py
[2024-11-11T23:20:27.530+0000] {logging_mixin.py:188} INFO - [2024-11-11T23:20:27.529+0000] {dag.py:3096} INFO - Sync 1 DAGs
[2024-11-11T23:20:27.561+0000] {logging_mixin.py:188} INFO - [2024-11-11T23:20:27.560+0000] {dag.py:3954} INFO - Setting next_dagrun for BuildELT_CTAS to 2024-11-10 02:45:00+00:00, run_after=2024-11-11 02:45:00+00:00
[2024-11-11T23:20:27.596+0000] {processor.py:183} INFO - Processing /opt/airflow/dags/build_elt_with_ctas.py took 0.146 seconds
[2024-11-11T23:20:58.011+0000] {processor.py:161} INFO - Started process (PID=422) to work on /opt/airflow/dags/build_elt_with_ctas.py
[2024-11-11T23:20:58.012+0000] {processor.py:830} INFO - Processing file /opt/airflow/dags/build_elt_with_ctas.py for tasks to queue
[2024-11-11T23:20:58.014+0000] {logging_mixin.py:188} INFO - [2024-11-11T23:20:58.014+0000] {dagbag.py:545} INFO - Filling up the DagBag from /opt/airflow/dags/build_elt_with_ctas.py
[2024-11-11T23:20:58.039+0000] {processor.py:840} INFO - DAG(s) 'BuildELT_CTAS' retrieved from /opt/airflow/dags/build_elt_with_ctas.py
[2024-11-11T23:20:58.076+0000] {logging_mixin.py:188} INFO - [2024-11-11T23:20:58.076+0000] {dag.py:3096} INFO - Sync 1 DAGs
[2024-11-11T23:20:58.111+0000] {logging_mixin.py:188} INFO - [2024-11-11T23:20:58.111+0000] {dag.py:3954} INFO - Setting next_dagrun for BuildELT_CTAS to 2024-11-10 02:45:00+00:00, run_after=2024-11-11 02:45:00+00:00
[2024-11-11T23:20:58.168+0000] {processor.py:183} INFO - Processing /opt/airflow/dags/build_elt_with_ctas.py took 0.164 seconds
[2024-11-11T23:21:28.784+0000] {processor.py:161} INFO - Started process (PID=443) to work on /opt/airflow/dags/build_elt_with_ctas.py
[2024-11-11T23:21:28.785+0000] {processor.py:830} INFO - Processing file /opt/airflow/dags/build_elt_with_ctas.py for tasks to queue
[2024-11-11T23:21:28.788+0000] {logging_mixin.py:188} INFO - [2024-11-11T23:21:28.787+0000] {dagbag.py:545} INFO - Filling up the DagBag from /opt/airflow/dags/build_elt_with_ctas.py
[2024-11-11T23:21:28.819+0000] {processor.py:840} INFO - DAG(s) 'BuildELT_CTAS' retrieved from /opt/airflow/dags/build_elt_with_ctas.py
[2024-11-11T23:21:28.852+0000] {logging_mixin.py:188} INFO - [2024-11-11T23:21:28.851+0000] {dag.py:3096} INFO - Sync 1 DAGs
[2024-11-11T23:21:28.884+0000] {logging_mixin.py:188} INFO - [2024-11-11T23:21:28.883+0000] {dag.py:3954} INFO - Setting next_dagrun for BuildELT_CTAS to 2024-11-10 02:45:00+00:00, run_after=2024-11-11 02:45:00+00:00
[2024-11-11T23:21:28.924+0000] {processor.py:183} INFO - Processing /opt/airflow/dags/build_elt_with_ctas.py took 0.147 seconds
[2024-11-11T23:21:59.410+0000] {processor.py:161} INFO - Started process (PID=464) to work on /opt/airflow/dags/build_elt_with_ctas.py
[2024-11-11T23:21:59.412+0000] {processor.py:830} INFO - Processing file /opt/airflow/dags/build_elt_with_ctas.py for tasks to queue
[2024-11-11T23:21:59.416+0000] {logging_mixin.py:188} INFO - [2024-11-11T23:21:59.415+0000] {dagbag.py:545} INFO - Filling up the DagBag from /opt/airflow/dags/build_elt_with_ctas.py
[2024-11-11T23:21:59.453+0000] {processor.py:840} INFO - DAG(s) 'BuildELT_CTAS' retrieved from /opt/airflow/dags/build_elt_with_ctas.py
[2024-11-11T23:21:59.502+0000] {logging_mixin.py:188} INFO - [2024-11-11T23:21:59.502+0000] {dag.py:3096} INFO - Sync 1 DAGs
[2024-11-11T23:21:59.553+0000] {logging_mixin.py:188} INFO - [2024-11-11T23:21:59.552+0000] {dag.py:3954} INFO - Setting next_dagrun for BuildELT_CTAS to 2024-11-10 02:45:00+00:00, run_after=2024-11-11 02:45:00+00:00
[2024-11-11T23:21:59.592+0000] {processor.py:183} INFO - Processing /opt/airflow/dags/build_elt_with_ctas.py took 0.192 seconds
[2024-11-11T23:22:29.967+0000] {processor.py:161} INFO - Started process (PID=485) to work on /opt/airflow/dags/build_elt_with_ctas.py
[2024-11-11T23:22:29.969+0000] {processor.py:830} INFO - Processing file /opt/airflow/dags/build_elt_with_ctas.py for tasks to queue
[2024-11-11T23:22:29.979+0000] {logging_mixin.py:188} INFO - [2024-11-11T23:22:29.979+0000] {dagbag.py:545} INFO - Filling up the DagBag from /opt/airflow/dags/build_elt_with_ctas.py
[2024-11-11T23:22:30.016+0000] {processor.py:840} INFO - DAG(s) 'BuildELT_CTAS' retrieved from /opt/airflow/dags/build_elt_with_ctas.py
[2024-11-11T23:22:30.055+0000] {logging_mixin.py:188} INFO - [2024-11-11T23:22:30.055+0000] {dag.py:3096} INFO - Sync 1 DAGs
[2024-11-11T23:22:30.092+0000] {logging_mixin.py:188} INFO - [2024-11-11T23:22:30.091+0000] {dag.py:3954} INFO - Setting next_dagrun for BuildELT_CTAS to 2024-11-10 02:45:00+00:00, run_after=2024-11-11 02:45:00+00:00
[2024-11-11T23:22:30.127+0000] {processor.py:183} INFO - Processing /opt/airflow/dags/build_elt_with_ctas.py took 0.167 seconds
[2024-11-11T23:23:00.569+0000] {processor.py:161} INFO - Started process (PID=506) to work on /opt/airflow/dags/build_elt_with_ctas.py
[2024-11-11T23:23:00.571+0000] {processor.py:830} INFO - Processing file /opt/airflow/dags/build_elt_with_ctas.py for tasks to queue
[2024-11-11T23:23:00.575+0000] {logging_mixin.py:188} INFO - [2024-11-11T23:23:00.574+0000] {dagbag.py:545} INFO - Filling up the DagBag from /opt/airflow/dags/build_elt_with_ctas.py
[2024-11-11T23:23:00.610+0000] {processor.py:840} INFO - DAG(s) 'BuildELT_CTAS' retrieved from /opt/airflow/dags/build_elt_with_ctas.py
[2024-11-11T23:23:00.644+0000] {logging_mixin.py:188} INFO - [2024-11-11T23:23:00.643+0000] {dag.py:3096} INFO - Sync 1 DAGs
[2024-11-11T23:23:00.677+0000] {logging_mixin.py:188} INFO - [2024-11-11T23:23:00.677+0000] {dag.py:3954} INFO - Setting next_dagrun for BuildELT_CTAS to 2024-11-10 02:45:00+00:00, run_after=2024-11-11 02:45:00+00:00
[2024-11-11T23:23:00.729+0000] {processor.py:183} INFO - Processing /opt/airflow/dags/build_elt_with_ctas.py took 0.167 seconds
[2024-11-11T23:23:31.195+0000] {processor.py:161} INFO - Started process (PID=527) to work on /opt/airflow/dags/build_elt_with_ctas.py
[2024-11-11T23:23:31.196+0000] {processor.py:830} INFO - Processing file /opt/airflow/dags/build_elt_with_ctas.py for tasks to queue
[2024-11-11T23:23:31.199+0000] {logging_mixin.py:188} INFO - [2024-11-11T23:23:31.199+0000] {dagbag.py:545} INFO - Filling up the DagBag from /opt/airflow/dags/build_elt_with_ctas.py
[2024-11-11T23:23:31.236+0000] {processor.py:840} INFO - DAG(s) 'BuildELT_CTAS' retrieved from /opt/airflow/dags/build_elt_with_ctas.py
[2024-11-11T23:23:31.272+0000] {logging_mixin.py:188} INFO - [2024-11-11T23:23:31.271+0000] {dag.py:3096} INFO - Sync 1 DAGs
[2024-11-11T23:23:31.306+0000] {logging_mixin.py:188} INFO - [2024-11-11T23:23:31.305+0000] {dag.py:3954} INFO - Setting next_dagrun for BuildELT_CTAS to 2024-11-10 02:45:00+00:00, run_after=2024-11-11 02:45:00+00:00
[2024-11-11T23:23:31.340+0000] {processor.py:183} INFO - Processing /opt/airflow/dags/build_elt_with_ctas.py took 0.152 seconds
[2024-11-11T23:24:01.719+0000] {processor.py:161} INFO - Started process (PID=548) to work on /opt/airflow/dags/build_elt_with_ctas.py
[2024-11-11T23:24:01.721+0000] {processor.py:830} INFO - Processing file /opt/airflow/dags/build_elt_with_ctas.py for tasks to queue
[2024-11-11T23:24:01.724+0000] {logging_mixin.py:188} INFO - [2024-11-11T23:24:01.724+0000] {dagbag.py:545} INFO - Filling up the DagBag from /opt/airflow/dags/build_elt_with_ctas.py
[2024-11-11T23:24:01.761+0000] {processor.py:840} INFO - DAG(s) 'BuildELT_CTAS' retrieved from /opt/airflow/dags/build_elt_with_ctas.py
[2024-11-11T23:24:01.803+0000] {logging_mixin.py:188} INFO - [2024-11-11T23:24:01.803+0000] {dag.py:3096} INFO - Sync 1 DAGs
[2024-11-11T23:24:01.846+0000] {logging_mixin.py:188} INFO - [2024-11-11T23:24:01.845+0000] {dag.py:3954} INFO - Setting next_dagrun for BuildELT_CTAS to 2024-11-10 02:45:00+00:00, run_after=2024-11-11 02:45:00+00:00
[2024-11-11T23:24:01.886+0000] {processor.py:183} INFO - Processing /opt/airflow/dags/build_elt_with_ctas.py took 0.173 seconds
[2024-11-11T23:24:32.261+0000] {processor.py:161} INFO - Started process (PID=569) to work on /opt/airflow/dags/build_elt_with_ctas.py
[2024-11-11T23:24:32.262+0000] {processor.py:830} INFO - Processing file /opt/airflow/dags/build_elt_with_ctas.py for tasks to queue
[2024-11-11T23:24:32.265+0000] {logging_mixin.py:188} INFO - [2024-11-11T23:24:32.265+0000] {dagbag.py:545} INFO - Filling up the DagBag from /opt/airflow/dags/build_elt_with_ctas.py
[2024-11-11T23:24:32.293+0000] {processor.py:840} INFO - DAG(s) 'BuildELT_CTAS' retrieved from /opt/airflow/dags/build_elt_with_ctas.py
[2024-11-11T23:24:32.324+0000] {logging_mixin.py:188} INFO - [2024-11-11T23:24:32.324+0000] {dag.py:3096} INFO - Sync 1 DAGs
[2024-11-11T23:24:32.352+0000] {logging_mixin.py:188} INFO - [2024-11-11T23:24:32.352+0000] {dag.py:3954} INFO - Setting next_dagrun for BuildELT_CTAS to 2024-11-10 02:45:00+00:00, run_after=2024-11-11 02:45:00+00:00
[2024-11-11T23:24:32.383+0000] {processor.py:183} INFO - Processing /opt/airflow/dags/build_elt_with_ctas.py took 0.128 seconds
[2024-11-11T23:25:02.849+0000] {processor.py:161} INFO - Started process (PID=590) to work on /opt/airflow/dags/build_elt_with_ctas.py
[2024-11-11T23:25:02.852+0000] {processor.py:830} INFO - Processing file /opt/airflow/dags/build_elt_with_ctas.py for tasks to queue
[2024-11-11T23:25:02.854+0000] {logging_mixin.py:188} INFO - [2024-11-11T23:25:02.854+0000] {dagbag.py:545} INFO - Filling up the DagBag from /opt/airflow/dags/build_elt_with_ctas.py
[2024-11-11T23:25:02.886+0000] {processor.py:840} INFO - DAG(s) 'BuildELT_CTAS' retrieved from /opt/airflow/dags/build_elt_with_ctas.py
[2024-11-11T23:25:02.929+0000] {logging_mixin.py:188} INFO - [2024-11-11T23:25:02.928+0000] {dag.py:3096} INFO - Sync 1 DAGs
[2024-11-11T23:25:02.961+0000] {logging_mixin.py:188} INFO - [2024-11-11T23:25:02.961+0000] {dag.py:3954} INFO - Setting next_dagrun for BuildELT_CTAS to 2024-11-10 02:45:00+00:00, run_after=2024-11-11 02:45:00+00:00
[2024-11-11T23:25:02.996+0000] {processor.py:183} INFO - Processing /opt/airflow/dags/build_elt_with_ctas.py took 0.155 seconds
[2024-11-11T23:25:33.385+0000] {processor.py:161} INFO - Started process (PID=611) to work on /opt/airflow/dags/build_elt_with_ctas.py
[2024-11-11T23:25:33.387+0000] {processor.py:830} INFO - Processing file /opt/airflow/dags/build_elt_with_ctas.py for tasks to queue
[2024-11-11T23:25:33.389+0000] {logging_mixin.py:188} INFO - [2024-11-11T23:25:33.388+0000] {dagbag.py:545} INFO - Filling up the DagBag from /opt/airflow/dags/build_elt_with_ctas.py
[2024-11-11T23:25:33.413+0000] {processor.py:840} INFO - DAG(s) 'BuildELT_CTAS' retrieved from /opt/airflow/dags/build_elt_with_ctas.py
[2024-11-11T23:25:33.439+0000] {logging_mixin.py:188} INFO - [2024-11-11T23:25:33.439+0000] {dag.py:3096} INFO - Sync 1 DAGs
[2024-11-11T23:25:33.464+0000] {logging_mixin.py:188} INFO - [2024-11-11T23:25:33.464+0000] {dag.py:3954} INFO - Setting next_dagrun for BuildELT_CTAS to 2024-11-10 02:45:00+00:00, run_after=2024-11-11 02:45:00+00:00
[2024-11-11T23:25:33.496+0000] {processor.py:183} INFO - Processing /opt/airflow/dags/build_elt_with_ctas.py took 0.116 seconds
[2024-11-11T23:26:03.970+0000] {processor.py:161} INFO - Started process (PID=632) to work on /opt/airflow/dags/build_elt_with_ctas.py
[2024-11-11T23:26:03.971+0000] {processor.py:830} INFO - Processing file /opt/airflow/dags/build_elt_with_ctas.py for tasks to queue
[2024-11-11T23:26:03.973+0000] {logging_mixin.py:188} INFO - [2024-11-11T23:26:03.973+0000] {dagbag.py:545} INFO - Filling up the DagBag from /opt/airflow/dags/build_elt_with_ctas.py
[2024-11-11T23:26:03.998+0000] {processor.py:840} INFO - DAG(s) 'BuildELT_CTAS' retrieved from /opt/airflow/dags/build_elt_with_ctas.py
[2024-11-11T23:26:04.023+0000] {logging_mixin.py:188} INFO - [2024-11-11T23:26:04.023+0000] {dag.py:3096} INFO - Sync 1 DAGs
[2024-11-11T23:26:04.050+0000] {logging_mixin.py:188} INFO - [2024-11-11T23:26:04.049+0000] {dag.py:3954} INFO - Setting next_dagrun for BuildELT_CTAS to 2024-11-10 02:45:00+00:00, run_after=2024-11-11 02:45:00+00:00
[2024-11-11T23:26:04.078+0000] {processor.py:183} INFO - Processing /opt/airflow/dags/build_elt_with_ctas.py took 0.113 seconds
[2024-11-11T23:26:34.574+0000] {processor.py:161} INFO - Started process (PID=654) to work on /opt/airflow/dags/build_elt_with_ctas.py
[2024-11-11T23:26:34.575+0000] {processor.py:830} INFO - Processing file /opt/airflow/dags/build_elt_with_ctas.py for tasks to queue
[2024-11-11T23:26:34.578+0000] {logging_mixin.py:188} INFO - [2024-11-11T23:26:34.578+0000] {dagbag.py:545} INFO - Filling up the DagBag from /opt/airflow/dags/build_elt_with_ctas.py
[2024-11-11T23:26:34.604+0000] {processor.py:840} INFO - DAG(s) 'BuildELT_CTAS' retrieved from /opt/airflow/dags/build_elt_with_ctas.py
[2024-11-11T23:26:34.632+0000] {logging_mixin.py:188} INFO - [2024-11-11T23:26:34.632+0000] {dag.py:3096} INFO - Sync 1 DAGs
[2024-11-11T23:26:34.656+0000] {logging_mixin.py:188} INFO - [2024-11-11T23:26:34.656+0000] {dag.py:3954} INFO - Setting next_dagrun for BuildELT_CTAS to 2024-11-10 02:45:00+00:00, run_after=2024-11-11 02:45:00+00:00
[2024-11-11T23:26:34.685+0000] {processor.py:183} INFO - Processing /opt/airflow/dags/build_elt_with_ctas.py took 0.117 seconds
[2024-11-11T23:27:05.118+0000] {processor.py:161} INFO - Started process (PID=675) to work on /opt/airflow/dags/build_elt_with_ctas.py
[2024-11-11T23:27:05.120+0000] {processor.py:830} INFO - Processing file /opt/airflow/dags/build_elt_with_ctas.py for tasks to queue
[2024-11-11T23:27:05.123+0000] {logging_mixin.py:188} INFO - [2024-11-11T23:27:05.123+0000] {dagbag.py:545} INFO - Filling up the DagBag from /opt/airflow/dags/build_elt_with_ctas.py
[2024-11-11T23:27:05.153+0000] {processor.py:840} INFO - DAG(s) 'BuildELT_CTAS' retrieved from /opt/airflow/dags/build_elt_with_ctas.py
[2024-11-11T23:27:05.180+0000] {logging_mixin.py:188} INFO - [2024-11-11T23:27:05.180+0000] {dag.py:3096} INFO - Sync 1 DAGs
[2024-11-11T23:27:05.203+0000] {logging_mixin.py:188} INFO - [2024-11-11T23:27:05.203+0000] {dag.py:3954} INFO - Setting next_dagrun for BuildELT_CTAS to 2024-11-10 02:45:00+00:00, run_after=2024-11-11 02:45:00+00:00
[2024-11-11T23:27:05.240+0000] {processor.py:183} INFO - Processing /opt/airflow/dags/build_elt_with_ctas.py took 0.129 seconds
[2024-11-11T23:27:35.637+0000] {processor.py:161} INFO - Started process (PID=696) to work on /opt/airflow/dags/build_elt_with_ctas.py
[2024-11-11T23:27:35.638+0000] {processor.py:830} INFO - Processing file /opt/airflow/dags/build_elt_with_ctas.py for tasks to queue
[2024-11-11T23:27:35.641+0000] {logging_mixin.py:188} INFO - [2024-11-11T23:27:35.640+0000] {dagbag.py:545} INFO - Filling up the DagBag from /opt/airflow/dags/build_elt_with_ctas.py
[2024-11-11T23:27:35.662+0000] {processor.py:840} INFO - DAG(s) 'BuildELT_CTAS' retrieved from /opt/airflow/dags/build_elt_with_ctas.py
[2024-11-11T23:27:35.688+0000] {logging_mixin.py:188} INFO - [2024-11-11T23:27:35.688+0000] {dag.py:3096} INFO - Sync 1 DAGs
[2024-11-11T23:27:35.711+0000] {logging_mixin.py:188} INFO - [2024-11-11T23:27:35.711+0000] {dag.py:3954} INFO - Setting next_dagrun for BuildELT_CTAS to 2024-11-10 02:45:00+00:00, run_after=2024-11-11 02:45:00+00:00
[2024-11-11T23:27:35.739+0000] {processor.py:183} INFO - Processing /opt/airflow/dags/build_elt_with_ctas.py took 0.109 seconds
[2024-11-11T23:28:06.184+0000] {processor.py:161} INFO - Started process (PID=716) to work on /opt/airflow/dags/build_elt_with_ctas.py
[2024-11-11T23:28:06.186+0000] {processor.py:830} INFO - Processing file /opt/airflow/dags/build_elt_with_ctas.py for tasks to queue
[2024-11-11T23:28:06.188+0000] {logging_mixin.py:188} INFO - [2024-11-11T23:28:06.188+0000] {dagbag.py:545} INFO - Filling up the DagBag from /opt/airflow/dags/build_elt_with_ctas.py
[2024-11-11T23:28:06.211+0000] {processor.py:840} INFO - DAG(s) 'BuildELT_CTAS' retrieved from /opt/airflow/dags/build_elt_with_ctas.py
[2024-11-11T23:28:06.242+0000] {logging_mixin.py:188} INFO - [2024-11-11T23:28:06.242+0000] {dag.py:3096} INFO - Sync 1 DAGs
[2024-11-11T23:28:06.266+0000] {logging_mixin.py:188} INFO - [2024-11-11T23:28:06.266+0000] {dag.py:3954} INFO - Setting next_dagrun for BuildELT_CTAS to 2024-11-10 02:45:00+00:00, run_after=2024-11-11 02:45:00+00:00
[2024-11-11T23:28:06.296+0000] {processor.py:183} INFO - Processing /opt/airflow/dags/build_elt_with_ctas.py took 0.116 seconds
[2024-11-11T23:28:36.814+0000] {processor.py:161} INFO - Started process (PID=737) to work on /opt/airflow/dags/build_elt_with_ctas.py
[2024-11-11T23:28:36.815+0000] {processor.py:830} INFO - Processing file /opt/airflow/dags/build_elt_with_ctas.py for tasks to queue
[2024-11-11T23:28:36.818+0000] {logging_mixin.py:188} INFO - [2024-11-11T23:28:36.818+0000] {dagbag.py:545} INFO - Filling up the DagBag from /opt/airflow/dags/build_elt_with_ctas.py
[2024-11-11T23:28:36.848+0000] {processor.py:840} INFO - DAG(s) 'BuildELT_CTAS' retrieved from /opt/airflow/dags/build_elt_with_ctas.py
[2024-11-11T23:28:36.875+0000] {logging_mixin.py:188} INFO - [2024-11-11T23:28:36.875+0000] {dag.py:3096} INFO - Sync 1 DAGs
[2024-11-11T23:28:36.900+0000] {logging_mixin.py:188} INFO - [2024-11-11T23:28:36.900+0000] {dag.py:3954} INFO - Setting next_dagrun for BuildELT_CTAS to 2024-11-10 02:45:00+00:00, run_after=2024-11-11 02:45:00+00:00
[2024-11-11T23:28:36.957+0000] {processor.py:183} INFO - Processing /opt/airflow/dags/build_elt_with_ctas.py took 0.148 seconds
[2024-11-11T23:29:07.399+0000] {processor.py:161} INFO - Started process (PID=758) to work on /opt/airflow/dags/build_elt_with_ctas.py
[2024-11-11T23:29:07.401+0000] {processor.py:830} INFO - Processing file /opt/airflow/dags/build_elt_with_ctas.py for tasks to queue
[2024-11-11T23:29:07.405+0000] {logging_mixin.py:188} INFO - [2024-11-11T23:29:07.404+0000] {dagbag.py:545} INFO - Filling up the DagBag from /opt/airflow/dags/build_elt_with_ctas.py
[2024-11-11T23:29:07.443+0000] {processor.py:840} INFO - DAG(s) 'BuildELT_CTAS' retrieved from /opt/airflow/dags/build_elt_with_ctas.py
[2024-11-11T23:29:07.493+0000] {logging_mixin.py:188} INFO - [2024-11-11T23:29:07.493+0000] {dag.py:3096} INFO - Sync 1 DAGs
[2024-11-11T23:29:07.557+0000] {logging_mixin.py:188} INFO - [2024-11-11T23:29:07.556+0000] {dag.py:3954} INFO - Setting next_dagrun for BuildELT_CTAS to 2024-11-10 02:45:00+00:00, run_after=2024-11-11 02:45:00+00:00
[2024-11-11T23:29:07.591+0000] {processor.py:183} INFO - Processing /opt/airflow/dags/build_elt_with_ctas.py took 0.201 seconds
[2024-11-11T23:29:38.031+0000] {processor.py:161} INFO - Started process (PID=779) to work on /opt/airflow/dags/build_elt_with_ctas.py
[2024-11-11T23:29:38.033+0000] {processor.py:830} INFO - Processing file /opt/airflow/dags/build_elt_with_ctas.py for tasks to queue
[2024-11-11T23:29:38.037+0000] {logging_mixin.py:188} INFO - [2024-11-11T23:29:38.036+0000] {dagbag.py:545} INFO - Filling up the DagBag from /opt/airflow/dags/build_elt_with_ctas.py
[2024-11-11T23:29:38.074+0000] {processor.py:840} INFO - DAG(s) 'BuildELT_CTAS' retrieved from /opt/airflow/dags/build_elt_with_ctas.py
[2024-11-11T23:29:38.127+0000] {logging_mixin.py:188} INFO - [2024-11-11T23:29:38.127+0000] {dag.py:3096} INFO - Sync 1 DAGs
[2024-11-11T23:29:38.169+0000] {logging_mixin.py:188} INFO - [2024-11-11T23:29:38.169+0000] {dag.py:3954} INFO - Setting next_dagrun for BuildELT_CTAS to 2024-11-10 02:45:00+00:00, run_after=2024-11-11 02:45:00+00:00
[2024-11-11T23:29:38.218+0000] {processor.py:183} INFO - Processing /opt/airflow/dags/build_elt_with_ctas.py took 0.193 seconds
[2024-11-11T23:30:08.545+0000] {processor.py:161} INFO - Started process (PID=800) to work on /opt/airflow/dags/build_elt_with_ctas.py
[2024-11-11T23:30:08.546+0000] {processor.py:830} INFO - Processing file /opt/airflow/dags/build_elt_with_ctas.py for tasks to queue
[2024-11-11T23:30:08.549+0000] {logging_mixin.py:188} INFO - [2024-11-11T23:30:08.548+0000] {dagbag.py:545} INFO - Filling up the DagBag from /opt/airflow/dags/build_elt_with_ctas.py
[2024-11-11T23:30:08.593+0000] {processor.py:840} INFO - DAG(s) 'BuildELT_CTAS' retrieved from /opt/airflow/dags/build_elt_with_ctas.py
[2024-11-11T23:30:08.627+0000] {logging_mixin.py:188} INFO - [2024-11-11T23:30:08.627+0000] {dag.py:3096} INFO - Sync 1 DAGs
[2024-11-11T23:30:08.657+0000] {logging_mixin.py:188} INFO - [2024-11-11T23:30:08.657+0000] {dag.py:3954} INFO - Setting next_dagrun for BuildELT_CTAS to 2024-11-10 02:45:00+00:00, run_after=2024-11-11 02:45:00+00:00
[2024-11-11T23:30:08.693+0000] {processor.py:183} INFO - Processing /opt/airflow/dags/build_elt_with_ctas.py took 0.155 seconds
[2024-11-11T23:30:39.074+0000] {processor.py:161} INFO - Started process (PID=822) to work on /opt/airflow/dags/build_elt_with_ctas.py
[2024-11-11T23:30:39.076+0000] {processor.py:830} INFO - Processing file /opt/airflow/dags/build_elt_with_ctas.py for tasks to queue
[2024-11-11T23:30:39.079+0000] {logging_mixin.py:188} INFO - [2024-11-11T23:30:39.078+0000] {dagbag.py:545} INFO - Filling up the DagBag from /opt/airflow/dags/build_elt_with_ctas.py
[2024-11-11T23:30:39.106+0000] {processor.py:840} INFO - DAG(s) 'BuildELT_CTAS' retrieved from /opt/airflow/dags/build_elt_with_ctas.py
[2024-11-11T23:30:39.138+0000] {logging_mixin.py:188} INFO - [2024-11-11T23:30:39.137+0000] {dag.py:3096} INFO - Sync 1 DAGs
[2024-11-11T23:30:39.167+0000] {logging_mixin.py:188} INFO - [2024-11-11T23:30:39.166+0000] {dag.py:3954} INFO - Setting next_dagrun for BuildELT_CTAS to 2024-11-10 02:45:00+00:00, run_after=2024-11-11 02:45:00+00:00
[2024-11-11T23:30:39.198+0000] {processor.py:183} INFO - Processing /opt/airflow/dags/build_elt_with_ctas.py took 0.131 seconds
[2024-11-11T23:31:09.822+0000] {processor.py:161} INFO - Started process (PID=843) to work on /opt/airflow/dags/build_elt_with_ctas.py
[2024-11-11T23:31:09.823+0000] {processor.py:830} INFO - Processing file /opt/airflow/dags/build_elt_with_ctas.py for tasks to queue
[2024-11-11T23:31:09.827+0000] {logging_mixin.py:188} INFO - [2024-11-11T23:31:09.826+0000] {dagbag.py:545} INFO - Filling up the DagBag from /opt/airflow/dags/build_elt_with_ctas.py
[2024-11-11T23:31:09.861+0000] {processor.py:840} INFO - DAG(s) 'BuildELT_CTAS' retrieved from /opt/airflow/dags/build_elt_with_ctas.py
[2024-11-11T23:31:09.896+0000] {logging_mixin.py:188} INFO - [2024-11-11T23:31:09.895+0000] {dag.py:3096} INFO - Sync 1 DAGs
[2024-11-11T23:31:09.932+0000] {logging_mixin.py:188} INFO - [2024-11-11T23:31:09.932+0000] {dag.py:3954} INFO - Setting next_dagrun for BuildELT_CTAS to 2024-11-10 02:45:00+00:00, run_after=2024-11-11 02:45:00+00:00
[2024-11-11T23:31:09.965+0000] {processor.py:183} INFO - Processing /opt/airflow/dags/build_elt_with_ctas.py took 0.150 seconds
[2024-11-11T23:31:40.387+0000] {processor.py:161} INFO - Started process (PID=864) to work on /opt/airflow/dags/build_elt_with_ctas.py
[2024-11-11T23:31:40.388+0000] {processor.py:830} INFO - Processing file /opt/airflow/dags/build_elt_with_ctas.py for tasks to queue
[2024-11-11T23:31:40.393+0000] {logging_mixin.py:188} INFO - [2024-11-11T23:31:40.392+0000] {dagbag.py:545} INFO - Filling up the DagBag from /opt/airflow/dags/build_elt_with_ctas.py
[2024-11-11T23:31:40.431+0000] {processor.py:840} INFO - DAG(s) 'BuildELT_CTAS' retrieved from /opt/airflow/dags/build_elt_with_ctas.py
[2024-11-11T23:31:40.480+0000] {logging_mixin.py:188} INFO - [2024-11-11T23:31:40.480+0000] {dag.py:3096} INFO - Sync 1 DAGs
[2024-11-11T23:31:40.532+0000] {logging_mixin.py:188} INFO - [2024-11-11T23:31:40.531+0000] {dag.py:3954} INFO - Setting next_dagrun for BuildELT_CTAS to 2024-11-10 02:45:00+00:00, run_after=2024-11-11 02:45:00+00:00
[2024-11-11T23:31:40.591+0000] {processor.py:183} INFO - Processing /opt/airflow/dags/build_elt_with_ctas.py took 0.214 seconds
[2024-11-11T23:32:10.988+0000] {processor.py:161} INFO - Started process (PID=885) to work on /opt/airflow/dags/build_elt_with_ctas.py
[2024-11-11T23:32:10.990+0000] {processor.py:830} INFO - Processing file /opt/airflow/dags/build_elt_with_ctas.py for tasks to queue
[2024-11-11T23:32:10.993+0000] {logging_mixin.py:188} INFO - [2024-11-11T23:32:10.993+0000] {dagbag.py:545} INFO - Filling up the DagBag from /opt/airflow/dags/build_elt_with_ctas.py
[2024-11-11T23:32:11.023+0000] {processor.py:840} INFO - DAG(s) 'BuildELT_CTAS' retrieved from /opt/airflow/dags/build_elt_with_ctas.py
[2024-11-11T23:32:11.055+0000] {logging_mixin.py:188} INFO - [2024-11-11T23:32:11.054+0000] {dag.py:3096} INFO - Sync 1 DAGs
[2024-11-11T23:32:11.081+0000] {logging_mixin.py:188} INFO - [2024-11-11T23:32:11.080+0000] {dag.py:3954} INFO - Setting next_dagrun for BuildELT_CTAS to 2024-11-10 02:45:00+00:00, run_after=2024-11-11 02:45:00+00:00
[2024-11-11T23:32:11.106+0000] {processor.py:183} INFO - Processing /opt/airflow/dags/build_elt_with_ctas.py took 0.124 seconds
[2024-11-11T23:32:41.563+0000] {processor.py:161} INFO - Started process (PID=907) to work on /opt/airflow/dags/build_elt_with_ctas.py
[2024-11-11T23:32:41.567+0000] {processor.py:830} INFO - Processing file /opt/airflow/dags/build_elt_with_ctas.py for tasks to queue
[2024-11-11T23:32:41.573+0000] {logging_mixin.py:188} INFO - [2024-11-11T23:32:41.572+0000] {dagbag.py:545} INFO - Filling up the DagBag from /opt/airflow/dags/build_elt_with_ctas.py
[2024-11-11T23:32:41.616+0000] {processor.py:840} INFO - DAG(s) 'BuildELT_CTAS' retrieved from /opt/airflow/dags/build_elt_with_ctas.py
[2024-11-11T23:32:41.692+0000] {logging_mixin.py:188} INFO - [2024-11-11T23:32:41.691+0000] {dag.py:3096} INFO - Sync 1 DAGs
[2024-11-11T23:32:41.753+0000] {logging_mixin.py:188} INFO - [2024-11-11T23:32:41.752+0000] {dag.py:3954} INFO - Setting next_dagrun for BuildELT_CTAS to 2024-11-10 02:45:00+00:00, run_after=2024-11-11 02:45:00+00:00
[2024-11-11T23:32:41.803+0000] {processor.py:183} INFO - Processing /opt/airflow/dags/build_elt_with_ctas.py took 0.257 seconds
[2024-11-11T23:33:12.167+0000] {processor.py:161} INFO - Started process (PID=928) to work on /opt/airflow/dags/build_elt_with_ctas.py
[2024-11-11T23:33:12.169+0000] {processor.py:830} INFO - Processing file /opt/airflow/dags/build_elt_with_ctas.py for tasks to queue
[2024-11-11T23:33:12.171+0000] {logging_mixin.py:188} INFO - [2024-11-11T23:33:12.171+0000] {dagbag.py:545} INFO - Filling up the DagBag from /opt/airflow/dags/build_elt_with_ctas.py
[2024-11-11T23:33:12.222+0000] {processor.py:840} INFO - DAG(s) 'BuildELT_CTAS' retrieved from /opt/airflow/dags/build_elt_with_ctas.py
[2024-11-11T23:33:12.269+0000] {logging_mixin.py:188} INFO - [2024-11-11T23:33:12.268+0000] {dag.py:3096} INFO - Sync 1 DAGs
[2024-11-11T23:33:12.307+0000] {logging_mixin.py:188} INFO - [2024-11-11T23:33:12.307+0000] {dag.py:3954} INFO - Setting next_dagrun for BuildELT_CTAS to 2024-11-10 02:45:00+00:00, run_after=2024-11-11 02:45:00+00:00
[2024-11-11T23:33:12.380+0000] {processor.py:183} INFO - Processing /opt/airflow/dags/build_elt_with_ctas.py took 0.221 seconds
[2024-11-11T23:33:42.871+0000] {processor.py:161} INFO - Started process (PID=949) to work on /opt/airflow/dags/build_elt_with_ctas.py
[2024-11-11T23:33:42.873+0000] {processor.py:830} INFO - Processing file /opt/airflow/dags/build_elt_with_ctas.py for tasks to queue
[2024-11-11T23:33:42.876+0000] {logging_mixin.py:188} INFO - [2024-11-11T23:33:42.875+0000] {dagbag.py:545} INFO - Filling up the DagBag from /opt/airflow/dags/build_elt_with_ctas.py
[2024-11-11T23:33:42.909+0000] {processor.py:840} INFO - DAG(s) 'BuildELT_CTAS' retrieved from /opt/airflow/dags/build_elt_with_ctas.py
[2024-11-11T23:33:42.950+0000] {logging_mixin.py:188} INFO - [2024-11-11T23:33:42.950+0000] {dag.py:3096} INFO - Sync 1 DAGs
[2024-11-11T23:33:42.990+0000] {logging_mixin.py:188} INFO - [2024-11-11T23:33:42.990+0000] {dag.py:3954} INFO - Setting next_dagrun for BuildELT_CTAS to 2024-11-10 02:45:00+00:00, run_after=2024-11-11 02:45:00+00:00
[2024-11-11T23:33:43.033+0000] {processor.py:183} INFO - Processing /opt/airflow/dags/build_elt_with_ctas.py took 0.170 seconds
[2024-11-11T23:34:13.575+0000] {processor.py:161} INFO - Started process (PID=970) to work on /opt/airflow/dags/build_elt_with_ctas.py
[2024-11-11T23:34:13.577+0000] {processor.py:830} INFO - Processing file /opt/airflow/dags/build_elt_with_ctas.py for tasks to queue
[2024-11-11T23:34:13.581+0000] {logging_mixin.py:188} INFO - [2024-11-11T23:34:13.580+0000] {dagbag.py:545} INFO - Filling up the DagBag from /opt/airflow/dags/build_elt_with_ctas.py
[2024-11-11T23:34:13.628+0000] {processor.py:840} INFO - DAG(s) 'BuildELT_CTAS' retrieved from /opt/airflow/dags/build_elt_with_ctas.py
[2024-11-11T23:34:13.682+0000] {logging_mixin.py:188} INFO - [2024-11-11T23:34:13.682+0000] {dag.py:3096} INFO - Sync 1 DAGs
[2024-11-11T23:34:13.726+0000] {logging_mixin.py:188} INFO - [2024-11-11T23:34:13.726+0000] {dag.py:3954} INFO - Setting next_dagrun for BuildELT_CTAS to 2024-11-10 02:45:00+00:00, run_after=2024-11-11 02:45:00+00:00
[2024-11-11T23:34:13.778+0000] {processor.py:183} INFO - Processing /opt/airflow/dags/build_elt_with_ctas.py took 0.216 seconds
[2024-11-11T23:34:44.116+0000] {processor.py:161} INFO - Started process (PID=991) to work on /opt/airflow/dags/build_elt_with_ctas.py
[2024-11-11T23:34:44.119+0000] {processor.py:830} INFO - Processing file /opt/airflow/dags/build_elt_with_ctas.py for tasks to queue
[2024-11-11T23:34:44.125+0000] {logging_mixin.py:188} INFO - [2024-11-11T23:34:44.124+0000] {dagbag.py:545} INFO - Filling up the DagBag from /opt/airflow/dags/build_elt_with_ctas.py
[2024-11-11T23:34:44.241+0000] {processor.py:840} INFO - DAG(s) 'BuildELT_CTAS' retrieved from /opt/airflow/dags/build_elt_with_ctas.py
[2024-11-11T23:34:44.359+0000] {logging_mixin.py:188} INFO - [2024-11-11T23:34:44.358+0000] {dag.py:3096} INFO - Sync 1 DAGs
[2024-11-11T23:34:44.492+0000] {logging_mixin.py:188} INFO - [2024-11-11T23:34:44.491+0000] {dag.py:3954} INFO - Setting next_dagrun for BuildELT_CTAS to 2024-11-10 02:45:00+00:00, run_after=2024-11-11 02:45:00+00:00
[2024-11-11T23:34:44.609+0000] {processor.py:183} INFO - Processing /opt/airflow/dags/build_elt_with_ctas.py took 0.528 seconds
[2024-11-11T23:35:15.099+0000] {processor.py:161} INFO - Started process (PID=1012) to work on /opt/airflow/dags/build_elt_with_ctas.py
[2024-11-11T23:35:15.101+0000] {processor.py:830} INFO - Processing file /opt/airflow/dags/build_elt_with_ctas.py for tasks to queue
[2024-11-11T23:35:15.113+0000] {logging_mixin.py:188} INFO - [2024-11-11T23:35:15.110+0000] {dagbag.py:545} INFO - Filling up the DagBag from /opt/airflow/dags/build_elt_with_ctas.py
[2024-11-11T23:35:15.205+0000] {processor.py:840} INFO - DAG(s) 'BuildELT_CTAS' retrieved from /opt/airflow/dags/build_elt_with_ctas.py
[2024-11-11T23:35:15.291+0000] {logging_mixin.py:188} INFO - [2024-11-11T23:35:15.290+0000] {dag.py:3096} INFO - Sync 1 DAGs
[2024-11-11T23:35:15.361+0000] {logging_mixin.py:188} INFO - [2024-11-11T23:35:15.360+0000] {dag.py:3954} INFO - Setting next_dagrun for BuildELT_CTAS to 2024-11-10 02:45:00+00:00, run_after=2024-11-11 02:45:00+00:00
[2024-11-11T23:35:15.413+0000] {processor.py:183} INFO - Processing /opt/airflow/dags/build_elt_with_ctas.py took 0.331 seconds
[2024-11-11T23:35:45.710+0000] {processor.py:161} INFO - Started process (PID=1033) to work on /opt/airflow/dags/build_elt_with_ctas.py
[2024-11-11T23:35:45.712+0000] {processor.py:830} INFO - Processing file /opt/airflow/dags/build_elt_with_ctas.py for tasks to queue
[2024-11-11T23:35:45.718+0000] {logging_mixin.py:188} INFO - [2024-11-11T23:35:45.717+0000] {dagbag.py:545} INFO - Filling up the DagBag from /opt/airflow/dags/build_elt_with_ctas.py
[2024-11-11T23:35:45.817+0000] {processor.py:840} INFO - DAG(s) 'BuildELT_CTAS' retrieved from /opt/airflow/dags/build_elt_with_ctas.py
[2024-11-11T23:35:45.905+0000] {logging_mixin.py:188} INFO - [2024-11-11T23:35:45.904+0000] {dag.py:3096} INFO - Sync 1 DAGs
[2024-11-11T23:35:45.998+0000] {logging_mixin.py:188} INFO - [2024-11-11T23:35:45.997+0000] {dag.py:3954} INFO - Setting next_dagrun for BuildELT_CTAS to 2024-11-10 02:45:00+00:00, run_after=2024-11-11 02:45:00+00:00
[2024-11-11T23:35:46.091+0000] {processor.py:183} INFO - Processing /opt/airflow/dags/build_elt_with_ctas.py took 0.397 seconds
[2024-11-11T23:36:16.601+0000] {processor.py:161} INFO - Started process (PID=1054) to work on /opt/airflow/dags/build_elt_with_ctas.py
[2024-11-11T23:36:16.604+0000] {processor.py:830} INFO - Processing file /opt/airflow/dags/build_elt_with_ctas.py for tasks to queue
[2024-11-11T23:36:16.607+0000] {logging_mixin.py:188} INFO - [2024-11-11T23:36:16.607+0000] {dagbag.py:545} INFO - Filling up the DagBag from /opt/airflow/dags/build_elt_with_ctas.py
[2024-11-11T23:36:16.661+0000] {processor.py:840} INFO - DAG(s) 'BuildELT_CTAS' retrieved from /opt/airflow/dags/build_elt_with_ctas.py
[2024-11-11T23:36:16.732+0000] {logging_mixin.py:188} INFO - [2024-11-11T23:36:16.731+0000] {dag.py:3096} INFO - Sync 1 DAGs
[2024-11-11T23:36:16.811+0000] {logging_mixin.py:188} INFO - [2024-11-11T23:36:16.811+0000] {dag.py:3954} INFO - Setting next_dagrun for BuildELT_CTAS to 2024-11-10 02:45:00+00:00, run_after=2024-11-11 02:45:00+00:00
[2024-11-11T23:36:16.878+0000] {processor.py:183} INFO - Processing /opt/airflow/dags/build_elt_with_ctas.py took 0.290 seconds
[2024-11-11T23:36:47.836+0000] {processor.py:161} INFO - Started process (PID=1081) to work on /opt/airflow/dags/build_elt_with_ctas.py
[2024-11-11T23:36:47.839+0000] {processor.py:830} INFO - Processing file /opt/airflow/dags/build_elt_with_ctas.py for tasks to queue
[2024-11-11T23:36:47.847+0000] {logging_mixin.py:188} INFO - [2024-11-11T23:36:47.847+0000] {dagbag.py:545} INFO - Filling up the DagBag from /opt/airflow/dags/build_elt_with_ctas.py
[2024-11-11T23:36:47.942+0000] {processor.py:840} INFO - DAG(s) 'BuildELT_CTAS' retrieved from /opt/airflow/dags/build_elt_with_ctas.py
[2024-11-11T23:36:48.056+0000] {logging_mixin.py:188} INFO - [2024-11-11T23:36:48.055+0000] {dag.py:3096} INFO - Sync 1 DAGs
[2024-11-11T23:36:48.188+0000] {logging_mixin.py:188} INFO - [2024-11-11T23:36:48.187+0000] {dag.py:3954} INFO - Setting next_dagrun for BuildELT_CTAS to 2024-11-10 02:45:00+00:00, run_after=2024-11-11 02:45:00+00:00
[2024-11-11T23:36:48.288+0000] {processor.py:183} INFO - Processing /opt/airflow/dags/build_elt_with_ctas.py took 0.478 seconds
[2024-11-11T23:37:18.797+0000] {processor.py:161} INFO - Started process (PID=1103) to work on /opt/airflow/dags/build_elt_with_ctas.py
[2024-11-11T23:37:18.801+0000] {processor.py:830} INFO - Processing file /opt/airflow/dags/build_elt_with_ctas.py for tasks to queue
[2024-11-11T23:37:18.817+0000] {logging_mixin.py:188} INFO - [2024-11-11T23:37:18.816+0000] {dagbag.py:545} INFO - Filling up the DagBag from /opt/airflow/dags/build_elt_with_ctas.py
[2024-11-11T23:37:19.060+0000] {processor.py:840} INFO - DAG(s) 'BuildELT_CTAS' retrieved from /opt/airflow/dags/build_elt_with_ctas.py
[2024-11-11T23:37:19.155+0000] {logging_mixin.py:188} INFO - [2024-11-11T23:37:19.154+0000] {dag.py:3096} INFO - Sync 1 DAGs
[2024-11-11T23:37:19.230+0000] {logging_mixin.py:188} INFO - [2024-11-11T23:37:19.230+0000] {dag.py:3954} INFO - Setting next_dagrun for BuildELT_CTAS to 2024-11-10 02:45:00+00:00, run_after=2024-11-11 02:45:00+00:00
[2024-11-11T23:37:19.304+0000] {processor.py:183} INFO - Processing /opt/airflow/dags/build_elt_with_ctas.py took 0.541 seconds
[2024-11-11T23:37:49.710+0000] {processor.py:161} INFO - Started process (PID=1125) to work on /opt/airflow/dags/build_elt_with_ctas.py
[2024-11-11T23:37:49.713+0000] {processor.py:830} INFO - Processing file /opt/airflow/dags/build_elt_with_ctas.py for tasks to queue
[2024-11-11T23:37:49.723+0000] {logging_mixin.py:188} INFO - [2024-11-11T23:37:49.722+0000] {dagbag.py:545} INFO - Filling up the DagBag from /opt/airflow/dags/build_elt_with_ctas.py
[2024-11-11T23:37:49.779+0000] {processor.py:840} INFO - DAG(s) 'BuildELT_CTAS' retrieved from /opt/airflow/dags/build_elt_with_ctas.py
[2024-11-11T23:37:49.848+0000] {logging_mixin.py:188} INFO - [2024-11-11T23:37:49.847+0000] {dag.py:3096} INFO - Sync 1 DAGs
[2024-11-11T23:37:49.939+0000] {logging_mixin.py:188} INFO - [2024-11-11T23:37:49.939+0000] {dag.py:3954} INFO - Setting next_dagrun for BuildELT_CTAS to 2024-11-10 02:45:00+00:00, run_after=2024-11-11 02:45:00+00:00
[2024-11-11T23:37:50.009+0000] {processor.py:183} INFO - Processing /opt/airflow/dags/build_elt_with_ctas.py took 0.312 seconds
[2024-11-11T23:38:20.747+0000] {processor.py:161} INFO - Started process (PID=1146) to work on /opt/airflow/dags/build_elt_with_ctas.py
[2024-11-11T23:38:20.750+0000] {processor.py:830} INFO - Processing file /opt/airflow/dags/build_elt_with_ctas.py for tasks to queue
[2024-11-11T23:38:20.755+0000] {logging_mixin.py:188} INFO - [2024-11-11T23:38:20.753+0000] {dagbag.py:545} INFO - Filling up the DagBag from /opt/airflow/dags/build_elt_with_ctas.py
[2024-11-11T23:38:20.808+0000] {processor.py:840} INFO - DAG(s) 'BuildELT_CTAS' retrieved from /opt/airflow/dags/build_elt_with_ctas.py
[2024-11-11T23:38:20.861+0000] {logging_mixin.py:188} INFO - [2024-11-11T23:38:20.860+0000] {dag.py:3096} INFO - Sync 1 DAGs
[2024-11-11T23:38:20.913+0000] {logging_mixin.py:188} INFO - [2024-11-11T23:38:20.912+0000] {dag.py:3954} INFO - Setting next_dagrun for BuildELT_CTAS to 2024-11-10 02:45:00+00:00, run_after=2024-11-11 02:45:00+00:00
[2024-11-11T23:38:20.982+0000] {processor.py:183} INFO - Processing /opt/airflow/dags/build_elt_with_ctas.py took 0.245 seconds
[2024-11-11T23:38:51.831+0000] {processor.py:161} INFO - Started process (PID=1167) to work on /opt/airflow/dags/build_elt_with_ctas.py
[2024-11-11T23:38:51.833+0000] {processor.py:830} INFO - Processing file /opt/airflow/dags/build_elt_with_ctas.py for tasks to queue
[2024-11-11T23:38:51.838+0000] {logging_mixin.py:188} INFO - [2024-11-11T23:38:51.837+0000] {dagbag.py:545} INFO - Filling up the DagBag from /opt/airflow/dags/build_elt_with_ctas.py
[2024-11-11T23:38:51.878+0000] {processor.py:840} INFO - DAG(s) 'BuildELT_CTAS' retrieved from /opt/airflow/dags/build_elt_with_ctas.py
[2024-11-11T23:38:51.920+0000] {logging_mixin.py:188} INFO - [2024-11-11T23:38:51.919+0000] {dag.py:3096} INFO - Sync 1 DAGs
[2024-11-11T23:38:51.959+0000] {logging_mixin.py:188} INFO - [2024-11-11T23:38:51.959+0000] {dag.py:3954} INFO - Setting next_dagrun for BuildELT_CTAS to 2024-11-10 02:45:00+00:00, run_after=2024-11-11 02:45:00+00:00
[2024-11-11T23:38:51.995+0000] {processor.py:183} INFO - Processing /opt/airflow/dags/build_elt_with_ctas.py took 0.177 seconds
[2024-11-11T23:39:22.405+0000] {processor.py:161} INFO - Started process (PID=1188) to work on /opt/airflow/dags/build_elt_with_ctas.py
[2024-11-11T23:39:22.407+0000] {processor.py:830} INFO - Processing file /opt/airflow/dags/build_elt_with_ctas.py for tasks to queue
[2024-11-11T23:39:22.411+0000] {logging_mixin.py:188} INFO - [2024-11-11T23:39:22.410+0000] {dagbag.py:545} INFO - Filling up the DagBag from /opt/airflow/dags/build_elt_with_ctas.py
[2024-11-11T23:39:22.449+0000] {processor.py:840} INFO - DAG(s) 'BuildELT_CTAS' retrieved from /opt/airflow/dags/build_elt_with_ctas.py
[2024-11-11T23:39:22.492+0000] {logging_mixin.py:188} INFO - [2024-11-11T23:39:22.492+0000] {dag.py:3096} INFO - Sync 1 DAGs
[2024-11-11T23:39:22.533+0000] {logging_mixin.py:188} INFO - [2024-11-11T23:39:22.533+0000] {dag.py:3954} INFO - Setting next_dagrun for BuildELT_CTAS to 2024-11-10 02:45:00+00:00, run_after=2024-11-11 02:45:00+00:00
[2024-11-11T23:39:22.576+0000] {processor.py:183} INFO - Processing /opt/airflow/dags/build_elt_with_ctas.py took 0.178 seconds
[2024-11-11T23:39:53.081+0000] {processor.py:161} INFO - Started process (PID=1209) to work on /opt/airflow/dags/build_elt_with_ctas.py
[2024-11-11T23:39:53.084+0000] {processor.py:830} INFO - Processing file /opt/airflow/dags/build_elt_with_ctas.py for tasks to queue
[2024-11-11T23:39:53.087+0000] {logging_mixin.py:188} INFO - [2024-11-11T23:39:53.086+0000] {dagbag.py:545} INFO - Filling up the DagBag from /opt/airflow/dags/build_elt_with_ctas.py
[2024-11-11T23:39:53.122+0000] {processor.py:840} INFO - DAG(s) 'BuildELT_CTAS' retrieved from /opt/airflow/dags/build_elt_with_ctas.py
[2024-11-11T23:39:53.165+0000] {logging_mixin.py:188} INFO - [2024-11-11T23:39:53.164+0000] {dag.py:3096} INFO - Sync 1 DAGs
[2024-11-11T23:39:53.204+0000] {logging_mixin.py:188} INFO - [2024-11-11T23:39:53.203+0000] {dag.py:3954} INFO - Setting next_dagrun for BuildELT_CTAS to 2024-11-10 02:45:00+00:00, run_after=2024-11-11 02:45:00+00:00
[2024-11-11T23:39:53.243+0000] {processor.py:183} INFO - Processing /opt/airflow/dags/build_elt_with_ctas.py took 0.171 seconds
[2024-11-11T23:40:23.719+0000] {processor.py:161} INFO - Started process (PID=1231) to work on /opt/airflow/dags/build_elt_with_ctas.py
[2024-11-11T23:40:23.721+0000] {processor.py:830} INFO - Processing file /opt/airflow/dags/build_elt_with_ctas.py for tasks to queue
[2024-11-11T23:40:23.726+0000] {logging_mixin.py:188} INFO - [2024-11-11T23:40:23.725+0000] {dagbag.py:545} INFO - Filling up the DagBag from /opt/airflow/dags/build_elt_with_ctas.py
[2024-11-11T23:40:23.771+0000] {processor.py:840} INFO - DAG(s) 'BuildELT_CTAS' retrieved from /opt/airflow/dags/build_elt_with_ctas.py
[2024-11-11T23:40:23.818+0000] {logging_mixin.py:188} INFO - [2024-11-11T23:40:23.817+0000] {dag.py:3096} INFO - Sync 1 DAGs
[2024-11-11T23:40:23.864+0000] {logging_mixin.py:188} INFO - [2024-11-11T23:40:23.864+0000] {dag.py:3954} INFO - Setting next_dagrun for BuildELT_CTAS to 2024-11-10 02:45:00+00:00, run_after=2024-11-11 02:45:00+00:00
[2024-11-11T23:40:23.914+0000] {processor.py:183} INFO - Processing /opt/airflow/dags/build_elt_with_ctas.py took 0.213 seconds
[2024-11-11T23:40:54.456+0000] {processor.py:161} INFO - Started process (PID=1252) to work on /opt/airflow/dags/build_elt_with_ctas.py
[2024-11-11T23:40:54.457+0000] {processor.py:830} INFO - Processing file /opt/airflow/dags/build_elt_with_ctas.py for tasks to queue
[2024-11-11T23:40:54.459+0000] {logging_mixin.py:188} INFO - [2024-11-11T23:40:54.458+0000] {dagbag.py:545} INFO - Filling up the DagBag from /opt/airflow/dags/build_elt_with_ctas.py
[2024-11-11T23:40:54.480+0000] {processor.py:840} INFO - DAG(s) 'BuildELT_CTAS' retrieved from /opt/airflow/dags/build_elt_with_ctas.py
[2024-11-11T23:40:54.510+0000] {logging_mixin.py:188} INFO - [2024-11-11T23:40:54.510+0000] {dag.py:3096} INFO - Sync 1 DAGs
[2024-11-11T23:40:54.537+0000] {logging_mixin.py:188} INFO - [2024-11-11T23:40:54.537+0000] {dag.py:3954} INFO - Setting next_dagrun for BuildELT_CTAS to 2024-11-10 02:45:00+00:00, run_after=2024-11-11 02:45:00+00:00
[2024-11-11T23:40:54.571+0000] {processor.py:183} INFO - Processing /opt/airflow/dags/build_elt_with_ctas.py took 0.120 seconds
[2024-11-11T23:41:25.424+0000] {processor.py:161} INFO - Started process (PID=1273) to work on /opt/airflow/dags/build_elt_with_ctas.py
[2024-11-11T23:41:25.431+0000] {processor.py:830} INFO - Processing file /opt/airflow/dags/build_elt_with_ctas.py for tasks to queue
[2024-11-11T23:41:25.442+0000] {logging_mixin.py:188} INFO - [2024-11-11T23:41:25.441+0000] {dagbag.py:545} INFO - Filling up the DagBag from /opt/airflow/dags/build_elt_with_ctas.py
[2024-11-11T23:41:25.526+0000] {processor.py:840} INFO - DAG(s) 'BuildELT_CTAS' retrieved from /opt/airflow/dags/build_elt_with_ctas.py
[2024-11-11T23:41:25.614+0000] {logging_mixin.py:188} INFO - [2024-11-11T23:41:25.614+0000] {dag.py:3096} INFO - Sync 1 DAGs
[2024-11-11T23:41:25.719+0000] {logging_mixin.py:188} INFO - [2024-11-11T23:41:25.718+0000] {dag.py:3954} INFO - Setting next_dagrun for BuildELT_CTAS to 2024-11-10 02:45:00+00:00, run_after=2024-11-11 02:45:00+00:00
[2024-11-11T23:41:25.824+0000] {processor.py:183} INFO - Processing /opt/airflow/dags/build_elt_with_ctas.py took 0.422 seconds
[2024-11-11T23:41:56.524+0000] {processor.py:161} INFO - Started process (PID=1294) to work on /opt/airflow/dags/build_elt_with_ctas.py
[2024-11-11T23:41:56.526+0000] {processor.py:830} INFO - Processing file /opt/airflow/dags/build_elt_with_ctas.py for tasks to queue
[2024-11-11T23:41:56.529+0000] {logging_mixin.py:188} INFO - [2024-11-11T23:41:56.528+0000] {dagbag.py:545} INFO - Filling up the DagBag from /opt/airflow/dags/build_elt_with_ctas.py
[2024-11-11T23:41:56.570+0000] {processor.py:840} INFO - DAG(s) 'BuildELT_CTAS' retrieved from /opt/airflow/dags/build_elt_with_ctas.py
[2024-11-11T23:41:56.627+0000] {logging_mixin.py:188} INFO - [2024-11-11T23:41:56.626+0000] {dag.py:3096} INFO - Sync 1 DAGs
[2024-11-11T23:41:56.679+0000] {logging_mixin.py:188} INFO - [2024-11-11T23:41:56.678+0000] {dag.py:3954} INFO - Setting next_dagrun for BuildELT_CTAS to 2024-11-10 02:45:00+00:00, run_after=2024-11-11 02:45:00+00:00
[2024-11-11T23:41:56.728+0000] {processor.py:183} INFO - Processing /opt/airflow/dags/build_elt_with_ctas.py took 0.214 seconds
[2024-11-11T23:42:27.365+0000] {processor.py:161} INFO - Started process (PID=1316) to work on /opt/airflow/dags/build_elt_with_ctas.py
[2024-11-11T23:42:27.366+0000] {processor.py:830} INFO - Processing file /opt/airflow/dags/build_elt_with_ctas.py for tasks to queue
[2024-11-11T23:42:27.369+0000] {logging_mixin.py:188} INFO - [2024-11-11T23:42:27.368+0000] {dagbag.py:545} INFO - Filling up the DagBag from /opt/airflow/dags/build_elt_with_ctas.py
[2024-11-11T23:42:27.411+0000] {processor.py:840} INFO - DAG(s) 'BuildELT_CTAS' retrieved from /opt/airflow/dags/build_elt_with_ctas.py
[2024-11-11T23:42:27.458+0000] {logging_mixin.py:188} INFO - [2024-11-11T23:42:27.457+0000] {dag.py:3096} INFO - Sync 1 DAGs
[2024-11-11T23:42:27.499+0000] {logging_mixin.py:188} INFO - [2024-11-11T23:42:27.498+0000] {dag.py:3954} INFO - Setting next_dagrun for BuildELT_CTAS to 2024-11-10 02:45:00+00:00, run_after=2024-11-11 02:45:00+00:00
[2024-11-11T23:42:27.550+0000] {processor.py:183} INFO - Processing /opt/airflow/dags/build_elt_with_ctas.py took 0.193 seconds
[2024-11-11T23:42:59.242+0000] {processor.py:161} INFO - Started process (PID=1337) to work on /opt/airflow/dags/build_elt_with_ctas.py
[2024-11-11T23:42:59.245+0000] {processor.py:830} INFO - Processing file /opt/airflow/dags/build_elt_with_ctas.py for tasks to queue
[2024-11-11T23:42:59.270+0000] {logging_mixin.py:188} INFO - [2024-11-11T23:42:59.270+0000] {dagbag.py:545} INFO - Filling up the DagBag from /opt/airflow/dags/build_elt_with_ctas.py
[2024-11-11T23:42:59.657+0000] {processor.py:840} INFO - DAG(s) 'BuildELT_CTAS' retrieved from /opt/airflow/dags/build_elt_with_ctas.py
[2024-11-11T23:42:59.807+0000] {logging_mixin.py:188} INFO - [2024-11-11T23:42:59.806+0000] {dag.py:3096} INFO - Sync 1 DAGs
[2024-11-11T23:42:59.997+0000] {logging_mixin.py:188} INFO - [2024-11-11T23:42:59.996+0000] {dag.py:3954} INFO - Setting next_dagrun for BuildELT_CTAS to 2024-11-10 02:45:00+00:00, run_after=2024-11-11 02:45:00+00:00
[2024-11-11T23:43:00.210+0000] {processor.py:183} INFO - Processing /opt/airflow/dags/build_elt_with_ctas.py took 1.010 seconds
[2024-11-11T23:43:30.517+0000] {processor.py:161} INFO - Started process (PID=1357) to work on /opt/airflow/dags/build_elt_with_ctas.py
[2024-11-11T23:43:30.519+0000] {processor.py:830} INFO - Processing file /opt/airflow/dags/build_elt_with_ctas.py for tasks to queue
[2024-11-11T23:43:30.527+0000] {logging_mixin.py:188} INFO - [2024-11-11T23:43:30.526+0000] {dagbag.py:545} INFO - Filling up the DagBag from /opt/airflow/dags/build_elt_with_ctas.py
[2024-11-11T23:43:30.601+0000] {processor.py:840} INFO - DAG(s) 'BuildELT_CTAS' retrieved from /opt/airflow/dags/build_elt_with_ctas.py
[2024-11-11T23:43:30.670+0000] {logging_mixin.py:188} INFO - [2024-11-11T23:43:30.669+0000] {dag.py:3096} INFO - Sync 1 DAGs
[2024-11-11T23:43:30.744+0000] {logging_mixin.py:188} INFO - [2024-11-11T23:43:30.743+0000] {dag.py:3954} INFO - Setting next_dagrun for BuildELT_CTAS to 2024-11-10 02:45:00+00:00, run_after=2024-11-11 02:45:00+00:00
[2024-11-11T23:43:30.866+0000] {processor.py:183} INFO - Processing /opt/airflow/dags/build_elt_with_ctas.py took 0.366 seconds
[2024-11-11T23:44:01.405+0000] {processor.py:161} INFO - Started process (PID=1378) to work on /opt/airflow/dags/build_elt_with_ctas.py
[2024-11-11T23:44:01.408+0000] {processor.py:830} INFO - Processing file /opt/airflow/dags/build_elt_with_ctas.py for tasks to queue
[2024-11-11T23:44:01.413+0000] {logging_mixin.py:188} INFO - [2024-11-11T23:44:01.413+0000] {dagbag.py:545} INFO - Filling up the DagBag from /opt/airflow/dags/build_elt_with_ctas.py
[2024-11-11T23:44:01.527+0000] {processor.py:840} INFO - DAG(s) 'BuildELT_CTAS' retrieved from /opt/airflow/dags/build_elt_with_ctas.py
[2024-11-11T23:44:01.601+0000] {logging_mixin.py:188} INFO - [2024-11-11T23:44:01.600+0000] {dag.py:3096} INFO - Sync 1 DAGs
[2024-11-11T23:44:01.654+0000] {logging_mixin.py:188} INFO - [2024-11-11T23:44:01.654+0000] {dag.py:3954} INFO - Setting next_dagrun for BuildELT_CTAS to 2024-11-10 02:45:00+00:00, run_after=2024-11-11 02:45:00+00:00
[2024-11-11T23:44:01.700+0000] {processor.py:183} INFO - Processing /opt/airflow/dags/build_elt_with_ctas.py took 0.321 seconds
[2024-11-11T23:44:32.078+0000] {processor.py:161} INFO - Started process (PID=1399) to work on /opt/airflow/dags/build_elt_with_ctas.py
[2024-11-11T23:44:32.084+0000] {processor.py:830} INFO - Processing file /opt/airflow/dags/build_elt_with_ctas.py for tasks to queue
[2024-11-11T23:44:32.095+0000] {logging_mixin.py:188} INFO - [2024-11-11T23:44:32.093+0000] {dagbag.py:545} INFO - Filling up the DagBag from /opt/airflow/dags/build_elt_with_ctas.py
[2024-11-11T23:44:32.178+0000] {processor.py:840} INFO - DAG(s) 'BuildELT_CTAS' retrieved from /opt/airflow/dags/build_elt_with_ctas.py
[2024-11-11T23:44:32.282+0000] {logging_mixin.py:188} INFO - [2024-11-11T23:44:32.281+0000] {dag.py:3096} INFO - Sync 1 DAGs
[2024-11-11T23:44:32.366+0000] {logging_mixin.py:188} INFO - [2024-11-11T23:44:32.365+0000] {dag.py:3954} INFO - Setting next_dagrun for BuildELT_CTAS to 2024-11-10 02:45:00+00:00, run_after=2024-11-11 02:45:00+00:00
[2024-11-11T23:44:32.448+0000] {processor.py:183} INFO - Processing /opt/airflow/dags/build_elt_with_ctas.py took 0.388 seconds
[2024-11-11T23:45:02.872+0000] {processor.py:161} INFO - Started process (PID=1420) to work on /opt/airflow/dags/build_elt_with_ctas.py
[2024-11-11T23:45:02.875+0000] {processor.py:830} INFO - Processing file /opt/airflow/dags/build_elt_with_ctas.py for tasks to queue
[2024-11-11T23:45:02.879+0000] {logging_mixin.py:188} INFO - [2024-11-11T23:45:02.878+0000] {dagbag.py:545} INFO - Filling up the DagBag from /opt/airflow/dags/build_elt_with_ctas.py
[2024-11-11T23:45:02.912+0000] {processor.py:840} INFO - DAG(s) 'BuildELT_CTAS' retrieved from /opt/airflow/dags/build_elt_with_ctas.py
[2024-11-11T23:45:02.975+0000] {logging_mixin.py:188} INFO - [2024-11-11T23:45:02.975+0000] {dag.py:3096} INFO - Sync 1 DAGs
[2024-11-11T23:45:03.033+0000] {logging_mixin.py:188} INFO - [2024-11-11T23:45:03.033+0000] {dag.py:3954} INFO - Setting next_dagrun for BuildELT_CTAS to 2024-11-10 02:45:00+00:00, run_after=2024-11-11 02:45:00+00:00
[2024-11-11T23:45:03.098+0000] {processor.py:183} INFO - Processing /opt/airflow/dags/build_elt_with_ctas.py took 0.241 seconds
[2024-11-11T23:45:33.613+0000] {processor.py:161} INFO - Started process (PID=1441) to work on /opt/airflow/dags/build_elt_with_ctas.py
[2024-11-11T23:45:33.626+0000] {processor.py:830} INFO - Processing file /opt/airflow/dags/build_elt_with_ctas.py for tasks to queue
[2024-11-11T23:45:33.641+0000] {logging_mixin.py:188} INFO - [2024-11-11T23:45:33.640+0000] {dagbag.py:545} INFO - Filling up the DagBag from /opt/airflow/dags/build_elt_with_ctas.py
[2024-11-11T23:45:33.777+0000] {processor.py:840} INFO - DAG(s) 'BuildELT_CTAS' retrieved from /opt/airflow/dags/build_elt_with_ctas.py
[2024-11-11T23:45:33.935+0000] {logging_mixin.py:188} INFO - [2024-11-11T23:45:33.935+0000] {dag.py:3096} INFO - Sync 1 DAGs
[2024-11-11T23:45:34.090+0000] {logging_mixin.py:188} INFO - [2024-11-11T23:45:34.089+0000] {dag.py:3954} INFO - Setting next_dagrun for BuildELT_CTAS to 2024-11-10 02:45:00+00:00, run_after=2024-11-11 02:45:00+00:00
[2024-11-11T23:45:34.182+0000] {processor.py:183} INFO - Processing /opt/airflow/dags/build_elt_with_ctas.py took 0.589 seconds
[2024-11-11T23:46:05.253+0000] {processor.py:161} INFO - Started process (PID=1462) to work on /opt/airflow/dags/build_elt_with_ctas.py
[2024-11-11T23:46:05.256+0000] {processor.py:830} INFO - Processing file /opt/airflow/dags/build_elt_with_ctas.py for tasks to queue
[2024-11-11T23:46:05.260+0000] {logging_mixin.py:188} INFO - [2024-11-11T23:46:05.259+0000] {dagbag.py:545} INFO - Filling up the DagBag from /opt/airflow/dags/build_elt_with_ctas.py
[2024-11-11T23:46:05.335+0000] {processor.py:840} INFO - DAG(s) 'BuildELT_CTAS' retrieved from /opt/airflow/dags/build_elt_with_ctas.py
[2024-11-11T23:46:05.439+0000] {logging_mixin.py:188} INFO - [2024-11-11T23:46:05.438+0000] {dag.py:3096} INFO - Sync 1 DAGs
[2024-11-11T23:46:05.508+0000] {logging_mixin.py:188} INFO - [2024-11-11T23:46:05.507+0000] {dag.py:3954} INFO - Setting next_dagrun for BuildELT_CTAS to 2024-11-10 02:45:00+00:00, run_after=2024-11-11 02:45:00+00:00
[2024-11-11T23:46:05.586+0000] {processor.py:183} INFO - Processing /opt/airflow/dags/build_elt_with_ctas.py took 0.345 seconds
[2024-11-11T23:46:36.567+0000] {processor.py:161} INFO - Started process (PID=1483) to work on /opt/airflow/dags/build_elt_with_ctas.py
[2024-11-11T23:46:36.604+0000] {processor.py:830} INFO - Processing file /opt/airflow/dags/build_elt_with_ctas.py for tasks to queue
[2024-11-11T23:46:36.644+0000] {logging_mixin.py:188} INFO - [2024-11-11T23:46:36.640+0000] {dagbag.py:545} INFO - Filling up the DagBag from /opt/airflow/dags/build_elt_with_ctas.py
[2024-11-11T23:46:37.146+0000] {processor.py:840} INFO - DAG(s) 'BuildELT_CTAS' retrieved from /opt/airflow/dags/build_elt_with_ctas.py
[2024-11-11T23:46:37.371+0000] {logging_mixin.py:188} INFO - [2024-11-11T23:46:37.370+0000] {dag.py:3096} INFO - Sync 1 DAGs
[2024-11-11T23:46:37.566+0000] {logging_mixin.py:188} INFO - [2024-11-11T23:46:37.554+0000] {dag.py:3954} INFO - Setting next_dagrun for BuildELT_CTAS to 2024-11-10 02:45:00+00:00, run_after=2024-11-11 02:45:00+00:00
[2024-11-11T23:46:37.701+0000] {processor.py:183} INFO - Processing /opt/airflow/dags/build_elt_with_ctas.py took 1.177 seconds
[2024-11-11T23:47:08.120+0000] {processor.py:161} INFO - Started process (PID=1504) to work on /opt/airflow/dags/build_elt_with_ctas.py
[2024-11-11T23:47:08.133+0000] {processor.py:830} INFO - Processing file /opt/airflow/dags/build_elt_with_ctas.py for tasks to queue
[2024-11-11T23:47:08.138+0000] {logging_mixin.py:188} INFO - [2024-11-11T23:47:08.137+0000] {dagbag.py:545} INFO - Filling up the DagBag from /opt/airflow/dags/build_elt_with_ctas.py
[2024-11-11T23:47:08.401+0000] {processor.py:840} INFO - DAG(s) 'BuildELT_CTAS' retrieved from /opt/airflow/dags/build_elt_with_ctas.py
[2024-11-11T23:47:08.779+0000] {logging_mixin.py:188} INFO - [2024-11-11T23:47:08.778+0000] {dag.py:3096} INFO - Sync 1 DAGs
[2024-11-11T23:47:09.009+0000] {logging_mixin.py:188} INFO - [2024-11-11T23:47:09.009+0000] {dag.py:3954} INFO - Setting next_dagrun for BuildELT_CTAS to 2024-11-10 02:45:00+00:00, run_after=2024-11-11 02:45:00+00:00
[2024-11-11T23:47:09.136+0000] {processor.py:183} INFO - Processing /opt/airflow/dags/build_elt_with_ctas.py took 1.048 seconds
[2024-11-11T23:47:39.450+0000] {processor.py:161} INFO - Started process (PID=1525) to work on /opt/airflow/dags/build_elt_with_ctas.py
[2024-11-11T23:47:39.455+0000] {processor.py:830} INFO - Processing file /opt/airflow/dags/build_elt_with_ctas.py for tasks to queue
[2024-11-11T23:47:39.460+0000] {logging_mixin.py:188} INFO - [2024-11-11T23:47:39.459+0000] {dagbag.py:545} INFO - Filling up the DagBag from /opt/airflow/dags/build_elt_with_ctas.py
[2024-11-11T23:47:39.524+0000] {processor.py:840} INFO - DAG(s) 'BuildELT_CTAS' retrieved from /opt/airflow/dags/build_elt_with_ctas.py
[2024-11-11T23:47:39.592+0000] {logging_mixin.py:188} INFO - [2024-11-11T23:47:39.591+0000] {dag.py:3096} INFO - Sync 1 DAGs
[2024-11-11T23:47:39.665+0000] {logging_mixin.py:188} INFO - [2024-11-11T23:47:39.664+0000] {dag.py:3954} INFO - Setting next_dagrun for BuildELT_CTAS to 2024-11-10 02:45:00+00:00, run_after=2024-11-11 02:45:00+00:00
[2024-11-11T23:47:39.792+0000] {processor.py:183} INFO - Processing /opt/airflow/dags/build_elt_with_ctas.py took 0.357 seconds
[2024-11-11T23:48:10.426+0000] {processor.py:161} INFO - Started process (PID=1546) to work on /opt/airflow/dags/build_elt_with_ctas.py
[2024-11-11T23:48:10.429+0000] {processor.py:830} INFO - Processing file /opt/airflow/dags/build_elt_with_ctas.py for tasks to queue
[2024-11-11T23:48:10.436+0000] {logging_mixin.py:188} INFO - [2024-11-11T23:48:10.435+0000] {dagbag.py:545} INFO - Filling up the DagBag from /opt/airflow/dags/build_elt_with_ctas.py
[2024-11-11T23:48:10.492+0000] {processor.py:840} INFO - DAG(s) 'BuildELT_CTAS' retrieved from /opt/airflow/dags/build_elt_with_ctas.py
[2024-11-11T23:48:10.577+0000] {logging_mixin.py:188} INFO - [2024-11-11T23:48:10.576+0000] {dag.py:3096} INFO - Sync 1 DAGs
[2024-11-11T23:48:10.659+0000] {logging_mixin.py:188} INFO - [2024-11-11T23:48:10.658+0000] {dag.py:3954} INFO - Setting next_dagrun for BuildELT_CTAS to 2024-11-10 02:45:00+00:00, run_after=2024-11-11 02:45:00+00:00
[2024-11-11T23:48:10.738+0000] {processor.py:183} INFO - Processing /opt/airflow/dags/build_elt_with_ctas.py took 0.328 seconds
[2024-11-11T23:48:41.151+0000] {processor.py:161} INFO - Started process (PID=1567) to work on /opt/airflow/dags/build_elt_with_ctas.py
[2024-11-11T23:48:41.153+0000] {processor.py:830} INFO - Processing file /opt/airflow/dags/build_elt_with_ctas.py for tasks to queue
[2024-11-11T23:48:41.156+0000] {logging_mixin.py:188} INFO - [2024-11-11T23:48:41.156+0000] {dagbag.py:545} INFO - Filling up the DagBag from /opt/airflow/dags/build_elt_with_ctas.py
[2024-11-11T23:48:41.191+0000] {processor.py:840} INFO - DAG(s) 'BuildELT_CTAS' retrieved from /opt/airflow/dags/build_elt_with_ctas.py
[2024-11-11T23:48:41.241+0000] {logging_mixin.py:188} INFO - [2024-11-11T23:48:41.241+0000] {dag.py:3096} INFO - Sync 1 DAGs
[2024-11-11T23:48:41.271+0000] {logging_mixin.py:188} INFO - [2024-11-11T23:48:41.271+0000] {dag.py:3954} INFO - Setting next_dagrun for BuildELT_CTAS to 2024-11-10 02:45:00+00:00, run_after=2024-11-11 02:45:00+00:00
[2024-11-11T23:48:41.318+0000] {processor.py:183} INFO - Processing /opt/airflow/dags/build_elt_with_ctas.py took 0.173 seconds
[2024-11-11T23:49:11.800+0000] {processor.py:161} INFO - Started process (PID=1588) to work on /opt/airflow/dags/build_elt_with_ctas.py
[2024-11-11T23:49:11.801+0000] {processor.py:830} INFO - Processing file /opt/airflow/dags/build_elt_with_ctas.py for tasks to queue
[2024-11-11T23:49:11.805+0000] {logging_mixin.py:188} INFO - [2024-11-11T23:49:11.804+0000] {dagbag.py:545} INFO - Filling up the DagBag from /opt/airflow/dags/build_elt_with_ctas.py
[2024-11-11T23:49:11.855+0000] {processor.py:840} INFO - DAG(s) 'BuildELT_CTAS' retrieved from /opt/airflow/dags/build_elt_with_ctas.py
[2024-11-11T23:49:11.906+0000] {logging_mixin.py:188} INFO - [2024-11-11T23:49:11.906+0000] {dag.py:3096} INFO - Sync 1 DAGs
[2024-11-11T23:49:11.956+0000] {logging_mixin.py:188} INFO - [2024-11-11T23:49:11.956+0000] {dag.py:3954} INFO - Setting next_dagrun for BuildELT_CTAS to 2024-11-10 02:45:00+00:00, run_after=2024-11-11 02:45:00+00:00
[2024-11-11T23:49:12.003+0000] {processor.py:183} INFO - Processing /opt/airflow/dags/build_elt_with_ctas.py took 0.216 seconds
[2024-11-11T23:49:42.815+0000] {processor.py:161} INFO - Started process (PID=1609) to work on /opt/airflow/dags/build_elt_with_ctas.py
[2024-11-11T23:49:42.817+0000] {processor.py:830} INFO - Processing file /opt/airflow/dags/build_elt_with_ctas.py for tasks to queue
[2024-11-11T23:49:42.820+0000] {logging_mixin.py:188} INFO - [2024-11-11T23:49:42.820+0000] {dagbag.py:545} INFO - Filling up the DagBag from /opt/airflow/dags/build_elt_with_ctas.py
[2024-11-11T23:49:42.878+0000] {processor.py:840} INFO - DAG(s) 'BuildELT_CTAS' retrieved from /opt/airflow/dags/build_elt_with_ctas.py
[2024-11-11T23:49:42.948+0000] {logging_mixin.py:188} INFO - [2024-11-11T23:49:42.947+0000] {dag.py:3096} INFO - Sync 1 DAGs
[2024-11-11T23:49:43.024+0000] {logging_mixin.py:188} INFO - [2024-11-11T23:49:43.023+0000] {dag.py:3954} INFO - Setting next_dagrun for BuildELT_CTAS to 2024-11-10 02:45:00+00:00, run_after=2024-11-11 02:45:00+00:00
[2024-11-11T23:49:43.092+0000] {processor.py:183} INFO - Processing /opt/airflow/dags/build_elt_with_ctas.py took 0.290 seconds
[2024-11-11T23:50:13.809+0000] {processor.py:161} INFO - Started process (PID=1629) to work on /opt/airflow/dags/build_elt_with_ctas.py
[2024-11-11T23:50:13.813+0000] {processor.py:830} INFO - Processing file /opt/airflow/dags/build_elt_with_ctas.py for tasks to queue
[2024-11-11T23:50:13.824+0000] {logging_mixin.py:188} INFO - [2024-11-11T23:50:13.823+0000] {dagbag.py:545} INFO - Filling up the DagBag from /opt/airflow/dags/build_elt_with_ctas.py
[2024-11-11T23:50:13.978+0000] {processor.py:840} INFO - DAG(s) 'BuildELT_CTAS' retrieved from /opt/airflow/dags/build_elt_with_ctas.py
[2024-11-11T23:50:14.090+0000] {logging_mixin.py:188} INFO - [2024-11-11T23:50:14.090+0000] {dag.py:3096} INFO - Sync 1 DAGs
[2024-11-11T23:50:14.205+0000] {logging_mixin.py:188} INFO - [2024-11-11T23:50:14.205+0000] {dag.py:3954} INFO - Setting next_dagrun for BuildELT_CTAS to 2024-11-10 02:45:00+00:00, run_after=2024-11-11 02:45:00+00:00
[2024-11-11T23:50:14.304+0000] {processor.py:183} INFO - Processing /opt/airflow/dags/build_elt_with_ctas.py took 0.515 seconds
[2024-11-11T23:50:44.917+0000] {processor.py:161} INFO - Started process (PID=1649) to work on /opt/airflow/dags/build_elt_with_ctas.py
[2024-11-11T23:50:44.919+0000] {processor.py:830} INFO - Processing file /opt/airflow/dags/build_elt_with_ctas.py for tasks to queue
[2024-11-11T23:50:44.924+0000] {logging_mixin.py:188} INFO - [2024-11-11T23:50:44.923+0000] {dagbag.py:545} INFO - Filling up the DagBag from /opt/airflow/dags/build_elt_with_ctas.py
[2024-11-11T23:50:45.017+0000] {processor.py:840} INFO - DAG(s) 'BuildELT_CTAS' retrieved from /opt/airflow/dags/build_elt_with_ctas.py
[2024-11-11T23:50:45.091+0000] {logging_mixin.py:188} INFO - [2024-11-11T23:50:45.091+0000] {dag.py:3096} INFO - Sync 1 DAGs
[2024-11-11T23:50:45.153+0000] {logging_mixin.py:188} INFO - [2024-11-11T23:50:45.153+0000] {dag.py:3954} INFO - Setting next_dagrun for BuildELT_CTAS to 2024-11-10 02:45:00+00:00, run_after=2024-11-11 02:45:00+00:00
[2024-11-11T23:50:45.213+0000] {processor.py:183} INFO - Processing /opt/airflow/dags/build_elt_with_ctas.py took 0.314 seconds
[2024-11-11T23:51:15.428+0000] {processor.py:161} INFO - Started process (PID=1670) to work on /opt/airflow/dags/build_elt_with_ctas.py
[2024-11-11T23:51:15.430+0000] {processor.py:830} INFO - Processing file /opt/airflow/dags/build_elt_with_ctas.py for tasks to queue
[2024-11-11T23:51:15.434+0000] {logging_mixin.py:188} INFO - [2024-11-11T23:51:15.433+0000] {dagbag.py:545} INFO - Filling up the DagBag from /opt/airflow/dags/build_elt_with_ctas.py
[2024-11-11T23:51:15.482+0000] {processor.py:840} INFO - DAG(s) 'BuildELT_CTAS' retrieved from /opt/airflow/dags/build_elt_with_ctas.py
[2024-11-11T23:51:15.538+0000] {logging_mixin.py:188} INFO - [2024-11-11T23:51:15.537+0000] {dag.py:3096} INFO - Sync 1 DAGs
[2024-11-11T23:51:15.592+0000] {logging_mixin.py:188} INFO - [2024-11-11T23:51:15.592+0000] {dag.py:3954} INFO - Setting next_dagrun for BuildELT_CTAS to 2024-11-10 02:45:00+00:00, run_after=2024-11-11 02:45:00+00:00
[2024-11-11T23:51:15.668+0000] {processor.py:183} INFO - Processing /opt/airflow/dags/build_elt_with_ctas.py took 0.251 seconds
[2024-11-11T23:51:47.020+0000] {processor.py:161} INFO - Started process (PID=1694) to work on /opt/airflow/dags/build_elt_with_ctas.py
[2024-11-11T23:51:47.028+0000] {processor.py:830} INFO - Processing file /opt/airflow/dags/build_elt_with_ctas.py for tasks to queue
[2024-11-11T23:51:47.039+0000] {logging_mixin.py:188} INFO - [2024-11-11T23:51:47.038+0000] {dagbag.py:545} INFO - Filling up the DagBag from /opt/airflow/dags/build_elt_with_ctas.py
[2024-11-11T23:51:47.392+0000] {processor.py:840} INFO - DAG(s) 'BuildELT_CTAS' retrieved from /opt/airflow/dags/build_elt_with_ctas.py
[2024-11-11T23:51:47.586+0000] {logging_mixin.py:188} INFO - [2024-11-11T23:51:47.585+0000] {dag.py:3096} INFO - Sync 1 DAGs
[2024-11-11T23:51:47.828+0000] {logging_mixin.py:188} INFO - [2024-11-11T23:51:47.816+0000] {dag.py:3954} INFO - Setting next_dagrun for BuildELT_CTAS to 2024-11-10 02:45:00+00:00, run_after=2024-11-11 02:45:00+00:00
[2024-11-11T23:51:48.041+0000] {processor.py:183} INFO - Processing /opt/airflow/dags/build_elt_with_ctas.py took 1.055 seconds
[2024-11-11T23:52:18.941+0000] {processor.py:161} INFO - Started process (PID=1717) to work on /opt/airflow/dags/build_elt_with_ctas.py
[2024-11-11T23:52:18.942+0000] {processor.py:830} INFO - Processing file /opt/airflow/dags/build_elt_with_ctas.py for tasks to queue
[2024-11-11T23:52:18.945+0000] {logging_mixin.py:188} INFO - [2024-11-11T23:52:18.944+0000] {dagbag.py:545} INFO - Filling up the DagBag from /opt/airflow/dags/build_elt_with_ctas.py
[2024-11-11T23:52:18.984+0000] {processor.py:840} INFO - DAG(s) 'BuildELT_CTAS' retrieved from /opt/airflow/dags/build_elt_with_ctas.py
[2024-11-11T23:52:19.019+0000] {logging_mixin.py:188} INFO - [2024-11-11T23:52:19.018+0000] {dag.py:3096} INFO - Sync 1 DAGs
[2024-11-11T23:52:19.051+0000] {logging_mixin.py:188} INFO - [2024-11-11T23:52:19.051+0000] {dag.py:3954} INFO - Setting next_dagrun for BuildELT_CTAS to 2024-11-10 02:45:00+00:00, run_after=2024-11-11 02:45:00+00:00
[2024-11-11T23:52:19.084+0000] {processor.py:183} INFO - Processing /opt/airflow/dags/build_elt_with_ctas.py took 0.152 seconds
[2024-11-11T23:52:49.478+0000] {processor.py:161} INFO - Started process (PID=1738) to work on /opt/airflow/dags/build_elt_with_ctas.py
[2024-11-11T23:52:49.480+0000] {processor.py:830} INFO - Processing file /opt/airflow/dags/build_elt_with_ctas.py for tasks to queue
[2024-11-11T23:52:49.482+0000] {logging_mixin.py:188} INFO - [2024-11-11T23:52:49.482+0000] {dagbag.py:545} INFO - Filling up the DagBag from /opt/airflow/dags/build_elt_with_ctas.py
[2024-11-11T23:52:49.502+0000] {processor.py:840} INFO - DAG(s) 'BuildELT_CTAS' retrieved from /opt/airflow/dags/build_elt_with_ctas.py
[2024-11-11T23:52:49.531+0000] {logging_mixin.py:188} INFO - [2024-11-11T23:52:49.531+0000] {dag.py:3096} INFO - Sync 1 DAGs
[2024-11-11T23:52:49.563+0000] {logging_mixin.py:188} INFO - [2024-11-11T23:52:49.563+0000] {dag.py:3954} INFO - Setting next_dagrun for BuildELT_CTAS to 2024-11-10 02:45:00+00:00, run_after=2024-11-11 02:45:00+00:00
[2024-11-11T23:52:49.605+0000] {processor.py:183} INFO - Processing /opt/airflow/dags/build_elt_with_ctas.py took 0.132 seconds
[2024-11-11T23:53:20.172+0000] {processor.py:161} INFO - Started process (PID=1759) to work on /opt/airflow/dags/build_elt_with_ctas.py
[2024-11-11T23:53:20.174+0000] {processor.py:830} INFO - Processing file /opt/airflow/dags/build_elt_with_ctas.py for tasks to queue
[2024-11-11T23:53:20.177+0000] {logging_mixin.py:188} INFO - [2024-11-11T23:53:20.176+0000] {dagbag.py:545} INFO - Filling up the DagBag from /opt/airflow/dags/build_elt_with_ctas.py
[2024-11-11T23:53:20.215+0000] {processor.py:840} INFO - DAG(s) 'BuildELT_CTAS' retrieved from /opt/airflow/dags/build_elt_with_ctas.py
[2024-11-11T23:53:20.250+0000] {logging_mixin.py:188} INFO - [2024-11-11T23:53:20.250+0000] {dag.py:3096} INFO - Sync 1 DAGs
[2024-11-11T23:53:20.281+0000] {logging_mixin.py:188} INFO - [2024-11-11T23:53:20.281+0000] {dag.py:3954} INFO - Setting next_dagrun for BuildELT_CTAS to 2024-11-10 02:45:00+00:00, run_after=2024-11-11 02:45:00+00:00
[2024-11-11T23:53:20.311+0000] {processor.py:183} INFO - Processing /opt/airflow/dags/build_elt_with_ctas.py took 0.147 seconds
[2024-11-11T23:53:50.809+0000] {processor.py:161} INFO - Started process (PID=1780) to work on /opt/airflow/dags/build_elt_with_ctas.py
[2024-11-11T23:53:50.810+0000] {processor.py:830} INFO - Processing file /opt/airflow/dags/build_elt_with_ctas.py for tasks to queue
[2024-11-11T23:53:50.813+0000] {logging_mixin.py:188} INFO - [2024-11-11T23:53:50.812+0000] {dagbag.py:545} INFO - Filling up the DagBag from /opt/airflow/dags/build_elt_with_ctas.py
[2024-11-11T23:53:50.843+0000] {processor.py:840} INFO - DAG(s) 'BuildELT_CTAS' retrieved from /opt/airflow/dags/build_elt_with_ctas.py
[2024-11-11T23:53:50.886+0000] {logging_mixin.py:188} INFO - [2024-11-11T23:53:50.885+0000] {dag.py:3096} INFO - Sync 1 DAGs
[2024-11-11T23:53:50.931+0000] {logging_mixin.py:188} INFO - [2024-11-11T23:53:50.930+0000] {dag.py:3954} INFO - Setting next_dagrun for BuildELT_CTAS to 2024-11-10 02:45:00+00:00, run_after=2024-11-11 02:45:00+00:00
[2024-11-11T23:53:50.973+0000] {processor.py:183} INFO - Processing /opt/airflow/dags/build_elt_with_ctas.py took 0.171 seconds
[2024-11-11T23:54:21.648+0000] {processor.py:161} INFO - Started process (PID=1801) to work on /opt/airflow/dags/build_elt_with_ctas.py
[2024-11-11T23:54:21.649+0000] {processor.py:830} INFO - Processing file /opt/airflow/dags/build_elt_with_ctas.py for tasks to queue
[2024-11-11T23:54:21.651+0000] {logging_mixin.py:188} INFO - [2024-11-11T23:54:21.651+0000] {dagbag.py:545} INFO - Filling up the DagBag from /opt/airflow/dags/build_elt_with_ctas.py
[2024-11-11T23:54:21.670+0000] {processor.py:840} INFO - DAG(s) 'BuildELT_CTAS' retrieved from /opt/airflow/dags/build_elt_with_ctas.py
[2024-11-11T23:54:21.703+0000] {logging_mixin.py:188} INFO - [2024-11-11T23:54:21.702+0000] {dag.py:3096} INFO - Sync 1 DAGs
[2024-11-11T23:54:21.742+0000] {logging_mixin.py:188} INFO - [2024-11-11T23:54:21.742+0000] {dag.py:3954} INFO - Setting next_dagrun for BuildELT_CTAS to 2024-11-10 02:45:00+00:00, run_after=2024-11-11 02:45:00+00:00
[2024-11-11T23:54:21.785+0000] {processor.py:183} INFO - Processing /opt/airflow/dags/build_elt_with_ctas.py took 0.143 seconds
[2024-11-11T23:54:52.564+0000] {processor.py:161} INFO - Started process (PID=1827) to work on /opt/airflow/dags/build_elt_with_ctas.py
[2024-11-11T23:54:52.566+0000] {processor.py:830} INFO - Processing file /opt/airflow/dags/build_elt_with_ctas.py for tasks to queue
[2024-11-11T23:54:52.577+0000] {logging_mixin.py:188} INFO - [2024-11-11T23:54:52.575+0000] {dagbag.py:545} INFO - Filling up the DagBag from /opt/airflow/dags/build_elt_with_ctas.py
[2024-11-11T23:54:52.653+0000] {processor.py:840} INFO - DAG(s) 'BuildELT_CTAS' retrieved from /opt/airflow/dags/build_elt_with_ctas.py
[2024-11-11T23:54:52.817+0000] {logging_mixin.py:188} INFO - [2024-11-11T23:54:52.816+0000] {dag.py:3096} INFO - Sync 1 DAGs
[2024-11-11T23:54:52.936+0000] {logging_mixin.py:188} INFO - [2024-11-11T23:54:52.936+0000] {dag.py:3954} INFO - Setting next_dagrun for BuildELT_CTAS to 2024-11-10 02:45:00+00:00, run_after=2024-11-11 02:45:00+00:00
[2024-11-11T23:54:53.000+0000] {processor.py:183} INFO - Processing /opt/airflow/dags/build_elt_with_ctas.py took 0.458 seconds
[2024-11-11T23:55:23.170+0000] {processor.py:161} INFO - Started process (PID=1849) to work on /opt/airflow/dags/build_elt_with_ctas.py
[2024-11-11T23:55:23.172+0000] {processor.py:830} INFO - Processing file /opt/airflow/dags/build_elt_with_ctas.py for tasks to queue
[2024-11-11T23:55:23.175+0000] {logging_mixin.py:188} INFO - [2024-11-11T23:55:23.174+0000] {dagbag.py:545} INFO - Filling up the DagBag from /opt/airflow/dags/build_elt_with_ctas.py
[2024-11-11T23:55:23.208+0000] {processor.py:840} INFO - DAG(s) 'BuildELT_CTAS' retrieved from /opt/airflow/dags/build_elt_with_ctas.py
[2024-11-11T23:55:23.254+0000] {logging_mixin.py:188} INFO - [2024-11-11T23:55:23.253+0000] {dag.py:3096} INFO - Sync 1 DAGs
[2024-11-11T23:55:23.286+0000] {logging_mixin.py:188} INFO - [2024-11-11T23:55:23.286+0000] {dag.py:3954} INFO - Setting next_dagrun for BuildELT_CTAS to 2024-11-10 02:45:00+00:00, run_after=2024-11-11 02:45:00+00:00
[2024-11-11T23:55:23.331+0000] {processor.py:183} INFO - Processing /opt/airflow/dags/build_elt_with_ctas.py took 0.170 seconds
[2024-11-11T23:55:53.915+0000] {processor.py:161} INFO - Started process (PID=1870) to work on /opt/airflow/dags/build_elt_with_ctas.py
[2024-11-11T23:55:53.916+0000] {processor.py:830} INFO - Processing file /opt/airflow/dags/build_elt_with_ctas.py for tasks to queue
[2024-11-11T23:55:53.919+0000] {logging_mixin.py:188} INFO - [2024-11-11T23:55:53.918+0000] {dagbag.py:545} INFO - Filling up the DagBag from /opt/airflow/dags/build_elt_with_ctas.py
[2024-11-11T23:55:53.962+0000] {processor.py:840} INFO - DAG(s) 'BuildELT_CTAS' retrieved from /opt/airflow/dags/build_elt_with_ctas.py
[2024-11-11T23:55:54.021+0000] {logging_mixin.py:188} INFO - [2024-11-11T23:55:54.021+0000] {dag.py:3096} INFO - Sync 1 DAGs
[2024-11-11T23:55:54.083+0000] {logging_mixin.py:188} INFO - [2024-11-11T23:55:54.082+0000] {dag.py:3954} INFO - Setting next_dagrun for BuildELT_CTAS to 2024-11-10 02:45:00+00:00, run_after=2024-11-11 02:45:00+00:00
[2024-11-11T23:55:54.138+0000] {processor.py:183} INFO - Processing /opt/airflow/dags/build_elt_with_ctas.py took 0.232 seconds
[2024-11-11T23:56:24.645+0000] {processor.py:161} INFO - Started process (PID=1891) to work on /opt/airflow/dags/build_elt_with_ctas.py
[2024-11-11T23:56:24.648+0000] {processor.py:830} INFO - Processing file /opt/airflow/dags/build_elt_with_ctas.py for tasks to queue
[2024-11-11T23:56:24.661+0000] {logging_mixin.py:188} INFO - [2024-11-11T23:56:24.656+0000] {dagbag.py:545} INFO - Filling up the DagBag from /opt/airflow/dags/build_elt_with_ctas.py
[2024-11-11T23:56:24.715+0000] {processor.py:840} INFO - DAG(s) 'BuildELT_CTAS' retrieved from /opt/airflow/dags/build_elt_with_ctas.py
[2024-11-11T23:56:24.786+0000] {logging_mixin.py:188} INFO - [2024-11-11T23:56:24.785+0000] {dag.py:3096} INFO - Sync 1 DAGs
[2024-11-11T23:56:24.866+0000] {logging_mixin.py:188} INFO - [2024-11-11T23:56:24.866+0000] {dag.py:3954} INFO - Setting next_dagrun for BuildELT_CTAS to 2024-11-10 02:45:00+00:00, run_after=2024-11-11 02:45:00+00:00
[2024-11-11T23:56:24.923+0000] {processor.py:183} INFO - Processing /opt/airflow/dags/build_elt_with_ctas.py took 0.297 seconds
[2024-11-11T23:56:55.380+0000] {processor.py:161} INFO - Started process (PID=1912) to work on /opt/airflow/dags/build_elt_with_ctas.py
[2024-11-11T23:56:55.381+0000] {processor.py:830} INFO - Processing file /opt/airflow/dags/build_elt_with_ctas.py for tasks to queue
[2024-11-11T23:56:55.384+0000] {logging_mixin.py:188} INFO - [2024-11-11T23:56:55.384+0000] {dagbag.py:545} INFO - Filling up the DagBag from /opt/airflow/dags/build_elt_with_ctas.py
[2024-11-11T23:56:55.416+0000] {processor.py:840} INFO - DAG(s) 'BuildELT_CTAS' retrieved from /opt/airflow/dags/build_elt_with_ctas.py
[2024-11-11T23:56:55.459+0000] {logging_mixin.py:188} INFO - [2024-11-11T23:56:55.459+0000] {dag.py:3096} INFO - Sync 1 DAGs
[2024-11-11T23:56:55.491+0000] {logging_mixin.py:188} INFO - [2024-11-11T23:56:55.491+0000] {dag.py:3954} INFO - Setting next_dagrun for BuildELT_CTAS to 2024-11-10 02:45:00+00:00, run_after=2024-11-11 02:45:00+00:00
[2024-11-11T23:56:55.536+0000] {processor.py:183} INFO - Processing /opt/airflow/dags/build_elt_with_ctas.py took 0.166 seconds
[2024-11-11T23:57:25.896+0000] {processor.py:161} INFO - Started process (PID=1933) to work on /opt/airflow/dags/build_elt_with_ctas.py
[2024-11-11T23:57:25.897+0000] {processor.py:830} INFO - Processing file /opt/airflow/dags/build_elt_with_ctas.py for tasks to queue
[2024-11-11T23:57:25.901+0000] {logging_mixin.py:188} INFO - [2024-11-11T23:57:25.900+0000] {dagbag.py:545} INFO - Filling up the DagBag from /opt/airflow/dags/build_elt_with_ctas.py
[2024-11-11T23:57:25.938+0000] {processor.py:840} INFO - DAG(s) 'BuildELT_CTAS' retrieved from /opt/airflow/dags/build_elt_with_ctas.py
[2024-11-11T23:57:25.981+0000] {logging_mixin.py:188} INFO - [2024-11-11T23:57:25.981+0000] {dag.py:3096} INFO - Sync 1 DAGs
[2024-11-11T23:57:26.018+0000] {logging_mixin.py:188} INFO - [2024-11-11T23:57:26.017+0000] {dag.py:3954} INFO - Setting next_dagrun for BuildELT_CTAS to 2024-11-10 02:45:00+00:00, run_after=2024-11-11 02:45:00+00:00
[2024-11-11T23:57:26.053+0000] {processor.py:183} INFO - Processing /opt/airflow/dags/build_elt_with_ctas.py took 0.164 seconds
[2024-11-11T23:57:56.409+0000] {processor.py:161} INFO - Started process (PID=1954) to work on /opt/airflow/dags/build_elt_with_ctas.py
[2024-11-11T23:57:56.411+0000] {processor.py:830} INFO - Processing file /opt/airflow/dags/build_elt_with_ctas.py for tasks to queue
[2024-11-11T23:57:56.413+0000] {logging_mixin.py:188} INFO - [2024-11-11T23:57:56.413+0000] {dagbag.py:545} INFO - Filling up the DagBag from /opt/airflow/dags/build_elt_with_ctas.py
[2024-11-11T23:57:56.453+0000] {processor.py:840} INFO - DAG(s) 'BuildELT_CTAS' retrieved from /opt/airflow/dags/build_elt_with_ctas.py
[2024-11-11T23:57:56.489+0000] {logging_mixin.py:188} INFO - [2024-11-11T23:57:56.489+0000] {dag.py:3096} INFO - Sync 1 DAGs
[2024-11-11T23:57:56.516+0000] {logging_mixin.py:188} INFO - [2024-11-11T23:57:56.516+0000] {dag.py:3954} INFO - Setting next_dagrun for BuildELT_CTAS to 2024-11-10 02:45:00+00:00, run_after=2024-11-11 02:45:00+00:00
[2024-11-11T23:57:56.553+0000] {processor.py:183} INFO - Processing /opt/airflow/dags/build_elt_with_ctas.py took 0.150 seconds
[2024-11-11T23:58:26.816+0000] {processor.py:161} INFO - Started process (PID=1975) to work on /opt/airflow/dags/build_elt_with_ctas.py
[2024-11-11T23:58:26.819+0000] {processor.py:830} INFO - Processing file /opt/airflow/dags/build_elt_with_ctas.py for tasks to queue
[2024-11-11T23:58:26.824+0000] {logging_mixin.py:188} INFO - [2024-11-11T23:58:26.823+0000] {dagbag.py:545} INFO - Filling up the DagBag from /opt/airflow/dags/build_elt_with_ctas.py
[2024-11-11T23:58:26.880+0000] {processor.py:840} INFO - DAG(s) 'BuildELT_CTAS' retrieved from /opt/airflow/dags/build_elt_with_ctas.py
[2024-11-11T23:58:26.942+0000] {logging_mixin.py:188} INFO - [2024-11-11T23:58:26.942+0000] {dag.py:3096} INFO - Sync 1 DAGs
[2024-11-11T23:58:27.011+0000] {logging_mixin.py:188} INFO - [2024-11-11T23:58:27.010+0000] {dag.py:3954} INFO - Setting next_dagrun for BuildELT_CTAS to 2024-11-10 02:45:00+00:00, run_after=2024-11-11 02:45:00+00:00
[2024-11-11T23:58:27.070+0000] {processor.py:183} INFO - Processing /opt/airflow/dags/build_elt_with_ctas.py took 0.268 seconds
[2024-11-11T23:58:57.177+0000] {processor.py:161} INFO - Started process (PID=1996) to work on /opt/airflow/dags/build_elt_with_ctas.py
[2024-11-11T23:58:57.179+0000] {processor.py:830} INFO - Processing file /opt/airflow/dags/build_elt_with_ctas.py for tasks to queue
[2024-11-11T23:58:57.183+0000] {logging_mixin.py:188} INFO - [2024-11-11T23:58:57.182+0000] {dagbag.py:545} INFO - Filling up the DagBag from /opt/airflow/dags/build_elt_with_ctas.py
[2024-11-11T23:58:57.231+0000] {processor.py:840} INFO - DAG(s) 'BuildELT_CTAS' retrieved from /opt/airflow/dags/build_elt_with_ctas.py
[2024-11-11T23:58:57.289+0000] {logging_mixin.py:188} INFO - [2024-11-11T23:58:57.289+0000] {dag.py:3096} INFO - Sync 1 DAGs
[2024-11-11T23:58:57.361+0000] {logging_mixin.py:188} INFO - [2024-11-11T23:58:57.361+0000] {dag.py:3954} INFO - Setting next_dagrun for BuildELT_CTAS to 2024-11-10 02:45:00+00:00, run_after=2024-11-11 02:45:00+00:00
[2024-11-11T23:58:57.421+0000] {processor.py:183} INFO - Processing /opt/airflow/dags/build_elt_with_ctas.py took 0.257 seconds
[2024-11-11T23:59:27.665+0000] {processor.py:161} INFO - Started process (PID=2015) to work on /opt/airflow/dags/build_elt_with_ctas.py
[2024-11-11T23:59:27.666+0000] {processor.py:830} INFO - Processing file /opt/airflow/dags/build_elt_with_ctas.py for tasks to queue
[2024-11-11T23:59:27.669+0000] {logging_mixin.py:188} INFO - [2024-11-11T23:59:27.669+0000] {dagbag.py:545} INFO - Filling up the DagBag from /opt/airflow/dags/build_elt_with_ctas.py
[2024-11-11T23:59:27.708+0000] {processor.py:840} INFO - DAG(s) 'BuildELT_CTAS' retrieved from /opt/airflow/dags/build_elt_with_ctas.py
[2024-11-11T23:59:27.775+0000] {logging_mixin.py:188} INFO - [2024-11-11T23:59:27.775+0000] {dag.py:3096} INFO - Sync 1 DAGs
[2024-11-11T23:59:27.856+0000] {logging_mixin.py:188} INFO - [2024-11-11T23:59:27.855+0000] {dag.py:3954} INFO - Setting next_dagrun for BuildELT_CTAS to 2024-11-10 02:45:00+00:00, run_after=2024-11-11 02:45:00+00:00
[2024-11-11T23:59:27.901+0000] {processor.py:183} INFO - Processing /opt/airflow/dags/build_elt_with_ctas.py took 0.245 seconds
[2024-11-11T23:59:58.335+0000] {processor.py:161} INFO - Started process (PID=2036) to work on /opt/airflow/dags/build_elt_with_ctas.py
[2024-11-11T23:59:58.336+0000] {processor.py:830} INFO - Processing file /opt/airflow/dags/build_elt_with_ctas.py for tasks to queue
[2024-11-11T23:59:58.339+0000] {logging_mixin.py:188} INFO - [2024-11-11T23:59:58.339+0000] {dagbag.py:545} INFO - Filling up the DagBag from /opt/airflow/dags/build_elt_with_ctas.py
[2024-11-11T23:59:58.372+0000] {processor.py:840} INFO - DAG(s) 'BuildELT_CTAS' retrieved from /opt/airflow/dags/build_elt_with_ctas.py
[2024-11-11T23:59:58.410+0000] {logging_mixin.py:188} INFO - [2024-11-11T23:59:58.409+0000] {dag.py:3096} INFO - Sync 1 DAGs
[2024-11-11T23:59:58.441+0000] {logging_mixin.py:188} INFO - [2024-11-11T23:59:58.441+0000] {dag.py:3954} INFO - Setting next_dagrun for BuildELT_CTAS to 2024-11-10 02:45:00+00:00, run_after=2024-11-11 02:45:00+00:00
[2024-11-11T23:59:58.474+0000] {processor.py:183} INFO - Processing /opt/airflow/dags/build_elt_with_ctas.py took 0.147 seconds
