[2024-11-11T23:15:00.517+0000] {processor.py:161} INFO - Started process (PID=248) to work on /opt/airflow/dags/SnowflakeTableCreation.py
[2024-11-11T23:15:00.524+0000] {processor.py:830} INFO - Processing file /opt/airflow/dags/SnowflakeTableCreation.py for tasks to queue
[2024-11-11T23:15:00.577+0000] {logging_mixin.py:188} INFO - [2024-11-11T23:15:00.574+0000] {dagbag.py:545} INFO - Filling up the DagBag from /opt/airflow/dags/SnowflakeTableCreation.py
[2024-11-11T23:15:01.141+0000] {processor.py:840} INFO - DAG(s) 'SnowflakeTableCreation' retrieved from /opt/airflow/dags/SnowflakeTableCreation.py
[2024-11-11T23:15:01.887+0000] {logging_mixin.py:188} INFO - [2024-11-11T23:15:01.886+0000] {dag.py:3096} INFO - Sync 1 DAGs
[2024-11-11T23:15:02.200+0000] {logging_mixin.py:188} INFO - [2024-11-11T23:15:02.199+0000] {dag.py:3954} INFO - Setting next_dagrun for SnowflakeTableCreation to 2024-11-11 06:00:00+00:00, run_after=2024-11-12 06:00:00+00:00
[2024-11-11T23:15:02.601+0000] {processor.py:183} INFO - Processing /opt/airflow/dags/SnowflakeTableCreation.py took 2.163 seconds
[2024-11-11T23:17:24.146+0000] {processor.py:161} INFO - Started process (PID=265) to work on /opt/airflow/dags/SnowflakeTableCreation.py
[2024-11-11T23:17:24.226+0000] {processor.py:830} INFO - Processing file /opt/airflow/dags/SnowflakeTableCreation.py for tasks to queue
[2024-11-11T23:17:24.291+0000] {logging_mixin.py:188} INFO - [2024-11-11T23:17:24.252+0000] {dagbag.py:545} INFO - Filling up the DagBag from /opt/airflow/dags/SnowflakeTableCreation.py
[2024-11-11T23:17:25.445+0000] {processor.py:840} INFO - DAG(s) 'SnowflakeTableCreation' retrieved from /opt/airflow/dags/SnowflakeTableCreation.py
[2024-11-11T23:17:25.938+0000] {logging_mixin.py:188} INFO - [2024-11-11T23:17:25.937+0000] {dag.py:3096} INFO - Sync 1 DAGs
[2024-11-11T23:17:26.296+0000] {logging_mixin.py:188} INFO - [2024-11-11T23:17:26.296+0000] {dag.py:3954} INFO - Setting next_dagrun for SnowflakeTableCreation to 2024-11-11 06:00:00+00:00, run_after=2024-11-12 06:00:00+00:00
[2024-11-11T23:17:26.544+0000] {processor.py:183} INFO - Processing /opt/airflow/dags/SnowflakeTableCreation.py took 2.582 seconds
[2024-11-11T23:17:57.464+0000] {processor.py:161} INFO - Started process (PID=295) to work on /opt/airflow/dags/SnowflakeTableCreation.py
[2024-11-11T23:17:57.469+0000] {processor.py:830} INFO - Processing file /opt/airflow/dags/SnowflakeTableCreation.py for tasks to queue
[2024-11-11T23:17:57.504+0000] {logging_mixin.py:188} INFO - [2024-11-11T23:17:57.494+0000] {dagbag.py:545} INFO - Filling up the DagBag from /opt/airflow/dags/SnowflakeTableCreation.py
[2024-11-11T23:17:57.850+0000] {processor.py:840} INFO - DAG(s) 'SnowflakeTableCreation' retrieved from /opt/airflow/dags/SnowflakeTableCreation.py
[2024-11-11T23:17:58.077+0000] {logging_mixin.py:188} INFO - [2024-11-11T23:17:58.077+0000] {dag.py:3096} INFO - Sync 1 DAGs
[2024-11-11T23:17:58.286+0000] {logging_mixin.py:188} INFO - [2024-11-11T23:17:58.286+0000] {dag.py:3954} INFO - Setting next_dagrun for SnowflakeTableCreation to 2024-11-11 06:00:00+00:00, run_after=2024-11-12 06:00:00+00:00
[2024-11-11T23:17:58.433+0000] {processor.py:183} INFO - Processing /opt/airflow/dags/SnowflakeTableCreation.py took 0.993 seconds
[2024-11-11T23:18:28.961+0000] {processor.py:161} INFO - Started process (PID=325) to work on /opt/airflow/dags/SnowflakeTableCreation.py
[2024-11-11T23:18:28.964+0000] {processor.py:830} INFO - Processing file /opt/airflow/dags/SnowflakeTableCreation.py for tasks to queue
[2024-11-11T23:18:28.969+0000] {logging_mixin.py:188} INFO - [2024-11-11T23:18:28.968+0000] {dagbag.py:545} INFO - Filling up the DagBag from /opt/airflow/dags/SnowflakeTableCreation.py
[2024-11-11T23:18:29.020+0000] {processor.py:840} INFO - DAG(s) 'SnowflakeTableCreation' retrieved from /opt/airflow/dags/SnowflakeTableCreation.py
[2024-11-11T23:18:29.094+0000] {logging_mixin.py:188} INFO - [2024-11-11T23:18:29.093+0000] {dag.py:3096} INFO - Sync 1 DAGs
[2024-11-11T23:18:29.145+0000] {logging_mixin.py:188} INFO - [2024-11-11T23:18:29.144+0000] {dag.py:3954} INFO - Setting next_dagrun for SnowflakeTableCreation to 2024-11-11 06:00:00+00:00, run_after=2024-11-12 06:00:00+00:00
[2024-11-11T23:18:29.242+0000] {processor.py:183} INFO - Processing /opt/airflow/dags/SnowflakeTableCreation.py took 0.292 seconds
[2024-11-11T23:18:59.770+0000] {processor.py:161} INFO - Started process (PID=346) to work on /opt/airflow/dags/SnowflakeTableCreation.py
[2024-11-11T23:18:59.771+0000] {processor.py:830} INFO - Processing file /opt/airflow/dags/SnowflakeTableCreation.py for tasks to queue
[2024-11-11T23:18:59.775+0000] {logging_mixin.py:188} INFO - [2024-11-11T23:18:59.774+0000] {dagbag.py:545} INFO - Filling up the DagBag from /opt/airflow/dags/SnowflakeTableCreation.py
[2024-11-11T23:18:59.829+0000] {processor.py:840} INFO - DAG(s) 'SnowflakeTableCreation' retrieved from /opt/airflow/dags/SnowflakeTableCreation.py
[2024-11-11T23:18:59.894+0000] {logging_mixin.py:188} INFO - [2024-11-11T23:18:59.894+0000] {dag.py:3096} INFO - Sync 1 DAGs
[2024-11-11T23:18:59.951+0000] {logging_mixin.py:188} INFO - [2024-11-11T23:18:59.950+0000] {dag.py:3954} INFO - Setting next_dagrun for SnowflakeTableCreation to 2024-11-11 06:00:00+00:00, run_after=2024-11-12 06:00:00+00:00
[2024-11-11T23:19:00.005+0000] {processor.py:183} INFO - Processing /opt/airflow/dags/SnowflakeTableCreation.py took 0.247 seconds
[2024-11-11T23:19:30.436+0000] {processor.py:161} INFO - Started process (PID=367) to work on /opt/airflow/dags/SnowflakeTableCreation.py
[2024-11-11T23:19:30.438+0000] {processor.py:830} INFO - Processing file /opt/airflow/dags/SnowflakeTableCreation.py for tasks to queue
[2024-11-11T23:19:30.442+0000] {logging_mixin.py:188} INFO - [2024-11-11T23:19:30.441+0000] {dagbag.py:545} INFO - Filling up the DagBag from /opt/airflow/dags/SnowflakeTableCreation.py
[2024-11-11T23:19:30.480+0000] {processor.py:840} INFO - DAG(s) 'SnowflakeTableCreation' retrieved from /opt/airflow/dags/SnowflakeTableCreation.py
[2024-11-11T23:19:30.517+0000] {logging_mixin.py:188} INFO - [2024-11-11T23:19:30.516+0000] {dag.py:3096} INFO - Sync 1 DAGs
[2024-11-11T23:19:30.551+0000] {logging_mixin.py:188} INFO - [2024-11-11T23:19:30.551+0000] {dag.py:3954} INFO - Setting next_dagrun for SnowflakeTableCreation to 2024-11-11 06:00:00+00:00, run_after=2024-11-12 06:00:00+00:00
[2024-11-11T23:19:30.590+0000] {processor.py:183} INFO - Processing /opt/airflow/dags/SnowflakeTableCreation.py took 0.164 seconds
[2024-11-11T23:20:01.129+0000] {processor.py:161} INFO - Started process (PID=388) to work on /opt/airflow/dags/SnowflakeTableCreation.py
[2024-11-11T23:20:01.131+0000] {processor.py:830} INFO - Processing file /opt/airflow/dags/SnowflakeTableCreation.py for tasks to queue
[2024-11-11T23:20:01.135+0000] {logging_mixin.py:188} INFO - [2024-11-11T23:20:01.134+0000] {dagbag.py:545} INFO - Filling up the DagBag from /opt/airflow/dags/SnowflakeTableCreation.py
[2024-11-11T23:20:01.162+0000] {processor.py:840} INFO - DAG(s) 'SnowflakeTableCreation' retrieved from /opt/airflow/dags/SnowflakeTableCreation.py
[2024-11-11T23:20:01.195+0000] {logging_mixin.py:188} INFO - [2024-11-11T23:20:01.195+0000] {dag.py:3096} INFO - Sync 1 DAGs
[2024-11-11T23:20:01.225+0000] {logging_mixin.py:188} INFO - [2024-11-11T23:20:01.225+0000] {dag.py:3954} INFO - Setting next_dagrun for SnowflakeTableCreation to 2024-11-11 06:00:00+00:00, run_after=2024-11-12 06:00:00+00:00
[2024-11-11T23:20:01.261+0000] {processor.py:183} INFO - Processing /opt/airflow/dags/SnowflakeTableCreation.py took 0.138 seconds
[2024-11-11T23:20:31.614+0000] {processor.py:161} INFO - Started process (PID=409) to work on /opt/airflow/dags/SnowflakeTableCreation.py
[2024-11-11T23:20:31.616+0000] {processor.py:830} INFO - Processing file /opt/airflow/dags/SnowflakeTableCreation.py for tasks to queue
[2024-11-11T23:20:31.622+0000] {logging_mixin.py:188} INFO - [2024-11-11T23:20:31.621+0000] {dagbag.py:545} INFO - Filling up the DagBag from /opt/airflow/dags/SnowflakeTableCreation.py
[2024-11-11T23:20:31.660+0000] {processor.py:840} INFO - DAG(s) 'SnowflakeTableCreation' retrieved from /opt/airflow/dags/SnowflakeTableCreation.py
[2024-11-11T23:20:31.706+0000] {logging_mixin.py:188} INFO - [2024-11-11T23:20:31.706+0000] {dag.py:3096} INFO - Sync 1 DAGs
[2024-11-11T23:20:31.746+0000] {logging_mixin.py:188} INFO - [2024-11-11T23:20:31.745+0000] {dag.py:3954} INFO - Setting next_dagrun for SnowflakeTableCreation to 2024-11-11 06:00:00+00:00, run_after=2024-11-12 06:00:00+00:00
[2024-11-11T23:20:31.785+0000] {processor.py:183} INFO - Processing /opt/airflow/dags/SnowflakeTableCreation.py took 0.179 seconds
[2024-11-11T23:21:02.237+0000] {processor.py:161} INFO - Started process (PID=430) to work on /opt/airflow/dags/SnowflakeTableCreation.py
[2024-11-11T23:21:02.239+0000] {processor.py:830} INFO - Processing file /opt/airflow/dags/SnowflakeTableCreation.py for tasks to queue
[2024-11-11T23:21:02.244+0000] {logging_mixin.py:188} INFO - [2024-11-11T23:21:02.243+0000] {dagbag.py:545} INFO - Filling up the DagBag from /opt/airflow/dags/SnowflakeTableCreation.py
[2024-11-11T23:21:02.284+0000] {processor.py:840} INFO - DAG(s) 'SnowflakeTableCreation' retrieved from /opt/airflow/dags/SnowflakeTableCreation.py
[2024-11-11T23:21:02.334+0000] {logging_mixin.py:188} INFO - [2024-11-11T23:21:02.334+0000] {dag.py:3096} INFO - Sync 1 DAGs
[2024-11-11T23:21:02.380+0000] {logging_mixin.py:188} INFO - [2024-11-11T23:21:02.380+0000] {dag.py:3954} INFO - Setting next_dagrun for SnowflakeTableCreation to 2024-11-11 06:00:00+00:00, run_after=2024-11-12 06:00:00+00:00
[2024-11-11T23:21:02.422+0000] {processor.py:183} INFO - Processing /opt/airflow/dags/SnowflakeTableCreation.py took 0.199 seconds
[2024-11-11T23:21:32.872+0000] {processor.py:161} INFO - Started process (PID=451) to work on /opt/airflow/dags/SnowflakeTableCreation.py
[2024-11-11T23:21:32.874+0000] {processor.py:830} INFO - Processing file /opt/airflow/dags/SnowflakeTableCreation.py for tasks to queue
[2024-11-11T23:21:32.879+0000] {logging_mixin.py:188} INFO - [2024-11-11T23:21:32.878+0000] {dagbag.py:545} INFO - Filling up the DagBag from /opt/airflow/dags/SnowflakeTableCreation.py
[2024-11-11T23:21:32.931+0000] {processor.py:840} INFO - DAG(s) 'SnowflakeTableCreation' retrieved from /opt/airflow/dags/SnowflakeTableCreation.py
[2024-11-11T23:21:32.975+0000] {logging_mixin.py:188} INFO - [2024-11-11T23:21:32.974+0000] {dag.py:3096} INFO - Sync 1 DAGs
[2024-11-11T23:21:33.022+0000] {logging_mixin.py:188} INFO - [2024-11-11T23:21:33.021+0000] {dag.py:3954} INFO - Setting next_dagrun for SnowflakeTableCreation to 2024-11-11 06:00:00+00:00, run_after=2024-11-12 06:00:00+00:00
[2024-11-11T23:21:33.064+0000] {processor.py:183} INFO - Processing /opt/airflow/dags/SnowflakeTableCreation.py took 0.204 seconds
[2024-11-11T23:22:03.478+0000] {processor.py:161} INFO - Started process (PID=472) to work on /opt/airflow/dags/SnowflakeTableCreation.py
[2024-11-11T23:22:03.480+0000] {processor.py:830} INFO - Processing file /opt/airflow/dags/SnowflakeTableCreation.py for tasks to queue
[2024-11-11T23:22:03.483+0000] {logging_mixin.py:188} INFO - [2024-11-11T23:22:03.483+0000] {dagbag.py:545} INFO - Filling up the DagBag from /opt/airflow/dags/SnowflakeTableCreation.py
[2024-11-11T23:22:03.521+0000] {processor.py:840} INFO - DAG(s) 'SnowflakeTableCreation' retrieved from /opt/airflow/dags/SnowflakeTableCreation.py
[2024-11-11T23:22:03.559+0000] {logging_mixin.py:188} INFO - [2024-11-11T23:22:03.558+0000] {dag.py:3096} INFO - Sync 1 DAGs
[2024-11-11T23:22:03.595+0000] {logging_mixin.py:188} INFO - [2024-11-11T23:22:03.595+0000] {dag.py:3954} INFO - Setting next_dagrun for SnowflakeTableCreation to 2024-11-11 06:00:00+00:00, run_after=2024-11-12 06:00:00+00:00
[2024-11-11T23:22:03.631+0000] {processor.py:183} INFO - Processing /opt/airflow/dags/SnowflakeTableCreation.py took 0.161 seconds
[2024-11-11T23:22:34.048+0000] {processor.py:161} INFO - Started process (PID=493) to work on /opt/airflow/dags/SnowflakeTableCreation.py
[2024-11-11T23:22:34.050+0000] {processor.py:830} INFO - Processing file /opt/airflow/dags/SnowflakeTableCreation.py for tasks to queue
[2024-11-11T23:22:34.053+0000] {logging_mixin.py:188} INFO - [2024-11-11T23:22:34.052+0000] {dagbag.py:545} INFO - Filling up the DagBag from /opt/airflow/dags/SnowflakeTableCreation.py
[2024-11-11T23:22:34.087+0000] {processor.py:840} INFO - DAG(s) 'SnowflakeTableCreation' retrieved from /opt/airflow/dags/SnowflakeTableCreation.py
[2024-11-11T23:22:34.134+0000] {logging_mixin.py:188} INFO - [2024-11-11T23:22:34.133+0000] {dag.py:3096} INFO - Sync 1 DAGs
[2024-11-11T23:22:34.179+0000] {logging_mixin.py:188} INFO - [2024-11-11T23:22:34.178+0000] {dag.py:3954} INFO - Setting next_dagrun for SnowflakeTableCreation to 2024-11-11 06:00:00+00:00, run_after=2024-11-12 06:00:00+00:00
[2024-11-11T23:22:34.223+0000] {processor.py:183} INFO - Processing /opt/airflow/dags/SnowflakeTableCreation.py took 0.184 seconds
[2024-11-11T23:23:04.665+0000] {processor.py:161} INFO - Started process (PID=514) to work on /opt/airflow/dags/SnowflakeTableCreation.py
[2024-11-11T23:23:04.667+0000] {processor.py:830} INFO - Processing file /opt/airflow/dags/SnowflakeTableCreation.py for tasks to queue
[2024-11-11T23:23:04.671+0000] {logging_mixin.py:188} INFO - [2024-11-11T23:23:04.671+0000] {dagbag.py:545} INFO - Filling up the DagBag from /opt/airflow/dags/SnowflakeTableCreation.py
[2024-11-11T23:23:04.714+0000] {processor.py:840} INFO - DAG(s) 'SnowflakeTableCreation' retrieved from /opt/airflow/dags/SnowflakeTableCreation.py
[2024-11-11T23:23:04.759+0000] {logging_mixin.py:188} INFO - [2024-11-11T23:23:04.759+0000] {dag.py:3096} INFO - Sync 1 DAGs
[2024-11-11T23:23:04.804+0000] {logging_mixin.py:188} INFO - [2024-11-11T23:23:04.804+0000] {dag.py:3954} INFO - Setting next_dagrun for SnowflakeTableCreation to 2024-11-11 06:00:00+00:00, run_after=2024-11-12 06:00:00+00:00
[2024-11-11T23:23:04.846+0000] {processor.py:183} INFO - Processing /opt/airflow/dags/SnowflakeTableCreation.py took 0.191 seconds
[2024-11-11T23:23:35.277+0000] {processor.py:161} INFO - Started process (PID=535) to work on /opt/airflow/dags/SnowflakeTableCreation.py
[2024-11-11T23:23:35.279+0000] {processor.py:830} INFO - Processing file /opt/airflow/dags/SnowflakeTableCreation.py for tasks to queue
[2024-11-11T23:23:35.282+0000] {logging_mixin.py:188} INFO - [2024-11-11T23:23:35.281+0000] {dagbag.py:545} INFO - Filling up the DagBag from /opt/airflow/dags/SnowflakeTableCreation.py
[2024-11-11T23:23:35.314+0000] {processor.py:840} INFO - DAG(s) 'SnowflakeTableCreation' retrieved from /opt/airflow/dags/SnowflakeTableCreation.py
[2024-11-11T23:23:35.348+0000] {logging_mixin.py:188} INFO - [2024-11-11T23:23:35.348+0000] {dag.py:3096} INFO - Sync 1 DAGs
[2024-11-11T23:23:35.379+0000] {logging_mixin.py:188} INFO - [2024-11-11T23:23:35.379+0000] {dag.py:3954} INFO - Setting next_dagrun for SnowflakeTableCreation to 2024-11-11 06:00:00+00:00, run_after=2024-11-12 06:00:00+00:00
[2024-11-11T23:23:35.416+0000] {processor.py:183} INFO - Processing /opt/airflow/dags/SnowflakeTableCreation.py took 0.148 seconds
[2024-11-11T23:24:05.798+0000] {processor.py:161} INFO - Started process (PID=556) to work on /opt/airflow/dags/SnowflakeTableCreation.py
[2024-11-11T23:24:05.800+0000] {processor.py:830} INFO - Processing file /opt/airflow/dags/SnowflakeTableCreation.py for tasks to queue
[2024-11-11T23:24:05.804+0000] {logging_mixin.py:188} INFO - [2024-11-11T23:24:05.803+0000] {dagbag.py:545} INFO - Filling up the DagBag from /opt/airflow/dags/SnowflakeTableCreation.py
[2024-11-11T23:24:05.843+0000] {processor.py:840} INFO - DAG(s) 'SnowflakeTableCreation' retrieved from /opt/airflow/dags/SnowflakeTableCreation.py
[2024-11-11T23:24:05.880+0000] {logging_mixin.py:188} INFO - [2024-11-11T23:24:05.879+0000] {dag.py:3096} INFO - Sync 1 DAGs
[2024-11-11T23:24:05.911+0000] {logging_mixin.py:188} INFO - [2024-11-11T23:24:05.910+0000] {dag.py:3954} INFO - Setting next_dagrun for SnowflakeTableCreation to 2024-11-11 06:00:00+00:00, run_after=2024-11-12 06:00:00+00:00
[2024-11-11T23:24:05.946+0000] {processor.py:183} INFO - Processing /opt/airflow/dags/SnowflakeTableCreation.py took 0.156 seconds
[2024-11-11T23:24:36.356+0000] {processor.py:161} INFO - Started process (PID=577) to work on /opt/airflow/dags/SnowflakeTableCreation.py
[2024-11-11T23:24:36.359+0000] {processor.py:830} INFO - Processing file /opt/airflow/dags/SnowflakeTableCreation.py for tasks to queue
[2024-11-11T23:24:36.364+0000] {logging_mixin.py:188} INFO - [2024-11-11T23:24:36.363+0000] {dagbag.py:545} INFO - Filling up the DagBag from /opt/airflow/dags/SnowflakeTableCreation.py
[2024-11-11T23:24:36.408+0000] {processor.py:840} INFO - DAG(s) 'SnowflakeTableCreation' retrieved from /opt/airflow/dags/SnowflakeTableCreation.py
[2024-11-11T23:24:36.455+0000] {logging_mixin.py:188} INFO - [2024-11-11T23:24:36.454+0000] {dag.py:3096} INFO - Sync 1 DAGs
[2024-11-11T23:24:36.499+0000] {logging_mixin.py:188} INFO - [2024-11-11T23:24:36.498+0000] {dag.py:3954} INFO - Setting next_dagrun for SnowflakeTableCreation to 2024-11-11 06:00:00+00:00, run_after=2024-11-12 06:00:00+00:00
[2024-11-11T23:24:36.537+0000] {processor.py:183} INFO - Processing /opt/airflow/dags/SnowflakeTableCreation.py took 0.195 seconds
[2024-11-11T23:25:06.987+0000] {processor.py:161} INFO - Started process (PID=598) to work on /opt/airflow/dags/SnowflakeTableCreation.py
[2024-11-11T23:25:07.007+0000] {processor.py:830} INFO - Processing file /opt/airflow/dags/SnowflakeTableCreation.py for tasks to queue
[2024-11-11T23:25:07.012+0000] {logging_mixin.py:188} INFO - [2024-11-11T23:25:07.011+0000] {dagbag.py:545} INFO - Filling up the DagBag from /opt/airflow/dags/SnowflakeTableCreation.py
[2024-11-11T23:25:07.109+0000] {processor.py:840} INFO - DAG(s) 'SnowflakeTableCreation' retrieved from /opt/airflow/dags/SnowflakeTableCreation.py
[2024-11-11T23:25:07.186+0000] {logging_mixin.py:188} INFO - [2024-11-11T23:25:07.185+0000] {dag.py:3096} INFO - Sync 1 DAGs
[2024-11-11T23:25:07.248+0000] {logging_mixin.py:188} INFO - [2024-11-11T23:25:07.248+0000] {dag.py:3954} INFO - Setting next_dagrun for SnowflakeTableCreation to 2024-11-11 06:00:00+00:00, run_after=2024-11-12 06:00:00+00:00
[2024-11-11T23:25:07.308+0000] {processor.py:183} INFO - Processing /opt/airflow/dags/SnowflakeTableCreation.py took 0.333 seconds
[2024-11-11T23:25:37.464+0000] {processor.py:161} INFO - Started process (PID=619) to work on /opt/airflow/dags/SnowflakeTableCreation.py
[2024-11-11T23:25:37.470+0000] {processor.py:830} INFO - Processing file /opt/airflow/dags/SnowflakeTableCreation.py for tasks to queue
[2024-11-11T23:25:37.473+0000] {logging_mixin.py:188} INFO - [2024-11-11T23:25:37.473+0000] {dagbag.py:545} INFO - Filling up the DagBag from /opt/airflow/dags/SnowflakeTableCreation.py
[2024-11-11T23:25:37.519+0000] {processor.py:840} INFO - DAG(s) 'SnowflakeTableCreation' retrieved from /opt/airflow/dags/SnowflakeTableCreation.py
[2024-11-11T23:25:37.573+0000] {logging_mixin.py:188} INFO - [2024-11-11T23:25:37.572+0000] {dag.py:3096} INFO - Sync 1 DAGs
[2024-11-11T23:25:37.614+0000] {logging_mixin.py:188} INFO - [2024-11-11T23:25:37.614+0000] {dag.py:3954} INFO - Setting next_dagrun for SnowflakeTableCreation to 2024-11-11 06:00:00+00:00, run_after=2024-11-12 06:00:00+00:00
[2024-11-11T23:25:37.655+0000] {processor.py:183} INFO - Processing /opt/airflow/dags/SnowflakeTableCreation.py took 0.202 seconds
[2024-11-11T23:26:08.054+0000] {processor.py:161} INFO - Started process (PID=640) to work on /opt/airflow/dags/SnowflakeTableCreation.py
[2024-11-11T23:26:08.056+0000] {processor.py:830} INFO - Processing file /opt/airflow/dags/SnowflakeTableCreation.py for tasks to queue
[2024-11-11T23:26:08.060+0000] {logging_mixin.py:188} INFO - [2024-11-11T23:26:08.059+0000] {dagbag.py:545} INFO - Filling up the DagBag from /opt/airflow/dags/SnowflakeTableCreation.py
[2024-11-11T23:26:08.088+0000] {processor.py:840} INFO - DAG(s) 'SnowflakeTableCreation' retrieved from /opt/airflow/dags/SnowflakeTableCreation.py
[2024-11-11T23:26:08.124+0000] {logging_mixin.py:188} INFO - [2024-11-11T23:26:08.124+0000] {dag.py:3096} INFO - Sync 1 DAGs
[2024-11-11T23:26:08.164+0000] {logging_mixin.py:188} INFO - [2024-11-11T23:26:08.164+0000] {dag.py:3954} INFO - Setting next_dagrun for SnowflakeTableCreation to 2024-11-11 06:00:00+00:00, run_after=2024-11-12 06:00:00+00:00
[2024-11-11T23:26:08.210+0000] {processor.py:183} INFO - Processing /opt/airflow/dags/SnowflakeTableCreation.py took 0.165 seconds
[2024-11-11T23:26:38.635+0000] {processor.py:161} INFO - Started process (PID=662) to work on /opt/airflow/dags/SnowflakeTableCreation.py
[2024-11-11T23:26:38.636+0000] {processor.py:830} INFO - Processing file /opt/airflow/dags/SnowflakeTableCreation.py for tasks to queue
[2024-11-11T23:26:38.639+0000] {logging_mixin.py:188} INFO - [2024-11-11T23:26:38.638+0000] {dagbag.py:545} INFO - Filling up the DagBag from /opt/airflow/dags/SnowflakeTableCreation.py
[2024-11-11T23:26:38.667+0000] {processor.py:840} INFO - DAG(s) 'SnowflakeTableCreation' retrieved from /opt/airflow/dags/SnowflakeTableCreation.py
[2024-11-11T23:26:38.700+0000] {logging_mixin.py:188} INFO - [2024-11-11T23:26:38.699+0000] {dag.py:3096} INFO - Sync 1 DAGs
[2024-11-11T23:26:38.734+0000] {logging_mixin.py:188} INFO - [2024-11-11T23:26:38.733+0000] {dag.py:3954} INFO - Setting next_dagrun for SnowflakeTableCreation to 2024-11-11 06:00:00+00:00, run_after=2024-11-12 06:00:00+00:00
[2024-11-11T23:26:38.770+0000] {processor.py:183} INFO - Processing /opt/airflow/dags/SnowflakeTableCreation.py took 0.143 seconds
[2024-11-11T23:27:09.197+0000] {processor.py:161} INFO - Started process (PID=683) to work on /opt/airflow/dags/SnowflakeTableCreation.py
[2024-11-11T23:27:09.198+0000] {processor.py:830} INFO - Processing file /opt/airflow/dags/SnowflakeTableCreation.py for tasks to queue
[2024-11-11T23:27:09.200+0000] {logging_mixin.py:188} INFO - [2024-11-11T23:27:09.200+0000] {dagbag.py:545} INFO - Filling up the DagBag from /opt/airflow/dags/SnowflakeTableCreation.py
[2024-11-11T23:27:09.228+0000] {processor.py:840} INFO - DAG(s) 'SnowflakeTableCreation' retrieved from /opt/airflow/dags/SnowflakeTableCreation.py
[2024-11-11T23:27:09.261+0000] {logging_mixin.py:188} INFO - [2024-11-11T23:27:09.261+0000] {dag.py:3096} INFO - Sync 1 DAGs
[2024-11-11T23:27:09.292+0000] {logging_mixin.py:188} INFO - [2024-11-11T23:27:09.292+0000] {dag.py:3954} INFO - Setting next_dagrun for SnowflakeTableCreation to 2024-11-11 06:00:00+00:00, run_after=2024-11-12 06:00:00+00:00
[2024-11-11T23:27:09.328+0000] {processor.py:183} INFO - Processing /opt/airflow/dags/SnowflakeTableCreation.py took 0.138 seconds
[2024-11-11T23:27:39.730+0000] {processor.py:161} INFO - Started process (PID=704) to work on /opt/airflow/dags/SnowflakeTableCreation.py
[2024-11-11T23:27:39.731+0000] {processor.py:830} INFO - Processing file /opt/airflow/dags/SnowflakeTableCreation.py for tasks to queue
[2024-11-11T23:27:39.734+0000] {logging_mixin.py:188} INFO - [2024-11-11T23:27:39.734+0000] {dagbag.py:545} INFO - Filling up the DagBag from /opt/airflow/dags/SnowflakeTableCreation.py
[2024-11-11T23:27:39.762+0000] {processor.py:840} INFO - DAG(s) 'SnowflakeTableCreation' retrieved from /opt/airflow/dags/SnowflakeTableCreation.py
[2024-11-11T23:27:39.798+0000] {logging_mixin.py:188} INFO - [2024-11-11T23:27:39.798+0000] {dag.py:3096} INFO - Sync 1 DAGs
[2024-11-11T23:27:39.832+0000] {logging_mixin.py:188} INFO - [2024-11-11T23:27:39.831+0000] {dag.py:3954} INFO - Setting next_dagrun for SnowflakeTableCreation to 2024-11-11 06:00:00+00:00, run_after=2024-11-12 06:00:00+00:00
[2024-11-11T23:27:39.866+0000] {processor.py:183} INFO - Processing /opt/airflow/dags/SnowflakeTableCreation.py took 0.144 seconds
[2024-11-11T23:28:10.300+0000] {processor.py:161} INFO - Started process (PID=724) to work on /opt/airflow/dags/SnowflakeTableCreation.py
[2024-11-11T23:28:10.303+0000] {processor.py:830} INFO - Processing file /opt/airflow/dags/SnowflakeTableCreation.py for tasks to queue
[2024-11-11T23:28:10.307+0000] {logging_mixin.py:188} INFO - [2024-11-11T23:28:10.306+0000] {dagbag.py:545} INFO - Filling up the DagBag from /opt/airflow/dags/SnowflakeTableCreation.py
[2024-11-11T23:28:10.351+0000] {processor.py:840} INFO - DAG(s) 'SnowflakeTableCreation' retrieved from /opt/airflow/dags/SnowflakeTableCreation.py
[2024-11-11T23:28:10.398+0000] {logging_mixin.py:188} INFO - [2024-11-11T23:28:10.398+0000] {dag.py:3096} INFO - Sync 1 DAGs
[2024-11-11T23:28:10.433+0000] {logging_mixin.py:188} INFO - [2024-11-11T23:28:10.433+0000] {dag.py:3954} INFO - Setting next_dagrun for SnowflakeTableCreation to 2024-11-11 06:00:00+00:00, run_after=2024-11-12 06:00:00+00:00
[2024-11-11T23:28:10.473+0000] {processor.py:183} INFO - Processing /opt/airflow/dags/SnowflakeTableCreation.py took 0.185 seconds
[2024-11-11T23:28:40.908+0000] {processor.py:161} INFO - Started process (PID=745) to work on /opt/airflow/dags/SnowflakeTableCreation.py
[2024-11-11T23:28:40.910+0000] {processor.py:830} INFO - Processing file /opt/airflow/dags/SnowflakeTableCreation.py for tasks to queue
[2024-11-11T23:28:40.915+0000] {logging_mixin.py:188} INFO - [2024-11-11T23:28:40.915+0000] {dagbag.py:545} INFO - Filling up the DagBag from /opt/airflow/dags/SnowflakeTableCreation.py
[2024-11-11T23:28:40.959+0000] {processor.py:840} INFO - DAG(s) 'SnowflakeTableCreation' retrieved from /opt/airflow/dags/SnowflakeTableCreation.py
[2024-11-11T23:28:40.998+0000] {logging_mixin.py:188} INFO - [2024-11-11T23:28:40.998+0000] {dag.py:3096} INFO - Sync 1 DAGs
[2024-11-11T23:28:41.029+0000] {logging_mixin.py:188} INFO - [2024-11-11T23:28:41.028+0000] {dag.py:3954} INFO - Setting next_dagrun for SnowflakeTableCreation to 2024-11-11 06:00:00+00:00, run_after=2024-11-12 06:00:00+00:00
[2024-11-11T23:28:41.063+0000] {processor.py:183} INFO - Processing /opt/airflow/dags/SnowflakeTableCreation.py took 0.167 seconds
[2024-11-11T23:29:11.475+0000] {processor.py:161} INFO - Started process (PID=766) to work on /opt/airflow/dags/SnowflakeTableCreation.py
[2024-11-11T23:29:11.477+0000] {processor.py:830} INFO - Processing file /opt/airflow/dags/SnowflakeTableCreation.py for tasks to queue
[2024-11-11T23:29:11.480+0000] {logging_mixin.py:188} INFO - [2024-11-11T23:29:11.479+0000] {dagbag.py:545} INFO - Filling up the DagBag from /opt/airflow/dags/SnowflakeTableCreation.py
[2024-11-11T23:29:11.525+0000] {processor.py:840} INFO - DAG(s) 'SnowflakeTableCreation' retrieved from /opt/airflow/dags/SnowflakeTableCreation.py
[2024-11-11T23:29:11.569+0000] {logging_mixin.py:188} INFO - [2024-11-11T23:29:11.568+0000] {dag.py:3096} INFO - Sync 1 DAGs
[2024-11-11T23:29:11.607+0000] {logging_mixin.py:188} INFO - [2024-11-11T23:29:11.606+0000] {dag.py:3954} INFO - Setting next_dagrun for SnowflakeTableCreation to 2024-11-11 06:00:00+00:00, run_after=2024-11-12 06:00:00+00:00
[2024-11-11T23:29:11.644+0000] {processor.py:183} INFO - Processing /opt/airflow/dags/SnowflakeTableCreation.py took 0.180 seconds
[2024-11-11T23:29:42.110+0000] {processor.py:161} INFO - Started process (PID=787) to work on /opt/airflow/dags/SnowflakeTableCreation.py
[2024-11-11T23:29:42.112+0000] {processor.py:830} INFO - Processing file /opt/airflow/dags/SnowflakeTableCreation.py for tasks to queue
[2024-11-11T23:29:42.118+0000] {logging_mixin.py:188} INFO - [2024-11-11T23:29:42.117+0000] {dagbag.py:545} INFO - Filling up the DagBag from /opt/airflow/dags/SnowflakeTableCreation.py
[2024-11-11T23:29:42.164+0000] {processor.py:840} INFO - DAG(s) 'SnowflakeTableCreation' retrieved from /opt/airflow/dags/SnowflakeTableCreation.py
[2024-11-11T23:29:42.216+0000] {logging_mixin.py:188} INFO - [2024-11-11T23:29:42.216+0000] {dag.py:3096} INFO - Sync 1 DAGs
[2024-11-11T23:29:42.269+0000] {logging_mixin.py:188} INFO - [2024-11-11T23:29:42.269+0000] {dag.py:3954} INFO - Setting next_dagrun for SnowflakeTableCreation to 2024-11-11 06:00:00+00:00, run_after=2024-11-12 06:00:00+00:00
[2024-11-11T23:29:42.325+0000] {processor.py:183} INFO - Processing /opt/airflow/dags/SnowflakeTableCreation.py took 0.226 seconds
[2024-11-11T23:30:12.815+0000] {processor.py:161} INFO - Started process (PID=808) to work on /opt/airflow/dags/SnowflakeTableCreation.py
[2024-11-11T23:30:12.817+0000] {processor.py:830} INFO - Processing file /opt/airflow/dags/SnowflakeTableCreation.py for tasks to queue
[2024-11-11T23:30:12.820+0000] {logging_mixin.py:188} INFO - [2024-11-11T23:30:12.820+0000] {dagbag.py:545} INFO - Filling up the DagBag from /opt/airflow/dags/SnowflakeTableCreation.py
[2024-11-11T23:30:12.855+0000] {processor.py:840} INFO - DAG(s) 'SnowflakeTableCreation' retrieved from /opt/airflow/dags/SnowflakeTableCreation.py
[2024-11-11T23:30:12.896+0000] {logging_mixin.py:188} INFO - [2024-11-11T23:30:12.896+0000] {dag.py:3096} INFO - Sync 1 DAGs
[2024-11-11T23:30:12.937+0000] {logging_mixin.py:188} INFO - [2024-11-11T23:30:12.937+0000] {dag.py:3954} INFO - Setting next_dagrun for SnowflakeTableCreation to 2024-11-11 06:00:00+00:00, run_after=2024-11-12 06:00:00+00:00
[2024-11-11T23:30:12.977+0000] {processor.py:183} INFO - Processing /opt/airflow/dags/SnowflakeTableCreation.py took 0.171 seconds
[2024-11-11T23:30:43.198+0000] {processor.py:161} INFO - Started process (PID=830) to work on /opt/airflow/dags/SnowflakeTableCreation.py
[2024-11-11T23:30:43.201+0000] {processor.py:830} INFO - Processing file /opt/airflow/dags/SnowflakeTableCreation.py for tasks to queue
[2024-11-11T23:30:43.205+0000] {logging_mixin.py:188} INFO - [2024-11-11T23:30:43.204+0000] {dagbag.py:545} INFO - Filling up the DagBag from /opt/airflow/dags/SnowflakeTableCreation.py
[2024-11-11T23:30:43.293+0000] {processor.py:840} INFO - DAG(s) 'SnowflakeTableCreation' retrieved from /opt/airflow/dags/SnowflakeTableCreation.py
[2024-11-11T23:30:43.339+0000] {logging_mixin.py:188} INFO - [2024-11-11T23:30:43.338+0000] {dag.py:3096} INFO - Sync 1 DAGs
[2024-11-11T23:30:43.412+0000] {logging_mixin.py:188} INFO - [2024-11-11T23:30:43.412+0000] {dag.py:3954} INFO - Setting next_dagrun for SnowflakeTableCreation to 2024-11-11 06:00:00+00:00, run_after=2024-11-12 06:00:00+00:00
[2024-11-11T23:30:43.475+0000] {processor.py:183} INFO - Processing /opt/airflow/dags/SnowflakeTableCreation.py took 0.292 seconds
[2024-11-11T23:31:13.913+0000] {processor.py:161} INFO - Started process (PID=851) to work on /opt/airflow/dags/SnowflakeTableCreation.py
[2024-11-11T23:31:13.915+0000] {processor.py:830} INFO - Processing file /opt/airflow/dags/SnowflakeTableCreation.py for tasks to queue
[2024-11-11T23:31:13.919+0000] {logging_mixin.py:188} INFO - [2024-11-11T23:31:13.918+0000] {dagbag.py:545} INFO - Filling up the DagBag from /opt/airflow/dags/SnowflakeTableCreation.py
[2024-11-11T23:31:13.956+0000] {processor.py:840} INFO - DAG(s) 'SnowflakeTableCreation' retrieved from /opt/airflow/dags/SnowflakeTableCreation.py
[2024-11-11T23:31:14.001+0000] {logging_mixin.py:188} INFO - [2024-11-11T23:31:14.000+0000] {dag.py:3096} INFO - Sync 1 DAGs
[2024-11-11T23:31:14.046+0000] {logging_mixin.py:188} INFO - [2024-11-11T23:31:14.046+0000] {dag.py:3954} INFO - Setting next_dagrun for SnowflakeTableCreation to 2024-11-11 06:00:00+00:00, run_after=2024-11-12 06:00:00+00:00
[2024-11-11T23:31:14.104+0000] {processor.py:183} INFO - Processing /opt/airflow/dags/SnowflakeTableCreation.py took 0.201 seconds
[2024-11-11T23:31:44.545+0000] {processor.py:161} INFO - Started process (PID=872) to work on /opt/airflow/dags/SnowflakeTableCreation.py
[2024-11-11T23:31:44.546+0000] {processor.py:830} INFO - Processing file /opt/airflow/dags/SnowflakeTableCreation.py for tasks to queue
[2024-11-11T23:31:44.550+0000] {logging_mixin.py:188} INFO - [2024-11-11T23:31:44.549+0000] {dagbag.py:545} INFO - Filling up the DagBag from /opt/airflow/dags/SnowflakeTableCreation.py
[2024-11-11T23:31:44.593+0000] {processor.py:840} INFO - DAG(s) 'SnowflakeTableCreation' retrieved from /opt/airflow/dags/SnowflakeTableCreation.py
[2024-11-11T23:31:44.649+0000] {logging_mixin.py:188} INFO - [2024-11-11T23:31:44.649+0000] {dag.py:3096} INFO - Sync 1 DAGs
[2024-11-11T23:31:44.702+0000] {logging_mixin.py:188} INFO - [2024-11-11T23:31:44.701+0000] {dag.py:3954} INFO - Setting next_dagrun for SnowflakeTableCreation to 2024-11-11 06:00:00+00:00, run_after=2024-11-12 06:00:00+00:00
[2024-11-11T23:31:44.746+0000] {processor.py:183} INFO - Processing /opt/airflow/dags/SnowflakeTableCreation.py took 0.212 seconds
[2024-11-11T23:32:15.112+0000] {processor.py:161} INFO - Started process (PID=893) to work on /opt/airflow/dags/SnowflakeTableCreation.py
[2024-11-11T23:32:15.115+0000] {processor.py:830} INFO - Processing file /opt/airflow/dags/SnowflakeTableCreation.py for tasks to queue
[2024-11-11T23:32:15.118+0000] {logging_mixin.py:188} INFO - [2024-11-11T23:32:15.117+0000] {dagbag.py:545} INFO - Filling up the DagBag from /opt/airflow/dags/SnowflakeTableCreation.py
[2024-11-11T23:32:15.153+0000] {processor.py:840} INFO - DAG(s) 'SnowflakeTableCreation' retrieved from /opt/airflow/dags/SnowflakeTableCreation.py
[2024-11-11T23:32:15.187+0000] {logging_mixin.py:188} INFO - [2024-11-11T23:32:15.187+0000] {dag.py:3096} INFO - Sync 1 DAGs
[2024-11-11T23:32:15.218+0000] {logging_mixin.py:188} INFO - [2024-11-11T23:32:15.218+0000] {dag.py:3954} INFO - Setting next_dagrun for SnowflakeTableCreation to 2024-11-11 06:00:00+00:00, run_after=2024-11-12 06:00:00+00:00
[2024-11-11T23:32:15.250+0000] {processor.py:183} INFO - Processing /opt/airflow/dags/SnowflakeTableCreation.py took 0.145 seconds
[2024-11-11T23:32:45.626+0000] {processor.py:161} INFO - Started process (PID=915) to work on /opt/airflow/dags/SnowflakeTableCreation.py
[2024-11-11T23:32:45.627+0000] {processor.py:830} INFO - Processing file /opt/airflow/dags/SnowflakeTableCreation.py for tasks to queue
[2024-11-11T23:32:45.631+0000] {logging_mixin.py:188} INFO - [2024-11-11T23:32:45.630+0000] {dagbag.py:545} INFO - Filling up the DagBag from /opt/airflow/dags/SnowflakeTableCreation.py
[2024-11-11T23:32:45.671+0000] {processor.py:840} INFO - DAG(s) 'SnowflakeTableCreation' retrieved from /opt/airflow/dags/SnowflakeTableCreation.py
[2024-11-11T23:32:45.717+0000] {logging_mixin.py:188} INFO - [2024-11-11T23:32:45.717+0000] {dag.py:3096} INFO - Sync 1 DAGs
[2024-11-11T23:32:45.757+0000] {logging_mixin.py:188} INFO - [2024-11-11T23:32:45.757+0000] {dag.py:3954} INFO - Setting next_dagrun for SnowflakeTableCreation to 2024-11-11 06:00:00+00:00, run_after=2024-11-12 06:00:00+00:00
[2024-11-11T23:32:45.796+0000] {processor.py:183} INFO - Processing /opt/airflow/dags/SnowflakeTableCreation.py took 0.179 seconds
[2024-11-11T23:33:16.262+0000] {processor.py:161} INFO - Started process (PID=936) to work on /opt/airflow/dags/SnowflakeTableCreation.py
[2024-11-11T23:33:16.264+0000] {processor.py:830} INFO - Processing file /opt/airflow/dags/SnowflakeTableCreation.py for tasks to queue
[2024-11-11T23:33:16.269+0000] {logging_mixin.py:188} INFO - [2024-11-11T23:33:16.268+0000] {dagbag.py:545} INFO - Filling up the DagBag from /opt/airflow/dags/SnowflakeTableCreation.py
[2024-11-11T23:33:16.313+0000] {processor.py:840} INFO - DAG(s) 'SnowflakeTableCreation' retrieved from /opt/airflow/dags/SnowflakeTableCreation.py
[2024-11-11T23:33:16.359+0000] {logging_mixin.py:188} INFO - [2024-11-11T23:33:16.358+0000] {dag.py:3096} INFO - Sync 1 DAGs
[2024-11-11T23:33:16.405+0000] {logging_mixin.py:188} INFO - [2024-11-11T23:33:16.404+0000] {dag.py:3954} INFO - Setting next_dagrun for SnowflakeTableCreation to 2024-11-11 06:00:00+00:00, run_after=2024-11-12 06:00:00+00:00
[2024-11-11T23:33:16.567+0000] {processor.py:183} INFO - Processing /opt/airflow/dags/SnowflakeTableCreation.py took 0.320 seconds
[2024-11-11T23:33:46.958+0000] {processor.py:161} INFO - Started process (PID=963) to work on /opt/airflow/dags/SnowflakeTableCreation.py
[2024-11-11T23:33:46.960+0000] {processor.py:830} INFO - Processing file /opt/airflow/dags/SnowflakeTableCreation.py for tasks to queue
[2024-11-11T23:33:46.964+0000] {logging_mixin.py:188} INFO - [2024-11-11T23:33:46.964+0000] {dagbag.py:545} INFO - Filling up the DagBag from /opt/airflow/dags/SnowflakeTableCreation.py
[2024-11-11T23:33:47.001+0000] {processor.py:840} INFO - DAG(s) 'SnowflakeTableCreation' retrieved from /opt/airflow/dags/SnowflakeTableCreation.py
[2024-11-11T23:33:47.060+0000] {logging_mixin.py:188} INFO - [2024-11-11T23:33:47.059+0000] {dag.py:3096} INFO - Sync 1 DAGs
[2024-11-11T23:33:47.117+0000] {logging_mixin.py:188} INFO - [2024-11-11T23:33:47.117+0000] {dag.py:3954} INFO - Setting next_dagrun for SnowflakeTableCreation to 2024-11-11 06:00:00+00:00, run_after=2024-11-12 06:00:00+00:00
[2024-11-11T23:33:47.188+0000] {processor.py:183} INFO - Processing /opt/airflow/dags/SnowflakeTableCreation.py took 0.239 seconds
[2024-11-11T23:34:17.792+0000] {processor.py:161} INFO - Started process (PID=984) to work on /opt/airflow/dags/SnowflakeTableCreation.py
[2024-11-11T23:34:17.795+0000] {processor.py:830} INFO - Processing file /opt/airflow/dags/SnowflakeTableCreation.py for tasks to queue
[2024-11-11T23:34:17.804+0000] {logging_mixin.py:188} INFO - [2024-11-11T23:34:17.803+0000] {dagbag.py:545} INFO - Filling up the DagBag from /opt/airflow/dags/SnowflakeTableCreation.py
[2024-11-11T23:34:17.886+0000] {processor.py:840} INFO - DAG(s) 'SnowflakeTableCreation' retrieved from /opt/airflow/dags/SnowflakeTableCreation.py
[2024-11-11T23:34:17.976+0000] {logging_mixin.py:188} INFO - [2024-11-11T23:34:17.975+0000] {dag.py:3096} INFO - Sync 1 DAGs
[2024-11-11T23:34:18.054+0000] {logging_mixin.py:188} INFO - [2024-11-11T23:34:18.053+0000] {dag.py:3954} INFO - Setting next_dagrun for SnowflakeTableCreation to 2024-11-11 06:00:00+00:00, run_after=2024-11-12 06:00:00+00:00
[2024-11-11T23:34:18.174+0000] {processor.py:183} INFO - Processing /opt/airflow/dags/SnowflakeTableCreation.py took 0.399 seconds
[2024-11-11T23:34:49.309+0000] {processor.py:161} INFO - Started process (PID=1005) to work on /opt/airflow/dags/SnowflakeTableCreation.py
[2024-11-11T23:34:49.312+0000] {processor.py:830} INFO - Processing file /opt/airflow/dags/SnowflakeTableCreation.py for tasks to queue
[2024-11-11T23:34:49.349+0000] {logging_mixin.py:188} INFO - [2024-11-11T23:34:49.348+0000] {dagbag.py:545} INFO - Filling up the DagBag from /opt/airflow/dags/SnowflakeTableCreation.py
[2024-11-11T23:34:49.725+0000] {processor.py:840} INFO - DAG(s) 'SnowflakeTableCreation' retrieved from /opt/airflow/dags/SnowflakeTableCreation.py
[2024-11-11T23:34:49.899+0000] {logging_mixin.py:188} INFO - [2024-11-11T23:34:49.898+0000] {dag.py:3096} INFO - Sync 1 DAGs
[2024-11-11T23:34:50.048+0000] {logging_mixin.py:188} INFO - [2024-11-11T23:34:50.047+0000] {dag.py:3954} INFO - Setting next_dagrun for SnowflakeTableCreation to 2024-11-11 06:00:00+00:00, run_after=2024-11-12 06:00:00+00:00
[2024-11-11T23:34:50.152+0000] {processor.py:183} INFO - Processing /opt/airflow/dags/SnowflakeTableCreation.py took 0.885 seconds
[2024-11-11T23:35:20.562+0000] {processor.py:161} INFO - Started process (PID=1028) to work on /opt/airflow/dags/SnowflakeTableCreation.py
[2024-11-11T23:35:20.565+0000] {processor.py:830} INFO - Processing file /opt/airflow/dags/SnowflakeTableCreation.py for tasks to queue
[2024-11-11T23:35:20.572+0000] {logging_mixin.py:188} INFO - [2024-11-11T23:35:20.571+0000] {dagbag.py:545} INFO - Filling up the DagBag from /opt/airflow/dags/SnowflakeTableCreation.py
[2024-11-11T23:35:20.628+0000] {processor.py:840} INFO - DAG(s) 'SnowflakeTableCreation' retrieved from /opt/airflow/dags/SnowflakeTableCreation.py
[2024-11-11T23:35:20.685+0000] {logging_mixin.py:188} INFO - [2024-11-11T23:35:20.684+0000] {dag.py:3096} INFO - Sync 1 DAGs
[2024-11-11T23:35:20.764+0000] {logging_mixin.py:188} INFO - [2024-11-11T23:35:20.763+0000] {dag.py:3954} INFO - Setting next_dagrun for SnowflakeTableCreation to 2024-11-11 06:00:00+00:00, run_after=2024-11-12 06:00:00+00:00
[2024-11-11T23:35:20.856+0000] {processor.py:183} INFO - Processing /opt/airflow/dags/SnowflakeTableCreation.py took 0.309 seconds
[2024-11-11T23:35:51.185+0000] {processor.py:161} INFO - Started process (PID=1049) to work on /opt/airflow/dags/SnowflakeTableCreation.py
[2024-11-11T23:35:51.188+0000] {processor.py:830} INFO - Processing file /opt/airflow/dags/SnowflakeTableCreation.py for tasks to queue
[2024-11-11T23:35:51.193+0000] {logging_mixin.py:188} INFO - [2024-11-11T23:35:51.192+0000] {dagbag.py:545} INFO - Filling up the DagBag from /opt/airflow/dags/SnowflakeTableCreation.py
[2024-11-11T23:35:51.252+0000] {processor.py:840} INFO - DAG(s) 'SnowflakeTableCreation' retrieved from /opt/airflow/dags/SnowflakeTableCreation.py
[2024-11-11T23:35:51.309+0000] {logging_mixin.py:188} INFO - [2024-11-11T23:35:51.309+0000] {dag.py:3096} INFO - Sync 1 DAGs
[2024-11-11T23:35:51.380+0000] {logging_mixin.py:188} INFO - [2024-11-11T23:35:51.379+0000] {dag.py:3954} INFO - Setting next_dagrun for SnowflakeTableCreation to 2024-11-11 06:00:00+00:00, run_after=2024-11-12 06:00:00+00:00
[2024-11-11T23:35:51.431+0000] {processor.py:183} INFO - Processing /opt/airflow/dags/SnowflakeTableCreation.py took 0.257 seconds
[2024-11-11T23:36:21.872+0000] {processor.py:161} INFO - Started process (PID=1068) to work on /opt/airflow/dags/SnowflakeTableCreation.py
[2024-11-11T23:36:21.884+0000] {processor.py:830} INFO - Processing file /opt/airflow/dags/SnowflakeTableCreation.py for tasks to queue
[2024-11-11T23:36:21.900+0000] {logging_mixin.py:188} INFO - [2024-11-11T23:36:21.899+0000] {dagbag.py:545} INFO - Filling up the DagBag from /opt/airflow/dags/SnowflakeTableCreation.py
[2024-11-11T23:36:21.998+0000] {processor.py:840} INFO - DAG(s) 'SnowflakeTableCreation' retrieved from /opt/airflow/dags/SnowflakeTableCreation.py
[2024-11-11T23:36:22.070+0000] {logging_mixin.py:188} INFO - [2024-11-11T23:36:22.070+0000] {dag.py:3096} INFO - Sync 1 DAGs
[2024-11-11T23:36:22.154+0000] {logging_mixin.py:188} INFO - [2024-11-11T23:36:22.153+0000] {dag.py:3954} INFO - Setting next_dagrun for SnowflakeTableCreation to 2024-11-11 06:00:00+00:00, run_after=2024-11-12 06:00:00+00:00
[2024-11-11T23:36:22.207+0000] {processor.py:183} INFO - Processing /opt/airflow/dags/SnowflakeTableCreation.py took 0.371 seconds
[2024-11-11T23:36:52.623+0000] {processor.py:161} INFO - Started process (PID=1089) to work on /opt/airflow/dags/SnowflakeTableCreation.py
[2024-11-11T23:36:52.627+0000] {processor.py:830} INFO - Processing file /opt/airflow/dags/SnowflakeTableCreation.py for tasks to queue
[2024-11-11T23:36:52.639+0000] {logging_mixin.py:188} INFO - [2024-11-11T23:36:52.637+0000] {dagbag.py:545} INFO - Filling up the DagBag from /opt/airflow/dags/SnowflakeTableCreation.py
[2024-11-11T23:36:52.771+0000] {processor.py:840} INFO - DAG(s) 'SnowflakeTableCreation' retrieved from /opt/airflow/dags/SnowflakeTableCreation.py
[2024-11-11T23:36:52.887+0000] {logging_mixin.py:188} INFO - [2024-11-11T23:36:52.886+0000] {dag.py:3096} INFO - Sync 1 DAGs
[2024-11-11T23:36:52.999+0000] {logging_mixin.py:188} INFO - [2024-11-11T23:36:52.998+0000] {dag.py:3954} INFO - Setting next_dagrun for SnowflakeTableCreation to 2024-11-11 06:00:00+00:00, run_after=2024-11-12 06:00:00+00:00
[2024-11-11T23:36:53.091+0000] {processor.py:183} INFO - Processing /opt/airflow/dags/SnowflakeTableCreation.py took 0.494 seconds
[2024-11-11T23:37:23.562+0000] {processor.py:161} INFO - Started process (PID=1111) to work on /opt/airflow/dags/SnowflakeTableCreation.py
[2024-11-11T23:37:23.565+0000] {processor.py:830} INFO - Processing file /opt/airflow/dags/SnowflakeTableCreation.py for tasks to queue
[2024-11-11T23:37:23.579+0000] {logging_mixin.py:188} INFO - [2024-11-11T23:37:23.578+0000] {dagbag.py:545} INFO - Filling up the DagBag from /opt/airflow/dags/SnowflakeTableCreation.py
[2024-11-11T23:37:23.707+0000] {processor.py:840} INFO - DAG(s) 'SnowflakeTableCreation' retrieved from /opt/airflow/dags/SnowflakeTableCreation.py
[2024-11-11T23:37:23.850+0000] {logging_mixin.py:188} INFO - [2024-11-11T23:37:23.844+0000] {dag.py:3096} INFO - Sync 1 DAGs
[2024-11-11T23:37:23.981+0000] {logging_mixin.py:188} INFO - [2024-11-11T23:37:23.980+0000] {dag.py:3954} INFO - Setting next_dagrun for SnowflakeTableCreation to 2024-11-11 06:00:00+00:00, run_after=2024-11-12 06:00:00+00:00
[2024-11-11T23:37:24.068+0000] {processor.py:183} INFO - Processing /opt/airflow/dags/SnowflakeTableCreation.py took 0.542 seconds
[2024-11-11T23:37:54.899+0000] {processor.py:161} INFO - Started process (PID=1133) to work on /opt/airflow/dags/SnowflakeTableCreation.py
[2024-11-11T23:37:54.902+0000] {processor.py:830} INFO - Processing file /opt/airflow/dags/SnowflakeTableCreation.py for tasks to queue
[2024-11-11T23:37:54.910+0000] {logging_mixin.py:188} INFO - [2024-11-11T23:37:54.909+0000] {dagbag.py:545} INFO - Filling up the DagBag from /opt/airflow/dags/SnowflakeTableCreation.py
[2024-11-11T23:37:55.017+0000] {processor.py:840} INFO - DAG(s) 'SnowflakeTableCreation' retrieved from /opt/airflow/dags/SnowflakeTableCreation.py
[2024-11-11T23:37:55.107+0000] {logging_mixin.py:188} INFO - [2024-11-11T23:37:55.107+0000] {dag.py:3096} INFO - Sync 1 DAGs
[2024-11-11T23:37:55.171+0000] {logging_mixin.py:188} INFO - [2024-11-11T23:37:55.170+0000] {dag.py:3954} INFO - Setting next_dagrun for SnowflakeTableCreation to 2024-11-11 06:00:00+00:00, run_after=2024-11-12 06:00:00+00:00
[2024-11-11T23:37:55.234+0000] {processor.py:183} INFO - Processing /opt/airflow/dags/SnowflakeTableCreation.py took 0.356 seconds
[2024-11-11T23:38:25.970+0000] {processor.py:161} INFO - Started process (PID=1154) to work on /opt/airflow/dags/SnowflakeTableCreation.py
[2024-11-11T23:38:25.983+0000] {processor.py:830} INFO - Processing file /opt/airflow/dags/SnowflakeTableCreation.py for tasks to queue
[2024-11-11T23:38:25.988+0000] {logging_mixin.py:188} INFO - [2024-11-11T23:38:25.987+0000] {dagbag.py:545} INFO - Filling up the DagBag from /opt/airflow/dags/SnowflakeTableCreation.py
[2024-11-11T23:38:26.080+0000] {processor.py:840} INFO - DAG(s) 'SnowflakeTableCreation' retrieved from /opt/airflow/dags/SnowflakeTableCreation.py
[2024-11-11T23:38:26.196+0000] {logging_mixin.py:188} INFO - [2024-11-11T23:38:26.195+0000] {dag.py:3096} INFO - Sync 1 DAGs
[2024-11-11T23:38:26.323+0000] {logging_mixin.py:188} INFO - [2024-11-11T23:38:26.316+0000] {dag.py:3954} INFO - Setting next_dagrun for SnowflakeTableCreation to 2024-11-11 06:00:00+00:00, run_after=2024-11-12 06:00:00+00:00
[2024-11-11T23:38:26.420+0000] {processor.py:183} INFO - Processing /opt/airflow/dags/SnowflakeTableCreation.py took 0.472 seconds
[2024-11-11T23:38:56.930+0000] {processor.py:161} INFO - Started process (PID=1175) to work on /opt/airflow/dags/SnowflakeTableCreation.py
[2024-11-11T23:38:56.931+0000] {processor.py:830} INFO - Processing file /opt/airflow/dags/SnowflakeTableCreation.py for tasks to queue
[2024-11-11T23:38:56.934+0000] {logging_mixin.py:188} INFO - [2024-11-11T23:38:56.934+0000] {dagbag.py:545} INFO - Filling up the DagBag from /opt/airflow/dags/SnowflakeTableCreation.py
[2024-11-11T23:38:56.961+0000] {processor.py:840} INFO - DAG(s) 'SnowflakeTableCreation' retrieved from /opt/airflow/dags/SnowflakeTableCreation.py
[2024-11-11T23:38:56.995+0000] {logging_mixin.py:188} INFO - [2024-11-11T23:38:56.994+0000] {dag.py:3096} INFO - Sync 1 DAGs
[2024-11-11T23:38:57.023+0000] {logging_mixin.py:188} INFO - [2024-11-11T23:38:57.022+0000] {dag.py:3954} INFO - Setting next_dagrun for SnowflakeTableCreation to 2024-11-11 06:00:00+00:00, run_after=2024-11-12 06:00:00+00:00
[2024-11-11T23:38:57.056+0000] {processor.py:183} INFO - Processing /opt/airflow/dags/SnowflakeTableCreation.py took 0.133 seconds
[2024-11-11T23:39:27.496+0000] {processor.py:161} INFO - Started process (PID=1196) to work on /opt/airflow/dags/SnowflakeTableCreation.py
[2024-11-11T23:39:27.497+0000] {processor.py:830} INFO - Processing file /opt/airflow/dags/SnowflakeTableCreation.py for tasks to queue
[2024-11-11T23:39:27.502+0000] {logging_mixin.py:188} INFO - [2024-11-11T23:39:27.500+0000] {dagbag.py:545} INFO - Filling up the DagBag from /opt/airflow/dags/SnowflakeTableCreation.py
[2024-11-11T23:39:27.541+0000] {processor.py:840} INFO - DAG(s) 'SnowflakeTableCreation' retrieved from /opt/airflow/dags/SnowflakeTableCreation.py
[2024-11-11T23:39:27.597+0000] {logging_mixin.py:188} INFO - [2024-11-11T23:39:27.597+0000] {dag.py:3096} INFO - Sync 1 DAGs
[2024-11-11T23:39:27.648+0000] {logging_mixin.py:188} INFO - [2024-11-11T23:39:27.647+0000] {dag.py:3954} INFO - Setting next_dagrun for SnowflakeTableCreation to 2024-11-11 06:00:00+00:00, run_after=2024-11-12 06:00:00+00:00
[2024-11-11T23:39:27.691+0000] {processor.py:183} INFO - Processing /opt/airflow/dags/SnowflakeTableCreation.py took 0.205 seconds
[2024-11-11T23:39:58.166+0000] {processor.py:161} INFO - Started process (PID=1217) to work on /opt/airflow/dags/SnowflakeTableCreation.py
[2024-11-11T23:39:58.168+0000] {processor.py:830} INFO - Processing file /opt/airflow/dags/SnowflakeTableCreation.py for tasks to queue
[2024-11-11T23:39:58.172+0000] {logging_mixin.py:188} INFO - [2024-11-11T23:39:58.171+0000] {dagbag.py:545} INFO - Filling up the DagBag from /opt/airflow/dags/SnowflakeTableCreation.py
[2024-11-11T23:39:58.210+0000] {processor.py:840} INFO - DAG(s) 'SnowflakeTableCreation' retrieved from /opt/airflow/dags/SnowflakeTableCreation.py
[2024-11-11T23:39:58.253+0000] {logging_mixin.py:188} INFO - [2024-11-11T23:39:58.253+0000] {dag.py:3096} INFO - Sync 1 DAGs
[2024-11-11T23:39:58.294+0000] {logging_mixin.py:188} INFO - [2024-11-11T23:39:58.294+0000] {dag.py:3954} INFO - Setting next_dagrun for SnowflakeTableCreation to 2024-11-11 06:00:00+00:00, run_after=2024-11-12 06:00:00+00:00
[2024-11-11T23:39:58.338+0000] {processor.py:183} INFO - Processing /opt/airflow/dags/SnowflakeTableCreation.py took 0.180 seconds
[2024-11-11T23:40:28.880+0000] {processor.py:161} INFO - Started process (PID=1239) to work on /opt/airflow/dags/SnowflakeTableCreation.py
[2024-11-11T23:40:28.882+0000] {processor.py:830} INFO - Processing file /opt/airflow/dags/SnowflakeTableCreation.py for tasks to queue
[2024-11-11T23:40:28.890+0000] {logging_mixin.py:188} INFO - [2024-11-11T23:40:28.889+0000] {dagbag.py:545} INFO - Filling up the DagBag from /opt/airflow/dags/SnowflakeTableCreation.py
[2024-11-11T23:40:28.961+0000] {processor.py:840} INFO - DAG(s) 'SnowflakeTableCreation' retrieved from /opt/airflow/dags/SnowflakeTableCreation.py
[2024-11-11T23:40:29.030+0000] {logging_mixin.py:188} INFO - [2024-11-11T23:40:29.030+0000] {dag.py:3096} INFO - Sync 1 DAGs
[2024-11-11T23:40:29.119+0000] {logging_mixin.py:188} INFO - [2024-11-11T23:40:29.117+0000] {dag.py:3954} INFO - Setting next_dagrun for SnowflakeTableCreation to 2024-11-11 06:00:00+00:00, run_after=2024-11-12 06:00:00+00:00
[2024-11-11T23:40:29.191+0000] {processor.py:183} INFO - Processing /opt/airflow/dags/SnowflakeTableCreation.py took 0.327 seconds
[2024-11-11T23:40:59.573+0000] {processor.py:161} INFO - Started process (PID=1260) to work on /opt/airflow/dags/SnowflakeTableCreation.py
[2024-11-11T23:40:59.574+0000] {processor.py:830} INFO - Processing file /opt/airflow/dags/SnowflakeTableCreation.py for tasks to queue
[2024-11-11T23:40:59.578+0000] {logging_mixin.py:188} INFO - [2024-11-11T23:40:59.577+0000] {dagbag.py:545} INFO - Filling up the DagBag from /opt/airflow/dags/SnowflakeTableCreation.py
[2024-11-11T23:40:59.619+0000] {processor.py:840} INFO - DAG(s) 'SnowflakeTableCreation' retrieved from /opt/airflow/dags/SnowflakeTableCreation.py
[2024-11-11T23:40:59.667+0000] {logging_mixin.py:188} INFO - [2024-11-11T23:40:59.666+0000] {dag.py:3096} INFO - Sync 1 DAGs
[2024-11-11T23:40:59.706+0000] {logging_mixin.py:188} INFO - [2024-11-11T23:40:59.705+0000] {dag.py:3954} INFO - Setting next_dagrun for SnowflakeTableCreation to 2024-11-11 06:00:00+00:00, run_after=2024-11-12 06:00:00+00:00
[2024-11-11T23:40:59.741+0000] {processor.py:183} INFO - Processing /opt/airflow/dags/SnowflakeTableCreation.py took 0.176 seconds
[2024-11-11T23:41:30.117+0000] {processor.py:161} INFO - Started process (PID=1281) to work on /opt/airflow/dags/SnowflakeTableCreation.py
[2024-11-11T23:41:30.120+0000] {processor.py:830} INFO - Processing file /opt/airflow/dags/SnowflakeTableCreation.py for tasks to queue
[2024-11-11T23:41:30.124+0000] {logging_mixin.py:188} INFO - [2024-11-11T23:41:30.123+0000] {dagbag.py:545} INFO - Filling up the DagBag from /opt/airflow/dags/SnowflakeTableCreation.py
[2024-11-11T23:41:30.300+0000] {processor.py:840} INFO - DAG(s) 'SnowflakeTableCreation' retrieved from /opt/airflow/dags/SnowflakeTableCreation.py
[2024-11-11T23:41:30.452+0000] {logging_mixin.py:188} INFO - [2024-11-11T23:41:30.451+0000] {dag.py:3096} INFO - Sync 1 DAGs
[2024-11-11T23:41:30.548+0000] {logging_mixin.py:188} INFO - [2024-11-11T23:41:30.548+0000] {dag.py:3954} INFO - Setting next_dagrun for SnowflakeTableCreation to 2024-11-11 06:00:00+00:00, run_after=2024-11-12 06:00:00+00:00
[2024-11-11T23:41:30.639+0000] {processor.py:183} INFO - Processing /opt/airflow/dags/SnowflakeTableCreation.py took 0.539 seconds
[2024-11-11T23:42:00.954+0000] {processor.py:161} INFO - Started process (PID=1302) to work on /opt/airflow/dags/SnowflakeTableCreation.py
[2024-11-11T23:42:00.956+0000] {processor.py:830} INFO - Processing file /opt/airflow/dags/SnowflakeTableCreation.py for tasks to queue
[2024-11-11T23:42:00.961+0000] {logging_mixin.py:188} INFO - [2024-11-11T23:42:00.960+0000] {dagbag.py:545} INFO - Filling up the DagBag from /opt/airflow/dags/SnowflakeTableCreation.py
[2024-11-11T23:42:01.011+0000] {processor.py:840} INFO - DAG(s) 'SnowflakeTableCreation' retrieved from /opt/airflow/dags/SnowflakeTableCreation.py
[2024-11-11T23:42:01.067+0000] {logging_mixin.py:188} INFO - [2024-11-11T23:42:01.067+0000] {dag.py:3096} INFO - Sync 1 DAGs
[2024-11-11T23:42:01.170+0000] {logging_mixin.py:188} INFO - [2024-11-11T23:42:01.170+0000] {dag.py:3954} INFO - Setting next_dagrun for SnowflakeTableCreation to 2024-11-11 06:00:00+00:00, run_after=2024-11-12 06:00:00+00:00
[2024-11-11T23:42:01.260+0000] {processor.py:183} INFO - Processing /opt/airflow/dags/SnowflakeTableCreation.py took 0.317 seconds
[2024-11-11T23:42:31.476+0000] {processor.py:161} INFO - Started process (PID=1324) to work on /opt/airflow/dags/SnowflakeTableCreation.py
[2024-11-11T23:42:31.478+0000] {processor.py:830} INFO - Processing file /opt/airflow/dags/SnowflakeTableCreation.py for tasks to queue
[2024-11-11T23:42:31.481+0000] {logging_mixin.py:188} INFO - [2024-11-11T23:42:31.481+0000] {dagbag.py:545} INFO - Filling up the DagBag from /opt/airflow/dags/SnowflakeTableCreation.py
[2024-11-11T23:42:31.525+0000] {processor.py:840} INFO - DAG(s) 'SnowflakeTableCreation' retrieved from /opt/airflow/dags/SnowflakeTableCreation.py
[2024-11-11T23:42:31.569+0000] {logging_mixin.py:188} INFO - [2024-11-11T23:42:31.569+0000] {dag.py:3096} INFO - Sync 1 DAGs
[2024-11-11T23:42:31.615+0000] {logging_mixin.py:188} INFO - [2024-11-11T23:42:31.615+0000] {dag.py:3954} INFO - Setting next_dagrun for SnowflakeTableCreation to 2024-11-11 06:00:00+00:00, run_after=2024-11-12 06:00:00+00:00
[2024-11-11T23:42:31.664+0000] {processor.py:183} INFO - Processing /opt/airflow/dags/SnowflakeTableCreation.py took 0.198 seconds
[2024-11-11T23:43:02.325+0000] {processor.py:161} INFO - Started process (PID=1345) to work on /opt/airflow/dags/SnowflakeTableCreation.py
[2024-11-11T23:43:02.336+0000] {processor.py:830} INFO - Processing file /opt/airflow/dags/SnowflakeTableCreation.py for tasks to queue
[2024-11-11T23:43:02.349+0000] {logging_mixin.py:188} INFO - [2024-11-11T23:43:02.348+0000] {dagbag.py:545} INFO - Filling up the DagBag from /opt/airflow/dags/SnowflakeTableCreation.py
[2024-11-11T23:43:02.536+0000] {processor.py:840} INFO - DAG(s) 'SnowflakeTableCreation' retrieved from /opt/airflow/dags/SnowflakeTableCreation.py
[2024-11-11T23:43:02.658+0000] {logging_mixin.py:188} INFO - [2024-11-11T23:43:02.658+0000] {dag.py:3096} INFO - Sync 1 DAGs
[2024-11-11T23:43:02.804+0000] {logging_mixin.py:188} INFO - [2024-11-11T23:43:02.803+0000] {dag.py:3954} INFO - Setting next_dagrun for SnowflakeTableCreation to 2024-11-11 06:00:00+00:00, run_after=2024-11-12 06:00:00+00:00
[2024-11-11T23:43:02.909+0000] {processor.py:183} INFO - Processing /opt/airflow/dags/SnowflakeTableCreation.py took 0.608 seconds
[2024-11-11T23:43:33.160+0000] {processor.py:161} INFO - Started process (PID=1365) to work on /opt/airflow/dags/SnowflakeTableCreation.py
[2024-11-11T23:43:33.163+0000] {processor.py:830} INFO - Processing file /opt/airflow/dags/SnowflakeTableCreation.py for tasks to queue
[2024-11-11T23:43:33.178+0000] {logging_mixin.py:188} INFO - [2024-11-11T23:43:33.177+0000] {dagbag.py:545} INFO - Filling up the DagBag from /opt/airflow/dags/SnowflakeTableCreation.py
[2024-11-11T23:43:33.266+0000] {processor.py:840} INFO - DAG(s) 'SnowflakeTableCreation' retrieved from /opt/airflow/dags/SnowflakeTableCreation.py
[2024-11-11T23:43:33.401+0000] {logging_mixin.py:188} INFO - [2024-11-11T23:43:33.400+0000] {dag.py:3096} INFO - Sync 1 DAGs
[2024-11-11T23:43:33.533+0000] {logging_mixin.py:188} INFO - [2024-11-11T23:43:33.533+0000] {dag.py:3954} INFO - Setting next_dagrun for SnowflakeTableCreation to 2024-11-11 06:00:00+00:00, run_after=2024-11-12 06:00:00+00:00
[2024-11-11T23:43:33.689+0000] {processor.py:183} INFO - Processing /opt/airflow/dags/SnowflakeTableCreation.py took 0.554 seconds
[2024-11-11T23:44:04.450+0000] {processor.py:161} INFO - Started process (PID=1388) to work on /opt/airflow/dags/SnowflakeTableCreation.py
[2024-11-11T23:44:04.451+0000] {processor.py:830} INFO - Processing file /opt/airflow/dags/SnowflakeTableCreation.py for tasks to queue
[2024-11-11T23:44:04.457+0000] {logging_mixin.py:188} INFO - [2024-11-11T23:44:04.456+0000] {dagbag.py:545} INFO - Filling up the DagBag from /opt/airflow/dags/SnowflakeTableCreation.py
[2024-11-11T23:44:04.490+0000] {processor.py:840} INFO - DAG(s) 'SnowflakeTableCreation' retrieved from /opt/airflow/dags/SnowflakeTableCreation.py
[2024-11-11T23:44:04.568+0000] {logging_mixin.py:188} INFO - [2024-11-11T23:44:04.567+0000] {dag.py:3096} INFO - Sync 1 DAGs
[2024-11-11T23:44:04.612+0000] {logging_mixin.py:188} INFO - [2024-11-11T23:44:04.612+0000] {dag.py:3954} INFO - Setting next_dagrun for SnowflakeTableCreation to 2024-11-11 06:00:00+00:00, run_after=2024-11-12 06:00:00+00:00
[2024-11-11T23:44:04.651+0000] {processor.py:183} INFO - Processing /opt/airflow/dags/SnowflakeTableCreation.py took 0.213 seconds
[2024-11-11T23:44:34.989+0000] {processor.py:161} INFO - Started process (PID=1409) to work on /opt/airflow/dags/SnowflakeTableCreation.py
[2024-11-11T23:44:34.991+0000] {processor.py:830} INFO - Processing file /opt/airflow/dags/SnowflakeTableCreation.py for tasks to queue
[2024-11-11T23:44:34.994+0000] {logging_mixin.py:188} INFO - [2024-11-11T23:44:34.993+0000] {dagbag.py:545} INFO - Filling up the DagBag from /opt/airflow/dags/SnowflakeTableCreation.py
[2024-11-11T23:44:35.042+0000] {processor.py:840} INFO - DAG(s) 'SnowflakeTableCreation' retrieved from /opt/airflow/dags/SnowflakeTableCreation.py
[2024-11-11T23:44:35.095+0000] {logging_mixin.py:188} INFO - [2024-11-11T23:44:35.094+0000] {dag.py:3096} INFO - Sync 1 DAGs
[2024-11-11T23:44:35.148+0000] {logging_mixin.py:188} INFO - [2024-11-11T23:44:35.148+0000] {dag.py:3954} INFO - Setting next_dagrun for SnowflakeTableCreation to 2024-11-11 06:00:00+00:00, run_after=2024-11-12 06:00:00+00:00
[2024-11-11T23:44:35.195+0000] {processor.py:183} INFO - Processing /opt/airflow/dags/SnowflakeTableCreation.py took 0.217 seconds
[2024-11-11T23:45:05.489+0000] {processor.py:161} INFO - Started process (PID=1430) to work on /opt/airflow/dags/SnowflakeTableCreation.py
[2024-11-11T23:45:05.491+0000] {processor.py:830} INFO - Processing file /opt/airflow/dags/SnowflakeTableCreation.py for tasks to queue
[2024-11-11T23:45:05.494+0000] {logging_mixin.py:188} INFO - [2024-11-11T23:45:05.493+0000] {dagbag.py:545} INFO - Filling up the DagBag from /opt/airflow/dags/SnowflakeTableCreation.py
[2024-11-11T23:45:05.547+0000] {processor.py:840} INFO - DAG(s) 'SnowflakeTableCreation' retrieved from /opt/airflow/dags/SnowflakeTableCreation.py
[2024-11-11T23:45:05.584+0000] {logging_mixin.py:188} INFO - [2024-11-11T23:45:05.584+0000] {dag.py:3096} INFO - Sync 1 DAGs
[2024-11-11T23:45:05.628+0000] {logging_mixin.py:188} INFO - [2024-11-11T23:45:05.628+0000] {dag.py:3954} INFO - Setting next_dagrun for SnowflakeTableCreation to 2024-11-11 06:00:00+00:00, run_after=2024-11-12 06:00:00+00:00
[2024-11-11T23:45:05.674+0000] {processor.py:183} INFO - Processing /opt/airflow/dags/SnowflakeTableCreation.py took 0.195 seconds
[2024-11-11T23:45:36.264+0000] {processor.py:161} INFO - Started process (PID=1449) to work on /opt/airflow/dags/SnowflakeTableCreation.py
[2024-11-11T23:45:36.269+0000] {processor.py:830} INFO - Processing file /opt/airflow/dags/SnowflakeTableCreation.py for tasks to queue
[2024-11-11T23:45:36.280+0000] {logging_mixin.py:188} INFO - [2024-11-11T23:45:36.279+0000] {dagbag.py:545} INFO - Filling up the DagBag from /opt/airflow/dags/SnowflakeTableCreation.py
[2024-11-11T23:45:36.428+0000] {processor.py:840} INFO - DAG(s) 'SnowflakeTableCreation' retrieved from /opt/airflow/dags/SnowflakeTableCreation.py
[2024-11-11T23:45:36.521+0000] {logging_mixin.py:188} INFO - [2024-11-11T23:45:36.521+0000] {dag.py:3096} INFO - Sync 1 DAGs
[2024-11-11T23:45:36.626+0000] {logging_mixin.py:188} INFO - [2024-11-11T23:45:36.625+0000] {dag.py:3954} INFO - Setting next_dagrun for SnowflakeTableCreation to 2024-11-11 06:00:00+00:00, run_after=2024-11-12 06:00:00+00:00
[2024-11-11T23:45:36.705+0000] {processor.py:183} INFO - Processing /opt/airflow/dags/SnowflakeTableCreation.py took 0.464 seconds
[2024-11-11T23:46:07.427+0000] {processor.py:161} INFO - Started process (PID=1470) to work on /opt/airflow/dags/SnowflakeTableCreation.py
[2024-11-11T23:46:07.430+0000] {processor.py:830} INFO - Processing file /opt/airflow/dags/SnowflakeTableCreation.py for tasks to queue
[2024-11-11T23:46:07.435+0000] {logging_mixin.py:188} INFO - [2024-11-11T23:46:07.434+0000] {dagbag.py:545} INFO - Filling up the DagBag from /opt/airflow/dags/SnowflakeTableCreation.py
[2024-11-11T23:46:07.502+0000] {processor.py:840} INFO - DAG(s) 'SnowflakeTableCreation' retrieved from /opt/airflow/dags/SnowflakeTableCreation.py
[2024-11-11T23:46:07.621+0000] {logging_mixin.py:188} INFO - [2024-11-11T23:46:07.621+0000] {dag.py:3096} INFO - Sync 1 DAGs
[2024-11-11T23:46:07.696+0000] {logging_mixin.py:188} INFO - [2024-11-11T23:46:07.695+0000] {dag.py:3954} INFO - Setting next_dagrun for SnowflakeTableCreation to 2024-11-11 06:00:00+00:00, run_after=2024-11-12 06:00:00+00:00
[2024-11-11T23:46:07.765+0000] {processor.py:183} INFO - Processing /opt/airflow/dags/SnowflakeTableCreation.py took 0.358 seconds
[2024-11-11T23:46:38.257+0000] {processor.py:161} INFO - Started process (PID=1491) to work on /opt/airflow/dags/SnowflakeTableCreation.py
[2024-11-11T23:46:38.273+0000] {processor.py:830} INFO - Processing file /opt/airflow/dags/SnowflakeTableCreation.py for tasks to queue
[2024-11-11T23:46:38.289+0000] {logging_mixin.py:188} INFO - [2024-11-11T23:46:38.288+0000] {dagbag.py:545} INFO - Filling up the DagBag from /opt/airflow/dags/SnowflakeTableCreation.py
[2024-11-11T23:46:38.508+0000] {processor.py:840} INFO - DAG(s) 'SnowflakeTableCreation' retrieved from /opt/airflow/dags/SnowflakeTableCreation.py
[2024-11-11T23:46:38.746+0000] {logging_mixin.py:188} INFO - [2024-11-11T23:46:38.745+0000] {dag.py:3096} INFO - Sync 1 DAGs
[2024-11-11T23:46:38.963+0000] {logging_mixin.py:188} INFO - [2024-11-11T23:46:38.962+0000] {dag.py:3954} INFO - Setting next_dagrun for SnowflakeTableCreation to 2024-11-11 06:00:00+00:00, run_after=2024-11-12 06:00:00+00:00
[2024-11-11T23:46:39.155+0000] {processor.py:183} INFO - Processing /opt/airflow/dags/SnowflakeTableCreation.py took 0.933 seconds
[2024-11-11T23:47:10.557+0000] {processor.py:161} INFO - Started process (PID=1514) to work on /opt/airflow/dags/SnowflakeTableCreation.py
[2024-11-11T23:47:10.593+0000] {processor.py:830} INFO - Processing file /opt/airflow/dags/SnowflakeTableCreation.py for tasks to queue
[2024-11-11T23:47:10.610+0000] {logging_mixin.py:188} INFO - [2024-11-11T23:47:10.609+0000] {dagbag.py:545} INFO - Filling up the DagBag from /opt/airflow/dags/SnowflakeTableCreation.py
[2024-11-11T23:47:10.930+0000] {processor.py:840} INFO - DAG(s) 'SnowflakeTableCreation' retrieved from /opt/airflow/dags/SnowflakeTableCreation.py
[2024-11-11T23:47:11.064+0000] {logging_mixin.py:188} INFO - [2024-11-11T23:47:11.063+0000] {dag.py:3096} INFO - Sync 1 DAGs
[2024-11-11T23:47:11.193+0000] {logging_mixin.py:188} INFO - [2024-11-11T23:47:11.192+0000] {dag.py:3954} INFO - Setting next_dagrun for SnowflakeTableCreation to 2024-11-11 06:00:00+00:00, run_after=2024-11-12 06:00:00+00:00
[2024-11-11T23:47:11.317+0000] {processor.py:183} INFO - Processing /opt/airflow/dags/SnowflakeTableCreation.py took 0.782 seconds
[2024-11-11T23:47:41.974+0000] {processor.py:161} INFO - Started process (PID=1535) to work on /opt/airflow/dags/SnowflakeTableCreation.py
[2024-11-11T23:47:41.976+0000] {processor.py:830} INFO - Processing file /opt/airflow/dags/SnowflakeTableCreation.py for tasks to queue
[2024-11-11T23:47:41.981+0000] {logging_mixin.py:188} INFO - [2024-11-11T23:47:41.980+0000] {dagbag.py:545} INFO - Filling up the DagBag from /opt/airflow/dags/SnowflakeTableCreation.py
[2024-11-11T23:47:42.065+0000] {processor.py:840} INFO - DAG(s) 'SnowflakeTableCreation' retrieved from /opt/airflow/dags/SnowflakeTableCreation.py
[2024-11-11T23:47:42.131+0000] {logging_mixin.py:188} INFO - [2024-11-11T23:47:42.125+0000] {dag.py:3096} INFO - Sync 1 DAGs
[2024-11-11T23:47:42.197+0000] {logging_mixin.py:188} INFO - [2024-11-11T23:47:42.197+0000] {dag.py:3954} INFO - Setting next_dagrun for SnowflakeTableCreation to 2024-11-11 06:00:00+00:00, run_after=2024-11-12 06:00:00+00:00
[2024-11-11T23:47:42.251+0000] {processor.py:183} INFO - Processing /opt/airflow/dags/SnowflakeTableCreation.py took 0.291 seconds
[2024-11-11T23:48:12.880+0000] {processor.py:161} INFO - Started process (PID=1556) to work on /opt/airflow/dags/SnowflakeTableCreation.py
[2024-11-11T23:48:12.882+0000] {processor.py:830} INFO - Processing file /opt/airflow/dags/SnowflakeTableCreation.py for tasks to queue
[2024-11-11T23:48:12.887+0000] {logging_mixin.py:188} INFO - [2024-11-11T23:48:12.886+0000] {dagbag.py:545} INFO - Filling up the DagBag from /opt/airflow/dags/SnowflakeTableCreation.py
[2024-11-11T23:48:12.968+0000] {processor.py:840} INFO - DAG(s) 'SnowflakeTableCreation' retrieved from /opt/airflow/dags/SnowflakeTableCreation.py
[2024-11-11T23:48:13.085+0000] {logging_mixin.py:188} INFO - [2024-11-11T23:48:13.085+0000] {dag.py:3096} INFO - Sync 1 DAGs
[2024-11-11T23:48:13.196+0000] {logging_mixin.py:188} INFO - [2024-11-11T23:48:13.195+0000] {dag.py:3954} INFO - Setting next_dagrun for SnowflakeTableCreation to 2024-11-11 06:00:00+00:00, run_after=2024-11-12 06:00:00+00:00
[2024-11-11T23:48:13.345+0000] {processor.py:183} INFO - Processing /opt/airflow/dags/SnowflakeTableCreation.py took 0.476 seconds
[2024-11-11T23:48:43.605+0000] {processor.py:161} INFO - Started process (PID=1577) to work on /opt/airflow/dags/SnowflakeTableCreation.py
[2024-11-11T23:48:43.611+0000] {processor.py:830} INFO - Processing file /opt/airflow/dags/SnowflakeTableCreation.py for tasks to queue
[2024-11-11T23:48:43.618+0000] {logging_mixin.py:188} INFO - [2024-11-11T23:48:43.617+0000] {dagbag.py:545} INFO - Filling up the DagBag from /opt/airflow/dags/SnowflakeTableCreation.py
[2024-11-11T23:48:43.713+0000] {processor.py:840} INFO - DAG(s) 'SnowflakeTableCreation' retrieved from /opt/airflow/dags/SnowflakeTableCreation.py
[2024-11-11T23:48:43.905+0000] {logging_mixin.py:188} INFO - [2024-11-11T23:48:43.905+0000] {dag.py:3096} INFO - Sync 1 DAGs
[2024-11-11T23:48:44.082+0000] {logging_mixin.py:188} INFO - [2024-11-11T23:48:44.081+0000] {dag.py:3954} INFO - Setting next_dagrun for SnowflakeTableCreation to 2024-11-11 06:00:00+00:00, run_after=2024-11-12 06:00:00+00:00
[2024-11-11T23:48:44.224+0000] {processor.py:183} INFO - Processing /opt/airflow/dags/SnowflakeTableCreation.py took 0.630 seconds
[2024-11-11T23:49:14.762+0000] {processor.py:161} INFO - Started process (PID=1598) to work on /opt/airflow/dags/SnowflakeTableCreation.py
[2024-11-11T23:49:14.764+0000] {processor.py:830} INFO - Processing file /opt/airflow/dags/SnowflakeTableCreation.py for tasks to queue
[2024-11-11T23:49:14.771+0000] {logging_mixin.py:188} INFO - [2024-11-11T23:49:14.770+0000] {dagbag.py:545} INFO - Filling up the DagBag from /opt/airflow/dags/SnowflakeTableCreation.py
[2024-11-11T23:49:14.926+0000] {processor.py:840} INFO - DAG(s) 'SnowflakeTableCreation' retrieved from /opt/airflow/dags/SnowflakeTableCreation.py
[2024-11-11T23:49:15.119+0000] {logging_mixin.py:188} INFO - [2024-11-11T23:49:15.119+0000] {dag.py:3096} INFO - Sync 1 DAGs
[2024-11-11T23:49:15.293+0000] {logging_mixin.py:188} INFO - [2024-11-11T23:49:15.292+0000] {dag.py:3954} INFO - Setting next_dagrun for SnowflakeTableCreation to 2024-11-11 06:00:00+00:00, run_after=2024-11-12 06:00:00+00:00
[2024-11-11T23:49:15.435+0000] {processor.py:183} INFO - Processing /opt/airflow/dags/SnowflakeTableCreation.py took 0.692 seconds
[2024-11-11T23:49:45.737+0000] {processor.py:161} INFO - Started process (PID=1619) to work on /opt/airflow/dags/SnowflakeTableCreation.py
[2024-11-11T23:49:45.739+0000] {processor.py:830} INFO - Processing file /opt/airflow/dags/SnowflakeTableCreation.py for tasks to queue
[2024-11-11T23:49:45.745+0000] {logging_mixin.py:188} INFO - [2024-11-11T23:49:45.743+0000] {dagbag.py:545} INFO - Filling up the DagBag from /opt/airflow/dags/SnowflakeTableCreation.py
[2024-11-11T23:49:45.803+0000] {processor.py:840} INFO - DAG(s) 'SnowflakeTableCreation' retrieved from /opt/airflow/dags/SnowflakeTableCreation.py
[2024-11-11T23:49:45.878+0000] {logging_mixin.py:188} INFO - [2024-11-11T23:49:45.878+0000] {dag.py:3096} INFO - Sync 1 DAGs
[2024-11-11T23:49:45.962+0000] {logging_mixin.py:188} INFO - [2024-11-11T23:49:45.961+0000] {dag.py:3954} INFO - Setting next_dagrun for SnowflakeTableCreation to 2024-11-11 06:00:00+00:00, run_after=2024-11-12 06:00:00+00:00
[2024-11-11T23:49:46.012+0000] {processor.py:183} INFO - Processing /opt/airflow/dags/SnowflakeTableCreation.py took 0.286 seconds
[2024-11-11T23:50:16.312+0000] {processor.py:161} INFO - Started process (PID=1639) to work on /opt/airflow/dags/SnowflakeTableCreation.py
[2024-11-11T23:50:16.313+0000] {processor.py:830} INFO - Processing file /opt/airflow/dags/SnowflakeTableCreation.py for tasks to queue
[2024-11-11T23:50:16.317+0000] {logging_mixin.py:188} INFO - [2024-11-11T23:50:16.316+0000] {dagbag.py:545} INFO - Filling up the DagBag from /opt/airflow/dags/SnowflakeTableCreation.py
[2024-11-11T23:50:16.358+0000] {processor.py:840} INFO - DAG(s) 'SnowflakeTableCreation' retrieved from /opt/airflow/dags/SnowflakeTableCreation.py
[2024-11-11T23:50:16.401+0000] {logging_mixin.py:188} INFO - [2024-11-11T23:50:16.400+0000] {dag.py:3096} INFO - Sync 1 DAGs
[2024-11-11T23:50:16.448+0000] {logging_mixin.py:188} INFO - [2024-11-11T23:50:16.448+0000] {dag.py:3954} INFO - Setting next_dagrun for SnowflakeTableCreation to 2024-11-11 06:00:00+00:00, run_after=2024-11-12 06:00:00+00:00
[2024-11-11T23:50:16.502+0000] {processor.py:183} INFO - Processing /opt/airflow/dags/SnowflakeTableCreation.py took 0.197 seconds
[2024-11-11T23:50:46.596+0000] {processor.py:161} INFO - Started process (PID=1659) to work on /opt/airflow/dags/SnowflakeTableCreation.py
[2024-11-11T23:50:46.597+0000] {processor.py:830} INFO - Processing file /opt/airflow/dags/SnowflakeTableCreation.py for tasks to queue
[2024-11-11T23:50:46.601+0000] {logging_mixin.py:188} INFO - [2024-11-11T23:50:46.600+0000] {dagbag.py:545} INFO - Filling up the DagBag from /opt/airflow/dags/SnowflakeTableCreation.py
[2024-11-11T23:50:46.644+0000] {processor.py:840} INFO - DAG(s) 'SnowflakeTableCreation' retrieved from /opt/airflow/dags/SnowflakeTableCreation.py
[2024-11-11T23:50:46.696+0000] {logging_mixin.py:188} INFO - [2024-11-11T23:50:46.695+0000] {dag.py:3096} INFO - Sync 1 DAGs
[2024-11-11T23:50:46.772+0000] {logging_mixin.py:188} INFO - [2024-11-11T23:50:46.772+0000] {dag.py:3954} INFO - Setting next_dagrun for SnowflakeTableCreation to 2024-11-11 06:00:00+00:00, run_after=2024-11-12 06:00:00+00:00
[2024-11-11T23:50:46.816+0000] {processor.py:183} INFO - Processing /opt/airflow/dags/SnowflakeTableCreation.py took 0.234 seconds
[2024-11-11T23:51:17.096+0000] {processor.py:161} INFO - Started process (PID=1680) to work on /opt/airflow/dags/SnowflakeTableCreation.py
[2024-11-11T23:51:17.098+0000] {processor.py:830} INFO - Processing file /opt/airflow/dags/SnowflakeTableCreation.py for tasks to queue
[2024-11-11T23:51:17.100+0000] {logging_mixin.py:188} INFO - [2024-11-11T23:51:17.100+0000] {dagbag.py:545} INFO - Filling up the DagBag from /opt/airflow/dags/SnowflakeTableCreation.py
[2024-11-11T23:51:17.141+0000] {processor.py:840} INFO - DAG(s) 'SnowflakeTableCreation' retrieved from /opt/airflow/dags/SnowflakeTableCreation.py
[2024-11-11T23:51:17.180+0000] {logging_mixin.py:188} INFO - [2024-11-11T23:51:17.180+0000] {dag.py:3096} INFO - Sync 1 DAGs
[2024-11-11T23:51:17.228+0000] {logging_mixin.py:188} INFO - [2024-11-11T23:51:17.228+0000] {dag.py:3954} INFO - Setting next_dagrun for SnowflakeTableCreation to 2024-11-11 06:00:00+00:00, run_after=2024-11-12 06:00:00+00:00
[2024-11-11T23:51:17.306+0000] {processor.py:183} INFO - Processing /opt/airflow/dags/SnowflakeTableCreation.py took 0.218 seconds
[2024-11-11T23:51:48.332+0000] {processor.py:161} INFO - Started process (PID=1701) to work on /opt/airflow/dags/SnowflakeTableCreation.py
[2024-11-11T23:51:48.334+0000] {processor.py:830} INFO - Processing file /opt/airflow/dags/SnowflakeTableCreation.py for tasks to queue
[2024-11-11T23:51:48.348+0000] {logging_mixin.py:188} INFO - [2024-11-11T23:51:48.347+0000] {dagbag.py:545} INFO - Filling up the DagBag from /opt/airflow/dags/SnowflakeTableCreation.py
[2024-11-11T23:51:48.472+0000] {processor.py:840} INFO - DAG(s) 'SnowflakeTableCreation' retrieved from /opt/airflow/dags/SnowflakeTableCreation.py
[2024-11-11T23:51:48.686+0000] {logging_mixin.py:188} INFO - [2024-11-11T23:51:48.686+0000] {dag.py:3096} INFO - Sync 1 DAGs
[2024-11-11T23:51:48.940+0000] {logging_mixin.py:188} INFO - [2024-11-11T23:51:48.939+0000] {dag.py:3954} INFO - Setting next_dagrun for SnowflakeTableCreation to 2024-11-11 06:00:00+00:00, run_after=2024-11-12 06:00:00+00:00
[2024-11-11T23:51:49.099+0000] {processor.py:183} INFO - Processing /opt/airflow/dags/SnowflakeTableCreation.py took 0.804 seconds
[2024-11-11T23:52:19.962+0000] {processor.py:161} INFO - Started process (PID=1722) to work on /opt/airflow/dags/SnowflakeTableCreation.py
[2024-11-11T23:52:19.964+0000] {processor.py:830} INFO - Processing file /opt/airflow/dags/SnowflakeTableCreation.py for tasks to queue
[2024-11-11T23:52:19.967+0000] {logging_mixin.py:188} INFO - [2024-11-11T23:52:19.967+0000] {dagbag.py:545} INFO - Filling up the DagBag from /opt/airflow/dags/SnowflakeTableCreation.py
[2024-11-11T23:52:20.000+0000] {processor.py:840} INFO - DAG(s) 'SnowflakeTableCreation' retrieved from /opt/airflow/dags/SnowflakeTableCreation.py
[2024-11-11T23:52:20.036+0000] {logging_mixin.py:188} INFO - [2024-11-11T23:52:20.036+0000] {dag.py:3096} INFO - Sync 1 DAGs
[2024-11-11T23:52:20.062+0000] {logging_mixin.py:188} INFO - [2024-11-11T23:52:20.061+0000] {dag.py:3954} INFO - Setting next_dagrun for SnowflakeTableCreation to 2024-11-11 06:00:00+00:00, run_after=2024-11-12 06:00:00+00:00
[2024-11-11T23:52:20.097+0000] {processor.py:183} INFO - Processing /opt/airflow/dags/SnowflakeTableCreation.py took 0.141 seconds
[2024-11-11T23:52:50.560+0000] {processor.py:161} INFO - Started process (PID=1743) to work on /opt/airflow/dags/SnowflakeTableCreation.py
[2024-11-11T23:52:50.561+0000] {processor.py:830} INFO - Processing file /opt/airflow/dags/SnowflakeTableCreation.py for tasks to queue
[2024-11-11T23:52:50.564+0000] {logging_mixin.py:188} INFO - [2024-11-11T23:52:50.563+0000] {dagbag.py:545} INFO - Filling up the DagBag from /opt/airflow/dags/SnowflakeTableCreation.py
[2024-11-11T23:52:50.585+0000] {processor.py:840} INFO - DAG(s) 'SnowflakeTableCreation' retrieved from /opt/airflow/dags/SnowflakeTableCreation.py
[2024-11-11T23:52:50.616+0000] {logging_mixin.py:188} INFO - [2024-11-11T23:52:50.616+0000] {dag.py:3096} INFO - Sync 1 DAGs
[2024-11-11T23:52:50.657+0000] {logging_mixin.py:188} INFO - [2024-11-11T23:52:50.657+0000] {dag.py:3954} INFO - Setting next_dagrun for SnowflakeTableCreation to 2024-11-11 06:00:00+00:00, run_after=2024-11-12 06:00:00+00:00
[2024-11-11T23:52:50.710+0000] {processor.py:183} INFO - Processing /opt/airflow/dags/SnowflakeTableCreation.py took 0.157 seconds
[2024-11-11T23:53:21.221+0000] {processor.py:161} INFO - Started process (PID=1764) to work on /opt/airflow/dags/SnowflakeTableCreation.py
[2024-11-11T23:53:21.222+0000] {processor.py:830} INFO - Processing file /opt/airflow/dags/SnowflakeTableCreation.py for tasks to queue
[2024-11-11T23:53:21.224+0000] {logging_mixin.py:188} INFO - [2024-11-11T23:53:21.224+0000] {dagbag.py:545} INFO - Filling up the DagBag from /opt/airflow/dags/SnowflakeTableCreation.py
[2024-11-11T23:53:21.255+0000] {processor.py:840} INFO - DAG(s) 'SnowflakeTableCreation' retrieved from /opt/airflow/dags/SnowflakeTableCreation.py
[2024-11-11T23:53:21.293+0000] {logging_mixin.py:188} INFO - [2024-11-11T23:53:21.293+0000] {dag.py:3096} INFO - Sync 1 DAGs
[2024-11-11T23:53:21.329+0000] {logging_mixin.py:188} INFO - [2024-11-11T23:53:21.328+0000] {dag.py:3954} INFO - Setting next_dagrun for SnowflakeTableCreation to 2024-11-11 06:00:00+00:00, run_after=2024-11-12 06:00:00+00:00
[2024-11-11T23:53:21.391+0000] {processor.py:183} INFO - Processing /opt/airflow/dags/SnowflakeTableCreation.py took 0.175 seconds
[2024-11-11T23:53:52.061+0000] {processor.py:161} INFO - Started process (PID=1785) to work on /opt/airflow/dags/SnowflakeTableCreation.py
[2024-11-11T23:53:52.062+0000] {processor.py:830} INFO - Processing file /opt/airflow/dags/SnowflakeTableCreation.py for tasks to queue
[2024-11-11T23:53:52.066+0000] {logging_mixin.py:188} INFO - [2024-11-11T23:53:52.065+0000] {dagbag.py:545} INFO - Filling up the DagBag from /opt/airflow/dags/SnowflakeTableCreation.py
[2024-11-11T23:53:52.127+0000] {processor.py:840} INFO - DAG(s) 'SnowflakeTableCreation' retrieved from /opt/airflow/dags/SnowflakeTableCreation.py
[2024-11-11T23:53:52.184+0000] {logging_mixin.py:188} INFO - [2024-11-11T23:53:52.183+0000] {dag.py:3096} INFO - Sync 1 DAGs
[2024-11-11T23:53:52.235+0000] {logging_mixin.py:188} INFO - [2024-11-11T23:53:52.235+0000] {dag.py:3954} INFO - Setting next_dagrun for SnowflakeTableCreation to 2024-11-11 06:00:00+00:00, run_after=2024-11-12 06:00:00+00:00
[2024-11-11T23:53:52.278+0000] {processor.py:183} INFO - Processing /opt/airflow/dags/SnowflakeTableCreation.py took 0.226 seconds
[2024-11-11T23:54:22.803+0000] {processor.py:161} INFO - Started process (PID=1812) to work on /opt/airflow/dags/SnowflakeTableCreation.py
[2024-11-11T23:54:22.804+0000] {processor.py:830} INFO - Processing file /opt/airflow/dags/SnowflakeTableCreation.py for tasks to queue
[2024-11-11T23:54:22.807+0000] {logging_mixin.py:188} INFO - [2024-11-11T23:54:22.807+0000] {dagbag.py:545} INFO - Filling up the DagBag from /opt/airflow/dags/SnowflakeTableCreation.py
[2024-11-11T23:54:22.847+0000] {processor.py:840} INFO - DAG(s) 'SnowflakeTableCreation' retrieved from /opt/airflow/dags/SnowflakeTableCreation.py
[2024-11-11T23:54:22.891+0000] {logging_mixin.py:188} INFO - [2024-11-11T23:54:22.891+0000] {dag.py:3096} INFO - Sync 1 DAGs
[2024-11-11T23:54:22.934+0000] {logging_mixin.py:188} INFO - [2024-11-11T23:54:22.933+0000] {dag.py:3954} INFO - Setting next_dagrun for SnowflakeTableCreation to 2024-11-11 06:00:00+00:00, run_after=2024-11-12 06:00:00+00:00
[2024-11-11T23:54:22.972+0000] {processor.py:183} INFO - Processing /opt/airflow/dags/SnowflakeTableCreation.py took 0.177 seconds
[2024-11-11T23:54:53.113+0000] {processor.py:161} INFO - Started process (PID=1833) to work on /opt/airflow/dags/SnowflakeTableCreation.py
[2024-11-11T23:54:53.121+0000] {processor.py:830} INFO - Processing file /opt/airflow/dags/SnowflakeTableCreation.py for tasks to queue
[2024-11-11T23:54:53.127+0000] {logging_mixin.py:188} INFO - [2024-11-11T23:54:53.127+0000] {dagbag.py:545} INFO - Filling up the DagBag from /opt/airflow/dags/SnowflakeTableCreation.py
[2024-11-11T23:54:53.190+0000] {processor.py:840} INFO - DAG(s) 'SnowflakeTableCreation' retrieved from /opt/airflow/dags/SnowflakeTableCreation.py
[2024-11-11T23:54:53.257+0000] {logging_mixin.py:188} INFO - [2024-11-11T23:54:53.256+0000] {dag.py:3096} INFO - Sync 1 DAGs
[2024-11-11T23:54:53.334+0000] {logging_mixin.py:188} INFO - [2024-11-11T23:54:53.334+0000] {dag.py:3954} INFO - Setting next_dagrun for SnowflakeTableCreation to 2024-11-11 06:00:00+00:00, run_after=2024-11-12 06:00:00+00:00
[2024-11-11T23:54:53.382+0000] {processor.py:183} INFO - Processing /opt/airflow/dags/SnowflakeTableCreation.py took 0.288 seconds
[2024-11-11T23:55:24.205+0000] {processor.py:161} INFO - Started process (PID=1854) to work on /opt/airflow/dags/SnowflakeTableCreation.py
[2024-11-11T23:55:24.211+0000] {processor.py:830} INFO - Processing file /opt/airflow/dags/SnowflakeTableCreation.py for tasks to queue
[2024-11-11T23:55:24.215+0000] {logging_mixin.py:188} INFO - [2024-11-11T23:55:24.214+0000] {dagbag.py:545} INFO - Filling up the DagBag from /opt/airflow/dags/SnowflakeTableCreation.py
[2024-11-11T23:55:24.284+0000] {processor.py:840} INFO - DAG(s) 'SnowflakeTableCreation' retrieved from /opt/airflow/dags/SnowflakeTableCreation.py
[2024-11-11T23:55:24.345+0000] {logging_mixin.py:188} INFO - [2024-11-11T23:55:24.344+0000] {dag.py:3096} INFO - Sync 1 DAGs
[2024-11-11T23:55:24.435+0000] {logging_mixin.py:188} INFO - [2024-11-11T23:55:24.435+0000] {dag.py:3954} INFO - Setting next_dagrun for SnowflakeTableCreation to 2024-11-11 06:00:00+00:00, run_after=2024-11-12 06:00:00+00:00
[2024-11-11T23:55:24.537+0000] {processor.py:183} INFO - Processing /opt/airflow/dags/SnowflakeTableCreation.py took 0.342 seconds
[2024-11-11T23:55:55.086+0000] {processor.py:161} INFO - Started process (PID=1875) to work on /opt/airflow/dags/SnowflakeTableCreation.py
[2024-11-11T23:55:55.093+0000] {processor.py:830} INFO - Processing file /opt/airflow/dags/SnowflakeTableCreation.py for tasks to queue
[2024-11-11T23:55:55.099+0000] {logging_mixin.py:188} INFO - [2024-11-11T23:55:55.098+0000] {dagbag.py:545} INFO - Filling up the DagBag from /opt/airflow/dags/SnowflakeTableCreation.py
[2024-11-11T23:55:55.181+0000] {processor.py:840} INFO - DAG(s) 'SnowflakeTableCreation' retrieved from /opt/airflow/dags/SnowflakeTableCreation.py
[2024-11-11T23:55:55.292+0000] {logging_mixin.py:188} INFO - [2024-11-11T23:55:55.291+0000] {dag.py:3096} INFO - Sync 1 DAGs
[2024-11-11T23:55:55.367+0000] {logging_mixin.py:188} INFO - [2024-11-11T23:55:55.367+0000] {dag.py:3954} INFO - Setting next_dagrun for SnowflakeTableCreation to 2024-11-11 06:00:00+00:00, run_after=2024-11-12 06:00:00+00:00
[2024-11-11T23:55:55.437+0000] {processor.py:183} INFO - Processing /opt/airflow/dags/SnowflakeTableCreation.py took 0.373 seconds
[2024-11-11T23:56:25.779+0000] {processor.py:161} INFO - Started process (PID=1896) to work on /opt/airflow/dags/SnowflakeTableCreation.py
[2024-11-11T23:56:25.781+0000] {processor.py:830} INFO - Processing file /opt/airflow/dags/SnowflakeTableCreation.py for tasks to queue
[2024-11-11T23:56:25.784+0000] {logging_mixin.py:188} INFO - [2024-11-11T23:56:25.783+0000] {dagbag.py:545} INFO - Filling up the DagBag from /opt/airflow/dags/SnowflakeTableCreation.py
[2024-11-11T23:56:25.813+0000] {processor.py:840} INFO - DAG(s) 'SnowflakeTableCreation' retrieved from /opt/airflow/dags/SnowflakeTableCreation.py
[2024-11-11T23:56:25.850+0000] {logging_mixin.py:188} INFO - [2024-11-11T23:56:25.849+0000] {dag.py:3096} INFO - Sync 1 DAGs
[2024-11-11T23:56:25.883+0000] {logging_mixin.py:188} INFO - [2024-11-11T23:56:25.883+0000] {dag.py:3954} INFO - Setting next_dagrun for SnowflakeTableCreation to 2024-11-11 06:00:00+00:00, run_after=2024-11-12 06:00:00+00:00
[2024-11-11T23:56:25.922+0000] {processor.py:183} INFO - Processing /opt/airflow/dags/SnowflakeTableCreation.py took 0.154 seconds
[2024-11-11T23:56:56.385+0000] {processor.py:161} INFO - Started process (PID=1917) to work on /opt/airflow/dags/SnowflakeTableCreation.py
[2024-11-11T23:56:56.386+0000] {processor.py:830} INFO - Processing file /opt/airflow/dags/SnowflakeTableCreation.py for tasks to queue
[2024-11-11T23:56:56.389+0000] {logging_mixin.py:188} INFO - [2024-11-11T23:56:56.388+0000] {dagbag.py:545} INFO - Filling up the DagBag from /opt/airflow/dags/SnowflakeTableCreation.py
[2024-11-11T23:56:56.410+0000] {processor.py:840} INFO - DAG(s) 'SnowflakeTableCreation' retrieved from /opt/airflow/dags/SnowflakeTableCreation.py
[2024-11-11T23:56:56.438+0000] {logging_mixin.py:188} INFO - [2024-11-11T23:56:56.438+0000] {dag.py:3096} INFO - Sync 1 DAGs
[2024-11-11T23:56:56.462+0000] {logging_mixin.py:188} INFO - [2024-11-11T23:56:56.462+0000] {dag.py:3954} INFO - Setting next_dagrun for SnowflakeTableCreation to 2024-11-11 06:00:00+00:00, run_after=2024-11-12 06:00:00+00:00
[2024-11-11T23:56:56.497+0000] {processor.py:183} INFO - Processing /opt/airflow/dags/SnowflakeTableCreation.py took 0.117 seconds
[2024-11-11T23:57:26.913+0000] {processor.py:161} INFO - Started process (PID=1938) to work on /opt/airflow/dags/SnowflakeTableCreation.py
[2024-11-11T23:57:26.915+0000] {processor.py:830} INFO - Processing file /opt/airflow/dags/SnowflakeTableCreation.py for tasks to queue
[2024-11-11T23:57:26.917+0000] {logging_mixin.py:188} INFO - [2024-11-11T23:57:26.917+0000] {dagbag.py:545} INFO - Filling up the DagBag from /opt/airflow/dags/SnowflakeTableCreation.py
[2024-11-11T23:57:26.946+0000] {processor.py:840} INFO - DAG(s) 'SnowflakeTableCreation' retrieved from /opt/airflow/dags/SnowflakeTableCreation.py
[2024-11-11T23:57:26.981+0000] {logging_mixin.py:188} INFO - [2024-11-11T23:57:26.981+0000] {dag.py:3096} INFO - Sync 1 DAGs
[2024-11-11T23:57:27.017+0000] {logging_mixin.py:188} INFO - [2024-11-11T23:57:27.016+0000] {dag.py:3954} INFO - Setting next_dagrun for SnowflakeTableCreation to 2024-11-11 06:00:00+00:00, run_after=2024-11-12 06:00:00+00:00
[2024-11-11T23:57:27.059+0000] {processor.py:183} INFO - Processing /opt/airflow/dags/SnowflakeTableCreation.py took 0.155 seconds
[2024-11-11T23:57:57.491+0000] {processor.py:161} INFO - Started process (PID=1959) to work on /opt/airflow/dags/SnowflakeTableCreation.py
[2024-11-11T23:57:57.492+0000] {processor.py:830} INFO - Processing file /opt/airflow/dags/SnowflakeTableCreation.py for tasks to queue
[2024-11-11T23:57:57.496+0000] {logging_mixin.py:188} INFO - [2024-11-11T23:57:57.495+0000] {dagbag.py:545} INFO - Filling up the DagBag from /opt/airflow/dags/SnowflakeTableCreation.py
[2024-11-11T23:57:57.524+0000] {processor.py:840} INFO - DAG(s) 'SnowflakeTableCreation' retrieved from /opt/airflow/dags/SnowflakeTableCreation.py
[2024-11-11T23:57:57.559+0000] {logging_mixin.py:188} INFO - [2024-11-11T23:57:57.558+0000] {dag.py:3096} INFO - Sync 1 DAGs
[2024-11-11T23:57:57.594+0000] {logging_mixin.py:188} INFO - [2024-11-11T23:57:57.593+0000] {dag.py:3954} INFO - Setting next_dagrun for SnowflakeTableCreation to 2024-11-11 06:00:00+00:00, run_after=2024-11-12 06:00:00+00:00
[2024-11-11T23:57:57.646+0000] {processor.py:183} INFO - Processing /opt/airflow/dags/SnowflakeTableCreation.py took 0.166 seconds
[2024-11-11T23:58:28.183+0000] {processor.py:161} INFO - Started process (PID=1980) to work on /opt/airflow/dags/SnowflakeTableCreation.py
[2024-11-11T23:58:28.188+0000] {processor.py:830} INFO - Processing file /opt/airflow/dags/SnowflakeTableCreation.py for tasks to queue
[2024-11-11T23:58:28.201+0000] {logging_mixin.py:188} INFO - [2024-11-11T23:58:28.200+0000] {dagbag.py:545} INFO - Filling up the DagBag from /opt/airflow/dags/SnowflakeTableCreation.py
[2024-11-11T23:58:28.518+0000] {processor.py:840} INFO - DAG(s) 'SnowflakeTableCreation' retrieved from /opt/airflow/dags/SnowflakeTableCreation.py
[2024-11-11T23:58:28.826+0000] {logging_mixin.py:188} INFO - [2024-11-11T23:58:28.825+0000] {dag.py:3096} INFO - Sync 1 DAGs
[2024-11-11T23:58:29.032+0000] {logging_mixin.py:188} INFO - [2024-11-11T23:58:29.031+0000] {dag.py:3954} INFO - Setting next_dagrun for SnowflakeTableCreation to 2024-11-11 06:00:00+00:00, run_after=2024-11-12 06:00:00+00:00
[2024-11-11T23:58:29.191+0000] {processor.py:183} INFO - Processing /opt/airflow/dags/SnowflakeTableCreation.py took 1.027 seconds
[2024-11-11T23:58:59.614+0000] {processor.py:161} INFO - Started process (PID=2001) to work on /opt/airflow/dags/SnowflakeTableCreation.py
[2024-11-11T23:58:59.625+0000] {processor.py:830} INFO - Processing file /opt/airflow/dags/SnowflakeTableCreation.py for tasks to queue
[2024-11-11T23:58:59.633+0000] {logging_mixin.py:188} INFO - [2024-11-11T23:58:59.632+0000] {dagbag.py:545} INFO - Filling up the DagBag from /opt/airflow/dags/SnowflakeTableCreation.py
[2024-11-11T23:58:59.777+0000] {processor.py:840} INFO - DAG(s) 'SnowflakeTableCreation' retrieved from /opt/airflow/dags/SnowflakeTableCreation.py
[2024-11-11T23:58:59.895+0000] {logging_mixin.py:188} INFO - [2024-11-11T23:58:59.893+0000] {dag.py:3096} INFO - Sync 1 DAGs
[2024-11-11T23:59:00.013+0000] {logging_mixin.py:188} INFO - [2024-11-11T23:59:00.012+0000] {dag.py:3954} INFO - Setting next_dagrun for SnowflakeTableCreation to 2024-11-11 06:00:00+00:00, run_after=2024-11-12 06:00:00+00:00
[2024-11-11T23:59:00.122+0000] {processor.py:183} INFO - Processing /opt/airflow/dags/SnowflakeTableCreation.py took 0.540 seconds
[2024-11-11T23:59:31.024+0000] {processor.py:161} INFO - Started process (PID=2022) to work on /opt/airflow/dags/SnowflakeTableCreation.py
[2024-11-11T23:59:31.025+0000] {processor.py:830} INFO - Processing file /opt/airflow/dags/SnowflakeTableCreation.py for tasks to queue
[2024-11-11T23:59:31.028+0000] {logging_mixin.py:188} INFO - [2024-11-11T23:59:31.028+0000] {dagbag.py:545} INFO - Filling up the DagBag from /opt/airflow/dags/SnowflakeTableCreation.py
[2024-11-11T23:59:31.074+0000] {processor.py:840} INFO - DAG(s) 'SnowflakeTableCreation' retrieved from /opt/airflow/dags/SnowflakeTableCreation.py
[2024-11-11T23:59:31.121+0000] {logging_mixin.py:188} INFO - [2024-11-11T23:59:31.121+0000] {dag.py:3096} INFO - Sync 1 DAGs
[2024-11-11T23:59:31.163+0000] {logging_mixin.py:188} INFO - [2024-11-11T23:59:31.163+0000] {dag.py:3954} INFO - Setting next_dagrun for SnowflakeTableCreation to 2024-11-11 06:00:00+00:00, run_after=2024-11-12 06:00:00+00:00
[2024-11-11T23:59:31.208+0000] {processor.py:183} INFO - Processing /opt/airflow/dags/SnowflakeTableCreation.py took 0.194 seconds
