[2024-11-07T18:48:05.404+0000] {local_task_job_runner.py:120} INFO - ::group::Pre task execution logs
[2024-11-07T18:48:05.454+0000] {taskinstance.py:2076} INFO - Dependencies all met for dep_context=non-requeueable deps ti=<TaskInstance: SessionSummaryWithConstraintsCheck.create_joined_table scheduled__2024-11-06T06:00:00+00:00 [queued]>
[2024-11-07T18:48:05.477+0000] {taskinstance.py:2076} INFO - Dependencies all met for dep_context=requeueable deps ti=<TaskInstance: SessionSummaryWithConstraintsCheck.create_joined_table scheduled__2024-11-06T06:00:00+00:00 [queued]>
[2024-11-07T18:48:05.478+0000] {taskinstance.py:2306} INFO - Starting attempt 1 of 1
[2024-11-07T18:48:05.501+0000] {taskinstance.py:2330} INFO - Executing <Task(_PythonDecoratedOperator): create_joined_table> on 2024-11-06 06:00:00+00:00
[2024-11-07T18:48:05.518+0000] {logging_mixin.py:188} WARNING - /home/***/.local/lib/python3.12/site-packages/***/task/task_runner/standard_task_runner.py:61 DeprecationWarning: This process (pid=210) is multi-threaded, use of fork() may lead to deadlocks in the child.
[2024-11-07T18:48:05.519+0000] {standard_task_runner.py:63} INFO - Started process 240 to run task
[2024-11-07T18:48:05.526+0000] {standard_task_runner.py:90} INFO - Running: ['***', 'tasks', 'run', 'SessionSummaryWithConstraintsCheck', 'create_joined_table', 'scheduled__2024-11-06T06:00:00+00:00', '--job-id', '60', '--raw', '--subdir', 'DAGS_FOLDER/CTAS_Summary_DAG_with_constraints.py', '--cfg-path', '/tmp/tmpz7wbed_m']
[2024-11-07T18:48:05.529+0000] {standard_task_runner.py:91} INFO - Job 60: Subtask create_joined_table
[2024-11-07T18:48:05.602+0000] {task_command.py:426} INFO - Running <TaskInstance: SessionSummaryWithConstraintsCheck.create_joined_table scheduled__2024-11-06T06:00:00+00:00 [running]> on host 4a25c42f06c7
[2024-11-07T18:48:05.779+0000] {taskinstance.py:2648} INFO - Exporting env vars: AIRFLOW_CTX_DAG_OWNER='***' AIRFLOW_CTX_DAG_ID='SessionSummaryWithConstraintsCheck' AIRFLOW_CTX_TASK_ID='create_joined_table' AIRFLOW_CTX_EXECUTION_DATE='2024-11-06T06:00:00+00:00' AIRFLOW_CTX_TRY_NUMBER='1' AIRFLOW_CTX_DAG_RUN_ID='scheduled__2024-11-06T06:00:00+00:00'
[2024-11-07T18:48:05.781+0000] {taskinstance.py:430} INFO - ::endgroup::
[2024-11-07T18:48:05.809+0000] {base.py:84} INFO - Using connection ID 'snowflake_conn' for task execution.
[2024-11-07T18:48:05.811+0000] {connection.py:399} INFO - Snowflake Connector for Python Version: 3.10.0, Python Version: 3.12.3, Platform: Linux-5.15.153.1-microsoft-standard-WSL2-x86_64-with-glibc2.36
[2024-11-07T18:48:05.813+0000] {connection.py:1239} INFO - This connection is in OCSP Fail Open Mode. TLS Certificates would be checked for validity and revocation status. Any other Certificate Revocation related exceptions or OCSP Responder failures would be disregarded in favor of connectivity.
[2024-11-07T18:48:07.915+0000] {connection.py:762} INFO - closed
[2024-11-07T18:48:07.993+0000] {connection.py:768} INFO - No async queries seem to be running, deleting session
[2024-11-07T18:48:08.068+0000] {taskinstance.py:441} INFO - ::group::Post task execution logs
[2024-11-07T18:48:08.070+0000] {taskinstance.py:2905} ERROR - Task failed with exception
Traceback (most recent call last):
  File "/home/airflow/.local/lib/python3.12/site-packages/airflow/models/taskinstance.py", line 465, in _execute_task
    result = _execute_callable(context=context, **execute_callable_kwargs)
             ^^^^^^^^^^^^^^^^^^^^^^^^^^^^^^^^^^^^^^^^^^^^^^^^^^^^^^^^^^^^^
  File "/home/airflow/.local/lib/python3.12/site-packages/airflow/models/taskinstance.py", line 432, in _execute_callable
    return execute_callable(context=context, **execute_callable_kwargs)
           ^^^^^^^^^^^^^^^^^^^^^^^^^^^^^^^^^^^^^^^^^^^^^^^^^^^^^^^^^^^^
  File "/home/airflow/.local/lib/python3.12/site-packages/airflow/models/baseoperator.py", line 400, in wrapper
    return func(self, *args, **kwargs)
           ^^^^^^^^^^^^^^^^^^^^^^^^^^^
  File "/home/airflow/.local/lib/python3.12/site-packages/airflow/decorators/base.py", line 265, in execute
    return_value = super().execute(context)
                   ^^^^^^^^^^^^^^^^^^^^^^^^
  File "/home/airflow/.local/lib/python3.12/site-packages/airflow/models/baseoperator.py", line 400, in wrapper
    return func(self, *args, **kwargs)
           ^^^^^^^^^^^^^^^^^^^^^^^^^^^
  File "/home/airflow/.local/lib/python3.12/site-packages/airflow/operators/python.py", line 235, in execute
    return_value = self.execute_callable()
                   ^^^^^^^^^^^^^^^^^^^^^^^
  File "/home/airflow/.local/lib/python3.12/site-packages/airflow/operators/python.py", line 252, in execute_callable
    return self.python_callable(*self.op_args, **self.op_kwargs)
           ^^^^^^^^^^^^^^^^^^^^^^^^^^^^^^^^^^^^^^^^^^^^^^^^^^^^^
  File "/opt/airflow/dags/CTAS_Summary_DAG_with_constraints.py", line 23, in create_joined_table
    cur.execute(f"""
  File "/home/airflow/.local/lib/python3.12/site-packages/snowflake/connector/cursor.py", line 1080, in execute
    Error.errorhandler_wrapper(self.connection, self, error_class, errvalue)
  File "/home/airflow/.local/lib/python3.12/site-packages/snowflake/connector/errors.py", line 290, in errorhandler_wrapper
    handed_over = Error.hand_to_other_handler(
                  ^^^^^^^^^^^^^^^^^^^^^^^^^^^^
  File "/home/airflow/.local/lib/python3.12/site-packages/snowflake/connector/errors.py", line 345, in hand_to_other_handler
    cursor.errorhandler(connection, cursor, error_class, error_value)
  File "/home/airflow/.local/lib/python3.12/site-packages/snowflake/connector/errors.py", line 221, in default_errorhandler
    raise error_class(
snowflake.connector.errors.ProgrammingError: 001998 (42710): 01b837a8-0004-24a5-0001-95fb000416f6: SQL compilation error:
Object 'SESSION_SUMMARY' already exists as VIEW
[2024-11-07T18:48:08.079+0000] {taskinstance.py:1206} INFO - Marking task as FAILED. dag_id=SessionSummaryWithConstraintsCheck, task_id=create_joined_table, run_id=scheduled__2024-11-06T06:00:00+00:00, execution_date=20241106T060000, start_date=20241107T184805, end_date=20241107T184808
[2024-11-07T18:48:08.096+0000] {standard_task_runner.py:110} ERROR - Failed to execute job 60 for task create_joined_table (001998 (42710): 01b837a8-0004-24a5-0001-95fb000416f6: SQL compilation error:
Object 'SESSION_SUMMARY' already exists as VIEW; 240)
[2024-11-07T18:48:08.107+0000] {local_task_job_runner.py:240} INFO - Task exited with return code 1
[2024-11-07T18:48:08.121+0000] {taskinstance.py:3498} INFO - 0 downstream tasks scheduled from follow-on schedule check
[2024-11-07T18:48:08.126+0000] {local_task_job_runner.py:222} INFO - ::endgroup::
