[2024-11-12T00:16:39.835+0000] {local_task_job_runner.py:120} INFO - ::group::Pre task execution logs
[2024-11-12T00:16:39.893+0000] {taskinstance.py:2076} INFO - Dependencies all met for dep_context=non-requeueable deps ti=<TaskInstance: Stock_data_analysis_lab2utl.extract manual__2024-11-12T00:16:16.905925+00:00 [queued]>
[2024-11-12T00:16:39.912+0000] {taskinstance.py:2076} INFO - Dependencies all met for dep_context=requeueable deps ti=<TaskInstance: Stock_data_analysis_lab2utl.extract manual__2024-11-12T00:16:16.905925+00:00 [queued]>
[2024-11-12T00:16:39.914+0000] {taskinstance.py:2306} INFO - Starting attempt 1 of 2
[2024-11-12T00:16:39.943+0000] {taskinstance.py:2330} INFO - Executing <Task(_PythonDecoratedOperator): extract> on 2024-11-12 00:16:16.905925+00:00
[2024-11-12T00:16:39.956+0000] {standard_task_runner.py:90} INFO - Running: ['***', 'tasks', 'run', 'Stock_data_analysis_lab2utl', 'extract', 'manual__2024-11-12T00:16:16.905925+00:00', '--job-id', '126', '--raw', '--subdir', 'DAGS_FOLDER/utl.py', '--cfg-path', '/tmp/tmpd1374nxv']
[2024-11-12T00:16:39.961+0000] {standard_task_runner.py:91} INFO - Job 126: Subtask extract
[2024-11-12T00:16:39.965+0000] {logging_mixin.py:188} WARNING - /home/***/.local/lib/python3.12/site-packages/***/task/task_runner/standard_task_runner.py:61 DeprecationWarning: This process (pid=525) is multi-threaded, use of fork() may lead to deadlocks in the child.
[2024-11-12T00:16:39.966+0000] {standard_task_runner.py:63} INFO - Started process 528 to run task
[2024-11-12T00:16:40.058+0000] {task_command.py:426} INFO - Running <TaskInstance: Stock_data_analysis_lab2utl.extract manual__2024-11-12T00:16:16.905925+00:00 [running]> on host 22359ceef38b
[2024-11-12T00:16:40.279+0000] {taskinstance.py:2648} INFO - Exporting env vars: AIRFLOW_CTX_DAG_OWNER='Utkarsh Tripathi' AIRFLOW_CTX_DAG_ID='Stock_data_analysis_lab2utl' AIRFLOW_CTX_TASK_ID='extract' AIRFLOW_CTX_EXECUTION_DATE='2024-11-12T00:16:16.905925+00:00' AIRFLOW_CTX_TRY_NUMBER='1' AIRFLOW_CTX_DAG_RUN_ID='manual__2024-11-12T00:16:16.905925+00:00'
[2024-11-12T00:16:40.284+0000] {taskinstance.py:430} INFO - ::endgroup::
[2024-11-12T00:16:42.704+0000] {python.py:237} INFO - Done. Returned value was:            date     open    high       low   close    volume symbol
0    2024-07-08  227.090  227.85  223.2500  227.82  59085861   AAPL
1    2024-07-09  227.930  229.40  226.3721  228.68  48169822   AAPL
2    2024-07-10  229.300  233.08  229.2500  232.98  62627687   AAPL
3    2024-07-11  231.390  232.39  225.7700  227.57  64710617   AAPL
4    2024-07-12  228.920  232.64  228.6800  230.54  53046527   AAPL
..          ...      ...     ...       ...     ...       ...    ...
175  2024-11-05  408.370  414.90  408.0800  411.46  17626011   MSFT
176  2024-11-06  412.420  420.45  410.5200  420.18  26681842   MSFT
177  2024-11-07  421.280  426.85  419.8800  425.43  19901782   MSFT
178  2024-11-08  425.320  426.50  421.7800  422.54  16891414   MSFT
179  2024-11-11  422.515  424.81  416.0000  418.01  19850017   MSFT

[180 rows x 7 columns]
[2024-11-12T00:16:42.758+0000] {taskinstance.py:441} INFO - ::group::Post task execution logs
[2024-11-12T00:16:42.962+0000] {taskinstance.py:1206} INFO - Marking task as SUCCESS. dag_id=Stock_data_analysis_lab2utl, task_id=extract, run_id=manual__2024-11-12T00:16:16.905925+00:00, execution_date=20241112T001616, start_date=20241112T001639, end_date=20241112T001642
[2024-11-12T00:16:43.009+0000] {local_task_job_runner.py:240} INFO - Task exited with return code 0
[2024-11-12T00:16:43.054+0000] {taskinstance.py:3498} INFO - 1 downstream tasks scheduled from follow-on schedule check
[2024-11-12T00:16:43.062+0000] {local_task_job_runner.py:222} INFO - ::endgroup::
