[2024-11-10T03:21:15.181+0000] {local_task_job_runner.py:120} INFO - ::group::Pre task execution logs
[2024-11-10T03:21:15.207+0000] {taskinstance.py:2076} INFO - Dependencies all met for dep_context=non-requeueable deps ti=<TaskInstance: Stock_data_analysis_for_two_symbols_lab2.extract manual__2024-11-10T03:21:04.800049+00:00 [queued]>
[2024-11-10T03:21:15.218+0000] {taskinstance.py:2076} INFO - Dependencies all met for dep_context=requeueable deps ti=<TaskInstance: Stock_data_analysis_for_two_symbols_lab2.extract manual__2024-11-10T03:21:04.800049+00:00 [queued]>
[2024-11-10T03:21:15.221+0000] {taskinstance.py:2306} INFO - Starting attempt 1 of 2
[2024-11-10T03:21:15.243+0000] {taskinstance.py:2330} INFO - Executing <Task(_PythonDecoratedOperator): extract> on 2024-11-10 03:21:04.800049+00:00
[2024-11-10T03:21:15.250+0000] {warnings.py:110} WARNING - /home/***/.local/lib/python3.12/site-packages/***/task/task_runner/standard_task_runner.py:61: DeprecationWarning: This process (pid=640) is multi-threaded, use of fork() may lead to deadlocks in the child.
  pid = os.fork()

[2024-11-10T03:21:15.252+0000] {standard_task_runner.py:90} INFO - Running: ['***', 'tasks', 'run', 'Stock_data_analysis_for_two_symbols_lab2', 'extract', 'manual__2024-11-10T03:21:04.800049+00:00', '--job-id', '67', '--raw', '--subdir', 'DAGS_FOLDER/dag_stock_price_lab.py', '--cfg-path', '/tmp/tmp7d4fnoc8']
[2024-11-10T03:21:15.253+0000] {standard_task_runner.py:63} INFO - Started process 642 to run task
[2024-11-10T03:21:15.254+0000] {standard_task_runner.py:91} INFO - Job 67: Subtask extract
[2024-11-10T03:21:15.306+0000] {task_command.py:426} INFO - Running <TaskInstance: Stock_data_analysis_for_two_symbols_lab2.extract manual__2024-11-10T03:21:04.800049+00:00 [running]> on host 54218192c81a
[2024-11-10T03:21:15.395+0000] {taskinstance.py:2648} INFO - Exporting env vars: AIRFLOW_CTX_DAG_OWNER='Utkarsh Tripathi' AIRFLOW_CTX_DAG_ID='Stock_data_analysis_for_two_symbols_lab2' AIRFLOW_CTX_TASK_ID='extract' AIRFLOW_CTX_EXECUTION_DATE='2024-11-10T03:21:04.800049+00:00' AIRFLOW_CTX_TRY_NUMBER='1' AIRFLOW_CTX_DAG_RUN_ID='manual__2024-11-10T03:21:04.800049+00:00'
[2024-11-10T03:21:15.397+0000] {taskinstance.py:430} INFO - ::endgroup::
[2024-11-10T03:21:19.190+0000] {python.py:237} INFO - Done. Returned value was:            date    open     high       low   close    volume symbol
0    2024-07-05  221.65  226.450  221.6500  226.34  60412408   AAPL
1    2024-07-08  227.09  227.850  223.2500  227.82  59085861   AAPL
2    2024-07-09  227.93  229.400  226.3721  228.68  48169822   AAPL
3    2024-07-10  229.30  233.080  229.2500  232.98  62627687   AAPL
4    2024-07-11  231.39  232.390  225.7700  227.57  64710617   AAPL
..          ...     ...      ...       ...     ...       ...    ...
175  2024-11-04  409.80  410.415  405.5713  408.46  19672286   MSFT
176  2024-11-05  408.37  414.900  408.0800  411.46  17626011   MSFT
177  2024-11-06  412.42  420.450  410.5200  420.18  26681842   MSFT
178  2024-11-07  421.28  426.850  419.8800  425.43  19901782   MSFT
179  2024-11-08  425.32  426.500  421.7800  422.54  16891414   MSFT

[180 rows x 7 columns]
[2024-11-10T03:21:19.228+0000] {taskinstance.py:441} INFO - ::group::Post task execution logs
[2024-11-10T03:21:19.363+0000] {taskinstance.py:1206} INFO - Marking task as SUCCESS. dag_id=Stock_data_analysis_for_two_symbols_lab2, task_id=extract, run_id=manual__2024-11-10T03:21:04.800049+00:00, execution_date=20241110T032104, start_date=20241110T032115, end_date=20241110T032119
[2024-11-10T03:21:19.411+0000] {local_task_job_runner.py:240} INFO - Task exited with return code 0
[2024-11-10T03:21:19.443+0000] {taskinstance.py:3498} INFO - 1 downstream tasks scheduled from follow-on schedule check
[2024-11-10T03:21:19.451+0000] {local_task_job_runner.py:222} INFO - ::endgroup::
