[2024-10-24T02:36:58.691+0000] {processor.py:161} INFO - Started process (PID=264) to work on /opt/airflow/dags/helloWorld.py
[2024-10-24T02:36:58.693+0000] {processor.py:830} INFO - Processing file /opt/airflow/dags/helloWorld.py for tasks to queue
[2024-10-24T02:36:58.697+0000] {logging_mixin.py:188} INFO - [2024-10-24T02:36:58.697+0000] {dagbag.py:545} INFO - Filling up the DagBag from /opt/airflow/dags/helloWorld.py
[2024-10-24T02:36:58.756+0000] {processor.py:840} INFO - DAG(s) 'HelloWorld' retrieved from /opt/airflow/dags/helloWorld.py
[2024-10-24T02:36:58.914+0000] {logging_mixin.py:188} INFO - [2024-10-24T02:36:58.913+0000] {dag.py:3096} INFO - Sync 1 DAGs
[2024-10-24T02:36:58.953+0000] {logging_mixin.py:188} INFO - [2024-10-24T02:36:58.953+0000] {dag.py:3954} INFO - Setting next_dagrun for HelloWorld to 2024-10-23 02:00:00+00:00, run_after=2024-10-24 02:00:00+00:00
[2024-10-24T02:36:58.998+0000] {processor.py:183} INFO - Processing /opt/airflow/dags/helloWorld.py took 0.318 seconds
[2024-10-24T02:37:29.626+0000] {processor.py:161} INFO - Started process (PID=296) to work on /opt/airflow/dags/helloWorld.py
[2024-10-24T02:37:29.627+0000] {processor.py:830} INFO - Processing file /opt/airflow/dags/helloWorld.py for tasks to queue
[2024-10-24T02:37:29.630+0000] {logging_mixin.py:188} INFO - [2024-10-24T02:37:29.629+0000] {dagbag.py:545} INFO - Filling up the DagBag from /opt/airflow/dags/helloWorld.py
[2024-10-24T02:37:29.655+0000] {processor.py:840} INFO - DAG(s) 'HelloWorld' retrieved from /opt/airflow/dags/helloWorld.py
[2024-10-24T02:37:29.688+0000] {logging_mixin.py:188} INFO - [2024-10-24T02:37:29.688+0000] {dag.py:3096} INFO - Sync 1 DAGs
[2024-10-24T02:37:29.717+0000] {logging_mixin.py:188} INFO - [2024-10-24T02:37:29.716+0000] {dag.py:3954} INFO - Setting next_dagrun for HelloWorld to 2024-10-23 02:00:00+00:00, run_after=2024-10-24 02:00:00+00:00
[2024-10-24T02:37:29.745+0000] {processor.py:183} INFO - Processing /opt/airflow/dags/helloWorld.py took 0.126 seconds
[2024-10-24T02:39:05.208+0000] {processor.py:161} INFO - Started process (PID=212) to work on /opt/airflow/dags/helloWorld.py
[2024-10-24T02:39:05.210+0000] {processor.py:830} INFO - Processing file /opt/airflow/dags/helloWorld.py for tasks to queue
[2024-10-24T02:39:05.214+0000] {logging_mixin.py:188} INFO - [2024-10-24T02:39:05.213+0000] {dagbag.py:545} INFO - Filling up the DagBag from /opt/airflow/dags/helloWorld.py
[2024-10-24T02:39:05.257+0000] {processor.py:840} INFO - DAG(s) 'HelloWorld' retrieved from /opt/airflow/dags/helloWorld.py
[2024-10-24T02:39:05.425+0000] {logging_mixin.py:188} INFO - [2024-10-24T02:39:05.424+0000] {dag.py:3096} INFO - Sync 1 DAGs
[2024-10-24T02:39:05.455+0000] {logging_mixin.py:188} INFO - [2024-10-24T02:39:05.454+0000] {dag.py:3954} INFO - Setting next_dagrun for HelloWorld to 2024-10-23 02:00:00+00:00, run_after=2024-10-24 02:00:00+00:00
[2024-10-24T02:39:05.494+0000] {processor.py:183} INFO - Processing /opt/airflow/dags/helloWorld.py took 0.293 seconds
[2024-10-24T02:39:36.000+0000] {processor.py:161} INFO - Started process (PID=253) to work on /opt/airflow/dags/helloWorld.py
[2024-10-24T02:39:36.001+0000] {processor.py:830} INFO - Processing file /opt/airflow/dags/helloWorld.py for tasks to queue
[2024-10-24T02:39:36.004+0000] {logging_mixin.py:188} INFO - [2024-10-24T02:39:36.004+0000] {dagbag.py:545} INFO - Filling up the DagBag from /opt/airflow/dags/helloWorld.py
[2024-10-24T02:39:36.039+0000] {processor.py:840} INFO - DAG(s) 'HelloWorld' retrieved from /opt/airflow/dags/helloWorld.py
[2024-10-24T02:39:36.076+0000] {logging_mixin.py:188} INFO - [2024-10-24T02:39:36.075+0000] {dag.py:3096} INFO - Sync 1 DAGs
[2024-10-24T02:39:36.107+0000] {logging_mixin.py:188} INFO - [2024-10-24T02:39:36.106+0000] {dag.py:3954} INFO - Setting next_dagrun for HelloWorld to 2024-10-23 02:00:00+00:00, run_after=2024-10-24 02:00:00+00:00
[2024-10-24T02:39:36.150+0000] {processor.py:183} INFO - Processing /opt/airflow/dags/helloWorld.py took 0.157 seconds
