[2024-10-24T02:36:58.086+0000] {processor.py:161} INFO - Started process (PID=252) to work on /opt/airflow/dags/yfinance_to_snowflake.py
[2024-10-24T02:36:58.088+0000] {processor.py:830} INFO - Processing file /opt/airflow/dags/yfinance_to_snowflake.py for tasks to queue
[2024-10-24T02:36:58.092+0000] {logging_mixin.py:188} INFO - [2024-10-24T02:36:58.092+0000] {dagbag.py:545} INFO - Filling up the DagBag from /opt/airflow/dags/yfinance_to_snowflake.py
[2024-10-24T02:36:58.539+0000] {processor.py:840} INFO - DAG(s) 'YfinanceToSnowflake' retrieved from /opt/airflow/dags/yfinance_to_snowflake.py
[2024-10-24T02:36:58.869+0000] {logging_mixin.py:188} INFO - [2024-10-24T02:36:58.868+0000] {dag.py:3096} INFO - Sync 1 DAGs
[2024-10-24T02:36:58.911+0000] {logging_mixin.py:188} INFO - [2024-10-24T02:36:58.911+0000] {dag.py:3954} INFO - Setting next_dagrun for YfinanceToSnowflake to 2024-10-22 17:00:00+00:00, run_after=2024-10-23 17:00:00+00:00
[2024-10-24T02:36:58.959+0000] {processor.py:183} INFO - Processing /opt/airflow/dags/yfinance_to_snowflake.py took 0.881 seconds
[2024-10-24T02:37:29.423+0000] {processor.py:161} INFO - Started process (PID=291) to work on /opt/airflow/dags/yfinance_to_snowflake.py
[2024-10-24T02:37:29.425+0000] {processor.py:830} INFO - Processing file /opt/airflow/dags/yfinance_to_snowflake.py for tasks to queue
[2024-10-24T02:37:29.430+0000] {logging_mixin.py:188} INFO - [2024-10-24T02:37:29.429+0000] {dagbag.py:545} INFO - Filling up the DagBag from /opt/airflow/dags/yfinance_to_snowflake.py
[2024-10-24T02:37:29.670+0000] {processor.py:840} INFO - DAG(s) 'YfinanceToSnowflake' retrieved from /opt/airflow/dags/yfinance_to_snowflake.py
[2024-10-24T02:37:29.699+0000] {logging_mixin.py:188} INFO - [2024-10-24T02:37:29.698+0000] {dag.py:3096} INFO - Sync 1 DAGs
[2024-10-24T02:37:29.725+0000] {logging_mixin.py:188} INFO - [2024-10-24T02:37:29.725+0000] {dag.py:3954} INFO - Setting next_dagrun for YfinanceToSnowflake to 2024-10-22 17:00:00+00:00, run_after=2024-10-23 17:00:00+00:00
[2024-10-24T02:37:29.759+0000] {processor.py:183} INFO - Processing /opt/airflow/dags/yfinance_to_snowflake.py took 0.343 seconds
[2024-10-24T02:39:04.810+0000] {processor.py:161} INFO - Started process (PID=207) to work on /opt/airflow/dags/yfinance_to_snowflake.py
[2024-10-24T02:39:04.812+0000] {processor.py:830} INFO - Processing file /opt/airflow/dags/yfinance_to_snowflake.py for tasks to queue
[2024-10-24T02:39:04.816+0000] {logging_mixin.py:188} INFO - [2024-10-24T02:39:04.815+0000] {dagbag.py:545} INFO - Filling up the DagBag from /opt/airflow/dags/yfinance_to_snowflake.py
[2024-10-24T02:39:05.102+0000] {processor.py:840} INFO - DAG(s) 'YfinanceToSnowflake' retrieved from /opt/airflow/dags/yfinance_to_snowflake.py
[2024-10-24T02:39:05.319+0000] {logging_mixin.py:188} INFO - [2024-10-24T02:39:05.319+0000] {dag.py:3096} INFO - Sync 1 DAGs
[2024-10-24T02:39:05.344+0000] {logging_mixin.py:188} INFO - [2024-10-24T02:39:05.344+0000] {dag.py:3954} INFO - Setting next_dagrun for YfinanceToSnowflake to 2024-10-22 17:00:00+00:00, run_after=2024-10-23 17:00:00+00:00
[2024-10-24T02:39:05.379+0000] {processor.py:183} INFO - Processing /opt/airflow/dags/yfinance_to_snowflake.py took 0.579 seconds
[2024-10-24T02:39:35.814+0000] {processor.py:161} INFO - Started process (PID=248) to work on /opt/airflow/dags/yfinance_to_snowflake.py
[2024-10-24T02:39:35.817+0000] {processor.py:830} INFO - Processing file /opt/airflow/dags/yfinance_to_snowflake.py for tasks to queue
[2024-10-24T02:39:35.820+0000] {logging_mixin.py:188} INFO - [2024-10-24T02:39:35.820+0000] {dagbag.py:545} INFO - Filling up the DagBag from /opt/airflow/dags/yfinance_to_snowflake.py
[2024-10-24T02:39:36.034+0000] {processor.py:840} INFO - DAG(s) 'YfinanceToSnowflake' retrieved from /opt/airflow/dags/yfinance_to_snowflake.py
[2024-10-24T02:39:36.065+0000] {logging_mixin.py:188} INFO - [2024-10-24T02:39:36.064+0000] {dag.py:3096} INFO - Sync 1 DAGs
[2024-10-24T02:39:36.096+0000] {logging_mixin.py:188} INFO - [2024-10-24T02:39:36.096+0000] {dag.py:3954} INFO - Setting next_dagrun for YfinanceToSnowflake to 2024-10-22 17:00:00+00:00, run_after=2024-10-23 17:00:00+00:00
[2024-10-24T02:39:36.127+0000] {processor.py:183} INFO - Processing /opt/airflow/dags/yfinance_to_snowflake.py took 0.321 seconds
