[2024-11-10T03:49:54.610+0000] {local_task_job_runner.py:120} INFO - ::group::Pre task execution logs
[2024-11-10T03:49:54.640+0000] {taskinstance.py:2076} INFO - Dependencies all met for dep_context=non-requeueable deps ti=<TaskInstance: Stock_data_analysis_lab2.extract manual__2024-11-10T03:49:49.449609+00:00 [queued]>
[2024-11-10T03:49:54.652+0000] {taskinstance.py:2076} INFO - Dependencies all met for dep_context=requeueable deps ti=<TaskInstance: Stock_data_analysis_lab2.extract manual__2024-11-10T03:49:49.449609+00:00 [queued]>
[2024-11-10T03:49:54.655+0000] {taskinstance.py:2306} INFO - Starting attempt 1 of 2
[2024-11-10T03:49:54.676+0000] {taskinstance.py:2330} INFO - Executing <Task(_PythonDecoratedOperator): extract> on 2024-11-10 03:49:49.449609+00:00
[2024-11-10T03:49:54.685+0000] {standard_task_runner.py:90} INFO - Running: ['***', 'tasks', 'run', 'Stock_data_analysis_lab2', 'extract', 'manual__2024-11-10T03:49:49.449609+00:00', '--job-id', '97', '--raw', '--subdir', 'DAGS_FOLDER/dag_stock_price_lab.py', '--cfg-path', '/tmp/tmpi1yofvvx']
[2024-11-10T03:49:54.688+0000] {standard_task_runner.py:91} INFO - Job 97: Subtask extract
[2024-11-10T03:49:54.693+0000] {logging_mixin.py:188} WARNING - /home/***/.local/lib/python3.12/site-packages/***/task/task_runner/standard_task_runner.py:61 DeprecationWarning: This process (pid=575) is multi-threaded, use of fork() may lead to deadlocks in the child.
[2024-11-10T03:49:54.694+0000] {standard_task_runner.py:63} INFO - Started process 578 to run task
[2024-11-10T03:49:54.749+0000] {task_command.py:426} INFO - Running <TaskInstance: Stock_data_analysis_lab2.extract manual__2024-11-10T03:49:49.449609+00:00 [running]> on host 22359ceef38b
[2024-11-10T03:49:54.860+0000] {taskinstance.py:2648} INFO - Exporting env vars: AIRFLOW_CTX_DAG_OWNER='Utkarsh Tripathi' AIRFLOW_CTX_DAG_ID='Stock_data_analysis_lab2' AIRFLOW_CTX_TASK_ID='extract' AIRFLOW_CTX_EXECUTION_DATE='2024-11-10T03:49:49.449609+00:00' AIRFLOW_CTX_TRY_NUMBER='1' AIRFLOW_CTX_DAG_RUN_ID='manual__2024-11-10T03:49:49.449609+00:00'
[2024-11-10T03:49:54.862+0000] {taskinstance.py:430} INFO - ::endgroup::
[2024-11-10T03:49:55.404+0000] {python.py:237} INFO - Done. Returned value was:            date    open     high       low   close    volume symbol
0    2024-07-05  221.65  226.450  221.6500  226.34  60412408   AAPL
1    2024-07-08  227.09  227.850  223.2500  227.82  59085861   AAPL
2    2024-07-09  227.93  229.400  226.3721  228.68  48169822   AAPL
3    2024-07-10  229.30  233.080  229.2500  232.98  62627687   AAPL
4    2024-07-11  231.39  232.390  225.7700  227.57  64710617   AAPL
..          ...     ...      ...       ...     ...       ...    ...
175  2024-11-04  409.80  410.415  405.5713  408.46  19672286   MSFT
176  2024-11-05  408.37  414.900  408.0800  411.46  17626011   MSFT
177  2024-11-06  412.42  420.450  410.5200  420.18  26681842   MSFT
178  2024-11-07  421.28  426.850  419.8800  425.43  19901782   MSFT
179  2024-11-08  425.32  426.500  421.7800  422.54  16891414   MSFT

[180 rows x 7 columns]
[2024-11-10T03:49:55.424+0000] {taskinstance.py:441} INFO - ::group::Post task execution logs
[2024-11-10T03:49:55.471+0000] {taskinstance.py:1206} INFO - Marking task as SUCCESS. dag_id=Stock_data_analysis_lab2, task_id=extract, run_id=manual__2024-11-10T03:49:49.449609+00:00, execution_date=20241110T034949, start_date=20241110T034954, end_date=20241110T034955
[2024-11-10T03:49:55.515+0000] {local_task_job_runner.py:240} INFO - Task exited with return code 0
[2024-11-10T03:49:55.540+0000] {taskinstance.py:3498} INFO - 1 downstream tasks scheduled from follow-on schedule check
[2024-11-10T03:49:55.548+0000] {local_task_job_runner.py:222} INFO - ::endgroup::
