[2024-11-10T03:24:55.973+0000] {local_task_job_runner.py:120} INFO - ::group::Pre task execution logs
[2024-11-10T03:24:56.020+0000] {taskinstance.py:2076} INFO - Dependencies all met for dep_context=non-requeueable deps ti=<TaskInstance: Stock_data_analysis_for_two_symbols_lab2.create_stock_prices_table scheduled__2024-11-08T17:00:00+00:00 [queued]>
[2024-11-10T03:24:56.034+0000] {taskinstance.py:2076} INFO - Dependencies all met for dep_context=requeueable deps ti=<TaskInstance: Stock_data_analysis_for_two_symbols_lab2.create_stock_prices_table scheduled__2024-11-08T17:00:00+00:00 [queued]>
[2024-11-10T03:24:56.038+0000] {taskinstance.py:2306} INFO - Starting attempt 2 of 2
[2024-11-10T03:24:56.063+0000] {taskinstance.py:2330} INFO - Executing <Task(_PythonDecoratedOperator): create_stock_prices_table> on 2024-11-08 17:00:00+00:00
[2024-11-10T03:24:56.074+0000] {standard_task_runner.py:90} INFO - Running: ['***', 'tasks', 'run', 'Stock_data_analysis_for_two_symbols_lab2', 'create_stock_prices_table', 'scheduled__2024-11-08T17:00:00+00:00', '--job-id', '70', '--raw', '--subdir', 'DAGS_FOLDER/dag_stock_price_lab.py', '--cfg-path', '/tmp/tmp8tf9dcrs']
[2024-11-10T03:24:56.077+0000] {standard_task_runner.py:91} INFO - Job 70: Subtask create_stock_prices_table
[2024-11-10T03:24:56.080+0000] {logging_mixin.py:188} WARNING - /home/***/.local/lib/python3.12/site-packages/***/task/task_runner/standard_task_runner.py:61 DeprecationWarning: This process (pid=553) is multi-threaded, use of fork() may lead to deadlocks in the child.
[2024-11-10T03:24:56.081+0000] {standard_task_runner.py:63} INFO - Started process 556 to run task
[2024-11-10T03:24:56.154+0000] {task_command.py:426} INFO - Running <TaskInstance: Stock_data_analysis_for_two_symbols_lab2.create_stock_prices_table scheduled__2024-11-08T17:00:00+00:00 [running]> on host 22359ceef38b
[2024-11-10T03:24:56.290+0000] {taskinstance.py:2648} INFO - Exporting env vars: AIRFLOW_CTX_DAG_OWNER='Utkarsh Tripathi' AIRFLOW_CTX_DAG_ID='Stock_data_analysis_for_two_symbols_lab2' AIRFLOW_CTX_TASK_ID='create_stock_prices_table' AIRFLOW_CTX_EXECUTION_DATE='2024-11-08T17:00:00+00:00' AIRFLOW_CTX_TRY_NUMBER='2' AIRFLOW_CTX_DAG_RUN_ID='scheduled__2024-11-08T17:00:00+00:00'
[2024-11-10T03:24:56.292+0000] {taskinstance.py:430} INFO - ::endgroup::
[2024-11-10T03:24:56.323+0000] {connection.py:399} INFO - Snowflake Connector for Python Version: 3.10.0, Python Version: 3.12.3, Platform: Linux-5.15.153.1-microsoft-standard-WSL2-x86_64-with-glibc2.36
[2024-11-10T03:24:56.325+0000] {connection.py:1239} INFO - This connection is in OCSP Fail Open Mode. TLS Certificates would be checked for validity and revocation status. Any other Certificate Revocation related exceptions or OCSP Responder failures would be disregarded in favor of connectivity.
[2024-11-10T03:24:57.295+0000] {cursor.py:1149} INFO - Number of results in first chunk: 1
[2024-11-10T03:24:57.296+0000] {logging_mixin.py:188} INFO - Table created successfully.
[2024-11-10T03:24:57.297+0000] {python.py:237} INFO - Done. Returned value was: None
[2024-11-10T03:24:57.298+0000] {taskinstance.py:441} INFO - ::group::Post task execution logs
[2024-11-10T03:24:57.312+0000] {taskinstance.py:1206} INFO - Marking task as SUCCESS. dag_id=Stock_data_analysis_for_two_symbols_lab2, task_id=create_stock_prices_table, run_id=scheduled__2024-11-08T17:00:00+00:00, execution_date=20241108T170000, start_date=20241110T032456, end_date=20241110T032457
[2024-11-10T03:24:57.344+0000] {local_task_job_runner.py:240} INFO - Task exited with return code 0
[2024-11-10T03:24:57.390+0000] {taskinstance.py:3498} INFO - 1 downstream tasks scheduled from follow-on schedule check
[2024-11-10T03:24:57.395+0000] {local_task_job_runner.py:222} INFO - ::endgroup::
