[2024-11-10T03:27:17.682+0000] {local_task_job_runner.py:120} INFO - ::group::Pre task execution logs
[2024-11-10T03:27:17.738+0000] {taskinstance.py:2076} INFO - Dependencies all met for dep_context=non-requeueable deps ti=<TaskInstance: Stock_data_analysis_for_two_symbols_lab2.check_table_stats scheduled__2024-11-08T17:00:00+00:00 [queued]>
[2024-11-10T03:27:17.756+0000] {taskinstance.py:2076} INFO - Dependencies all met for dep_context=requeueable deps ti=<TaskInstance: Stock_data_analysis_for_two_symbols_lab2.check_table_stats scheduled__2024-11-08T17:00:00+00:00 [queued]>
[2024-11-10T03:27:17.759+0000] {taskinstance.py:2306} INFO - Starting attempt 1 of 2
[2024-11-10T03:27:17.790+0000] {taskinstance.py:2330} INFO - Executing <Task(_PythonDecoratedOperator): check_table_stats> on 2024-11-08 17:00:00+00:00
[2024-11-10T03:27:17.807+0000] {standard_task_runner.py:90} INFO - Running: ['***', 'tasks', 'run', 'Stock_data_analysis_for_two_symbols_lab2', 'check_table_stats', 'scheduled__2024-11-08T17:00:00+00:00', '--job-id', '73', '--raw', '--subdir', 'DAGS_FOLDER/dag_stock_price_lab.py', '--cfg-path', '/tmp/tmpum041b2y']
[2024-11-10T03:27:17.814+0000] {standard_task_runner.py:91} INFO - Job 73: Subtask check_table_stats
[2024-11-10T03:27:17.817+0000] {logging_mixin.py:188} WARNING - /home/***/.local/lib/python3.12/site-packages/***/task/task_runner/standard_task_runner.py:61 DeprecationWarning: This process (pid=703) is multi-threaded, use of fork() may lead to deadlocks in the child.
[2024-11-10T03:27:17.819+0000] {standard_task_runner.py:63} INFO - Started process 706 to run task
[2024-11-10T03:27:17.960+0000] {task_command.py:426} INFO - Running <TaskInstance: Stock_data_analysis_for_two_symbols_lab2.check_table_stats scheduled__2024-11-08T17:00:00+00:00 [running]> on host 22359ceef38b
[2024-11-10T03:27:18.165+0000] {taskinstance.py:2648} INFO - Exporting env vars: AIRFLOW_CTX_DAG_OWNER='Utkarsh Tripathi' AIRFLOW_CTX_DAG_ID='Stock_data_analysis_for_two_symbols_lab2' AIRFLOW_CTX_TASK_ID='check_table_stats' AIRFLOW_CTX_EXECUTION_DATE='2024-11-08T17:00:00+00:00' AIRFLOW_CTX_TRY_NUMBER='1' AIRFLOW_CTX_DAG_RUN_ID='scheduled__2024-11-08T17:00:00+00:00'
[2024-11-10T03:27:18.168+0000] {taskinstance.py:430} INFO - ::endgroup::
[2024-11-10T03:27:18.211+0000] {connection.py:399} INFO - Snowflake Connector for Python Version: 3.10.0, Python Version: 3.12.3, Platform: Linux-5.15.153.1-microsoft-standard-WSL2-x86_64-with-glibc2.36
[2024-11-10T03:27:18.215+0000] {connection.py:1239} INFO - This connection is in OCSP Fail Open Mode. TLS Certificates would be checked for validity and revocation status. Any other Certificate Revocation related exceptions or OCSP Responder failures would be disregarded in favor of connectivity.
[2024-11-10T03:27:19.067+0000] {cursor.py:1149} INFO - Number of results in first chunk: 1
[2024-11-10T03:27:19.069+0000] {logging_mixin.py:188} INFO - First row in the table: (datetime.date(2024, 7, 5), 221.65, 226.45, 221.65, 226.34, 60412408, 'AAPL')
[2024-11-10T03:27:19.070+0000] {python.py:237} INFO - Done. Returned value was: None
[2024-11-10T03:27:19.071+0000] {taskinstance.py:441} INFO - ::group::Post task execution logs
[2024-11-10T03:27:19.090+0000] {taskinstance.py:1206} INFO - Marking task as SUCCESS. dag_id=Stock_data_analysis_for_two_symbols_lab2, task_id=check_table_stats, run_id=scheduled__2024-11-08T17:00:00+00:00, execution_date=20241108T170000, start_date=20241110T032717, end_date=20241110T032719
[2024-11-10T03:27:19.165+0000] {local_task_job_runner.py:240} INFO - Task exited with return code 0
[2024-11-10T03:27:19.203+0000] {taskinstance.py:3498} INFO - 0 downstream tasks scheduled from follow-on schedule check
[2024-11-10T03:27:19.210+0000] {local_task_job_runner.py:222} INFO - ::endgroup::
