[2024-11-10T03:21:22.343+0000] {local_task_job_runner.py:120} INFO - ::group::Pre task execution logs
[2024-11-10T03:21:22.370+0000] {taskinstance.py:2076} INFO - Dependencies all met for dep_context=non-requeueable deps ti=<TaskInstance: Stock_data_analysis_for_two_symbols_lab2.insert_stock_prices manual__2024-11-10T03:21:04.800049+00:00 [queued]>
[2024-11-10T03:21:22.380+0000] {taskinstance.py:2076} INFO - Dependencies all met for dep_context=requeueable deps ti=<TaskInstance: Stock_data_analysis_for_two_symbols_lab2.insert_stock_prices manual__2024-11-10T03:21:04.800049+00:00 [queued]>
[2024-11-10T03:21:22.385+0000] {taskinstance.py:2306} INFO - Starting attempt 1 of 2
[2024-11-10T03:21:22.410+0000] {taskinstance.py:2330} INFO - Executing <Task(_PythonDecoratedOperator): insert_stock_prices> on 2024-11-10 03:21:04.800049+00:00
[2024-11-10T03:21:22.419+0000] {warnings.py:110} WARNING - /home/***/.local/lib/python3.12/site-packages/***/task/task_runner/standard_task_runner.py:61: DeprecationWarning: This process (pid=643) is multi-threaded, use of fork() may lead to deadlocks in the child.
  pid = os.fork()

[2024-11-10T03:21:22.421+0000] {standard_task_runner.py:63} INFO - Started process 645 to run task
[2024-11-10T03:21:22.422+0000] {standard_task_runner.py:90} INFO - Running: ['***', 'tasks', 'run', 'Stock_data_analysis_for_two_symbols_lab2', 'insert_stock_prices', 'manual__2024-11-10T03:21:04.800049+00:00', '--job-id', '68', '--raw', '--subdir', 'DAGS_FOLDER/dag_stock_price_lab.py', '--cfg-path', '/tmp/tmpd_xm9uuq']
[2024-11-10T03:21:22.424+0000] {standard_task_runner.py:91} INFO - Job 68: Subtask insert_stock_prices
[2024-11-10T03:21:22.492+0000] {task_command.py:426} INFO - Running <TaskInstance: Stock_data_analysis_for_two_symbols_lab2.insert_stock_prices manual__2024-11-10T03:21:04.800049+00:00 [running]> on host 54218192c81a
[2024-11-10T03:21:22.756+0000] {taskinstance.py:2648} INFO - Exporting env vars: AIRFLOW_CTX_DAG_OWNER='Utkarsh Tripathi' AIRFLOW_CTX_DAG_ID='Stock_data_analysis_for_two_symbols_lab2' AIRFLOW_CTX_TASK_ID='insert_stock_prices' AIRFLOW_CTX_EXECUTION_DATE='2024-11-10T03:21:04.800049+00:00' AIRFLOW_CTX_TRY_NUMBER='1' AIRFLOW_CTX_DAG_RUN_ID='manual__2024-11-10T03:21:04.800049+00:00'
[2024-11-10T03:21:22.758+0000] {taskinstance.py:430} INFO - ::endgroup::
[2024-11-10T03:21:22.787+0000] {connection.py:399} INFO - Snowflake Connector for Python Version: 3.10.0, Python Version: 3.12.3, Platform: Linux-5.15.153.1-microsoft-standard-WSL2-x86_64-with-glibc2.36
[2024-11-10T03:21:22.789+0000] {connection.py:1239} INFO - This connection is in OCSP Fail Open Mode. TLS Certificates would be checked for validity and revocation status. Any other Certificate Revocation related exceptions or OCSP Responder failures would be disregarded in favor of connectivity.
[2024-11-10T03:21:24.424+0000] {cursor.py:1149} INFO - Number of results in first chunk: 1
[2024-11-10T03:23:31.362+0000] {cursor.py:1149} INFO - Number of results in first chunk: 1
[2024-11-10T03:23:31.365+0000] {logging_mixin.py:188} INFO - Data inserted successfully.
[2024-11-10T03:23:31.367+0000] {python.py:237} INFO - Done. Returned value was: None
[2024-11-10T03:23:31.369+0000] {taskinstance.py:441} INFO - ::group::Post task execution logs
[2024-11-10T03:23:31.383+0000] {taskinstance.py:1206} INFO - Marking task as SUCCESS. dag_id=Stock_data_analysis_for_two_symbols_lab2, task_id=insert_stock_prices, run_id=manual__2024-11-10T03:21:04.800049+00:00, execution_date=20241110T032104, start_date=20241110T032122, end_date=20241110T032331
[2024-11-10T03:23:31.445+0000] {local_task_job_runner.py:240} INFO - Task exited with return code 0
[2024-11-10T03:23:31.477+0000] {taskinstance.py:3498} INFO - 1 downstream tasks scheduled from follow-on schedule check
[2024-11-10T03:23:31.483+0000] {local_task_job_runner.py:222} INFO - ::endgroup::
