[2024-11-01T00:27:27.024+0000] {processor.py:161} INFO - Started process (PID=37159) to work on /opt/airflow/dags/CTAS_Summary_DAG_with_constraints.py
[2024-11-01T00:27:27.034+0000] {processor.py:830} INFO - Processing file /opt/airflow/dags/CTAS_Summary_DAG_with_constraints.py for tasks to queue
[2024-11-01T00:27:27.037+0000] {logging_mixin.py:188} INFO - [2024-11-01T00:27:27.036+0000] {dagbag.py:545} INFO - Filling up the DagBag from /opt/airflow/dags/CTAS_Summary_DAG_with_constraints.py
[2024-11-01T00:27:27.111+0000] {processor.py:840} INFO - DAG(s) 'SessionSummaryWithConstraintsCheck' retrieved from /opt/airflow/dags/CTAS_Summary_DAG_with_constraints.py
[2024-11-01T00:27:27.201+0000] {logging_mixin.py:188} INFO - [2024-11-01T00:27:27.201+0000] {dag.py:3096} INFO - Sync 1 DAGs
[2024-11-01T00:27:27.329+0000] {logging_mixin.py:188} INFO - [2024-11-01T00:27:27.328+0000] {dag.py:3954} INFO - Setting next_dagrun for SessionSummaryWithConstraintsCheck to 2024-10-31 06:00:00+00:00, run_after=2024-11-01 06:00:00+00:00
[2024-11-01T00:27:27.409+0000] {processor.py:183} INFO - Processing /opt/airflow/dags/CTAS_Summary_DAG_with_constraints.py took 0.406 seconds
[2024-11-01T00:27:58.320+0000] {processor.py:161} INFO - Started process (PID=37181) to work on /opt/airflow/dags/CTAS_Summary_DAG_with_constraints.py
[2024-11-01T00:27:58.321+0000] {processor.py:830} INFO - Processing file /opt/airflow/dags/CTAS_Summary_DAG_with_constraints.py for tasks to queue
[2024-11-01T00:27:58.322+0000] {logging_mixin.py:188} INFO - [2024-11-01T00:27:58.322+0000] {dagbag.py:545} INFO - Filling up the DagBag from /opt/airflow/dags/CTAS_Summary_DAG_with_constraints.py
[2024-11-01T00:27:58.357+0000] {processor.py:840} INFO - DAG(s) 'SessionSummaryWithConstraintsCheck' retrieved from /opt/airflow/dags/CTAS_Summary_DAG_with_constraints.py
[2024-11-01T00:27:58.383+0000] {logging_mixin.py:188} INFO - [2024-11-01T00:27:58.383+0000] {dag.py:3096} INFO - Sync 1 DAGs
[2024-11-01T00:27:58.407+0000] {logging_mixin.py:188} INFO - [2024-11-01T00:27:58.407+0000] {dag.py:3954} INFO - Setting next_dagrun for SessionSummaryWithConstraintsCheck to 2024-10-31 06:00:00+00:00, run_after=2024-11-01 06:00:00+00:00
[2024-11-01T00:27:58.552+0000] {processor.py:183} INFO - Processing /opt/airflow/dags/CTAS_Summary_DAG_with_constraints.py took 0.239 seconds
[2024-11-01T00:28:29.217+0000] {processor.py:161} INFO - Started process (PID=37202) to work on /opt/airflow/dags/CTAS_Summary_DAG_with_constraints.py
[2024-11-01T00:28:29.218+0000] {processor.py:830} INFO - Processing file /opt/airflow/dags/CTAS_Summary_DAG_with_constraints.py for tasks to queue
[2024-11-01T00:28:29.219+0000] {logging_mixin.py:188} INFO - [2024-11-01T00:28:29.219+0000] {dagbag.py:545} INFO - Filling up the DagBag from /opt/airflow/dags/CTAS_Summary_DAG_with_constraints.py
[2024-11-01T00:28:29.259+0000] {processor.py:840} INFO - DAG(s) 'SessionSummaryWithConstraintsCheck' retrieved from /opt/airflow/dags/CTAS_Summary_DAG_with_constraints.py
[2024-11-01T00:28:29.292+0000] {logging_mixin.py:188} INFO - [2024-11-01T00:28:29.291+0000] {dag.py:3096} INFO - Sync 1 DAGs
[2024-11-01T00:28:29.435+0000] {logging_mixin.py:188} INFO - [2024-11-01T00:28:29.434+0000] {dag.py:3954} INFO - Setting next_dagrun for SessionSummaryWithConstraintsCheck to 2024-10-31 06:00:00+00:00, run_after=2024-11-01 06:00:00+00:00
[2024-11-01T00:28:29.466+0000] {processor.py:183} INFO - Processing /opt/airflow/dags/CTAS_Summary_DAG_with_constraints.py took 0.254 seconds
[2024-11-01T00:28:59.769+0000] {processor.py:161} INFO - Started process (PID=37229) to work on /opt/airflow/dags/CTAS_Summary_DAG_with_constraints.py
[2024-11-01T00:28:59.771+0000] {processor.py:830} INFO - Processing file /opt/airflow/dags/CTAS_Summary_DAG_with_constraints.py for tasks to queue
[2024-11-01T00:28:59.772+0000] {logging_mixin.py:188} INFO - [2024-11-01T00:28:59.772+0000] {dagbag.py:545} INFO - Filling up the DagBag from /opt/airflow/dags/CTAS_Summary_DAG_with_constraints.py
[2024-11-01T00:28:59.813+0000] {processor.py:840} INFO - DAG(s) 'SessionSummaryWithConstraintsCheck' retrieved from /opt/airflow/dags/CTAS_Summary_DAG_with_constraints.py
[2024-11-01T00:28:59.847+0000] {logging_mixin.py:188} INFO - [2024-11-01T00:28:59.847+0000] {dag.py:3096} INFO - Sync 1 DAGs
[2024-11-01T00:28:59.874+0000] {logging_mixin.py:188} INFO - [2024-11-01T00:28:59.874+0000] {dag.py:3954} INFO - Setting next_dagrun for SessionSummaryWithConstraintsCheck to 2024-10-31 06:00:00+00:00, run_after=2024-11-01 06:00:00+00:00
[2024-11-01T00:28:59.902+0000] {processor.py:183} INFO - Processing /opt/airflow/dags/CTAS_Summary_DAG_with_constraints.py took 0.137 seconds
[2024-11-01T00:29:30.168+0000] {processor.py:161} INFO - Started process (PID=37250) to work on /opt/airflow/dags/CTAS_Summary_DAG_with_constraints.py
[2024-11-01T00:29:30.169+0000] {processor.py:830} INFO - Processing file /opt/airflow/dags/CTAS_Summary_DAG_with_constraints.py for tasks to queue
[2024-11-01T00:29:30.171+0000] {logging_mixin.py:188} INFO - [2024-11-01T00:29:30.171+0000] {dagbag.py:545} INFO - Filling up the DagBag from /opt/airflow/dags/CTAS_Summary_DAG_with_constraints.py
[2024-11-01T00:29:30.218+0000] {processor.py:840} INFO - DAG(s) 'SessionSummaryWithConstraintsCheck' retrieved from /opt/airflow/dags/CTAS_Summary_DAG_with_constraints.py
[2024-11-01T00:29:30.245+0000] {logging_mixin.py:188} INFO - [2024-11-01T00:29:30.245+0000] {dag.py:3096} INFO - Sync 1 DAGs
[2024-11-01T00:29:30.269+0000] {logging_mixin.py:188} INFO - [2024-11-01T00:29:30.269+0000] {dag.py:3954} INFO - Setting next_dagrun for SessionSummaryWithConstraintsCheck to 2024-10-31 06:00:00+00:00, run_after=2024-11-01 06:00:00+00:00
[2024-11-01T00:29:30.298+0000] {processor.py:183} INFO - Processing /opt/airflow/dags/CTAS_Summary_DAG_with_constraints.py took 0.135 seconds
[2024-11-01T00:30:00.728+0000] {processor.py:161} INFO - Started process (PID=37271) to work on /opt/airflow/dags/CTAS_Summary_DAG_with_constraints.py
[2024-11-01T00:30:00.730+0000] {processor.py:830} INFO - Processing file /opt/airflow/dags/CTAS_Summary_DAG_with_constraints.py for tasks to queue
[2024-11-01T00:30:00.731+0000] {logging_mixin.py:188} INFO - [2024-11-01T00:30:00.731+0000] {dagbag.py:545} INFO - Filling up the DagBag from /opt/airflow/dags/CTAS_Summary_DAG_with_constraints.py
[2024-11-01T00:30:00.766+0000] {processor.py:840} INFO - DAG(s) 'SessionSummaryWithConstraintsCheck' retrieved from /opt/airflow/dags/CTAS_Summary_DAG_with_constraints.py
[2024-11-01T00:30:00.793+0000] {logging_mixin.py:188} INFO - [2024-11-01T00:30:00.792+0000] {dag.py:3096} INFO - Sync 1 DAGs
[2024-11-01T00:30:00.814+0000] {logging_mixin.py:188} INFO - [2024-11-01T00:30:00.814+0000] {dag.py:3954} INFO - Setting next_dagrun for SessionSummaryWithConstraintsCheck to 2024-10-31 06:00:00+00:00, run_after=2024-11-01 06:00:00+00:00
[2024-11-01T00:30:00.842+0000] {processor.py:183} INFO - Processing /opt/airflow/dags/CTAS_Summary_DAG_with_constraints.py took 0.120 seconds
[2024-11-01T00:30:31.443+0000] {processor.py:161} INFO - Started process (PID=37292) to work on /opt/airflow/dags/CTAS_Summary_DAG_with_constraints.py
[2024-11-01T00:30:31.444+0000] {processor.py:830} INFO - Processing file /opt/airflow/dags/CTAS_Summary_DAG_with_constraints.py for tasks to queue
[2024-11-01T00:30:31.445+0000] {logging_mixin.py:188} INFO - [2024-11-01T00:30:31.445+0000] {dagbag.py:545} INFO - Filling up the DagBag from /opt/airflow/dags/CTAS_Summary_DAG_with_constraints.py
[2024-11-01T00:30:31.466+0000] {processor.py:840} INFO - DAG(s) 'SessionSummaryWithConstraintsCheck' retrieved from /opt/airflow/dags/CTAS_Summary_DAG_with_constraints.py
[2024-11-01T00:30:31.497+0000] {logging_mixin.py:188} INFO - [2024-11-01T00:30:31.497+0000] {dag.py:3096} INFO - Sync 1 DAGs
[2024-11-01T00:30:31.525+0000] {logging_mixin.py:188} INFO - [2024-11-01T00:30:31.525+0000] {dag.py:3954} INFO - Setting next_dagrun for SessionSummaryWithConstraintsCheck to 2024-10-31 06:00:00+00:00, run_after=2024-11-01 06:00:00+00:00
[2024-11-01T00:30:31.555+0000] {processor.py:183} INFO - Processing /opt/airflow/dags/CTAS_Summary_DAG_with_constraints.py took 0.119 seconds
[2024-11-01T00:31:01.997+0000] {processor.py:161} INFO - Started process (PID=37313) to work on /opt/airflow/dags/CTAS_Summary_DAG_with_constraints.py
[2024-11-01T00:31:01.999+0000] {processor.py:830} INFO - Processing file /opt/airflow/dags/CTAS_Summary_DAG_with_constraints.py for tasks to queue
[2024-11-01T00:31:02.001+0000] {logging_mixin.py:188} INFO - [2024-11-01T00:31:02.000+0000] {dagbag.py:545} INFO - Filling up the DagBag from /opt/airflow/dags/CTAS_Summary_DAG_with_constraints.py
[2024-11-01T00:31:02.048+0000] {processor.py:840} INFO - DAG(s) 'SessionSummaryWithConstraintsCheck' retrieved from /opt/airflow/dags/CTAS_Summary_DAG_with_constraints.py
[2024-11-01T00:31:02.077+0000] {logging_mixin.py:188} INFO - [2024-11-01T00:31:02.076+0000] {dag.py:3096} INFO - Sync 1 DAGs
[2024-11-01T00:31:02.101+0000] {logging_mixin.py:188} INFO - [2024-11-01T00:31:02.101+0000] {dag.py:3954} INFO - Setting next_dagrun for SessionSummaryWithConstraintsCheck to 2024-10-31 06:00:00+00:00, run_after=2024-11-01 06:00:00+00:00
[2024-11-01T00:31:02.251+0000] {processor.py:183} INFO - Processing /opt/airflow/dags/CTAS_Summary_DAG_with_constraints.py took 0.258 seconds
[2024-11-01T00:31:32.927+0000] {processor.py:161} INFO - Started process (PID=37334) to work on /opt/airflow/dags/CTAS_Summary_DAG_with_constraints.py
[2024-11-01T00:31:32.929+0000] {processor.py:830} INFO - Processing file /opt/airflow/dags/CTAS_Summary_DAG_with_constraints.py for tasks to queue
[2024-11-01T00:31:32.930+0000] {logging_mixin.py:188} INFO - [2024-11-01T00:31:32.929+0000] {dagbag.py:545} INFO - Filling up the DagBag from /opt/airflow/dags/CTAS_Summary_DAG_with_constraints.py
[2024-11-01T00:31:32.954+0000] {processor.py:840} INFO - DAG(s) 'SessionSummaryWithConstraintsCheck' retrieved from /opt/airflow/dags/CTAS_Summary_DAG_with_constraints.py
[2024-11-01T00:31:32.982+0000] {logging_mixin.py:188} INFO - [2024-11-01T00:31:32.982+0000] {dag.py:3096} INFO - Sync 1 DAGs
[2024-11-01T00:31:33.141+0000] {logging_mixin.py:188} INFO - [2024-11-01T00:31:33.141+0000] {dag.py:3954} INFO - Setting next_dagrun for SessionSummaryWithConstraintsCheck to 2024-10-31 06:00:00+00:00, run_after=2024-11-01 06:00:00+00:00
[2024-11-01T00:31:33.167+0000] {processor.py:183} INFO - Processing /opt/airflow/dags/CTAS_Summary_DAG_with_constraints.py took 0.245 seconds
[2024-11-01T00:32:03.532+0000] {processor.py:161} INFO - Started process (PID=37355) to work on /opt/airflow/dags/CTAS_Summary_DAG_with_constraints.py
[2024-11-01T00:32:03.533+0000] {processor.py:830} INFO - Processing file /opt/airflow/dags/CTAS_Summary_DAG_with_constraints.py for tasks to queue
[2024-11-01T00:32:03.534+0000] {logging_mixin.py:188} INFO - [2024-11-01T00:32:03.533+0000] {dagbag.py:545} INFO - Filling up the DagBag from /opt/airflow/dags/CTAS_Summary_DAG_with_constraints.py
[2024-11-01T00:32:03.557+0000] {processor.py:840} INFO - DAG(s) 'SessionSummaryWithConstraintsCheck' retrieved from /opt/airflow/dags/CTAS_Summary_DAG_with_constraints.py
[2024-11-01T00:32:03.578+0000] {logging_mixin.py:188} INFO - [2024-11-01T00:32:03.578+0000] {dag.py:3096} INFO - Sync 1 DAGs
[2024-11-01T00:32:03.602+0000] {logging_mixin.py:188} INFO - [2024-11-01T00:32:03.601+0000] {dag.py:3954} INFO - Setting next_dagrun for SessionSummaryWithConstraintsCheck to 2024-10-31 06:00:00+00:00, run_after=2024-11-01 06:00:00+00:00
[2024-11-01T00:32:03.622+0000] {processor.py:183} INFO - Processing /opt/airflow/dags/CTAS_Summary_DAG_with_constraints.py took 0.095 seconds
[2024-11-01T00:32:34.075+0000] {processor.py:161} INFO - Started process (PID=37376) to work on /opt/airflow/dags/CTAS_Summary_DAG_with_constraints.py
[2024-11-01T00:32:34.076+0000] {processor.py:830} INFO - Processing file /opt/airflow/dags/CTAS_Summary_DAG_with_constraints.py for tasks to queue
[2024-11-01T00:32:34.077+0000] {logging_mixin.py:188} INFO - [2024-11-01T00:32:34.077+0000] {dagbag.py:545} INFO - Filling up the DagBag from /opt/airflow/dags/CTAS_Summary_DAG_with_constraints.py
[2024-11-01T00:32:34.098+0000] {processor.py:840} INFO - DAG(s) 'SessionSummaryWithConstraintsCheck' retrieved from /opt/airflow/dags/CTAS_Summary_DAG_with_constraints.py
[2024-11-01T00:32:34.120+0000] {logging_mixin.py:188} INFO - [2024-11-01T00:32:34.120+0000] {dag.py:3096} INFO - Sync 1 DAGs
[2024-11-01T00:32:34.140+0000] {logging_mixin.py:188} INFO - [2024-11-01T00:32:34.139+0000] {dag.py:3954} INFO - Setting next_dagrun for SessionSummaryWithConstraintsCheck to 2024-10-31 06:00:00+00:00, run_after=2024-11-01 06:00:00+00:00
[2024-11-01T00:32:34.161+0000] {processor.py:183} INFO - Processing /opt/airflow/dags/CTAS_Summary_DAG_with_constraints.py took 0.091 seconds
[2024-11-01T00:33:04.580+0000] {processor.py:161} INFO - Started process (PID=37397) to work on /opt/airflow/dags/CTAS_Summary_DAG_with_constraints.py
[2024-11-01T00:33:04.582+0000] {processor.py:830} INFO - Processing file /opt/airflow/dags/CTAS_Summary_DAG_with_constraints.py for tasks to queue
[2024-11-01T00:33:04.583+0000] {logging_mixin.py:188} INFO - [2024-11-01T00:33:04.582+0000] {dagbag.py:545} INFO - Filling up the DagBag from /opt/airflow/dags/CTAS_Summary_DAG_with_constraints.py
[2024-11-01T00:33:04.606+0000] {processor.py:840} INFO - DAG(s) 'SessionSummaryWithConstraintsCheck' retrieved from /opt/airflow/dags/CTAS_Summary_DAG_with_constraints.py
[2024-11-01T00:33:04.627+0000] {logging_mixin.py:188} INFO - [2024-11-01T00:33:04.627+0000] {dag.py:3096} INFO - Sync 1 DAGs
[2024-11-01T00:33:04.649+0000] {logging_mixin.py:188} INFO - [2024-11-01T00:33:04.649+0000] {dag.py:3954} INFO - Setting next_dagrun for SessionSummaryWithConstraintsCheck to 2024-10-31 06:00:00+00:00, run_after=2024-11-01 06:00:00+00:00
[2024-11-01T00:33:04.670+0000] {processor.py:183} INFO - Processing /opt/airflow/dags/CTAS_Summary_DAG_with_constraints.py took 0.094 seconds
[2024-11-01T00:33:35.119+0000] {processor.py:161} INFO - Started process (PID=37418) to work on /opt/airflow/dags/CTAS_Summary_DAG_with_constraints.py
[2024-11-01T00:33:35.121+0000] {processor.py:830} INFO - Processing file /opt/airflow/dags/CTAS_Summary_DAG_with_constraints.py for tasks to queue
[2024-11-01T00:33:35.123+0000] {logging_mixin.py:188} INFO - [2024-11-01T00:33:35.123+0000] {dagbag.py:545} INFO - Filling up the DagBag from /opt/airflow/dags/CTAS_Summary_DAG_with_constraints.py
[2024-11-01T00:33:35.170+0000] {processor.py:840} INFO - DAG(s) 'SessionSummaryWithConstraintsCheck' retrieved from /opt/airflow/dags/CTAS_Summary_DAG_with_constraints.py
[2024-11-01T00:33:35.198+0000] {logging_mixin.py:188} INFO - [2024-11-01T00:33:35.198+0000] {dag.py:3096} INFO - Sync 1 DAGs
[2024-11-01T00:33:35.223+0000] {logging_mixin.py:188} INFO - [2024-11-01T00:33:35.223+0000] {dag.py:3954} INFO - Setting next_dagrun for SessionSummaryWithConstraintsCheck to 2024-10-31 06:00:00+00:00, run_after=2024-11-01 06:00:00+00:00
[2024-11-01T00:33:35.252+0000] {processor.py:183} INFO - Processing /opt/airflow/dags/CTAS_Summary_DAG_with_constraints.py took 0.139 seconds
[2024-11-01T00:34:05.668+0000] {processor.py:161} INFO - Started process (PID=37439) to work on /opt/airflow/dags/CTAS_Summary_DAG_with_constraints.py
[2024-11-01T00:34:05.669+0000] {processor.py:830} INFO - Processing file /opt/airflow/dags/CTAS_Summary_DAG_with_constraints.py for tasks to queue
[2024-11-01T00:34:05.670+0000] {logging_mixin.py:188} INFO - [2024-11-01T00:34:05.670+0000] {dagbag.py:545} INFO - Filling up the DagBag from /opt/airflow/dags/CTAS_Summary_DAG_with_constraints.py
[2024-11-01T00:34:05.699+0000] {processor.py:840} INFO - DAG(s) 'SessionSummaryWithConstraintsCheck' retrieved from /opt/airflow/dags/CTAS_Summary_DAG_with_constraints.py
[2024-11-01T00:34:05.731+0000] {logging_mixin.py:188} INFO - [2024-11-01T00:34:05.731+0000] {dag.py:3096} INFO - Sync 1 DAGs
[2024-11-01T00:34:05.758+0000] {logging_mixin.py:188} INFO - [2024-11-01T00:34:05.758+0000] {dag.py:3954} INFO - Setting next_dagrun for SessionSummaryWithConstraintsCheck to 2024-10-31 06:00:00+00:00, run_after=2024-11-01 06:00:00+00:00
[2024-11-01T00:34:05.931+0000] {processor.py:183} INFO - Processing /opt/airflow/dags/CTAS_Summary_DAG_with_constraints.py took 0.270 seconds
[2024-11-01T00:34:36.402+0000] {processor.py:161} INFO - Started process (PID=37461) to work on /opt/airflow/dags/CTAS_Summary_DAG_with_constraints.py
[2024-11-01T00:34:36.404+0000] {processor.py:830} INFO - Processing file /opt/airflow/dags/CTAS_Summary_DAG_with_constraints.py for tasks to queue
[2024-11-01T00:34:36.406+0000] {logging_mixin.py:188} INFO - [2024-11-01T00:34:36.405+0000] {dagbag.py:545} INFO - Filling up the DagBag from /opt/airflow/dags/CTAS_Summary_DAG_with_constraints.py
[2024-11-01T00:34:36.426+0000] {processor.py:840} INFO - DAG(s) 'SessionSummaryWithConstraintsCheck' retrieved from /opt/airflow/dags/CTAS_Summary_DAG_with_constraints.py
[2024-11-01T00:34:36.449+0000] {logging_mixin.py:188} INFO - [2024-11-01T00:34:36.449+0000] {dag.py:3096} INFO - Sync 1 DAGs
[2024-11-01T00:34:36.601+0000] {logging_mixin.py:188} INFO - [2024-11-01T00:34:36.601+0000] {dag.py:3954} INFO - Setting next_dagrun for SessionSummaryWithConstraintsCheck to 2024-10-31 06:00:00+00:00, run_after=2024-11-01 06:00:00+00:00
[2024-11-01T00:34:36.628+0000] {processor.py:183} INFO - Processing /opt/airflow/dags/CTAS_Summary_DAG_with_constraints.py took 0.231 seconds
[2024-11-01T00:35:07.093+0000] {processor.py:161} INFO - Started process (PID=37482) to work on /opt/airflow/dags/CTAS_Summary_DAG_with_constraints.py
[2024-11-01T00:35:07.094+0000] {processor.py:830} INFO - Processing file /opt/airflow/dags/CTAS_Summary_DAG_with_constraints.py for tasks to queue
[2024-11-01T00:35:07.096+0000] {logging_mixin.py:188} INFO - [2024-11-01T00:35:07.095+0000] {dagbag.py:545} INFO - Filling up the DagBag from /opt/airflow/dags/CTAS_Summary_DAG_with_constraints.py
[2024-11-01T00:35:07.117+0000] {processor.py:840} INFO - DAG(s) 'SessionSummaryWithConstraintsCheck' retrieved from /opt/airflow/dags/CTAS_Summary_DAG_with_constraints.py
[2024-11-01T00:35:07.138+0000] {logging_mixin.py:188} INFO - [2024-11-01T00:35:07.138+0000] {dag.py:3096} INFO - Sync 1 DAGs
[2024-11-01T00:35:07.158+0000] {logging_mixin.py:188} INFO - [2024-11-01T00:35:07.158+0000] {dag.py:3954} INFO - Setting next_dagrun for SessionSummaryWithConstraintsCheck to 2024-10-31 06:00:00+00:00, run_after=2024-11-01 06:00:00+00:00
[2024-11-01T00:35:07.179+0000] {processor.py:183} INFO - Processing /opt/airflow/dags/CTAS_Summary_DAG_with_constraints.py took 0.093 seconds
[2024-11-01T00:35:37.652+0000] {processor.py:161} INFO - Started process (PID=37503) to work on /opt/airflow/dags/CTAS_Summary_DAG_with_constraints.py
[2024-11-01T00:35:37.654+0000] {processor.py:830} INFO - Processing file /opt/airflow/dags/CTAS_Summary_DAG_with_constraints.py for tasks to queue
[2024-11-01T00:35:37.655+0000] {logging_mixin.py:188} INFO - [2024-11-01T00:35:37.655+0000] {dagbag.py:545} INFO - Filling up the DagBag from /opt/airflow/dags/CTAS_Summary_DAG_with_constraints.py
[2024-11-01T00:35:37.679+0000] {processor.py:840} INFO - DAG(s) 'SessionSummaryWithConstraintsCheck' retrieved from /opt/airflow/dags/CTAS_Summary_DAG_with_constraints.py
[2024-11-01T00:35:37.700+0000] {logging_mixin.py:188} INFO - [2024-11-01T00:35:37.699+0000] {dag.py:3096} INFO - Sync 1 DAGs
[2024-11-01T00:35:37.719+0000] {logging_mixin.py:188} INFO - [2024-11-01T00:35:37.719+0000] {dag.py:3954} INFO - Setting next_dagrun for SessionSummaryWithConstraintsCheck to 2024-10-31 06:00:00+00:00, run_after=2024-11-01 06:00:00+00:00
[2024-11-01T00:35:37.741+0000] {processor.py:183} INFO - Processing /opt/airflow/dags/CTAS_Summary_DAG_with_constraints.py took 0.095 seconds
[2024-11-01T00:36:08.157+0000] {processor.py:161} INFO - Started process (PID=37524) to work on /opt/airflow/dags/CTAS_Summary_DAG_with_constraints.py
[2024-11-01T00:36:08.159+0000] {processor.py:830} INFO - Processing file /opt/airflow/dags/CTAS_Summary_DAG_with_constraints.py for tasks to queue
[2024-11-01T00:36:08.161+0000] {logging_mixin.py:188} INFO - [2024-11-01T00:36:08.160+0000] {dagbag.py:545} INFO - Filling up the DagBag from /opt/airflow/dags/CTAS_Summary_DAG_with_constraints.py
[2024-11-01T00:36:08.191+0000] {processor.py:840} INFO - DAG(s) 'SessionSummaryWithConstraintsCheck' retrieved from /opt/airflow/dags/CTAS_Summary_DAG_with_constraints.py
[2024-11-01T00:36:08.222+0000] {logging_mixin.py:188} INFO - [2024-11-01T00:36:08.222+0000] {dag.py:3096} INFO - Sync 1 DAGs
[2024-11-01T00:36:08.247+0000] {logging_mixin.py:188} INFO - [2024-11-01T00:36:08.247+0000] {dag.py:3954} INFO - Setting next_dagrun for SessionSummaryWithConstraintsCheck to 2024-10-31 06:00:00+00:00, run_after=2024-11-01 06:00:00+00:00
[2024-11-01T00:36:08.277+0000] {processor.py:183} INFO - Processing /opt/airflow/dags/CTAS_Summary_DAG_with_constraints.py took 0.130 seconds
[2024-11-01T00:36:38.688+0000] {processor.py:161} INFO - Started process (PID=37544) to work on /opt/airflow/dags/CTAS_Summary_DAG_with_constraints.py
[2024-11-01T00:36:38.690+0000] {processor.py:830} INFO - Processing file /opt/airflow/dags/CTAS_Summary_DAG_with_constraints.py for tasks to queue
[2024-11-01T00:36:38.691+0000] {logging_mixin.py:188} INFO - [2024-11-01T00:36:38.690+0000] {dagbag.py:545} INFO - Filling up the DagBag from /opt/airflow/dags/CTAS_Summary_DAG_with_constraints.py
[2024-11-01T00:36:38.713+0000] {processor.py:840} INFO - DAG(s) 'SessionSummaryWithConstraintsCheck' retrieved from /opt/airflow/dags/CTAS_Summary_DAG_with_constraints.py
[2024-11-01T00:36:38.735+0000] {logging_mixin.py:188} INFO - [2024-11-01T00:36:38.734+0000] {dag.py:3096} INFO - Sync 1 DAGs
[2024-11-01T00:36:38.757+0000] {logging_mixin.py:188} INFO - [2024-11-01T00:36:38.757+0000] {dag.py:3954} INFO - Setting next_dagrun for SessionSummaryWithConstraintsCheck to 2024-10-31 06:00:00+00:00, run_after=2024-11-01 06:00:00+00:00
[2024-11-01T00:36:38.778+0000] {processor.py:183} INFO - Processing /opt/airflow/dags/CTAS_Summary_DAG_with_constraints.py took 0.096 seconds
[2024-11-01T00:37:09.558+0000] {processor.py:161} INFO - Started process (PID=37565) to work on /opt/airflow/dags/CTAS_Summary_DAG_with_constraints.py
[2024-11-01T00:37:09.560+0000] {processor.py:830} INFO - Processing file /opt/airflow/dags/CTAS_Summary_DAG_with_constraints.py for tasks to queue
[2024-11-01T00:37:09.561+0000] {logging_mixin.py:188} INFO - [2024-11-01T00:37:09.561+0000] {dagbag.py:545} INFO - Filling up the DagBag from /opt/airflow/dags/CTAS_Summary_DAG_with_constraints.py
[2024-11-01T00:37:09.593+0000] {processor.py:840} INFO - DAG(s) 'SessionSummaryWithConstraintsCheck' retrieved from /opt/airflow/dags/CTAS_Summary_DAG_with_constraints.py
[2024-11-01T00:37:09.618+0000] {logging_mixin.py:188} INFO - [2024-11-01T00:37:09.618+0000] {dag.py:3096} INFO - Sync 1 DAGs
[2024-11-01T00:37:09.641+0000] {logging_mixin.py:188} INFO - [2024-11-01T00:37:09.641+0000] {dag.py:3954} INFO - Setting next_dagrun for SessionSummaryWithConstraintsCheck to 2024-10-31 06:00:00+00:00, run_after=2024-11-01 06:00:00+00:00
[2024-11-01T00:37:09.789+0000] {processor.py:183} INFO - Processing /opt/airflow/dags/CTAS_Summary_DAG_with_constraints.py took 0.237 seconds
[2024-11-01T00:37:40.277+0000] {processor.py:161} INFO - Started process (PID=37586) to work on /opt/airflow/dags/CTAS_Summary_DAG_with_constraints.py
[2024-11-01T00:37:40.278+0000] {processor.py:830} INFO - Processing file /opt/airflow/dags/CTAS_Summary_DAG_with_constraints.py for tasks to queue
[2024-11-01T00:37:40.280+0000] {logging_mixin.py:188} INFO - [2024-11-01T00:37:40.279+0000] {dagbag.py:545} INFO - Filling up the DagBag from /opt/airflow/dags/CTAS_Summary_DAG_with_constraints.py
[2024-11-01T00:37:40.317+0000] {processor.py:840} INFO - DAG(s) 'SessionSummaryWithConstraintsCheck' retrieved from /opt/airflow/dags/CTAS_Summary_DAG_with_constraints.py
[2024-11-01T00:37:40.348+0000] {logging_mixin.py:188} INFO - [2024-11-01T00:37:40.347+0000] {dag.py:3096} INFO - Sync 1 DAGs
[2024-11-01T00:37:40.507+0000] {logging_mixin.py:188} INFO - [2024-11-01T00:37:40.506+0000] {dag.py:3954} INFO - Setting next_dagrun for SessionSummaryWithConstraintsCheck to 2024-10-31 06:00:00+00:00, run_after=2024-11-01 06:00:00+00:00
[2024-11-01T00:37:40.529+0000] {processor.py:183} INFO - Processing /opt/airflow/dags/CTAS_Summary_DAG_with_constraints.py took 0.259 seconds
[2024-11-01T00:38:10.749+0000] {processor.py:161} INFO - Started process (PID=37607) to work on /opt/airflow/dags/CTAS_Summary_DAG_with_constraints.py
[2024-11-01T00:38:10.750+0000] {processor.py:830} INFO - Processing file /opt/airflow/dags/CTAS_Summary_DAG_with_constraints.py for tasks to queue
[2024-11-01T00:38:10.751+0000] {logging_mixin.py:188} INFO - [2024-11-01T00:38:10.751+0000] {dagbag.py:545} INFO - Filling up the DagBag from /opt/airflow/dags/CTAS_Summary_DAG_with_constraints.py
[2024-11-01T00:38:10.770+0000] {processor.py:840} INFO - DAG(s) 'SessionSummaryWithConstraintsCheck' retrieved from /opt/airflow/dags/CTAS_Summary_DAG_with_constraints.py
[2024-11-01T00:38:10.792+0000] {logging_mixin.py:188} INFO - [2024-11-01T00:38:10.791+0000] {dag.py:3096} INFO - Sync 1 DAGs
[2024-11-01T00:38:10.812+0000] {logging_mixin.py:188} INFO - [2024-11-01T00:38:10.812+0000] {dag.py:3954} INFO - Setting next_dagrun for SessionSummaryWithConstraintsCheck to 2024-10-31 06:00:00+00:00, run_after=2024-11-01 06:00:00+00:00
[2024-11-01T00:38:10.833+0000] {processor.py:183} INFO - Processing /opt/airflow/dags/CTAS_Summary_DAG_with_constraints.py took 0.089 seconds
[2024-11-01T00:38:41.213+0000] {processor.py:161} INFO - Started process (PID=37628) to work on /opt/airflow/dags/CTAS_Summary_DAG_with_constraints.py
[2024-11-01T00:38:41.214+0000] {processor.py:830} INFO - Processing file /opt/airflow/dags/CTAS_Summary_DAG_with_constraints.py for tasks to queue
[2024-11-01T00:38:41.216+0000] {logging_mixin.py:188} INFO - [2024-11-01T00:38:41.216+0000] {dagbag.py:545} INFO - Filling up the DagBag from /opt/airflow/dags/CTAS_Summary_DAG_with_constraints.py
[2024-11-01T00:38:41.256+0000] {processor.py:840} INFO - DAG(s) 'SessionSummaryWithConstraintsCheck' retrieved from /opt/airflow/dags/CTAS_Summary_DAG_with_constraints.py
[2024-11-01T00:38:41.282+0000] {logging_mixin.py:188} INFO - [2024-11-01T00:38:41.282+0000] {dag.py:3096} INFO - Sync 1 DAGs
[2024-11-01T00:38:41.305+0000] {logging_mixin.py:188} INFO - [2024-11-01T00:38:41.304+0000] {dag.py:3954} INFO - Setting next_dagrun for SessionSummaryWithConstraintsCheck to 2024-10-31 06:00:00+00:00, run_after=2024-11-01 06:00:00+00:00
[2024-11-01T00:38:41.339+0000] {processor.py:183} INFO - Processing /opt/airflow/dags/CTAS_Summary_DAG_with_constraints.py took 0.132 seconds
[2024-11-01T00:39:11.918+0000] {processor.py:161} INFO - Started process (PID=37650) to work on /opt/airflow/dags/CTAS_Summary_DAG_with_constraints.py
[2024-11-01T00:39:11.919+0000] {processor.py:830} INFO - Processing file /opt/airflow/dags/CTAS_Summary_DAG_with_constraints.py for tasks to queue
[2024-11-01T00:39:11.920+0000] {logging_mixin.py:188} INFO - [2024-11-01T00:39:11.920+0000] {dagbag.py:545} INFO - Filling up the DagBag from /opt/airflow/dags/CTAS_Summary_DAG_with_constraints.py
[2024-11-01T00:39:11.940+0000] {processor.py:840} INFO - DAG(s) 'SessionSummaryWithConstraintsCheck' retrieved from /opt/airflow/dags/CTAS_Summary_DAG_with_constraints.py
[2024-11-01T00:39:11.962+0000] {logging_mixin.py:188} INFO - [2024-11-01T00:39:11.962+0000] {dag.py:3096} INFO - Sync 1 DAGs
[2024-11-01T00:39:11.986+0000] {logging_mixin.py:188} INFO - [2024-11-01T00:39:11.985+0000] {dag.py:3954} INFO - Setting next_dagrun for SessionSummaryWithConstraintsCheck to 2024-10-31 06:00:00+00:00, run_after=2024-11-01 06:00:00+00:00
[2024-11-01T00:39:12.009+0000] {processor.py:183} INFO - Processing /opt/airflow/dags/CTAS_Summary_DAG_with_constraints.py took 0.096 seconds
[2024-11-01T00:39:42.408+0000] {processor.py:161} INFO - Started process (PID=37671) to work on /opt/airflow/dags/CTAS_Summary_DAG_with_constraints.py
[2024-11-01T00:39:42.410+0000] {processor.py:830} INFO - Processing file /opt/airflow/dags/CTAS_Summary_DAG_with_constraints.py for tasks to queue
[2024-11-01T00:39:42.412+0000] {logging_mixin.py:188} INFO - [2024-11-01T00:39:42.412+0000] {dagbag.py:545} INFO - Filling up the DagBag from /opt/airflow/dags/CTAS_Summary_DAG_with_constraints.py
[2024-11-01T00:39:42.467+0000] {processor.py:840} INFO - DAG(s) 'SessionSummaryWithConstraintsCheck' retrieved from /opt/airflow/dags/CTAS_Summary_DAG_with_constraints.py
[2024-11-01T00:39:42.512+0000] {logging_mixin.py:188} INFO - [2024-11-01T00:39:42.511+0000] {dag.py:3096} INFO - Sync 1 DAGs
[2024-11-01T00:39:42.536+0000] {logging_mixin.py:188} INFO - [2024-11-01T00:39:42.536+0000] {dag.py:3954} INFO - Setting next_dagrun for SessionSummaryWithConstraintsCheck to 2024-10-31 06:00:00+00:00, run_after=2024-11-01 06:00:00+00:00
[2024-11-01T00:39:42.562+0000] {processor.py:183} INFO - Processing /opt/airflow/dags/CTAS_Summary_DAG_with_constraints.py took 0.160 seconds
[2024-11-01T00:40:13.125+0000] {processor.py:161} INFO - Started process (PID=37692) to work on /opt/airflow/dags/CTAS_Summary_DAG_with_constraints.py
[2024-11-01T00:40:13.127+0000] {processor.py:830} INFO - Processing file /opt/airflow/dags/CTAS_Summary_DAG_with_constraints.py for tasks to queue
[2024-11-01T00:40:13.129+0000] {logging_mixin.py:188} INFO - [2024-11-01T00:40:13.128+0000] {dagbag.py:545} INFO - Filling up the DagBag from /opt/airflow/dags/CTAS_Summary_DAG_with_constraints.py
[2024-11-01T00:40:13.168+0000] {processor.py:840} INFO - DAG(s) 'SessionSummaryWithConstraintsCheck' retrieved from /opt/airflow/dags/CTAS_Summary_DAG_with_constraints.py
[2024-11-01T00:40:13.196+0000] {logging_mixin.py:188} INFO - [2024-11-01T00:40:13.196+0000] {dag.py:3096} INFO - Sync 1 DAGs
[2024-11-01T00:40:13.228+0000] {logging_mixin.py:188} INFO - [2024-11-01T00:40:13.227+0000] {dag.py:3954} INFO - Setting next_dagrun for SessionSummaryWithConstraintsCheck to 2024-10-31 06:00:00+00:00, run_after=2024-11-01 06:00:00+00:00
[2024-11-01T00:40:13.385+0000] {processor.py:183} INFO - Processing /opt/airflow/dags/CTAS_Summary_DAG_with_constraints.py took 0.268 seconds
[2024-11-01T00:40:43.908+0000] {processor.py:161} INFO - Started process (PID=37713) to work on /opt/airflow/dags/CTAS_Summary_DAG_with_constraints.py
[2024-11-01T00:40:43.910+0000] {processor.py:830} INFO - Processing file /opt/airflow/dags/CTAS_Summary_DAG_with_constraints.py for tasks to queue
[2024-11-01T00:40:43.911+0000] {logging_mixin.py:188} INFO - [2024-11-01T00:40:43.910+0000] {dagbag.py:545} INFO - Filling up the DagBag from /opt/airflow/dags/CTAS_Summary_DAG_with_constraints.py
[2024-11-01T00:40:43.932+0000] {processor.py:840} INFO - DAG(s) 'SessionSummaryWithConstraintsCheck' retrieved from /opt/airflow/dags/CTAS_Summary_DAG_with_constraints.py
[2024-11-01T00:40:43.957+0000] {logging_mixin.py:188} INFO - [2024-11-01T00:40:43.957+0000] {dag.py:3096} INFO - Sync 1 DAGs
[2024-11-01T00:40:44.111+0000] {logging_mixin.py:188} INFO - [2024-11-01T00:40:44.111+0000] {dag.py:3954} INFO - Setting next_dagrun for SessionSummaryWithConstraintsCheck to 2024-10-31 06:00:00+00:00, run_after=2024-11-01 06:00:00+00:00
[2024-11-01T00:40:44.142+0000] {processor.py:183} INFO - Processing /opt/airflow/dags/CTAS_Summary_DAG_with_constraints.py took 0.241 seconds
[2024-11-01T00:55:30.105+0000] {processor.py:161} INFO - Started process (PID=37718) to work on /opt/airflow/dags/CTAS_Summary_DAG_with_constraints.py
[2024-11-01T00:55:30.108+0000] {processor.py:830} INFO - Processing file /opt/airflow/dags/CTAS_Summary_DAG_with_constraints.py for tasks to queue
[2024-11-01T00:55:30.111+0000] {logging_mixin.py:188} INFO - [2024-11-01T00:55:30.111+0000] {dagbag.py:545} INFO - Filling up the DagBag from /opt/airflow/dags/CTAS_Summary_DAG_with_constraints.py
[2024-11-01T00:55:30.295+0000] {processor.py:840} INFO - DAG(s) 'SessionSummaryWithConstraintsCheck' retrieved from /opt/airflow/dags/CTAS_Summary_DAG_with_constraints.py
[2024-11-01T00:55:30.469+0000] {logging_mixin.py:188} INFO - [2024-11-01T00:55:30.468+0000] {dag.py:3096} INFO - Sync 1 DAGs
[2024-11-01T00:55:31.423+0000] {logging_mixin.py:188} INFO - [2024-11-01T00:55:31.422+0000] {dag.py:3954} INFO - Setting next_dagrun for SessionSummaryWithConstraintsCheck to 2024-10-31 06:00:00+00:00, run_after=2024-11-01 06:00:00+00:00
[2024-11-01T00:55:31.519+0000] {processor.py:183} INFO - Processing /opt/airflow/dags/CTAS_Summary_DAG_with_constraints.py took 1.436 seconds
[2024-11-01T07:16:11.196+0000] {processor.py:161} INFO - Started process (PID=37739) to work on /opt/airflow/dags/CTAS_Summary_DAG_with_constraints.py
[2024-11-01T07:16:11.216+0000] {processor.py:830} INFO - Processing file /opt/airflow/dags/CTAS_Summary_DAG_with_constraints.py for tasks to queue
[2024-11-01T07:16:11.224+0000] {logging_mixin.py:188} INFO - [2024-11-01T07:16:11.223+0000] {dagbag.py:545} INFO - Filling up the DagBag from /opt/airflow/dags/CTAS_Summary_DAG_with_constraints.py
[2024-11-01T07:16:11.317+0000] {processor.py:840} INFO - DAG(s) 'SessionSummaryWithConstraintsCheck' retrieved from /opt/airflow/dags/CTAS_Summary_DAG_with_constraints.py
[2024-11-01T07:16:11.441+0000] {logging_mixin.py:188} INFO - [2024-11-01T07:16:11.440+0000] {dag.py:3096} INFO - Sync 1 DAGs
[2024-11-01T07:16:11.558+0000] {logging_mixin.py:188} INFO - [2024-11-01T07:16:11.558+0000] {dag.py:3954} INFO - Setting next_dagrun for SessionSummaryWithConstraintsCheck to 2024-11-01 06:00:00+00:00, run_after=2024-11-02 06:00:00+00:00
[2024-11-01T07:16:11.670+0000] {processor.py:183} INFO - Processing /opt/airflow/dags/CTAS_Summary_DAG_with_constraints.py took 0.499 seconds
