[2024-11-01T00:27:56.834+0000] {processor.py:161} INFO - Started process (PID=37171) to work on /opt/airflow/dags/SnowflakeTableCreation.py
[2024-11-01T00:27:56.835+0000] {processor.py:830} INFO - Processing file /opt/airflow/dags/SnowflakeTableCreation.py for tasks to queue
[2024-11-01T00:27:56.837+0000] {logging_mixin.py:188} INFO - [2024-11-01T00:27:56.837+0000] {dagbag.py:545} INFO - Filling up the DagBag from /opt/airflow/dags/SnowflakeTableCreation.py
[2024-11-01T00:27:56.869+0000] {processor.py:840} INFO - DAG(s) 'SnowflakeTableCreation' retrieved from /opt/airflow/dags/SnowflakeTableCreation.py
[2024-11-01T00:27:57.175+0000] {logging_mixin.py:188} INFO - [2024-11-01T00:27:57.175+0000] {dag.py:3096} INFO - Sync 1 DAGs
[2024-11-01T00:27:57.196+0000] {logging_mixin.py:188} INFO - [2024-11-01T00:27:57.195+0000] {dag.py:3954} INFO - Setting next_dagrun for SnowflakeTableCreation to 2024-10-31 06:00:00+00:00, run_after=2024-11-01 06:00:00+00:00
[2024-11-01T00:27:57.229+0000] {processor.py:183} INFO - Processing /opt/airflow/dags/SnowflakeTableCreation.py took 0.401 seconds
[2024-11-01T00:28:27.871+0000] {processor.py:161} INFO - Started process (PID=37192) to work on /opt/airflow/dags/SnowflakeTableCreation.py
[2024-11-01T00:28:27.872+0000] {processor.py:830} INFO - Processing file /opt/airflow/dags/SnowflakeTableCreation.py for tasks to queue
[2024-11-01T00:28:27.874+0000] {logging_mixin.py:188} INFO - [2024-11-01T00:28:27.874+0000] {dagbag.py:545} INFO - Filling up the DagBag from /opt/airflow/dags/SnowflakeTableCreation.py
[2024-11-01T00:28:27.912+0000] {processor.py:840} INFO - DAG(s) 'SnowflakeTableCreation' retrieved from /opt/airflow/dags/SnowflakeTableCreation.py
[2024-11-01T00:28:27.940+0000] {logging_mixin.py:188} INFO - [2024-11-01T00:28:27.940+0000] {dag.py:3096} INFO - Sync 1 DAGs
[2024-11-01T00:28:28.139+0000] {logging_mixin.py:188} INFO - [2024-11-01T00:28:28.139+0000] {dag.py:3954} INFO - Setting next_dagrun for SnowflakeTableCreation to 2024-10-31 06:00:00+00:00, run_after=2024-11-01 06:00:00+00:00
[2024-11-01T00:28:28.165+0000] {processor.py:183} INFO - Processing /opt/airflow/dags/SnowflakeTableCreation.py took 0.301 seconds
[2024-11-01T00:28:58.579+0000] {processor.py:161} INFO - Started process (PID=37213) to work on /opt/airflow/dags/SnowflakeTableCreation.py
[2024-11-01T00:28:58.580+0000] {processor.py:830} INFO - Processing file /opt/airflow/dags/SnowflakeTableCreation.py for tasks to queue
[2024-11-01T00:28:58.581+0000] {logging_mixin.py:188} INFO - [2024-11-01T00:28:58.581+0000] {dagbag.py:545} INFO - Filling up the DagBag from /opt/airflow/dags/SnowflakeTableCreation.py
[2024-11-01T00:28:58.607+0000] {processor.py:840} INFO - DAG(s) 'SnowflakeTableCreation' retrieved from /opt/airflow/dags/SnowflakeTableCreation.py
[2024-11-01T00:28:58.635+0000] {logging_mixin.py:188} INFO - [2024-11-01T00:28:58.635+0000] {dag.py:3096} INFO - Sync 1 DAGs
[2024-11-01T00:28:58.664+0000] {logging_mixin.py:188} INFO - [2024-11-01T00:28:58.664+0000] {dag.py:3954} INFO - Setting next_dagrun for SnowflakeTableCreation to 2024-10-31 06:00:00+00:00, run_after=2024-11-01 06:00:00+00:00
[2024-11-01T00:28:58.698+0000] {processor.py:183} INFO - Processing /opt/airflow/dags/SnowflakeTableCreation.py took 0.126 seconds
[2024-11-01T00:29:29.127+0000] {processor.py:161} INFO - Started process (PID=37234) to work on /opt/airflow/dags/SnowflakeTableCreation.py
[2024-11-01T00:29:29.129+0000] {processor.py:830} INFO - Processing file /opt/airflow/dags/SnowflakeTableCreation.py for tasks to queue
[2024-11-01T00:29:29.130+0000] {logging_mixin.py:188} INFO - [2024-11-01T00:29:29.130+0000] {dagbag.py:545} INFO - Filling up the DagBag from /opt/airflow/dags/SnowflakeTableCreation.py
[2024-11-01T00:29:29.159+0000] {processor.py:840} INFO - DAG(s) 'SnowflakeTableCreation' retrieved from /opt/airflow/dags/SnowflakeTableCreation.py
[2024-11-01T00:29:29.191+0000] {logging_mixin.py:188} INFO - [2024-11-01T00:29:29.190+0000] {dag.py:3096} INFO - Sync 1 DAGs
[2024-11-01T00:29:29.217+0000] {logging_mixin.py:188} INFO - [2024-11-01T00:29:29.216+0000] {dag.py:3954} INFO - Setting next_dagrun for SnowflakeTableCreation to 2024-10-31 06:00:00+00:00, run_after=2024-11-01 06:00:00+00:00
[2024-11-01T00:29:29.245+0000] {processor.py:183} INFO - Processing /opt/airflow/dags/SnowflakeTableCreation.py took 0.127 seconds
[2024-11-01T00:29:59.679+0000] {processor.py:161} INFO - Started process (PID=37261) to work on /opt/airflow/dags/SnowflakeTableCreation.py
[2024-11-01T00:29:59.681+0000] {processor.py:830} INFO - Processing file /opt/airflow/dags/SnowflakeTableCreation.py for tasks to queue
[2024-11-01T00:29:59.682+0000] {logging_mixin.py:188} INFO - [2024-11-01T00:29:59.682+0000] {dagbag.py:545} INFO - Filling up the DagBag from /opt/airflow/dags/SnowflakeTableCreation.py
[2024-11-01T00:29:59.722+0000] {processor.py:840} INFO - DAG(s) 'SnowflakeTableCreation' retrieved from /opt/airflow/dags/SnowflakeTableCreation.py
[2024-11-01T00:29:59.753+0000] {logging_mixin.py:188} INFO - [2024-11-01T00:29:59.752+0000] {dag.py:3096} INFO - Sync 1 DAGs
[2024-11-01T00:29:59.783+0000] {logging_mixin.py:188} INFO - [2024-11-01T00:29:59.783+0000] {dag.py:3954} INFO - Setting next_dagrun for SnowflakeTableCreation to 2024-10-31 06:00:00+00:00, run_after=2024-11-01 06:00:00+00:00
[2024-11-01T00:29:59.811+0000] {processor.py:183} INFO - Processing /opt/airflow/dags/SnowflakeTableCreation.py took 0.139 seconds
[2024-11-01T00:30:30.258+0000] {processor.py:161} INFO - Started process (PID=37282) to work on /opt/airflow/dags/SnowflakeTableCreation.py
[2024-11-01T00:30:30.259+0000] {processor.py:830} INFO - Processing file /opt/airflow/dags/SnowflakeTableCreation.py for tasks to queue
[2024-11-01T00:30:30.262+0000] {logging_mixin.py:188} INFO - [2024-11-01T00:30:30.261+0000] {dagbag.py:545} INFO - Filling up the DagBag from /opt/airflow/dags/SnowflakeTableCreation.py
[2024-11-01T00:30:30.289+0000] {processor.py:840} INFO - DAG(s) 'SnowflakeTableCreation' retrieved from /opt/airflow/dags/SnowflakeTableCreation.py
[2024-11-01T00:30:30.323+0000] {logging_mixin.py:188} INFO - [2024-11-01T00:30:30.323+0000] {dag.py:3096} INFO - Sync 1 DAGs
[2024-11-01T00:30:30.348+0000] {logging_mixin.py:188} INFO - [2024-11-01T00:30:30.347+0000] {dag.py:3954} INFO - Setting next_dagrun for SnowflakeTableCreation to 2024-10-31 06:00:00+00:00, run_after=2024-11-01 06:00:00+00:00
[2024-11-01T00:30:30.374+0000] {processor.py:183} INFO - Processing /opt/airflow/dags/SnowflakeTableCreation.py took 0.123 seconds
[2024-11-01T00:31:00.838+0000] {processor.py:161} INFO - Started process (PID=37303) to work on /opt/airflow/dags/SnowflakeTableCreation.py
[2024-11-01T00:31:00.839+0000] {processor.py:830} INFO - Processing file /opt/airflow/dags/SnowflakeTableCreation.py for tasks to queue
[2024-11-01T00:31:00.841+0000] {logging_mixin.py:188} INFO - [2024-11-01T00:31:00.840+0000] {dagbag.py:545} INFO - Filling up the DagBag from /opt/airflow/dags/SnowflakeTableCreation.py
[2024-11-01T00:31:00.880+0000] {processor.py:840} INFO - DAG(s) 'SnowflakeTableCreation' retrieved from /opt/airflow/dags/SnowflakeTableCreation.py
[2024-11-01T00:31:00.909+0000] {logging_mixin.py:188} INFO - [2024-11-01T00:31:00.909+0000] {dag.py:3096} INFO - Sync 1 DAGs
[2024-11-01T00:31:00.935+0000] {logging_mixin.py:188} INFO - [2024-11-01T00:31:00.935+0000] {dag.py:3954} INFO - Setting next_dagrun for SnowflakeTableCreation to 2024-10-31 06:00:00+00:00, run_after=2024-11-01 06:00:00+00:00
[2024-11-01T00:31:01.127+0000] {processor.py:183} INFO - Processing /opt/airflow/dags/SnowflakeTableCreation.py took 0.296 seconds
[2024-11-01T00:31:31.574+0000] {processor.py:161} INFO - Started process (PID=37324) to work on /opt/airflow/dags/SnowflakeTableCreation.py
[2024-11-01T00:31:31.576+0000] {processor.py:830} INFO - Processing file /opt/airflow/dags/SnowflakeTableCreation.py for tasks to queue
[2024-11-01T00:31:31.578+0000] {logging_mixin.py:188} INFO - [2024-11-01T00:31:31.577+0000] {dagbag.py:545} INFO - Filling up the DagBag from /opt/airflow/dags/SnowflakeTableCreation.py
[2024-11-01T00:31:31.612+0000] {processor.py:840} INFO - DAG(s) 'SnowflakeTableCreation' retrieved from /opt/airflow/dags/SnowflakeTableCreation.py
[2024-11-01T00:31:31.646+0000] {logging_mixin.py:188} INFO - [2024-11-01T00:31:31.645+0000] {dag.py:3096} INFO - Sync 1 DAGs
[2024-11-01T00:31:31.821+0000] {logging_mixin.py:188} INFO - [2024-11-01T00:31:31.820+0000] {dag.py:3954} INFO - Setting next_dagrun for SnowflakeTableCreation to 2024-10-31 06:00:00+00:00, run_after=2024-11-01 06:00:00+00:00
[2024-11-01T00:31:31.860+0000] {processor.py:183} INFO - Processing /opt/airflow/dags/SnowflakeTableCreation.py took 0.293 seconds
[2024-11-01T00:32:02.305+0000] {processor.py:161} INFO - Started process (PID=37345) to work on /opt/airflow/dags/SnowflakeTableCreation.py
[2024-11-01T00:32:02.306+0000] {processor.py:830} INFO - Processing file /opt/airflow/dags/SnowflakeTableCreation.py for tasks to queue
[2024-11-01T00:32:02.308+0000] {logging_mixin.py:188} INFO - [2024-11-01T00:32:02.307+0000] {dagbag.py:545} INFO - Filling up the DagBag from /opt/airflow/dags/SnowflakeTableCreation.py
[2024-11-01T00:32:02.343+0000] {processor.py:840} INFO - DAG(s) 'SnowflakeTableCreation' retrieved from /opt/airflow/dags/SnowflakeTableCreation.py
[2024-11-01T00:32:02.394+0000] {logging_mixin.py:188} INFO - [2024-11-01T00:32:02.393+0000] {dag.py:3096} INFO - Sync 1 DAGs
[2024-11-01T00:32:02.421+0000] {logging_mixin.py:188} INFO - [2024-11-01T00:32:02.421+0000] {dag.py:3954} INFO - Setting next_dagrun for SnowflakeTableCreation to 2024-10-31 06:00:00+00:00, run_after=2024-11-01 06:00:00+00:00
[2024-11-01T00:32:02.456+0000] {processor.py:183} INFO - Processing /opt/airflow/dags/SnowflakeTableCreation.py took 0.158 seconds
[2024-11-01T00:32:33.025+0000] {processor.py:161} INFO - Started process (PID=37366) to work on /opt/airflow/dags/SnowflakeTableCreation.py
[2024-11-01T00:32:33.027+0000] {processor.py:830} INFO - Processing file /opt/airflow/dags/SnowflakeTableCreation.py for tasks to queue
[2024-11-01T00:32:33.028+0000] {logging_mixin.py:188} INFO - [2024-11-01T00:32:33.028+0000] {dagbag.py:545} INFO - Filling up the DagBag from /opt/airflow/dags/SnowflakeTableCreation.py
[2024-11-01T00:32:33.069+0000] {processor.py:840} INFO - DAG(s) 'SnowflakeTableCreation' retrieved from /opt/airflow/dags/SnowflakeTableCreation.py
[2024-11-01T00:32:33.094+0000] {logging_mixin.py:188} INFO - [2024-11-01T00:32:33.094+0000] {dag.py:3096} INFO - Sync 1 DAGs
[2024-11-01T00:32:33.118+0000] {logging_mixin.py:188} INFO - [2024-11-01T00:32:33.118+0000] {dag.py:3954} INFO - Setting next_dagrun for SnowflakeTableCreation to 2024-10-31 06:00:00+00:00, run_after=2024-11-01 06:00:00+00:00
[2024-11-01T00:32:33.147+0000] {processor.py:183} INFO - Processing /opt/airflow/dags/SnowflakeTableCreation.py took 0.131 seconds
[2024-11-01T00:33:03.456+0000] {processor.py:161} INFO - Started process (PID=37387) to work on /opt/airflow/dags/SnowflakeTableCreation.py
[2024-11-01T00:33:03.457+0000] {processor.py:830} INFO - Processing file /opt/airflow/dags/SnowflakeTableCreation.py for tasks to queue
[2024-11-01T00:33:03.458+0000] {logging_mixin.py:188} INFO - [2024-11-01T00:33:03.458+0000] {dagbag.py:545} INFO - Filling up the DagBag from /opt/airflow/dags/SnowflakeTableCreation.py
[2024-11-01T00:33:03.490+0000] {processor.py:840} INFO - DAG(s) 'SnowflakeTableCreation' retrieved from /opt/airflow/dags/SnowflakeTableCreation.py
[2024-11-01T00:33:03.521+0000] {logging_mixin.py:188} INFO - [2024-11-01T00:33:03.521+0000] {dag.py:3096} INFO - Sync 1 DAGs
[2024-11-01T00:33:03.549+0000] {logging_mixin.py:188} INFO - [2024-11-01T00:33:03.549+0000] {dag.py:3954} INFO - Setting next_dagrun for SnowflakeTableCreation to 2024-10-31 06:00:00+00:00, run_after=2024-11-01 06:00:00+00:00
[2024-11-01T00:33:03.578+0000] {processor.py:183} INFO - Processing /opt/airflow/dags/SnowflakeTableCreation.py took 0.129 seconds
[2024-11-01T00:33:34.035+0000] {processor.py:161} INFO - Started process (PID=37408) to work on /opt/airflow/dags/SnowflakeTableCreation.py
[2024-11-01T00:33:34.037+0000] {processor.py:830} INFO - Processing file /opt/airflow/dags/SnowflakeTableCreation.py for tasks to queue
[2024-11-01T00:33:34.039+0000] {logging_mixin.py:188} INFO - [2024-11-01T00:33:34.038+0000] {dagbag.py:545} INFO - Filling up the DagBag from /opt/airflow/dags/SnowflakeTableCreation.py
[2024-11-01T00:33:34.074+0000] {processor.py:840} INFO - DAG(s) 'SnowflakeTableCreation' retrieved from /opt/airflow/dags/SnowflakeTableCreation.py
[2024-11-01T00:33:34.102+0000] {logging_mixin.py:188} INFO - [2024-11-01T00:33:34.101+0000] {dag.py:3096} INFO - Sync 1 DAGs
[2024-11-01T00:33:34.129+0000] {logging_mixin.py:188} INFO - [2024-11-01T00:33:34.128+0000] {dag.py:3954} INFO - Setting next_dagrun for SnowflakeTableCreation to 2024-10-31 06:00:00+00:00, run_after=2024-11-01 06:00:00+00:00
[2024-11-01T00:33:34.159+0000] {processor.py:183} INFO - Processing /opt/airflow/dags/SnowflakeTableCreation.py took 0.133 seconds
[2024-11-01T00:34:04.618+0000] {processor.py:161} INFO - Started process (PID=37429) to work on /opt/airflow/dags/SnowflakeTableCreation.py
[2024-11-01T00:34:04.621+0000] {processor.py:830} INFO - Processing file /opt/airflow/dags/SnowflakeTableCreation.py for tasks to queue
[2024-11-01T00:34:04.623+0000] {logging_mixin.py:188} INFO - [2024-11-01T00:34:04.623+0000] {dagbag.py:545} INFO - Filling up the DagBag from /opt/airflow/dags/SnowflakeTableCreation.py
[2024-11-01T00:34:04.662+0000] {processor.py:840} INFO - DAG(s) 'SnowflakeTableCreation' retrieved from /opt/airflow/dags/SnowflakeTableCreation.py
[2024-11-01T00:34:04.695+0000] {logging_mixin.py:188} INFO - [2024-11-01T00:34:04.695+0000] {dag.py:3096} INFO - Sync 1 DAGs
[2024-11-01T00:34:04.725+0000] {logging_mixin.py:188} INFO - [2024-11-01T00:34:04.724+0000] {dag.py:3954} INFO - Setting next_dagrun for SnowflakeTableCreation to 2024-10-31 06:00:00+00:00, run_after=2024-11-01 06:00:00+00:00
[2024-11-01T00:34:04.897+0000] {processor.py:183} INFO - Processing /opt/airflow/dags/SnowflakeTableCreation.py took 0.286 seconds
[2024-11-01T00:34:35.356+0000] {processor.py:161} INFO - Started process (PID=37451) to work on /opt/airflow/dags/SnowflakeTableCreation.py
[2024-11-01T00:34:35.358+0000] {processor.py:830} INFO - Processing file /opt/airflow/dags/SnowflakeTableCreation.py for tasks to queue
[2024-11-01T00:34:35.359+0000] {logging_mixin.py:188} INFO - [2024-11-01T00:34:35.359+0000] {dagbag.py:545} INFO - Filling up the DagBag from /opt/airflow/dags/SnowflakeTableCreation.py
[2024-11-01T00:34:35.393+0000] {processor.py:840} INFO - DAG(s) 'SnowflakeTableCreation' retrieved from /opt/airflow/dags/SnowflakeTableCreation.py
[2024-11-01T00:34:35.423+0000] {logging_mixin.py:188} INFO - [2024-11-01T00:34:35.423+0000] {dag.py:3096} INFO - Sync 1 DAGs
[2024-11-01T00:34:35.723+0000] {logging_mixin.py:188} INFO - [2024-11-01T00:34:35.723+0000] {dag.py:3954} INFO - Setting next_dagrun for SnowflakeTableCreation to 2024-10-31 06:00:00+00:00, run_after=2024-11-01 06:00:00+00:00
[2024-11-01T00:34:35.763+0000] {processor.py:183} INFO - Processing /opt/airflow/dags/SnowflakeTableCreation.py took 0.418 seconds
[2024-11-01T00:35:06.053+0000] {processor.py:161} INFO - Started process (PID=37472) to work on /opt/airflow/dags/SnowflakeTableCreation.py
[2024-11-01T00:35:06.055+0000] {processor.py:830} INFO - Processing file /opt/airflow/dags/SnowflakeTableCreation.py for tasks to queue
[2024-11-01T00:35:06.056+0000] {logging_mixin.py:188} INFO - [2024-11-01T00:35:06.056+0000] {dagbag.py:545} INFO - Filling up the DagBag from /opt/airflow/dags/SnowflakeTableCreation.py
[2024-11-01T00:35:06.092+0000] {processor.py:840} INFO - DAG(s) 'SnowflakeTableCreation' retrieved from /opt/airflow/dags/SnowflakeTableCreation.py
[2024-11-01T00:35:06.123+0000] {logging_mixin.py:188} INFO - [2024-11-01T00:35:06.122+0000] {dag.py:3096} INFO - Sync 1 DAGs
[2024-11-01T00:35:06.147+0000] {logging_mixin.py:188} INFO - [2024-11-01T00:35:06.147+0000] {dag.py:3954} INFO - Setting next_dagrun for SnowflakeTableCreation to 2024-10-31 06:00:00+00:00, run_after=2024-11-01 06:00:00+00:00
[2024-11-01T00:35:06.173+0000] {processor.py:183} INFO - Processing /opt/airflow/dags/SnowflakeTableCreation.py took 0.128 seconds
[2024-11-01T00:35:36.459+0000] {processor.py:161} INFO - Started process (PID=37493) to work on /opt/airflow/dags/SnowflakeTableCreation.py
[2024-11-01T00:35:36.461+0000] {processor.py:830} INFO - Processing file /opt/airflow/dags/SnowflakeTableCreation.py for tasks to queue
[2024-11-01T00:35:36.463+0000] {logging_mixin.py:188} INFO - [2024-11-01T00:35:36.463+0000] {dagbag.py:545} INFO - Filling up the DagBag from /opt/airflow/dags/SnowflakeTableCreation.py
[2024-11-01T00:35:36.496+0000] {processor.py:840} INFO - DAG(s) 'SnowflakeTableCreation' retrieved from /opt/airflow/dags/SnowflakeTableCreation.py
[2024-11-01T00:35:36.528+0000] {logging_mixin.py:188} INFO - [2024-11-01T00:35:36.527+0000] {dag.py:3096} INFO - Sync 1 DAGs
[2024-11-01T00:35:36.554+0000] {logging_mixin.py:188} INFO - [2024-11-01T00:35:36.554+0000] {dag.py:3954} INFO - Setting next_dagrun for SnowflakeTableCreation to 2024-10-31 06:00:00+00:00, run_after=2024-11-01 06:00:00+00:00
[2024-11-01T00:35:36.583+0000] {processor.py:183} INFO - Processing /opt/airflow/dags/SnowflakeTableCreation.py took 0.130 seconds
[2024-11-01T00:36:07.028+0000] {processor.py:161} INFO - Started process (PID=37514) to work on /opt/airflow/dags/SnowflakeTableCreation.py
[2024-11-01T00:36:07.030+0000] {processor.py:830} INFO - Processing file /opt/airflow/dags/SnowflakeTableCreation.py for tasks to queue
[2024-11-01T00:36:07.031+0000] {logging_mixin.py:188} INFO - [2024-11-01T00:36:07.031+0000] {dagbag.py:545} INFO - Filling up the DagBag from /opt/airflow/dags/SnowflakeTableCreation.py
[2024-11-01T00:36:07.057+0000] {processor.py:840} INFO - DAG(s) 'SnowflakeTableCreation' retrieved from /opt/airflow/dags/SnowflakeTableCreation.py
[2024-11-01T00:36:07.086+0000] {logging_mixin.py:188} INFO - [2024-11-01T00:36:07.086+0000] {dag.py:3096} INFO - Sync 1 DAGs
[2024-11-01T00:36:07.111+0000] {logging_mixin.py:188} INFO - [2024-11-01T00:36:07.111+0000] {dag.py:3954} INFO - Setting next_dagrun for SnowflakeTableCreation to 2024-10-31 06:00:00+00:00, run_after=2024-11-01 06:00:00+00:00
[2024-11-01T00:36:07.138+0000] {processor.py:183} INFO - Processing /opt/airflow/dags/SnowflakeTableCreation.py took 0.116 seconds
[2024-11-01T00:36:37.634+0000] {processor.py:161} INFO - Started process (PID=37534) to work on /opt/airflow/dags/SnowflakeTableCreation.py
[2024-11-01T00:36:37.635+0000] {processor.py:830} INFO - Processing file /opt/airflow/dags/SnowflakeTableCreation.py for tasks to queue
[2024-11-01T00:36:37.637+0000] {logging_mixin.py:188} INFO - [2024-11-01T00:36:37.636+0000] {dagbag.py:545} INFO - Filling up the DagBag from /opt/airflow/dags/SnowflakeTableCreation.py
[2024-11-01T00:36:37.675+0000] {processor.py:840} INFO - DAG(s) 'SnowflakeTableCreation' retrieved from /opt/airflow/dags/SnowflakeTableCreation.py
[2024-11-01T00:36:37.706+0000] {logging_mixin.py:188} INFO - [2024-11-01T00:36:37.706+0000] {dag.py:3096} INFO - Sync 1 DAGs
[2024-11-01T00:36:37.733+0000] {logging_mixin.py:188} INFO - [2024-11-01T00:36:37.733+0000] {dag.py:3954} INFO - Setting next_dagrun for SnowflakeTableCreation to 2024-10-31 06:00:00+00:00, run_after=2024-11-01 06:00:00+00:00
[2024-11-01T00:36:37.763+0000] {processor.py:183} INFO - Processing /opt/airflow/dags/SnowflakeTableCreation.py took 0.136 seconds
[2024-11-01T00:37:08.164+0000] {processor.py:161} INFO - Started process (PID=37555) to work on /opt/airflow/dags/SnowflakeTableCreation.py
[2024-11-01T00:37:08.166+0000] {processor.py:830} INFO - Processing file /opt/airflow/dags/SnowflakeTableCreation.py for tasks to queue
[2024-11-01T00:37:08.168+0000] {logging_mixin.py:188} INFO - [2024-11-01T00:37:08.168+0000] {dagbag.py:545} INFO - Filling up the DagBag from /opt/airflow/dags/SnowflakeTableCreation.py
[2024-11-01T00:37:08.213+0000] {processor.py:840} INFO - DAG(s) 'SnowflakeTableCreation' retrieved from /opt/airflow/dags/SnowflakeTableCreation.py
[2024-11-01T00:37:08.250+0000] {logging_mixin.py:188} INFO - [2024-11-01T00:37:08.250+0000] {dag.py:3096} INFO - Sync 1 DAGs
[2024-11-01T00:37:08.290+0000] {logging_mixin.py:188} INFO - [2024-11-01T00:37:08.289+0000] {dag.py:3954} INFO - Setting next_dagrun for SnowflakeTableCreation to 2024-10-31 06:00:00+00:00, run_after=2024-11-01 06:00:00+00:00
[2024-11-01T00:37:08.483+0000] {processor.py:183} INFO - Processing /opt/airflow/dags/SnowflakeTableCreation.py took 0.329 seconds
[2024-11-01T00:37:38.875+0000] {processor.py:161} INFO - Started process (PID=37576) to work on /opt/airflow/dags/SnowflakeTableCreation.py
[2024-11-01T00:37:38.876+0000] {processor.py:830} INFO - Processing file /opt/airflow/dags/SnowflakeTableCreation.py for tasks to queue
[2024-11-01T00:37:38.878+0000] {logging_mixin.py:188} INFO - [2024-11-01T00:37:38.877+0000] {dagbag.py:545} INFO - Filling up the DagBag from /opt/airflow/dags/SnowflakeTableCreation.py
[2024-11-01T00:37:38.921+0000] {processor.py:840} INFO - DAG(s) 'SnowflakeTableCreation' retrieved from /opt/airflow/dags/SnowflakeTableCreation.py
[2024-11-01T00:37:38.958+0000] {logging_mixin.py:188} INFO - [2024-11-01T00:37:38.957+0000] {dag.py:3096} INFO - Sync 1 DAGs
[2024-11-01T00:37:39.174+0000] {logging_mixin.py:188} INFO - [2024-11-01T00:37:39.173+0000] {dag.py:3954} INFO - Setting next_dagrun for SnowflakeTableCreation to 2024-10-31 06:00:00+00:00, run_after=2024-11-01 06:00:00+00:00
[2024-11-01T00:37:39.203+0000] {processor.py:183} INFO - Processing /opt/airflow/dags/SnowflakeTableCreation.py took 0.339 seconds
[2024-11-01T00:38:09.560+0000] {processor.py:161} INFO - Started process (PID=37597) to work on /opt/airflow/dags/SnowflakeTableCreation.py
[2024-11-01T00:38:09.561+0000] {processor.py:830} INFO - Processing file /opt/airflow/dags/SnowflakeTableCreation.py for tasks to queue
[2024-11-01T00:38:09.563+0000] {logging_mixin.py:188} INFO - [2024-11-01T00:38:09.562+0000] {dagbag.py:545} INFO - Filling up the DagBag from /opt/airflow/dags/SnowflakeTableCreation.py
[2024-11-01T00:38:09.593+0000] {processor.py:840} INFO - DAG(s) 'SnowflakeTableCreation' retrieved from /opt/airflow/dags/SnowflakeTableCreation.py
[2024-11-01T00:38:09.626+0000] {logging_mixin.py:188} INFO - [2024-11-01T00:38:09.625+0000] {dag.py:3096} INFO - Sync 1 DAGs
[2024-11-01T00:38:09.653+0000] {logging_mixin.py:188} INFO - [2024-11-01T00:38:09.652+0000] {dag.py:3954} INFO - Setting next_dagrun for SnowflakeTableCreation to 2024-10-31 06:00:00+00:00, run_after=2024-11-01 06:00:00+00:00
[2024-11-01T00:38:09.681+0000] {processor.py:183} INFO - Processing /opt/airflow/dags/SnowflakeTableCreation.py took 0.128 seconds
[2024-11-01T00:38:40.155+0000] {processor.py:161} INFO - Started process (PID=37618) to work on /opt/airflow/dags/SnowflakeTableCreation.py
[2024-11-01T00:38:40.156+0000] {processor.py:830} INFO - Processing file /opt/airflow/dags/SnowflakeTableCreation.py for tasks to queue
[2024-11-01T00:38:40.157+0000] {logging_mixin.py:188} INFO - [2024-11-01T00:38:40.157+0000] {dagbag.py:545} INFO - Filling up the DagBag from /opt/airflow/dags/SnowflakeTableCreation.py
[2024-11-01T00:38:40.197+0000] {processor.py:840} INFO - DAG(s) 'SnowflakeTableCreation' retrieved from /opt/airflow/dags/SnowflakeTableCreation.py
[2024-11-01T00:38:40.225+0000] {logging_mixin.py:188} INFO - [2024-11-01T00:38:40.225+0000] {dag.py:3096} INFO - Sync 1 DAGs
[2024-11-01T00:38:40.250+0000] {logging_mixin.py:188} INFO - [2024-11-01T00:38:40.250+0000] {dag.py:3954} INFO - Setting next_dagrun for SnowflakeTableCreation to 2024-10-31 06:00:00+00:00, run_after=2024-11-01 06:00:00+00:00
[2024-11-01T00:38:40.284+0000] {processor.py:183} INFO - Processing /opt/airflow/dags/SnowflakeTableCreation.py took 0.136 seconds
[2024-11-01T00:39:10.738+0000] {processor.py:161} INFO - Started process (PID=37640) to work on /opt/airflow/dags/SnowflakeTableCreation.py
[2024-11-01T00:39:10.739+0000] {processor.py:830} INFO - Processing file /opt/airflow/dags/SnowflakeTableCreation.py for tasks to queue
[2024-11-01T00:39:10.742+0000] {logging_mixin.py:188} INFO - [2024-11-01T00:39:10.741+0000] {dagbag.py:545} INFO - Filling up the DagBag from /opt/airflow/dags/SnowflakeTableCreation.py
[2024-11-01T00:39:10.769+0000] {processor.py:840} INFO - DAG(s) 'SnowflakeTableCreation' retrieved from /opt/airflow/dags/SnowflakeTableCreation.py
[2024-11-01T00:39:10.797+0000] {logging_mixin.py:188} INFO - [2024-11-01T00:39:10.797+0000] {dag.py:3096} INFO - Sync 1 DAGs
[2024-11-01T00:39:10.822+0000] {logging_mixin.py:188} INFO - [2024-11-01T00:39:10.822+0000] {dag.py:3954} INFO - Setting next_dagrun for SnowflakeTableCreation to 2024-10-31 06:00:00+00:00, run_after=2024-11-01 06:00:00+00:00
[2024-11-01T00:39:10.851+0000] {processor.py:183} INFO - Processing /opt/airflow/dags/SnowflakeTableCreation.py took 0.120 seconds
[2024-11-01T00:39:41.296+0000] {processor.py:161} INFO - Started process (PID=37661) to work on /opt/airflow/dags/SnowflakeTableCreation.py
[2024-11-01T00:39:41.297+0000] {processor.py:830} INFO - Processing file /opt/airflow/dags/SnowflakeTableCreation.py for tasks to queue
[2024-11-01T00:39:41.299+0000] {logging_mixin.py:188} INFO - [2024-11-01T00:39:41.298+0000] {dagbag.py:545} INFO - Filling up the DagBag from /opt/airflow/dags/SnowflakeTableCreation.py
[2024-11-01T00:39:41.336+0000] {processor.py:840} INFO - DAG(s) 'SnowflakeTableCreation' retrieved from /opt/airflow/dags/SnowflakeTableCreation.py
[2024-11-01T00:39:41.376+0000] {logging_mixin.py:188} INFO - [2024-11-01T00:39:41.376+0000] {dag.py:3096} INFO - Sync 1 DAGs
[2024-11-01T00:39:41.408+0000] {logging_mixin.py:188} INFO - [2024-11-01T00:39:41.408+0000] {dag.py:3954} INFO - Setting next_dagrun for SnowflakeTableCreation to 2024-10-31 06:00:00+00:00, run_after=2024-11-01 06:00:00+00:00
[2024-11-01T00:39:41.445+0000] {processor.py:183} INFO - Processing /opt/airflow/dags/SnowflakeTableCreation.py took 0.156 seconds
[2024-11-01T00:40:12.080+0000] {processor.py:161} INFO - Started process (PID=37682) to work on /opt/airflow/dags/SnowflakeTableCreation.py
[2024-11-01T00:40:12.083+0000] {processor.py:830} INFO - Processing file /opt/airflow/dags/SnowflakeTableCreation.py for tasks to queue
[2024-11-01T00:40:12.084+0000] {logging_mixin.py:188} INFO - [2024-11-01T00:40:12.084+0000] {dagbag.py:545} INFO - Filling up the DagBag from /opt/airflow/dags/SnowflakeTableCreation.py
[2024-11-01T00:40:12.122+0000] {processor.py:840} INFO - DAG(s) 'SnowflakeTableCreation' retrieved from /opt/airflow/dags/SnowflakeTableCreation.py
[2024-11-01T00:40:12.156+0000] {logging_mixin.py:188} INFO - [2024-11-01T00:40:12.155+0000] {dag.py:3096} INFO - Sync 1 DAGs
[2024-11-01T00:40:12.184+0000] {logging_mixin.py:188} INFO - [2024-11-01T00:40:12.184+0000] {dag.py:3954} INFO - Setting next_dagrun for SnowflakeTableCreation to 2024-10-31 06:00:00+00:00, run_after=2024-11-01 06:00:00+00:00
[2024-11-01T00:40:12.377+0000] {processor.py:183} INFO - Processing /opt/airflow/dags/SnowflakeTableCreation.py took 0.304 seconds
[2024-11-01T00:40:42.536+0000] {processor.py:161} INFO - Started process (PID=37703) to work on /opt/airflow/dags/SnowflakeTableCreation.py
[2024-11-01T00:40:42.538+0000] {processor.py:830} INFO - Processing file /opt/airflow/dags/SnowflakeTableCreation.py for tasks to queue
[2024-11-01T00:40:42.540+0000] {logging_mixin.py:188} INFO - [2024-11-01T00:40:42.539+0000] {dagbag.py:545} INFO - Filling up the DagBag from /opt/airflow/dags/SnowflakeTableCreation.py
[2024-11-01T00:40:42.580+0000] {processor.py:840} INFO - DAG(s) 'SnowflakeTableCreation' retrieved from /opt/airflow/dags/SnowflakeTableCreation.py
[2024-11-01T00:40:42.615+0000] {logging_mixin.py:188} INFO - [2024-11-01T00:40:42.615+0000] {dag.py:3096} INFO - Sync 1 DAGs
[2024-11-01T00:40:42.811+0000] {logging_mixin.py:188} INFO - [2024-11-01T00:40:42.811+0000] {dag.py:3954} INFO - Setting next_dagrun for SnowflakeTableCreation to 2024-10-31 06:00:00+00:00, run_after=2024-11-01 06:00:00+00:00
[2024-11-01T00:40:42.844+0000] {processor.py:183} INFO - Processing /opt/airflow/dags/SnowflakeTableCreation.py took 0.317 seconds
[2024-11-01T00:55:30.215+0000] {processor.py:161} INFO - Started process (PID=37721) to work on /opt/airflow/dags/SnowflakeTableCreation.py
[2024-11-01T00:55:30.227+0000] {processor.py:830} INFO - Processing file /opt/airflow/dags/SnowflakeTableCreation.py for tasks to queue
[2024-11-01T00:55:30.231+0000] {logging_mixin.py:188} INFO - [2024-11-01T00:55:30.230+0000] {dagbag.py:545} INFO - Filling up the DagBag from /opt/airflow/dags/SnowflakeTableCreation.py
[2024-11-01T00:55:30.352+0000] {processor.py:840} INFO - DAG(s) 'SnowflakeTableCreation' retrieved from /opt/airflow/dags/SnowflakeTableCreation.py
[2024-11-01T00:55:30.574+0000] {logging_mixin.py:188} INFO - [2024-11-01T00:55:30.573+0000] {dag.py:3096} INFO - Sync 1 DAGs
[2024-11-01T00:55:30.801+0000] {logging_mixin.py:188} INFO - [2024-11-01T00:55:30.800+0000] {dag.py:3954} INFO - Setting next_dagrun for SnowflakeTableCreation to 2024-10-31 06:00:00+00:00, run_after=2024-11-01 06:00:00+00:00
[2024-11-01T00:55:30.954+0000] {processor.py:183} INFO - Processing /opt/airflow/dags/SnowflakeTableCreation.py took 0.771 seconds
[2024-11-01T07:16:11.198+0000] {processor.py:161} INFO - Started process (PID=37742) to work on /opt/airflow/dags/SnowflakeTableCreation.py
[2024-11-01T07:16:11.216+0000] {processor.py:830} INFO - Processing file /opt/airflow/dags/SnowflakeTableCreation.py for tasks to queue
[2024-11-01T07:16:11.222+0000] {logging_mixin.py:188} INFO - [2024-11-01T07:16:11.222+0000] {dagbag.py:545} INFO - Filling up the DagBag from /opt/airflow/dags/SnowflakeTableCreation.py
[2024-11-01T07:16:11.322+0000] {processor.py:840} INFO - DAG(s) 'SnowflakeTableCreation' retrieved from /opt/airflow/dags/SnowflakeTableCreation.py
[2024-11-01T07:16:11.458+0000] {logging_mixin.py:188} INFO - [2024-11-01T07:16:11.458+0000] {dag.py:3096} INFO - Sync 1 DAGs
[2024-11-01T07:16:11.569+0000] {logging_mixin.py:188} INFO - [2024-11-01T07:16:11.568+0000] {dag.py:3954} INFO - Setting next_dagrun for SnowflakeTableCreation to 2024-11-01 06:00:00+00:00, run_after=2024-11-02 06:00:00+00:00
[2024-11-01T07:16:11.672+0000] {processor.py:183} INFO - Processing /opt/airflow/dags/SnowflakeTableCreation.py took 0.498 seconds
