[2024-10-24T06:40:17.431+0000] {processor.py:161} INFO - Started process (PID=1378) to work on /opt/airflow/dags/CTAS_Summary_DAG_with_constraints.py
[2024-10-24T06:40:17.433+0000] {processor.py:830} INFO - Processing file /opt/airflow/dags/CTAS_Summary_DAG_with_constraints.py for tasks to queue
[2024-10-24T06:40:17.435+0000] {logging_mixin.py:188} INFO - [2024-10-24T06:40:17.435+0000] {dagbag.py:545} INFO - Filling up the DagBag from /opt/airflow/dags/CTAS_Summary_DAG_with_constraints.py
[2024-10-24T06:40:17.495+0000] {processor.py:840} INFO - DAG(s) 'SessionSummaryWithPKCheck' retrieved from /opt/airflow/dags/CTAS_Summary_DAG_with_constraints.py
[2024-10-24T06:40:17.605+0000] {logging_mixin.py:188} INFO - [2024-10-24T06:40:17.604+0000] {override.py:1829} INFO - Created Permission View: can read on DAG:SessionSummaryWithPKCheck
[2024-10-24T06:40:17.621+0000] {logging_mixin.py:188} INFO - [2024-10-24T06:40:17.621+0000] {override.py:1829} INFO - Created Permission View: can edit on DAG:SessionSummaryWithPKCheck
[2024-10-24T06:40:17.636+0000] {logging_mixin.py:188} INFO - [2024-10-24T06:40:17.636+0000] {override.py:1829} INFO - Created Permission View: can delete on DAG:SessionSummaryWithPKCheck
[2024-10-24T06:40:17.637+0000] {logging_mixin.py:188} INFO - [2024-10-24T06:40:17.637+0000] {dag.py:3096} INFO - Sync 1 DAGs
[2024-10-24T06:40:17.652+0000] {logging_mixin.py:188} INFO - [2024-10-24T06:40:17.652+0000] {dag.py:3118} INFO - Creating ORM DAG for SessionSummaryWithPKCheck
[2024-10-24T06:40:17.664+0000] {logging_mixin.py:188} INFO - [2024-10-24T06:40:17.664+0000] {dag.py:3954} INFO - Setting next_dagrun for SessionSummaryWithPKCheck to 2024-10-23 06:00:00+00:00, run_after=2024-10-24 06:00:00+00:00
[2024-10-24T06:40:17.702+0000] {processor.py:183} INFO - Processing /opt/airflow/dags/CTAS_Summary_DAG_with_constraints.py took 0.275 seconds
[2024-10-24T06:41:27.481+0000] {processor.py:161} INFO - Started process (PID=204) to work on /opt/airflow/dags/CTAS_Summary_DAG_with_constraints.py
[2024-10-24T06:41:27.482+0000] {processor.py:830} INFO - Processing file /opt/airflow/dags/CTAS_Summary_DAG_with_constraints.py for tasks to queue
[2024-10-24T06:41:27.485+0000] {logging_mixin.py:188} INFO - [2024-10-24T06:41:27.485+0000] {dagbag.py:545} INFO - Filling up the DagBag from /opt/airflow/dags/CTAS_Summary_DAG_with_constraints.py
[2024-10-24T06:41:27.516+0000] {processor.py:840} INFO - DAG(s) 'SessionSummaryWithPKCheck' retrieved from /opt/airflow/dags/CTAS_Summary_DAG_with_constraints.py
[2024-10-24T06:41:27.570+0000] {logging_mixin.py:188} INFO - [2024-10-24T06:41:27.569+0000] {dag.py:3096} INFO - Sync 1 DAGs
[2024-10-24T06:41:27.595+0000] {logging_mixin.py:188} INFO - [2024-10-24T06:41:27.594+0000] {dag.py:3954} INFO - Setting next_dagrun for SessionSummaryWithPKCheck to 2024-10-23 06:00:00+00:00, run_after=2024-10-24 06:00:00+00:00
[2024-10-24T06:41:27.630+0000] {processor.py:183} INFO - Processing /opt/airflow/dags/CTAS_Summary_DAG_with_constraints.py took 0.158 seconds
[2024-10-24T06:42:03.370+0000] {processor.py:161} INFO - Started process (PID=204) to work on /opt/airflow/dags/CTAS_Summary_DAG_with_constraints.py
[2024-10-24T06:42:03.372+0000] {processor.py:830} INFO - Processing file /opt/airflow/dags/CTAS_Summary_DAG_with_constraints.py for tasks to queue
[2024-10-24T06:42:03.376+0000] {logging_mixin.py:188} INFO - [2024-10-24T06:42:03.375+0000] {dagbag.py:545} INFO - Filling up the DagBag from /opt/airflow/dags/CTAS_Summary_DAG_with_constraints.py
[2024-10-24T06:42:03.424+0000] {processor.py:840} INFO - DAG(s) 'SessionSummaryWithPKCheck' retrieved from /opt/airflow/dags/CTAS_Summary_DAG_with_constraints.py
[2024-10-24T06:42:03.545+0000] {logging_mixin.py:188} INFO - [2024-10-24T06:42:03.544+0000] {dag.py:3096} INFO - Sync 1 DAGs
[2024-10-24T06:42:03.582+0000] {logging_mixin.py:188} INFO - [2024-10-24T06:42:03.581+0000] {dag.py:3954} INFO - Setting next_dagrun for SessionSummaryWithPKCheck to 2024-10-23 06:00:00+00:00, run_after=2024-10-24 06:00:00+00:00
[2024-10-24T06:42:03.615+0000] {processor.py:183} INFO - Processing /opt/airflow/dags/CTAS_Summary_DAG_with_constraints.py took 0.259 seconds
[2024-10-24T06:42:34.042+0000] {processor.py:161} INFO - Started process (PID=249) to work on /opt/airflow/dags/CTAS_Summary_DAG_with_constraints.py
[2024-10-24T06:42:34.044+0000] {processor.py:830} INFO - Processing file /opt/airflow/dags/CTAS_Summary_DAG_with_constraints.py for tasks to queue
[2024-10-24T06:42:34.047+0000] {logging_mixin.py:188} INFO - [2024-10-24T06:42:34.047+0000] {dagbag.py:545} INFO - Filling up the DagBag from /opt/airflow/dags/CTAS_Summary_DAG_with_constraints.py
[2024-10-24T06:42:34.093+0000] {processor.py:840} INFO - DAG(s) 'SessionSummaryWithPKCheck' retrieved from /opt/airflow/dags/CTAS_Summary_DAG_with_constraints.py
[2024-10-24T06:42:34.141+0000] {logging_mixin.py:188} INFO - [2024-10-24T06:42:34.140+0000] {dag.py:3096} INFO - Sync 1 DAGs
[2024-10-24T06:42:34.177+0000] {logging_mixin.py:188} INFO - [2024-10-24T06:42:34.177+0000] {dag.py:3954} INFO - Setting next_dagrun for SessionSummaryWithPKCheck to 2024-10-23 06:00:00+00:00, run_after=2024-10-24 06:00:00+00:00
[2024-10-24T06:42:34.216+0000] {processor.py:183} INFO - Processing /opt/airflow/dags/CTAS_Summary_DAG_with_constraints.py took 0.183 seconds
[2024-10-24T06:43:04.662+0000] {processor.py:161} INFO - Started process (PID=286) to work on /opt/airflow/dags/CTAS_Summary_DAG_with_constraints.py
[2024-10-24T06:43:04.665+0000] {processor.py:830} INFO - Processing file /opt/airflow/dags/CTAS_Summary_DAG_with_constraints.py for tasks to queue
[2024-10-24T06:43:04.669+0000] {logging_mixin.py:188} INFO - [2024-10-24T06:43:04.668+0000] {dagbag.py:545} INFO - Filling up the DagBag from /opt/airflow/dags/CTAS_Summary_DAG_with_constraints.py
[2024-10-24T06:43:04.719+0000] {processor.py:840} INFO - DAG(s) 'SessionSummaryWithPKCheck' retrieved from /opt/airflow/dags/CTAS_Summary_DAG_with_constraints.py
[2024-10-24T06:43:04.749+0000] {logging_mixin.py:188} INFO - [2024-10-24T06:43:04.749+0000] {dag.py:3096} INFO - Sync 1 DAGs
[2024-10-24T06:43:04.775+0000] {logging_mixin.py:188} INFO - [2024-10-24T06:43:04.774+0000] {dag.py:3954} INFO - Setting next_dagrun for SessionSummaryWithPKCheck to 2024-10-23 06:00:00+00:00, run_after=2024-10-24 06:00:00+00:00
[2024-10-24T06:43:04.798+0000] {processor.py:183} INFO - Processing /opt/airflow/dags/CTAS_Summary_DAG_with_constraints.py took 0.149 seconds
[2024-10-24T06:43:35.218+0000] {processor.py:161} INFO - Started process (PID=311) to work on /opt/airflow/dags/CTAS_Summary_DAG_with_constraints.py
[2024-10-24T06:43:35.220+0000] {processor.py:830} INFO - Processing file /opt/airflow/dags/CTAS_Summary_DAG_with_constraints.py for tasks to queue
[2024-10-24T06:43:35.224+0000] {logging_mixin.py:188} INFO - [2024-10-24T06:43:35.223+0000] {dagbag.py:545} INFO - Filling up the DagBag from /opt/airflow/dags/CTAS_Summary_DAG_with_constraints.py
[2024-10-24T06:43:35.260+0000] {processor.py:840} INFO - DAG(s) 'SessionSummaryWithPKCheck' retrieved from /opt/airflow/dags/CTAS_Summary_DAG_with_constraints.py
[2024-10-24T06:43:35.317+0000] {logging_mixin.py:188} INFO - [2024-10-24T06:43:35.315+0000] {dag.py:3096} INFO - Sync 1 DAGs
[2024-10-24T06:43:35.351+0000] {logging_mixin.py:188} INFO - [2024-10-24T06:43:35.351+0000] {dag.py:3954} INFO - Setting next_dagrun for SessionSummaryWithPKCheck to 2024-10-24 06:00:00+00:00, run_after=2024-10-25 06:00:00+00:00
[2024-10-24T06:43:35.381+0000] {processor.py:183} INFO - Processing /opt/airflow/dags/CTAS_Summary_DAG_with_constraints.py took 0.173 seconds
[2024-10-24T06:44:05.877+0000] {processor.py:161} INFO - Started process (PID=332) to work on /opt/airflow/dags/CTAS_Summary_DAG_with_constraints.py
[2024-10-24T06:44:05.878+0000] {processor.py:830} INFO - Processing file /opt/airflow/dags/CTAS_Summary_DAG_with_constraints.py for tasks to queue
[2024-10-24T06:44:05.882+0000] {logging_mixin.py:188} INFO - [2024-10-24T06:44:05.881+0000] {dagbag.py:545} INFO - Filling up the DagBag from /opt/airflow/dags/CTAS_Summary_DAG_with_constraints.py
[2024-10-24T06:44:05.926+0000] {processor.py:840} INFO - DAG(s) 'SessionSummaryWithPKCheck' retrieved from /opt/airflow/dags/CTAS_Summary_DAG_with_constraints.py
[2024-10-24T06:44:05.981+0000] {logging_mixin.py:188} INFO - [2024-10-24T06:44:05.976+0000] {dag.py:3096} INFO - Sync 1 DAGs
[2024-10-24T06:44:06.036+0000] {logging_mixin.py:188} INFO - [2024-10-24T06:44:06.035+0000] {dag.py:3954} INFO - Setting next_dagrun for SessionSummaryWithPKCheck to 2024-10-24 06:00:00+00:00, run_after=2024-10-25 06:00:00+00:00
[2024-10-24T06:44:06.090+0000] {processor.py:183} INFO - Processing /opt/airflow/dags/CTAS_Summary_DAG_with_constraints.py took 0.226 seconds
[2024-10-24T06:44:36.470+0000] {processor.py:161} INFO - Started process (PID=353) to work on /opt/airflow/dags/CTAS_Summary_DAG_with_constraints.py
[2024-10-24T06:44:36.472+0000] {processor.py:830} INFO - Processing file /opt/airflow/dags/CTAS_Summary_DAG_with_constraints.py for tasks to queue
[2024-10-24T06:44:36.475+0000] {logging_mixin.py:188} INFO - [2024-10-24T06:44:36.475+0000] {dagbag.py:545} INFO - Filling up the DagBag from /opt/airflow/dags/CTAS_Summary_DAG_with_constraints.py
[2024-10-24T06:44:36.503+0000] {processor.py:840} INFO - DAG(s) 'SessionSummaryWithPKCheck' retrieved from /opt/airflow/dags/CTAS_Summary_DAG_with_constraints.py
[2024-10-24T06:44:36.540+0000] {logging_mixin.py:188} INFO - [2024-10-24T06:44:36.539+0000] {dag.py:3096} INFO - Sync 1 DAGs
[2024-10-24T06:44:36.574+0000] {logging_mixin.py:188} INFO - [2024-10-24T06:44:36.574+0000] {dag.py:3954} INFO - Setting next_dagrun for SessionSummaryWithPKCheck to 2024-10-24 06:00:00+00:00, run_after=2024-10-25 06:00:00+00:00
[2024-10-24T06:44:36.612+0000] {processor.py:183} INFO - Processing /opt/airflow/dags/CTAS_Summary_DAG_with_constraints.py took 0.151 seconds
[2024-10-24T06:45:07.057+0000] {processor.py:161} INFO - Started process (PID=374) to work on /opt/airflow/dags/CTAS_Summary_DAG_with_constraints.py
[2024-10-24T06:45:07.058+0000] {processor.py:830} INFO - Processing file /opt/airflow/dags/CTAS_Summary_DAG_with_constraints.py for tasks to queue
[2024-10-24T06:45:07.062+0000] {logging_mixin.py:188} INFO - [2024-10-24T06:45:07.062+0000] {dagbag.py:545} INFO - Filling up the DagBag from /opt/airflow/dags/CTAS_Summary_DAG_with_constraints.py
[2024-10-24T06:45:07.109+0000] {processor.py:840} INFO - DAG(s) 'SessionSummaryWithPKCheck' retrieved from /opt/airflow/dags/CTAS_Summary_DAG_with_constraints.py
[2024-10-24T06:45:07.152+0000] {logging_mixin.py:188} INFO - [2024-10-24T06:45:07.151+0000] {dag.py:3096} INFO - Sync 1 DAGs
[2024-10-24T06:45:07.192+0000] {logging_mixin.py:188} INFO - [2024-10-24T06:45:07.192+0000] {dag.py:3954} INFO - Setting next_dagrun for SessionSummaryWithPKCheck to 2024-10-24 06:00:00+00:00, run_after=2024-10-25 06:00:00+00:00
[2024-10-24T06:45:07.246+0000] {processor.py:183} INFO - Processing /opt/airflow/dags/CTAS_Summary_DAG_with_constraints.py took 0.198 seconds
[2024-10-24T06:45:37.755+0000] {processor.py:161} INFO - Started process (PID=395) to work on /opt/airflow/dags/CTAS_Summary_DAG_with_constraints.py
[2024-10-24T06:45:37.756+0000] {processor.py:830} INFO - Processing file /opt/airflow/dags/CTAS_Summary_DAG_with_constraints.py for tasks to queue
[2024-10-24T06:45:37.758+0000] {logging_mixin.py:188} INFO - [2024-10-24T06:45:37.758+0000] {dagbag.py:545} INFO - Filling up the DagBag from /opt/airflow/dags/CTAS_Summary_DAG_with_constraints.py
[2024-10-24T06:45:37.785+0000] {processor.py:840} INFO - DAG(s) 'SessionSummaryWithPKCheck' retrieved from /opt/airflow/dags/CTAS_Summary_DAG_with_constraints.py
[2024-10-24T06:45:37.821+0000] {logging_mixin.py:188} INFO - [2024-10-24T06:45:37.820+0000] {dag.py:3096} INFO - Sync 1 DAGs
[2024-10-24T06:45:37.847+0000] {logging_mixin.py:188} INFO - [2024-10-24T06:45:37.847+0000] {dag.py:3954} INFO - Setting next_dagrun for SessionSummaryWithPKCheck to 2024-10-24 06:00:00+00:00, run_after=2024-10-25 06:00:00+00:00
[2024-10-24T06:45:37.881+0000] {processor.py:183} INFO - Processing /opt/airflow/dags/CTAS_Summary_DAG_with_constraints.py took 0.133 seconds
[2024-10-24T06:46:08.321+0000] {processor.py:161} INFO - Started process (PID=420) to work on /opt/airflow/dags/CTAS_Summary_DAG_with_constraints.py
[2024-10-24T06:46:08.323+0000] {processor.py:830} INFO - Processing file /opt/airflow/dags/CTAS_Summary_DAG_with_constraints.py for tasks to queue
[2024-10-24T06:46:08.326+0000] {logging_mixin.py:188} INFO - [2024-10-24T06:46:08.326+0000] {dagbag.py:545} INFO - Filling up the DagBag from /opt/airflow/dags/CTAS_Summary_DAG_with_constraints.py
[2024-10-24T06:46:08.377+0000] {processor.py:840} INFO - DAG(s) 'SessionSummaryWithPKCheck' retrieved from /opt/airflow/dags/CTAS_Summary_DAG_with_constraints.py
[2024-10-24T06:46:08.406+0000] {logging_mixin.py:188} INFO - [2024-10-24T06:46:08.406+0000] {dag.py:3096} INFO - Sync 1 DAGs
[2024-10-24T06:46:08.431+0000] {logging_mixin.py:188} INFO - [2024-10-24T06:46:08.431+0000] {dag.py:3954} INFO - Setting next_dagrun for SessionSummaryWithPKCheck to 2024-10-24 06:00:00+00:00, run_after=2024-10-25 06:00:00+00:00
[2024-10-24T06:46:08.455+0000] {processor.py:183} INFO - Processing /opt/airflow/dags/CTAS_Summary_DAG_with_constraints.py took 0.144 seconds
[2024-10-24T06:46:28.787+0000] {processor.py:161} INFO - Started process (PID=441) to work on /opt/airflow/dags/CTAS_Summary_DAG_with_constraints.py
[2024-10-24T06:46:28.788+0000] {processor.py:830} INFO - Processing file /opt/airflow/dags/CTAS_Summary_DAG_with_constraints.py for tasks to queue
[2024-10-24T06:46:28.792+0000] {logging_mixin.py:188} INFO - [2024-10-24T06:46:28.792+0000] {dagbag.py:545} INFO - Filling up the DagBag from /opt/airflow/dags/CTAS_Summary_DAG_with_constraints.py
[2024-10-24T06:46:28.838+0000] {processor.py:840} INFO - DAG(s) 'SessionSummaryWithConstraintsCheck' retrieved from /opt/airflow/dags/CTAS_Summary_DAG_with_constraints.py
[2024-10-24T06:46:28.945+0000] {logging_mixin.py:188} INFO - [2024-10-24T06:46:28.944+0000] {override.py:1829} INFO - Created Permission View: can edit on DAG:SessionSummaryWithConstraintsCheck
[2024-10-24T06:46:28.959+0000] {logging_mixin.py:188} INFO - [2024-10-24T06:46:28.959+0000] {override.py:1829} INFO - Created Permission View: can read on DAG:SessionSummaryWithConstraintsCheck
[2024-10-24T06:46:28.970+0000] {logging_mixin.py:188} INFO - [2024-10-24T06:46:28.970+0000] {override.py:1829} INFO - Created Permission View: can delete on DAG:SessionSummaryWithConstraintsCheck
[2024-10-24T06:46:28.972+0000] {logging_mixin.py:188} INFO - [2024-10-24T06:46:28.971+0000] {dag.py:3096} INFO - Sync 1 DAGs
[2024-10-24T06:46:28.983+0000] {logging_mixin.py:188} INFO - [2024-10-24T06:46:28.983+0000] {dag.py:3118} INFO - Creating ORM DAG for SessionSummaryWithConstraintsCheck
[2024-10-24T06:46:28.993+0000] {logging_mixin.py:188} INFO - [2024-10-24T06:46:28.993+0000] {dag.py:3954} INFO - Setting next_dagrun for SessionSummaryWithConstraintsCheck to 2024-10-23 06:00:00+00:00, run_after=2024-10-24 06:00:00+00:00
[2024-10-24T06:46:29.034+0000] {processor.py:183} INFO - Processing /opt/airflow/dags/CTAS_Summary_DAG_with_constraints.py took 0.252 seconds
[2024-10-24T06:46:59.260+0000] {processor.py:161} INFO - Started process (PID=470) to work on /opt/airflow/dags/CTAS_Summary_DAG_with_constraints.py
[2024-10-24T06:46:59.262+0000] {processor.py:830} INFO - Processing file /opt/airflow/dags/CTAS_Summary_DAG_with_constraints.py for tasks to queue
[2024-10-24T06:46:59.264+0000] {logging_mixin.py:188} INFO - [2024-10-24T06:46:59.264+0000] {dagbag.py:545} INFO - Filling up the DagBag from /opt/airflow/dags/CTAS_Summary_DAG_with_constraints.py
[2024-10-24T06:46:59.299+0000] {processor.py:840} INFO - DAG(s) 'SessionSummaryWithConstraintsCheck' retrieved from /opt/airflow/dags/CTAS_Summary_DAG_with_constraints.py
[2024-10-24T06:46:59.330+0000] {logging_mixin.py:188} INFO - [2024-10-24T06:46:59.329+0000] {dag.py:3096} INFO - Sync 1 DAGs
[2024-10-24T06:46:59.357+0000] {logging_mixin.py:188} INFO - [2024-10-24T06:46:59.357+0000] {dag.py:3954} INFO - Setting next_dagrun for SessionSummaryWithConstraintsCheck to 2024-10-24 06:00:00+00:00, run_after=2024-10-25 06:00:00+00:00
[2024-10-24T06:46:59.387+0000] {processor.py:183} INFO - Processing /opt/airflow/dags/CTAS_Summary_DAG_with_constraints.py took 0.134 seconds
[2024-10-24T06:47:29.947+0000] {processor.py:161} INFO - Started process (PID=491) to work on /opt/airflow/dags/CTAS_Summary_DAG_with_constraints.py
[2024-10-24T06:47:29.948+0000] {processor.py:830} INFO - Processing file /opt/airflow/dags/CTAS_Summary_DAG_with_constraints.py for tasks to queue
[2024-10-24T06:47:29.949+0000] {logging_mixin.py:188} INFO - [2024-10-24T06:47:29.949+0000] {dagbag.py:545} INFO - Filling up the DagBag from /opt/airflow/dags/CTAS_Summary_DAG_with_constraints.py
[2024-10-24T06:47:29.980+0000] {processor.py:840} INFO - DAG(s) 'SessionSummaryWithConstraintsCheck' retrieved from /opt/airflow/dags/CTAS_Summary_DAG_with_constraints.py
[2024-10-24T06:47:30.008+0000] {logging_mixin.py:188} INFO - [2024-10-24T06:47:30.008+0000] {dag.py:3096} INFO - Sync 1 DAGs
[2024-10-24T06:47:30.030+0000] {logging_mixin.py:188} INFO - [2024-10-24T06:47:30.030+0000] {dag.py:3954} INFO - Setting next_dagrun for SessionSummaryWithConstraintsCheck to 2024-10-24 06:00:00+00:00, run_after=2024-10-25 06:00:00+00:00
[2024-10-24T06:47:30.059+0000] {processor.py:183} INFO - Processing /opt/airflow/dags/CTAS_Summary_DAG_with_constraints.py took 0.119 seconds
[2024-10-24T06:48:00.578+0000] {processor.py:161} INFO - Started process (PID=512) to work on /opt/airflow/dags/CTAS_Summary_DAG_with_constraints.py
[2024-10-24T06:48:00.579+0000] {processor.py:830} INFO - Processing file /opt/airflow/dags/CTAS_Summary_DAG_with_constraints.py for tasks to queue
[2024-10-24T06:48:00.580+0000] {logging_mixin.py:188} INFO - [2024-10-24T06:48:00.580+0000] {dagbag.py:545} INFO - Filling up the DagBag from /opt/airflow/dags/CTAS_Summary_DAG_with_constraints.py
[2024-10-24T06:48:00.608+0000] {processor.py:840} INFO - DAG(s) 'SessionSummaryWithConstraintsCheck' retrieved from /opt/airflow/dags/CTAS_Summary_DAG_with_constraints.py
[2024-10-24T06:48:00.632+0000] {logging_mixin.py:188} INFO - [2024-10-24T06:48:00.632+0000] {dag.py:3096} INFO - Sync 1 DAGs
[2024-10-24T06:48:00.654+0000] {logging_mixin.py:188} INFO - [2024-10-24T06:48:00.654+0000] {dag.py:3954} INFO - Setting next_dagrun for SessionSummaryWithConstraintsCheck to 2024-10-24 06:00:00+00:00, run_after=2024-10-25 06:00:00+00:00
[2024-10-24T06:48:00.684+0000] {processor.py:183} INFO - Processing /opt/airflow/dags/CTAS_Summary_DAG_with_constraints.py took 0.111 seconds
[2024-10-24T06:48:31.207+0000] {processor.py:161} INFO - Started process (PID=533) to work on /opt/airflow/dags/CTAS_Summary_DAG_with_constraints.py
[2024-10-24T06:48:31.209+0000] {processor.py:830} INFO - Processing file /opt/airflow/dags/CTAS_Summary_DAG_with_constraints.py for tasks to queue
[2024-10-24T06:48:31.210+0000] {logging_mixin.py:188} INFO - [2024-10-24T06:48:31.210+0000] {dagbag.py:545} INFO - Filling up the DagBag from /opt/airflow/dags/CTAS_Summary_DAG_with_constraints.py
[2024-10-24T06:48:31.247+0000] {processor.py:840} INFO - DAG(s) 'SessionSummaryWithConstraintsCheck' retrieved from /opt/airflow/dags/CTAS_Summary_DAG_with_constraints.py
[2024-10-24T06:48:31.274+0000] {logging_mixin.py:188} INFO - [2024-10-24T06:48:31.274+0000] {dag.py:3096} INFO - Sync 1 DAGs
[2024-10-24T06:48:31.296+0000] {logging_mixin.py:188} INFO - [2024-10-24T06:48:31.296+0000] {dag.py:3954} INFO - Setting next_dagrun for SessionSummaryWithConstraintsCheck to 2024-10-24 06:00:00+00:00, run_after=2024-10-25 06:00:00+00:00
[2024-10-24T06:48:31.328+0000] {processor.py:183} INFO - Processing /opt/airflow/dags/CTAS_Summary_DAG_with_constraints.py took 0.124 seconds
[2024-10-24T06:49:01.571+0000] {processor.py:161} INFO - Started process (PID=554) to work on /opt/airflow/dags/CTAS_Summary_DAG_with_constraints.py
[2024-10-24T06:49:01.573+0000] {processor.py:830} INFO - Processing file /opt/airflow/dags/CTAS_Summary_DAG_with_constraints.py for tasks to queue
[2024-10-24T06:49:01.574+0000] {logging_mixin.py:188} INFO - [2024-10-24T06:49:01.574+0000] {dagbag.py:545} INFO - Filling up the DagBag from /opt/airflow/dags/CTAS_Summary_DAG_with_constraints.py
[2024-10-24T06:49:01.616+0000] {processor.py:840} INFO - DAG(s) 'SessionSummaryWithConstraintsCheck' retrieved from /opt/airflow/dags/CTAS_Summary_DAG_with_constraints.py
[2024-10-24T06:49:01.643+0000] {logging_mixin.py:188} INFO - [2024-10-24T06:49:01.642+0000] {dag.py:3096} INFO - Sync 1 DAGs
[2024-10-24T06:49:01.665+0000] {logging_mixin.py:188} INFO - [2024-10-24T06:49:01.665+0000] {dag.py:3954} INFO - Setting next_dagrun for SessionSummaryWithConstraintsCheck to 2024-10-24 06:00:00+00:00, run_after=2024-10-25 06:00:00+00:00
[2024-10-24T06:49:01.696+0000] {processor.py:183} INFO - Processing /opt/airflow/dags/CTAS_Summary_DAG_with_constraints.py took 0.130 seconds
[2024-10-24T06:49:32.328+0000] {processor.py:161} INFO - Started process (PID=575) to work on /opt/airflow/dags/CTAS_Summary_DAG_with_constraints.py
[2024-10-24T06:49:32.329+0000] {processor.py:830} INFO - Processing file /opt/airflow/dags/CTAS_Summary_DAG_with_constraints.py for tasks to queue
[2024-10-24T06:49:32.330+0000] {logging_mixin.py:188} INFO - [2024-10-24T06:49:32.330+0000] {dagbag.py:545} INFO - Filling up the DagBag from /opt/airflow/dags/CTAS_Summary_DAG_with_constraints.py
[2024-10-24T06:49:32.354+0000] {processor.py:840} INFO - DAG(s) 'SessionSummaryWithConstraintsCheck' retrieved from /opt/airflow/dags/CTAS_Summary_DAG_with_constraints.py
[2024-10-24T06:49:32.384+0000] {logging_mixin.py:188} INFO - [2024-10-24T06:49:32.383+0000] {dag.py:3096} INFO - Sync 1 DAGs
[2024-10-24T06:49:32.407+0000] {logging_mixin.py:188} INFO - [2024-10-24T06:49:32.407+0000] {dag.py:3954} INFO - Setting next_dagrun for SessionSummaryWithConstraintsCheck to 2024-10-24 06:00:00+00:00, run_after=2024-10-25 06:00:00+00:00
[2024-10-24T06:49:32.436+0000] {processor.py:183} INFO - Processing /opt/airflow/dags/CTAS_Summary_DAG_with_constraints.py took 0.112 seconds
[2024-10-24T06:50:02.824+0000] {processor.py:161} INFO - Started process (PID=596) to work on /opt/airflow/dags/CTAS_Summary_DAG_with_constraints.py
[2024-10-24T06:50:02.825+0000] {processor.py:830} INFO - Processing file /opt/airflow/dags/CTAS_Summary_DAG_with_constraints.py for tasks to queue
[2024-10-24T06:50:02.826+0000] {logging_mixin.py:188} INFO - [2024-10-24T06:50:02.826+0000] {dagbag.py:545} INFO - Filling up the DagBag from /opt/airflow/dags/CTAS_Summary_DAG_with_constraints.py
[2024-10-24T06:50:02.848+0000] {processor.py:840} INFO - DAG(s) 'SessionSummaryWithConstraintsCheck' retrieved from /opt/airflow/dags/CTAS_Summary_DAG_with_constraints.py
[2024-10-24T06:50:02.872+0000] {logging_mixin.py:188} INFO - [2024-10-24T06:50:02.871+0000] {dag.py:3096} INFO - Sync 1 DAGs
[2024-10-24T06:50:02.892+0000] {logging_mixin.py:188} INFO - [2024-10-24T06:50:02.892+0000] {dag.py:3954} INFO - Setting next_dagrun for SessionSummaryWithConstraintsCheck to 2024-10-24 06:00:00+00:00, run_after=2024-10-25 06:00:00+00:00
[2024-10-24T06:50:02.920+0000] {processor.py:183} INFO - Processing /opt/airflow/dags/CTAS_Summary_DAG_with_constraints.py took 0.100 seconds
[2024-10-24T06:50:33.305+0000] {processor.py:161} INFO - Started process (PID=617) to work on /opt/airflow/dags/CTAS_Summary_DAG_with_constraints.py
[2024-10-24T06:50:33.307+0000] {processor.py:830} INFO - Processing file /opt/airflow/dags/CTAS_Summary_DAG_with_constraints.py for tasks to queue
[2024-10-24T06:50:33.308+0000] {logging_mixin.py:188} INFO - [2024-10-24T06:50:33.308+0000] {dagbag.py:545} INFO - Filling up the DagBag from /opt/airflow/dags/CTAS_Summary_DAG_with_constraints.py
[2024-10-24T06:50:33.335+0000] {processor.py:840} INFO - DAG(s) 'SessionSummaryWithConstraintsCheck' retrieved from /opt/airflow/dags/CTAS_Summary_DAG_with_constraints.py
[2024-10-24T06:50:33.370+0000] {logging_mixin.py:188} INFO - [2024-10-24T06:50:33.369+0000] {dag.py:3096} INFO - Sync 1 DAGs
[2024-10-24T06:50:33.409+0000] {logging_mixin.py:188} INFO - [2024-10-24T06:50:33.408+0000] {dag.py:3954} INFO - Setting next_dagrun for SessionSummaryWithConstraintsCheck to 2024-10-24 06:00:00+00:00, run_after=2024-10-25 06:00:00+00:00
[2024-10-24T06:50:33.448+0000] {processor.py:183} INFO - Processing /opt/airflow/dags/CTAS_Summary_DAG_with_constraints.py took 0.148 seconds
[2024-10-24T06:51:03.874+0000] {processor.py:161} INFO - Started process (PID=638) to work on /opt/airflow/dags/CTAS_Summary_DAG_with_constraints.py
[2024-10-24T06:51:03.876+0000] {processor.py:830} INFO - Processing file /opt/airflow/dags/CTAS_Summary_DAG_with_constraints.py for tasks to queue
[2024-10-24T06:51:03.878+0000] {logging_mixin.py:188} INFO - [2024-10-24T06:51:03.877+0000] {dagbag.py:545} INFO - Filling up the DagBag from /opt/airflow/dags/CTAS_Summary_DAG_with_constraints.py
[2024-10-24T06:51:03.918+0000] {processor.py:840} INFO - DAG(s) 'SessionSummaryWithConstraintsCheck' retrieved from /opt/airflow/dags/CTAS_Summary_DAG_with_constraints.py
[2024-10-24T06:51:03.949+0000] {logging_mixin.py:188} INFO - [2024-10-24T06:51:03.949+0000] {dag.py:3096} INFO - Sync 1 DAGs
[2024-10-24T06:51:03.972+0000] {logging_mixin.py:188} INFO - [2024-10-24T06:51:03.972+0000] {dag.py:3954} INFO - Setting next_dagrun for SessionSummaryWithConstraintsCheck to 2024-10-24 06:00:00+00:00, run_after=2024-10-25 06:00:00+00:00
[2024-10-24T06:51:04.000+0000] {processor.py:183} INFO - Processing /opt/airflow/dags/CTAS_Summary_DAG_with_constraints.py took 0.131 seconds
[2024-10-24T06:51:34.392+0000] {processor.py:161} INFO - Started process (PID=659) to work on /opt/airflow/dags/CTAS_Summary_DAG_with_constraints.py
[2024-10-24T06:51:34.394+0000] {processor.py:830} INFO - Processing file /opt/airflow/dags/CTAS_Summary_DAG_with_constraints.py for tasks to queue
[2024-10-24T06:51:34.395+0000] {logging_mixin.py:188} INFO - [2024-10-24T06:51:34.395+0000] {dagbag.py:545} INFO - Filling up the DagBag from /opt/airflow/dags/CTAS_Summary_DAG_with_constraints.py
[2024-10-24T06:51:34.429+0000] {processor.py:840} INFO - DAG(s) 'SessionSummaryWithConstraintsCheck' retrieved from /opt/airflow/dags/CTAS_Summary_DAG_with_constraints.py
[2024-10-24T06:51:34.454+0000] {logging_mixin.py:188} INFO - [2024-10-24T06:51:34.454+0000] {dag.py:3096} INFO - Sync 1 DAGs
[2024-10-24T06:51:34.478+0000] {logging_mixin.py:188} INFO - [2024-10-24T06:51:34.478+0000] {dag.py:3954} INFO - Setting next_dagrun for SessionSummaryWithConstraintsCheck to 2024-10-24 06:00:00+00:00, run_after=2024-10-25 06:00:00+00:00
[2024-10-24T06:51:34.510+0000] {processor.py:183} INFO - Processing /opt/airflow/dags/CTAS_Summary_DAG_with_constraints.py took 0.124 seconds
[2024-10-24T06:52:05.080+0000] {processor.py:161} INFO - Started process (PID=680) to work on /opt/airflow/dags/CTAS_Summary_DAG_with_constraints.py
[2024-10-24T06:52:05.081+0000] {processor.py:830} INFO - Processing file /opt/airflow/dags/CTAS_Summary_DAG_with_constraints.py for tasks to queue
[2024-10-24T06:52:05.082+0000] {logging_mixin.py:188} INFO - [2024-10-24T06:52:05.081+0000] {dagbag.py:545} INFO - Filling up the DagBag from /opt/airflow/dags/CTAS_Summary_DAG_with_constraints.py
[2024-10-24T06:52:05.111+0000] {processor.py:840} INFO - DAG(s) 'SessionSummaryWithConstraintsCheck' retrieved from /opt/airflow/dags/CTAS_Summary_DAG_with_constraints.py
[2024-10-24T06:52:05.133+0000] {logging_mixin.py:188} INFO - [2024-10-24T06:52:05.133+0000] {dag.py:3096} INFO - Sync 1 DAGs
[2024-10-24T06:52:05.159+0000] {logging_mixin.py:188} INFO - [2024-10-24T06:52:05.159+0000] {dag.py:3954} INFO - Setting next_dagrun for SessionSummaryWithConstraintsCheck to 2024-10-24 06:00:00+00:00, run_after=2024-10-25 06:00:00+00:00
[2024-10-24T06:52:05.186+0000] {processor.py:183} INFO - Processing /opt/airflow/dags/CTAS_Summary_DAG_with_constraints.py took 0.111 seconds
[2024-10-24T06:52:35.633+0000] {processor.py:161} INFO - Started process (PID=701) to work on /opt/airflow/dags/CTAS_Summary_DAG_with_constraints.py
[2024-10-24T06:52:35.636+0000] {processor.py:830} INFO - Processing file /opt/airflow/dags/CTAS_Summary_DAG_with_constraints.py for tasks to queue
[2024-10-24T06:52:35.638+0000] {logging_mixin.py:188} INFO - [2024-10-24T06:52:35.638+0000] {dagbag.py:545} INFO - Filling up the DagBag from /opt/airflow/dags/CTAS_Summary_DAG_with_constraints.py
[2024-10-24T06:52:35.683+0000] {processor.py:840} INFO - DAG(s) 'SessionSummaryWithConstraintsCheck' retrieved from /opt/airflow/dags/CTAS_Summary_DAG_with_constraints.py
[2024-10-24T06:52:35.736+0000] {logging_mixin.py:188} INFO - [2024-10-24T06:52:35.736+0000] {dag.py:3096} INFO - Sync 1 DAGs
[2024-10-24T06:52:35.770+0000] {logging_mixin.py:188} INFO - [2024-10-24T06:52:35.770+0000] {dag.py:3954} INFO - Setting next_dagrun for SessionSummaryWithConstraintsCheck to 2024-10-24 06:00:00+00:00, run_after=2024-10-25 06:00:00+00:00
[2024-10-24T06:52:35.795+0000] {processor.py:183} INFO - Processing /opt/airflow/dags/CTAS_Summary_DAG_with_constraints.py took 0.175 seconds
[2024-10-24T15:42:16.735+0000] {processor.py:161} INFO - Started process (PID=222) to work on /opt/airflow/dags/CTAS_Summary_DAG_with_constraints.py
[2024-10-24T15:42:16.750+0000] {processor.py:830} INFO - Processing file /opt/airflow/dags/CTAS_Summary_DAG_with_constraints.py for tasks to queue
[2024-10-24T15:42:16.776+0000] {logging_mixin.py:188} INFO - [2024-10-24T15:42:16.775+0000] {dagbag.py:545} INFO - Filling up the DagBag from /opt/airflow/dags/CTAS_Summary_DAG_with_constraints.py
[2024-10-24T15:42:17.514+0000] {processor.py:840} INFO - DAG(s) 'SessionSummaryWithConstraintsCheck' retrieved from /opt/airflow/dags/CTAS_Summary_DAG_with_constraints.py
[2024-10-24T15:42:17.694+0000] {logging_mixin.py:188} INFO - [2024-10-24T15:42:17.693+0000] {dag.py:3096} INFO - Sync 1 DAGs
[2024-10-24T15:42:17.827+0000] {logging_mixin.py:188} INFO - [2024-10-24T15:42:17.826+0000] {dag.py:3954} INFO - Setting next_dagrun for SessionSummaryWithConstraintsCheck to 2024-10-24 06:00:00+00:00, run_after=2024-10-25 06:00:00+00:00
[2024-10-24T15:42:17.939+0000] {processor.py:183} INFO - Processing /opt/airflow/dags/CTAS_Summary_DAG_with_constraints.py took 1.218 seconds
[2024-10-24T15:42:48.412+0000] {processor.py:161} INFO - Started process (PID=263) to work on /opt/airflow/dags/CTAS_Summary_DAG_with_constraints.py
[2024-10-24T15:42:48.414+0000] {processor.py:830} INFO - Processing file /opt/airflow/dags/CTAS_Summary_DAG_with_constraints.py for tasks to queue
[2024-10-24T15:42:48.420+0000] {logging_mixin.py:188} INFO - [2024-10-24T15:42:48.419+0000] {dagbag.py:545} INFO - Filling up the DagBag from /opt/airflow/dags/CTAS_Summary_DAG_with_constraints.py
[2024-10-24T15:42:48.462+0000] {processor.py:840} INFO - DAG(s) 'SessionSummaryWithConstraintsCheck' retrieved from /opt/airflow/dags/CTAS_Summary_DAG_with_constraints.py
[2024-10-24T15:42:48.512+0000] {logging_mixin.py:188} INFO - [2024-10-24T15:42:48.511+0000] {dag.py:3096} INFO - Sync 1 DAGs
[2024-10-24T15:42:48.570+0000] {logging_mixin.py:188} INFO - [2024-10-24T15:42:48.569+0000] {dag.py:3954} INFO - Setting next_dagrun for SessionSummaryWithConstraintsCheck to 2024-10-24 06:00:00+00:00, run_after=2024-10-25 06:00:00+00:00
[2024-10-24T15:42:48.619+0000] {processor.py:183} INFO - Processing /opt/airflow/dags/CTAS_Summary_DAG_with_constraints.py took 0.216 seconds
[2024-10-24T15:43:19.087+0000] {processor.py:161} INFO - Started process (PID=284) to work on /opt/airflow/dags/CTAS_Summary_DAG_with_constraints.py
[2024-10-24T15:43:19.090+0000] {processor.py:830} INFO - Processing file /opt/airflow/dags/CTAS_Summary_DAG_with_constraints.py for tasks to queue
[2024-10-24T15:43:19.094+0000] {logging_mixin.py:188} INFO - [2024-10-24T15:43:19.093+0000] {dagbag.py:545} INFO - Filling up the DagBag from /opt/airflow/dags/CTAS_Summary_DAG_with_constraints.py
[2024-10-24T15:43:19.134+0000] {processor.py:840} INFO - DAG(s) 'SessionSummaryWithConstraintsCheck' retrieved from /opt/airflow/dags/CTAS_Summary_DAG_with_constraints.py
[2024-10-24T15:43:19.172+0000] {logging_mixin.py:188} INFO - [2024-10-24T15:43:19.171+0000] {dag.py:3096} INFO - Sync 1 DAGs
[2024-10-24T15:43:19.211+0000] {logging_mixin.py:188} INFO - [2024-10-24T15:43:19.211+0000] {dag.py:3954} INFO - Setting next_dagrun for SessionSummaryWithConstraintsCheck to 2024-10-24 06:00:00+00:00, run_after=2024-10-25 06:00:00+00:00
[2024-10-24T15:43:19.245+0000] {processor.py:183} INFO - Processing /opt/airflow/dags/CTAS_Summary_DAG_with_constraints.py took 0.171 seconds
[2024-10-24T15:43:49.655+0000] {processor.py:161} INFO - Started process (PID=305) to work on /opt/airflow/dags/CTAS_Summary_DAG_with_constraints.py
[2024-10-24T15:43:49.656+0000] {processor.py:830} INFO - Processing file /opt/airflow/dags/CTAS_Summary_DAG_with_constraints.py for tasks to queue
[2024-10-24T15:43:49.658+0000] {logging_mixin.py:188} INFO - [2024-10-24T15:43:49.658+0000] {dagbag.py:545} INFO - Filling up the DagBag from /opt/airflow/dags/CTAS_Summary_DAG_with_constraints.py
[2024-10-24T15:43:49.693+0000] {processor.py:840} INFO - DAG(s) 'SessionSummaryWithConstraintsCheck' retrieved from /opt/airflow/dags/CTAS_Summary_DAG_with_constraints.py
[2024-10-24T15:43:49.719+0000] {logging_mixin.py:188} INFO - [2024-10-24T15:43:49.719+0000] {dag.py:3096} INFO - Sync 1 DAGs
[2024-10-24T15:43:49.744+0000] {logging_mixin.py:188} INFO - [2024-10-24T15:43:49.743+0000] {dag.py:3954} INFO - Setting next_dagrun for SessionSummaryWithConstraintsCheck to 2024-10-24 06:00:00+00:00, run_after=2024-10-25 06:00:00+00:00
[2024-10-24T15:43:49.771+0000] {processor.py:183} INFO - Processing /opt/airflow/dags/CTAS_Summary_DAG_with_constraints.py took 0.123 seconds
[2024-10-24T15:44:20.169+0000] {processor.py:161} INFO - Started process (PID=326) to work on /opt/airflow/dags/CTAS_Summary_DAG_with_constraints.py
[2024-10-24T15:44:20.170+0000] {processor.py:830} INFO - Processing file /opt/airflow/dags/CTAS_Summary_DAG_with_constraints.py for tasks to queue
[2024-10-24T15:44:20.174+0000] {logging_mixin.py:188} INFO - [2024-10-24T15:44:20.173+0000] {dagbag.py:545} INFO - Filling up the DagBag from /opt/airflow/dags/CTAS_Summary_DAG_with_constraints.py
[2024-10-24T15:44:20.216+0000] {processor.py:840} INFO - DAG(s) 'SessionSummaryWithConstraintsCheck' retrieved from /opt/airflow/dags/CTAS_Summary_DAG_with_constraints.py
[2024-10-24T15:44:20.257+0000] {logging_mixin.py:188} INFO - [2024-10-24T15:44:20.256+0000] {dag.py:3096} INFO - Sync 1 DAGs
[2024-10-24T15:44:20.296+0000] {logging_mixin.py:188} INFO - [2024-10-24T15:44:20.296+0000] {dag.py:3954} INFO - Setting next_dagrun for SessionSummaryWithConstraintsCheck to 2024-10-24 06:00:00+00:00, run_after=2024-10-25 06:00:00+00:00
[2024-10-24T15:44:20.331+0000] {processor.py:183} INFO - Processing /opt/airflow/dags/CTAS_Summary_DAG_with_constraints.py took 0.170 seconds
[2024-10-24T15:44:50.762+0000] {processor.py:161} INFO - Started process (PID=347) to work on /opt/airflow/dags/CTAS_Summary_DAG_with_constraints.py
[2024-10-24T15:44:50.763+0000] {processor.py:830} INFO - Processing file /opt/airflow/dags/CTAS_Summary_DAG_with_constraints.py for tasks to queue
[2024-10-24T15:44:50.767+0000] {logging_mixin.py:188} INFO - [2024-10-24T15:44:50.766+0000] {dagbag.py:545} INFO - Filling up the DagBag from /opt/airflow/dags/CTAS_Summary_DAG_with_constraints.py
[2024-10-24T15:44:50.801+0000] {processor.py:840} INFO - DAG(s) 'SessionSummaryWithConstraintsCheck' retrieved from /opt/airflow/dags/CTAS_Summary_DAG_with_constraints.py
[2024-10-24T15:44:50.839+0000] {logging_mixin.py:188} INFO - [2024-10-24T15:44:50.839+0000] {dag.py:3096} INFO - Sync 1 DAGs
[2024-10-24T15:44:50.870+0000] {logging_mixin.py:188} INFO - [2024-10-24T15:44:50.870+0000] {dag.py:3954} INFO - Setting next_dagrun for SessionSummaryWithConstraintsCheck to 2024-10-24 06:00:00+00:00, run_after=2024-10-25 06:00:00+00:00
[2024-10-24T15:44:50.903+0000] {processor.py:183} INFO - Processing /opt/airflow/dags/CTAS_Summary_DAG_with_constraints.py took 0.151 seconds
[2024-10-24T15:45:21.365+0000] {processor.py:161} INFO - Started process (PID=368) to work on /opt/airflow/dags/CTAS_Summary_DAG_with_constraints.py
[2024-10-24T15:45:21.366+0000] {processor.py:830} INFO - Processing file /opt/airflow/dags/CTAS_Summary_DAG_with_constraints.py for tasks to queue
[2024-10-24T15:45:21.370+0000] {logging_mixin.py:188} INFO - [2024-10-24T15:45:21.369+0000] {dagbag.py:545} INFO - Filling up the DagBag from /opt/airflow/dags/CTAS_Summary_DAG_with_constraints.py
[2024-10-24T15:45:21.411+0000] {processor.py:840} INFO - DAG(s) 'SessionSummaryWithConstraintsCheck' retrieved from /opt/airflow/dags/CTAS_Summary_DAG_with_constraints.py
[2024-10-24T15:45:21.449+0000] {logging_mixin.py:188} INFO - [2024-10-24T15:45:21.449+0000] {dag.py:3096} INFO - Sync 1 DAGs
[2024-10-24T15:45:21.493+0000] {logging_mixin.py:188} INFO - [2024-10-24T15:45:21.492+0000] {dag.py:3954} INFO - Setting next_dagrun for SessionSummaryWithConstraintsCheck to 2024-10-24 06:00:00+00:00, run_after=2024-10-25 06:00:00+00:00
[2024-10-24T15:45:21.528+0000] {processor.py:183} INFO - Processing /opt/airflow/dags/CTAS_Summary_DAG_with_constraints.py took 0.173 seconds
[2024-10-24T15:45:51.983+0000] {processor.py:161} INFO - Started process (PID=389) to work on /opt/airflow/dags/CTAS_Summary_DAG_with_constraints.py
[2024-10-24T15:45:51.984+0000] {processor.py:830} INFO - Processing file /opt/airflow/dags/CTAS_Summary_DAG_with_constraints.py for tasks to queue
[2024-10-24T15:45:51.986+0000] {logging_mixin.py:188} INFO - [2024-10-24T15:45:51.986+0000] {dagbag.py:545} INFO - Filling up the DagBag from /opt/airflow/dags/CTAS_Summary_DAG_with_constraints.py
[2024-10-24T15:45:52.022+0000] {processor.py:840} INFO - DAG(s) 'SessionSummaryWithConstraintsCheck' retrieved from /opt/airflow/dags/CTAS_Summary_DAG_with_constraints.py
[2024-10-24T15:45:52.052+0000] {logging_mixin.py:188} INFO - [2024-10-24T15:45:52.052+0000] {dag.py:3096} INFO - Sync 1 DAGs
[2024-10-24T15:45:52.082+0000] {logging_mixin.py:188} INFO - [2024-10-24T15:45:52.081+0000] {dag.py:3954} INFO - Setting next_dagrun for SessionSummaryWithConstraintsCheck to 2024-10-24 06:00:00+00:00, run_after=2024-10-25 06:00:00+00:00
[2024-10-24T15:45:52.112+0000] {processor.py:183} INFO - Processing /opt/airflow/dags/CTAS_Summary_DAG_with_constraints.py took 0.135 seconds
[2024-10-24T15:46:22.641+0000] {processor.py:161} INFO - Started process (PID=410) to work on /opt/airflow/dags/CTAS_Summary_DAG_with_constraints.py
[2024-10-24T15:46:22.642+0000] {processor.py:830} INFO - Processing file /opt/airflow/dags/CTAS_Summary_DAG_with_constraints.py for tasks to queue
[2024-10-24T15:46:22.644+0000] {logging_mixin.py:188} INFO - [2024-10-24T15:46:22.644+0000] {dagbag.py:545} INFO - Filling up the DagBag from /opt/airflow/dags/CTAS_Summary_DAG_with_constraints.py
[2024-10-24T15:46:22.683+0000] {processor.py:840} INFO - DAG(s) 'SessionSummaryWithConstraintsCheck' retrieved from /opt/airflow/dags/CTAS_Summary_DAG_with_constraints.py
[2024-10-24T15:46:22.725+0000] {logging_mixin.py:188} INFO - [2024-10-24T15:46:22.724+0000] {dag.py:3096} INFO - Sync 1 DAGs
[2024-10-24T15:46:22.756+0000] {logging_mixin.py:188} INFO - [2024-10-24T15:46:22.756+0000] {dag.py:3954} INFO - Setting next_dagrun for SessionSummaryWithConstraintsCheck to 2024-10-24 06:00:00+00:00, run_after=2024-10-25 06:00:00+00:00
[2024-10-24T15:46:22.793+0000] {processor.py:183} INFO - Processing /opt/airflow/dags/CTAS_Summary_DAG_with_constraints.py took 0.158 seconds
[2024-10-24T15:46:53.239+0000] {processor.py:161} INFO - Started process (PID=431) to work on /opt/airflow/dags/CTAS_Summary_DAG_with_constraints.py
[2024-10-24T15:46:53.241+0000] {processor.py:830} INFO - Processing file /opt/airflow/dags/CTAS_Summary_DAG_with_constraints.py for tasks to queue
[2024-10-24T15:46:53.243+0000] {logging_mixin.py:188} INFO - [2024-10-24T15:46:53.243+0000] {dagbag.py:545} INFO - Filling up the DagBag from /opt/airflow/dags/CTAS_Summary_DAG_with_constraints.py
[2024-10-24T15:46:53.293+0000] {processor.py:840} INFO - DAG(s) 'SessionSummaryWithConstraintsCheck' retrieved from /opt/airflow/dags/CTAS_Summary_DAG_with_constraints.py
[2024-10-24T15:46:53.333+0000] {logging_mixin.py:188} INFO - [2024-10-24T15:46:53.332+0000] {dag.py:3096} INFO - Sync 1 DAGs
[2024-10-24T15:46:53.375+0000] {logging_mixin.py:188} INFO - [2024-10-24T15:46:53.374+0000] {dag.py:3954} INFO - Setting next_dagrun for SessionSummaryWithConstraintsCheck to 2024-10-24 06:00:00+00:00, run_after=2024-10-25 06:00:00+00:00
[2024-10-24T15:46:53.404+0000] {processor.py:183} INFO - Processing /opt/airflow/dags/CTAS_Summary_DAG_with_constraints.py took 0.170 seconds
[2024-10-24T15:47:23.999+0000] {processor.py:161} INFO - Started process (PID=452) to work on /opt/airflow/dags/CTAS_Summary_DAG_with_constraints.py
[2024-10-24T15:47:24.001+0000] {processor.py:830} INFO - Processing file /opt/airflow/dags/CTAS_Summary_DAG_with_constraints.py for tasks to queue
[2024-10-24T15:47:24.004+0000] {logging_mixin.py:188} INFO - [2024-10-24T15:47:24.003+0000] {dagbag.py:545} INFO - Filling up the DagBag from /opt/airflow/dags/CTAS_Summary_DAG_with_constraints.py
[2024-10-24T15:47:24.040+0000] {processor.py:840} INFO - DAG(s) 'SessionSummaryWithConstraintsCheck' retrieved from /opt/airflow/dags/CTAS_Summary_DAG_with_constraints.py
[2024-10-24T15:47:24.068+0000] {logging_mixin.py:188} INFO - [2024-10-24T15:47:24.067+0000] {dag.py:3096} INFO - Sync 1 DAGs
[2024-10-24T15:47:24.095+0000] {logging_mixin.py:188} INFO - [2024-10-24T15:47:24.095+0000] {dag.py:3954} INFO - Setting next_dagrun for SessionSummaryWithConstraintsCheck to 2024-10-24 06:00:00+00:00, run_after=2024-10-25 06:00:00+00:00
[2024-10-24T15:47:24.129+0000] {processor.py:183} INFO - Processing /opt/airflow/dags/CTAS_Summary_DAG_with_constraints.py took 0.137 seconds
[2024-10-24T15:47:54.547+0000] {processor.py:161} INFO - Started process (PID=473) to work on /opt/airflow/dags/CTAS_Summary_DAG_with_constraints.py
[2024-10-24T15:47:54.550+0000] {processor.py:830} INFO - Processing file /opt/airflow/dags/CTAS_Summary_DAG_with_constraints.py for tasks to queue
[2024-10-24T15:47:54.554+0000] {logging_mixin.py:188} INFO - [2024-10-24T15:47:54.553+0000] {dagbag.py:545} INFO - Filling up the DagBag from /opt/airflow/dags/CTAS_Summary_DAG_with_constraints.py
[2024-10-24T15:47:54.602+0000] {processor.py:840} INFO - DAG(s) 'SessionSummaryWithConstraintsCheck' retrieved from /opt/airflow/dags/CTAS_Summary_DAG_with_constraints.py
[2024-10-24T15:47:54.631+0000] {logging_mixin.py:188} INFO - [2024-10-24T15:47:54.630+0000] {dag.py:3096} INFO - Sync 1 DAGs
[2024-10-24T15:47:54.656+0000] {logging_mixin.py:188} INFO - [2024-10-24T15:47:54.656+0000] {dag.py:3954} INFO - Setting next_dagrun for SessionSummaryWithConstraintsCheck to 2024-10-24 06:00:00+00:00, run_after=2024-10-25 06:00:00+00:00
[2024-10-24T15:47:54.681+0000] {processor.py:183} INFO - Processing /opt/airflow/dags/CTAS_Summary_DAG_with_constraints.py took 0.139 seconds
[2024-10-24T15:48:25.220+0000] {processor.py:161} INFO - Started process (PID=494) to work on /opt/airflow/dags/CTAS_Summary_DAG_with_constraints.py
[2024-10-24T15:48:25.222+0000] {processor.py:830} INFO - Processing file /opt/airflow/dags/CTAS_Summary_DAG_with_constraints.py for tasks to queue
[2024-10-24T15:48:25.228+0000] {logging_mixin.py:188} INFO - [2024-10-24T15:48:25.226+0000] {dagbag.py:545} INFO - Filling up the DagBag from /opt/airflow/dags/CTAS_Summary_DAG_with_constraints.py
[2024-10-24T15:48:25.293+0000] {processor.py:840} INFO - DAG(s) 'SessionSummaryWithConstraintsCheck' retrieved from /opt/airflow/dags/CTAS_Summary_DAG_with_constraints.py
[2024-10-24T15:48:25.350+0000] {logging_mixin.py:188} INFO - [2024-10-24T15:48:25.349+0000] {dag.py:3096} INFO - Sync 1 DAGs
[2024-10-24T15:48:25.393+0000] {logging_mixin.py:188} INFO - [2024-10-24T15:48:25.393+0000] {dag.py:3954} INFO - Setting next_dagrun for SessionSummaryWithConstraintsCheck to 2024-10-24 06:00:00+00:00, run_after=2024-10-25 06:00:00+00:00
[2024-10-24T15:48:25.439+0000] {processor.py:183} INFO - Processing /opt/airflow/dags/CTAS_Summary_DAG_with_constraints.py took 0.236 seconds
[2024-10-24T15:48:55.893+0000] {processor.py:161} INFO - Started process (PID=515) to work on /opt/airflow/dags/CTAS_Summary_DAG_with_constraints.py
[2024-10-24T15:48:55.895+0000] {processor.py:830} INFO - Processing file /opt/airflow/dags/CTAS_Summary_DAG_with_constraints.py for tasks to queue
[2024-10-24T15:48:55.899+0000] {logging_mixin.py:188} INFO - [2024-10-24T15:48:55.898+0000] {dagbag.py:545} INFO - Filling up the DagBag from /opt/airflow/dags/CTAS_Summary_DAG_with_constraints.py
[2024-10-24T15:48:55.923+0000] {processor.py:840} INFO - DAG(s) 'SessionSummaryWithConstraintsCheck' retrieved from /opt/airflow/dags/CTAS_Summary_DAG_with_constraints.py
[2024-10-24T15:48:55.954+0000] {logging_mixin.py:188} INFO - [2024-10-24T15:48:55.954+0000] {dag.py:3096} INFO - Sync 1 DAGs
[2024-10-24T15:48:55.978+0000] {logging_mixin.py:188} INFO - [2024-10-24T15:48:55.978+0000] {dag.py:3954} INFO - Setting next_dagrun for SessionSummaryWithConstraintsCheck to 2024-10-24 06:00:00+00:00, run_after=2024-10-25 06:00:00+00:00
[2024-10-24T15:48:56.006+0000] {processor.py:183} INFO - Processing /opt/airflow/dags/CTAS_Summary_DAG_with_constraints.py took 0.121 seconds
[2024-10-24T15:49:26.460+0000] {processor.py:161} INFO - Started process (PID=536) to work on /opt/airflow/dags/CTAS_Summary_DAG_with_constraints.py
[2024-10-24T15:49:26.461+0000] {processor.py:830} INFO - Processing file /opt/airflow/dags/CTAS_Summary_DAG_with_constraints.py for tasks to queue
[2024-10-24T15:49:26.465+0000] {logging_mixin.py:188} INFO - [2024-10-24T15:49:26.464+0000] {dagbag.py:545} INFO - Filling up the DagBag from /opt/airflow/dags/CTAS_Summary_DAG_with_constraints.py
[2024-10-24T15:49:26.513+0000] {processor.py:840} INFO - DAG(s) 'SessionSummaryWithConstraintsCheck' retrieved from /opt/airflow/dags/CTAS_Summary_DAG_with_constraints.py
[2024-10-24T15:49:26.555+0000] {logging_mixin.py:188} INFO - [2024-10-24T15:49:26.555+0000] {dag.py:3096} INFO - Sync 1 DAGs
[2024-10-24T15:49:26.599+0000] {logging_mixin.py:188} INFO - [2024-10-24T15:49:26.598+0000] {dag.py:3954} INFO - Setting next_dagrun for SessionSummaryWithConstraintsCheck to 2024-10-24 06:00:00+00:00, run_after=2024-10-25 06:00:00+00:00
[2024-10-24T15:49:26.636+0000] {processor.py:183} INFO - Processing /opt/airflow/dags/CTAS_Summary_DAG_with_constraints.py took 0.188 seconds
[2024-10-24T15:49:57.121+0000] {processor.py:161} INFO - Started process (PID=557) to work on /opt/airflow/dags/CTAS_Summary_DAG_with_constraints.py
[2024-10-24T15:49:57.123+0000] {processor.py:830} INFO - Processing file /opt/airflow/dags/CTAS_Summary_DAG_with_constraints.py for tasks to queue
[2024-10-24T15:49:57.125+0000] {logging_mixin.py:188} INFO - [2024-10-24T15:49:57.125+0000] {dagbag.py:545} INFO - Filling up the DagBag from /opt/airflow/dags/CTAS_Summary_DAG_with_constraints.py
[2024-10-24T15:49:57.154+0000] {processor.py:840} INFO - DAG(s) 'SessionSummaryWithConstraintsCheck' retrieved from /opt/airflow/dags/CTAS_Summary_DAG_with_constraints.py
[2024-10-24T15:49:57.190+0000] {logging_mixin.py:188} INFO - [2024-10-24T15:49:57.189+0000] {dag.py:3096} INFO - Sync 1 DAGs
[2024-10-24T15:49:57.225+0000] {logging_mixin.py:188} INFO - [2024-10-24T15:49:57.225+0000] {dag.py:3954} INFO - Setting next_dagrun for SessionSummaryWithConstraintsCheck to 2024-10-24 06:00:00+00:00, run_after=2024-10-25 06:00:00+00:00
[2024-10-24T15:49:57.265+0000] {processor.py:183} INFO - Processing /opt/airflow/dags/CTAS_Summary_DAG_with_constraints.py took 0.151 seconds
[2024-10-24T15:50:27.726+0000] {processor.py:161} INFO - Started process (PID=578) to work on /opt/airflow/dags/CTAS_Summary_DAG_with_constraints.py
[2024-10-24T15:50:27.727+0000] {processor.py:830} INFO - Processing file /opt/airflow/dags/CTAS_Summary_DAG_with_constraints.py for tasks to queue
[2024-10-24T15:50:27.730+0000] {logging_mixin.py:188} INFO - [2024-10-24T15:50:27.729+0000] {dagbag.py:545} INFO - Filling up the DagBag from /opt/airflow/dags/CTAS_Summary_DAG_with_constraints.py
[2024-10-24T15:50:27.758+0000] {processor.py:840} INFO - DAG(s) 'SessionSummaryWithConstraintsCheck' retrieved from /opt/airflow/dags/CTAS_Summary_DAG_with_constraints.py
[2024-10-24T15:50:27.796+0000] {logging_mixin.py:188} INFO - [2024-10-24T15:50:27.796+0000] {dag.py:3096} INFO - Sync 1 DAGs
[2024-10-24T15:50:27.830+0000] {logging_mixin.py:188} INFO - [2024-10-24T15:50:27.830+0000] {dag.py:3954} INFO - Setting next_dagrun for SessionSummaryWithConstraintsCheck to 2024-10-24 06:00:00+00:00, run_after=2024-10-25 06:00:00+00:00
[2024-10-24T15:50:27.866+0000] {processor.py:183} INFO - Processing /opt/airflow/dags/CTAS_Summary_DAG_with_constraints.py took 0.148 seconds
[2024-10-24T15:50:58.277+0000] {processor.py:161} INFO - Started process (PID=599) to work on /opt/airflow/dags/CTAS_Summary_DAG_with_constraints.py
[2024-10-24T15:50:58.280+0000] {processor.py:830} INFO - Processing file /opt/airflow/dags/CTAS_Summary_DAG_with_constraints.py for tasks to queue
[2024-10-24T15:50:58.283+0000] {logging_mixin.py:188} INFO - [2024-10-24T15:50:58.282+0000] {dagbag.py:545} INFO - Filling up the DagBag from /opt/airflow/dags/CTAS_Summary_DAG_with_constraints.py
[2024-10-24T15:50:58.337+0000] {processor.py:840} INFO - DAG(s) 'SessionSummaryWithConstraintsCheck' retrieved from /opt/airflow/dags/CTAS_Summary_DAG_with_constraints.py
[2024-10-24T15:50:58.380+0000] {logging_mixin.py:188} INFO - [2024-10-24T15:50:58.379+0000] {dag.py:3096} INFO - Sync 1 DAGs
[2024-10-24T15:50:58.419+0000] {logging_mixin.py:188} INFO - [2024-10-24T15:50:58.418+0000] {dag.py:3954} INFO - Setting next_dagrun for SessionSummaryWithConstraintsCheck to 2024-10-24 06:00:00+00:00, run_after=2024-10-25 06:00:00+00:00
[2024-10-24T15:50:58.456+0000] {processor.py:183} INFO - Processing /opt/airflow/dags/CTAS_Summary_DAG_with_constraints.py took 0.190 seconds
[2024-10-24T15:51:28.885+0000] {processor.py:161} INFO - Started process (PID=620) to work on /opt/airflow/dags/CTAS_Summary_DAG_with_constraints.py
[2024-10-24T15:51:28.886+0000] {processor.py:830} INFO - Processing file /opt/airflow/dags/CTAS_Summary_DAG_with_constraints.py for tasks to queue
[2024-10-24T15:51:28.888+0000] {logging_mixin.py:188} INFO - [2024-10-24T15:51:28.888+0000] {dagbag.py:545} INFO - Filling up the DagBag from /opt/airflow/dags/CTAS_Summary_DAG_with_constraints.py
[2024-10-24T15:51:28.920+0000] {processor.py:840} INFO - DAG(s) 'SessionSummaryWithConstraintsCheck' retrieved from /opt/airflow/dags/CTAS_Summary_DAG_with_constraints.py
[2024-10-24T15:51:28.961+0000] {logging_mixin.py:188} INFO - [2024-10-24T15:51:28.960+0000] {dag.py:3096} INFO - Sync 1 DAGs
[2024-10-24T15:51:28.999+0000] {logging_mixin.py:188} INFO - [2024-10-24T15:51:28.999+0000] {dag.py:3954} INFO - Setting next_dagrun for SessionSummaryWithConstraintsCheck to 2024-10-24 06:00:00+00:00, run_after=2024-10-25 06:00:00+00:00
[2024-10-24T15:51:29.029+0000] {processor.py:183} INFO - Processing /opt/airflow/dags/CTAS_Summary_DAG_with_constraints.py took 0.150 seconds
[2024-10-24T15:51:59.469+0000] {processor.py:161} INFO - Started process (PID=642) to work on /opt/airflow/dags/CTAS_Summary_DAG_with_constraints.py
[2024-10-24T15:51:59.470+0000] {processor.py:830} INFO - Processing file /opt/airflow/dags/CTAS_Summary_DAG_with_constraints.py for tasks to queue
[2024-10-24T15:51:59.473+0000] {logging_mixin.py:188} INFO - [2024-10-24T15:51:59.472+0000] {dagbag.py:545} INFO - Filling up the DagBag from /opt/airflow/dags/CTAS_Summary_DAG_with_constraints.py
[2024-10-24T15:51:59.504+0000] {processor.py:840} INFO - DAG(s) 'SessionSummaryWithConstraintsCheck' retrieved from /opt/airflow/dags/CTAS_Summary_DAG_with_constraints.py
[2024-10-24T15:51:59.533+0000] {logging_mixin.py:188} INFO - [2024-10-24T15:51:59.532+0000] {dag.py:3096} INFO - Sync 1 DAGs
[2024-10-24T15:51:59.556+0000] {logging_mixin.py:188} INFO - [2024-10-24T15:51:59.556+0000] {dag.py:3954} INFO - Setting next_dagrun for SessionSummaryWithConstraintsCheck to 2024-10-24 06:00:00+00:00, run_after=2024-10-25 06:00:00+00:00
[2024-10-24T15:51:59.585+0000] {processor.py:183} INFO - Processing /opt/airflow/dags/CTAS_Summary_DAG_with_constraints.py took 0.123 seconds
[2024-10-24T15:52:30.169+0000] {processor.py:161} INFO - Started process (PID=663) to work on /opt/airflow/dags/CTAS_Summary_DAG_with_constraints.py
[2024-10-24T15:52:30.171+0000] {processor.py:830} INFO - Processing file /opt/airflow/dags/CTAS_Summary_DAG_with_constraints.py for tasks to queue
[2024-10-24T15:52:30.174+0000] {logging_mixin.py:188} INFO - [2024-10-24T15:52:30.174+0000] {dagbag.py:545} INFO - Filling up the DagBag from /opt/airflow/dags/CTAS_Summary_DAG_with_constraints.py
[2024-10-24T15:52:30.225+0000] {processor.py:840} INFO - DAG(s) 'SessionSummaryWithConstraintsCheck' retrieved from /opt/airflow/dags/CTAS_Summary_DAG_with_constraints.py
[2024-10-24T15:52:30.258+0000] {logging_mixin.py:188} INFO - [2024-10-24T15:52:30.258+0000] {dag.py:3096} INFO - Sync 1 DAGs
[2024-10-24T15:52:30.284+0000] {logging_mixin.py:188} INFO - [2024-10-24T15:52:30.283+0000] {dag.py:3954} INFO - Setting next_dagrun for SessionSummaryWithConstraintsCheck to 2024-10-24 06:00:00+00:00, run_after=2024-10-25 06:00:00+00:00
[2024-10-24T15:52:30.321+0000] {processor.py:183} INFO - Processing /opt/airflow/dags/CTAS_Summary_DAG_with_constraints.py took 0.160 seconds
[2024-10-24T15:53:00.759+0000] {processor.py:161} INFO - Started process (PID=684) to work on /opt/airflow/dags/CTAS_Summary_DAG_with_constraints.py
[2024-10-24T15:53:00.761+0000] {processor.py:830} INFO - Processing file /opt/airflow/dags/CTAS_Summary_DAG_with_constraints.py for tasks to queue
[2024-10-24T15:53:00.763+0000] {logging_mixin.py:188} INFO - [2024-10-24T15:53:00.762+0000] {dagbag.py:545} INFO - Filling up the DagBag from /opt/airflow/dags/CTAS_Summary_DAG_with_constraints.py
[2024-10-24T15:53:00.798+0000] {processor.py:840} INFO - DAG(s) 'SessionSummaryWithConstraintsCheck' retrieved from /opt/airflow/dags/CTAS_Summary_DAG_with_constraints.py
[2024-10-24T15:53:00.826+0000] {logging_mixin.py:188} INFO - [2024-10-24T15:53:00.825+0000] {dag.py:3096} INFO - Sync 1 DAGs
[2024-10-24T15:53:00.849+0000] {logging_mixin.py:188} INFO - [2024-10-24T15:53:00.849+0000] {dag.py:3954} INFO - Setting next_dagrun for SessionSummaryWithConstraintsCheck to 2024-10-24 06:00:00+00:00, run_after=2024-10-25 06:00:00+00:00
[2024-10-24T15:53:00.877+0000] {processor.py:183} INFO - Processing /opt/airflow/dags/CTAS_Summary_DAG_with_constraints.py took 0.125 seconds
[2024-10-24T15:53:31.331+0000] {processor.py:161} INFO - Started process (PID=705) to work on /opt/airflow/dags/CTAS_Summary_DAG_with_constraints.py
[2024-10-24T15:53:31.333+0000] {processor.py:830} INFO - Processing file /opt/airflow/dags/CTAS_Summary_DAG_with_constraints.py for tasks to queue
[2024-10-24T15:53:31.335+0000] {logging_mixin.py:188} INFO - [2024-10-24T15:53:31.335+0000] {dagbag.py:545} INFO - Filling up the DagBag from /opt/airflow/dags/CTAS_Summary_DAG_with_constraints.py
[2024-10-24T15:53:31.375+0000] {processor.py:840} INFO - DAG(s) 'SessionSummaryWithConstraintsCheck' retrieved from /opt/airflow/dags/CTAS_Summary_DAG_with_constraints.py
[2024-10-24T15:53:31.407+0000] {logging_mixin.py:188} INFO - [2024-10-24T15:53:31.407+0000] {dag.py:3096} INFO - Sync 1 DAGs
[2024-10-24T15:53:31.435+0000] {logging_mixin.py:188} INFO - [2024-10-24T15:53:31.435+0000] {dag.py:3954} INFO - Setting next_dagrun for SessionSummaryWithConstraintsCheck to 2024-10-24 06:00:00+00:00, run_after=2024-10-25 06:00:00+00:00
[2024-10-24T15:53:31.464+0000] {processor.py:183} INFO - Processing /opt/airflow/dags/CTAS_Summary_DAG_with_constraints.py took 0.138 seconds
[2024-10-24T15:54:01.914+0000] {processor.py:161} INFO - Started process (PID=726) to work on /opt/airflow/dags/CTAS_Summary_DAG_with_constraints.py
[2024-10-24T15:54:01.916+0000] {processor.py:830} INFO - Processing file /opt/airflow/dags/CTAS_Summary_DAG_with_constraints.py for tasks to queue
[2024-10-24T15:54:01.918+0000] {logging_mixin.py:188} INFO - [2024-10-24T15:54:01.918+0000] {dagbag.py:545} INFO - Filling up the DagBag from /opt/airflow/dags/CTAS_Summary_DAG_with_constraints.py
[2024-10-24T15:54:01.945+0000] {processor.py:840} INFO - DAG(s) 'SessionSummaryWithConstraintsCheck' retrieved from /opt/airflow/dags/CTAS_Summary_DAG_with_constraints.py
[2024-10-24T15:54:01.975+0000] {logging_mixin.py:188} INFO - [2024-10-24T15:54:01.974+0000] {dag.py:3096} INFO - Sync 1 DAGs
[2024-10-24T15:54:02.005+0000] {logging_mixin.py:188} INFO - [2024-10-24T15:54:02.005+0000] {dag.py:3954} INFO - Setting next_dagrun for SessionSummaryWithConstraintsCheck to 2024-10-24 06:00:00+00:00, run_after=2024-10-25 06:00:00+00:00
[2024-10-24T15:54:02.037+0000] {processor.py:183} INFO - Processing /opt/airflow/dags/CTAS_Summary_DAG_with_constraints.py took 0.129 seconds
[2024-10-24T15:54:32.524+0000] {processor.py:161} INFO - Started process (PID=747) to work on /opt/airflow/dags/CTAS_Summary_DAG_with_constraints.py
[2024-10-24T15:54:32.525+0000] {processor.py:830} INFO - Processing file /opt/airflow/dags/CTAS_Summary_DAG_with_constraints.py for tasks to queue
[2024-10-24T15:54:32.531+0000] {logging_mixin.py:188} INFO - [2024-10-24T15:54:32.530+0000] {dagbag.py:545} INFO - Filling up the DagBag from /opt/airflow/dags/CTAS_Summary_DAG_with_constraints.py
[2024-10-24T15:54:32.560+0000] {processor.py:840} INFO - DAG(s) 'SessionSummaryWithConstraintsCheck' retrieved from /opt/airflow/dags/CTAS_Summary_DAG_with_constraints.py
[2024-10-24T15:54:32.617+0000] {logging_mixin.py:188} INFO - [2024-10-24T15:54:32.616+0000] {dag.py:3096} INFO - Sync 1 DAGs
[2024-10-24T15:54:32.664+0000] {logging_mixin.py:188} INFO - [2024-10-24T15:54:32.664+0000] {dag.py:3954} INFO - Setting next_dagrun for SessionSummaryWithConstraintsCheck to 2024-10-24 06:00:00+00:00, run_after=2024-10-25 06:00:00+00:00
[2024-10-24T15:54:32.724+0000] {processor.py:183} INFO - Processing /opt/airflow/dags/CTAS_Summary_DAG_with_constraints.py took 0.208 seconds
[2024-10-24T15:55:03.186+0000] {processor.py:161} INFO - Started process (PID=768) to work on /opt/airflow/dags/CTAS_Summary_DAG_with_constraints.py
[2024-10-24T15:55:03.188+0000] {processor.py:830} INFO - Processing file /opt/airflow/dags/CTAS_Summary_DAG_with_constraints.py for tasks to queue
[2024-10-24T15:55:03.192+0000] {logging_mixin.py:188} INFO - [2024-10-24T15:55:03.192+0000] {dagbag.py:545} INFO - Filling up the DagBag from /opt/airflow/dags/CTAS_Summary_DAG_with_constraints.py
[2024-10-24T15:55:03.251+0000] {processor.py:840} INFO - DAG(s) 'SessionSummaryWithConstraintsCheck' retrieved from /opt/airflow/dags/CTAS_Summary_DAG_with_constraints.py
[2024-10-24T15:55:03.294+0000] {logging_mixin.py:188} INFO - [2024-10-24T15:55:03.294+0000] {dag.py:3096} INFO - Sync 1 DAGs
[2024-10-24T15:55:03.327+0000] {logging_mixin.py:188} INFO - [2024-10-24T15:55:03.326+0000] {dag.py:3954} INFO - Setting next_dagrun for SessionSummaryWithConstraintsCheck to 2024-10-24 06:00:00+00:00, run_after=2024-10-25 06:00:00+00:00
[2024-10-24T15:55:03.358+0000] {processor.py:183} INFO - Processing /opt/airflow/dags/CTAS_Summary_DAG_with_constraints.py took 0.182 seconds
[2024-10-24T15:55:33.646+0000] {processor.py:161} INFO - Started process (PID=789) to work on /opt/airflow/dags/CTAS_Summary_DAG_with_constraints.py
[2024-10-24T15:55:33.647+0000] {processor.py:830} INFO - Processing file /opt/airflow/dags/CTAS_Summary_DAG_with_constraints.py for tasks to queue
[2024-10-24T15:55:33.650+0000] {logging_mixin.py:188} INFO - [2024-10-24T15:55:33.649+0000] {dagbag.py:545} INFO - Filling up the DagBag from /opt/airflow/dags/CTAS_Summary_DAG_with_constraints.py
[2024-10-24T15:55:33.676+0000] {processor.py:840} INFO - DAG(s) 'SessionSummaryWithConstraintsCheck' retrieved from /opt/airflow/dags/CTAS_Summary_DAG_with_constraints.py
[2024-10-24T15:55:33.707+0000] {logging_mixin.py:188} INFO - [2024-10-24T15:55:33.706+0000] {dag.py:3096} INFO - Sync 1 DAGs
[2024-10-24T15:55:33.734+0000] {logging_mixin.py:188} INFO - [2024-10-24T15:55:33.734+0000] {dag.py:3954} INFO - Setting next_dagrun for SessionSummaryWithConstraintsCheck to 2024-10-24 06:00:00+00:00, run_after=2024-10-25 06:00:00+00:00
[2024-10-24T15:55:33.762+0000] {processor.py:183} INFO - Processing /opt/airflow/dags/CTAS_Summary_DAG_with_constraints.py took 0.123 seconds
[2024-10-24T15:56:04.175+0000] {processor.py:161} INFO - Started process (PID=810) to work on /opt/airflow/dags/CTAS_Summary_DAG_with_constraints.py
[2024-10-24T15:56:04.177+0000] {processor.py:830} INFO - Processing file /opt/airflow/dags/CTAS_Summary_DAG_with_constraints.py for tasks to queue
[2024-10-24T15:56:04.180+0000] {logging_mixin.py:188} INFO - [2024-10-24T15:56:04.179+0000] {dagbag.py:545} INFO - Filling up the DagBag from /opt/airflow/dags/CTAS_Summary_DAG_with_constraints.py
[2024-10-24T15:56:04.202+0000] {processor.py:840} INFO - DAG(s) 'SessionSummaryWithConstraintsCheck' retrieved from /opt/airflow/dags/CTAS_Summary_DAG_with_constraints.py
[2024-10-24T15:56:04.231+0000] {logging_mixin.py:188} INFO - [2024-10-24T15:56:04.230+0000] {dag.py:3096} INFO - Sync 1 DAGs
[2024-10-24T15:56:04.256+0000] {logging_mixin.py:188} INFO - [2024-10-24T15:56:04.256+0000] {dag.py:3954} INFO - Setting next_dagrun for SessionSummaryWithConstraintsCheck to 2024-10-24 06:00:00+00:00, run_after=2024-10-25 06:00:00+00:00
[2024-10-24T15:56:04.289+0000] {processor.py:183} INFO - Processing /opt/airflow/dags/CTAS_Summary_DAG_with_constraints.py took 0.120 seconds
