[2024-11-12T20:49:43.433+0000] {local_task_job_runner.py:120} INFO - ::group::Pre task execution logs
[2024-11-12T20:49:43.494+0000] {taskinstance.py:2076} INFO - Dependencies all met for dep_context=non-requeueable deps ti=<TaskInstance: dbt_commands_dag.dbt_snapshot scheduled__2024-11-11T11:30:00+00:00 [queued]>
[2024-11-12T20:49:43.511+0000] {taskinstance.py:2076} INFO - Dependencies all met for dep_context=requeueable deps ti=<TaskInstance: dbt_commands_dag.dbt_snapshot scheduled__2024-11-11T11:30:00+00:00 [queued]>
[2024-11-12T20:49:43.512+0000] {taskinstance.py:2306} INFO - Starting attempt 1 of 2
[2024-11-12T20:49:43.539+0000] {taskinstance.py:2330} INFO - Executing <Task(BashOperator): dbt_snapshot> on 2024-11-11 11:30:00+00:00
[2024-11-12T20:49:43.549+0000] {standard_task_runner.py:90} INFO - Running: ['***', 'tasks', 'run', 'dbt_commands_dag', 'dbt_snapshot', 'scheduled__2024-11-11T11:30:00+00:00', '--job-id', '200', '--raw', '--subdir', 'DAGS_FOLDER/DBT_DAG_RUN.py', '--cfg-path', '/tmp/tmp43u_qxhf']
[2024-11-12T20:49:43.553+0000] {standard_task_runner.py:91} INFO - Job 200: Subtask dbt_snapshot
[2024-11-12T20:49:43.556+0000] {logging_mixin.py:188} WARNING - /home/***/.local/lib/python3.12/site-packages/***/task/task_runner/standard_task_runner.py:61 DeprecationWarning: This process (pid=412) is multi-threaded, use of fork() may lead to deadlocks in the child.
[2024-11-12T20:49:43.558+0000] {standard_task_runner.py:63} INFO - Started process 413 to run task
[2024-11-12T20:49:43.631+0000] {task_command.py:426} INFO - Running <TaskInstance: dbt_commands_dag.dbt_snapshot scheduled__2024-11-11T11:30:00+00:00 [running]> on host 16d7368eac06
[2024-11-12T20:49:43.846+0000] {taskinstance.py:2648} INFO - Exporting env vars: AIRFLOW_CTX_DAG_OWNER='Utkarsh Tripathi' AIRFLOW_CTX_DAG_ID='dbt_commands_dag' AIRFLOW_CTX_TASK_ID='dbt_snapshot' AIRFLOW_CTX_EXECUTION_DATE='2024-11-11T11:30:00+00:00' AIRFLOW_CTX_TRY_NUMBER='1' AIRFLOW_CTX_DAG_RUN_ID='scheduled__2024-11-11T11:30:00+00:00'
[2024-11-12T20:49:43.847+0000] {taskinstance.py:430} INFO - ::endgroup::
[2024-11-12T20:49:43.866+0000] {subprocess.py:63} INFO - Tmp dir root location: /tmp
[2024-11-12T20:49:43.869+0000] {subprocess.py:75} INFO - Running command: ['/usr/bin/bash', '-c', '/home/***/.local/bin/dbt snapshot --profiles-dir /opt/***/dbt --project-dir /opt/***/dbt']
[2024-11-12T20:49:43.879+0000] {subprocess.py:86} INFO - Output:
[2024-11-12T20:49:47.230+0000] {subprocess.py:93} INFO - [0m20:49:47  Running with dbt=1.8.7
[2024-11-12T20:49:48.638+0000] {subprocess.py:93} INFO - [0m20:49:48  Registered adapter: snowflake=1.8.4
[2024-11-12T20:49:49.723+0000] {subprocess.py:93} INFO - [0m20:49:49  [[33mWARNING[0m]: Configuration paths exist in your dbt_project.yml file which do not apply to any resources.
[2024-11-12T20:49:49.724+0000] {subprocess.py:93} INFO - There are 1 unused configuration paths:
[2024-11-12T20:49:49.725+0000] {subprocess.py:93} INFO - - models.build_utl.example
[2024-11-12T20:49:50.106+0000] {subprocess.py:93} INFO - [0m20:49:50  Found 2 models, 1 snapshot, 2 data tests, 2 sources, 459 macros
[2024-11-12T20:49:50.113+0000] {subprocess.py:93} INFO - [0m20:49:50
[2024-11-12T20:50:00.694+0000] {subprocess.py:93} INFO - [0m20:50:00  Concurrency: 1 threads (target='LAB2_WORK')
[2024-11-12T20:50:00.701+0000] {subprocess.py:93} INFO - [0m20:50:00
[2024-11-12T20:50:00.714+0000] {subprocess.py:93} INFO - [0m20:50:00  1 of 1 START snapshot snapshot.snapshot_session_summary ........................ [RUN]
[2024-11-12T20:50:10.934+0000] {subprocess.py:93} INFO - [0m20:50:10  1 of 1 OK snapshotted snapshot.snapshot_session_summary ........................ [[32mSUCCESS 360[0m in 10.21s]
[2024-11-12T20:50:10.948+0000] {subprocess.py:93} INFO - [0m20:50:10
[2024-11-12T20:50:10.952+0000] {subprocess.py:93} INFO - [0m20:50:10  Finished running 1 snapshot in 0 hours 0 minutes and 20.83 seconds (20.83s).
[2024-11-12T20:50:11.074+0000] {subprocess.py:93} INFO - [0m20:50:11
[2024-11-12T20:50:11.077+0000] {subprocess.py:93} INFO - [0m20:50:11  [32mCompleted successfully[0m
[2024-11-12T20:50:11.079+0000] {subprocess.py:93} INFO - [0m20:50:11
[2024-11-12T20:50:11.084+0000] {subprocess.py:93} INFO - [0m20:50:11  Done. PASS=1 WARN=0 ERROR=0 SKIP=0 TOTAL=1
[2024-11-12T20:50:13.272+0000] {subprocess.py:97} INFO - Command exited with return code 0
[2024-11-12T20:50:13.274+0000] {taskinstance.py:441} INFO - ::group::Post task execution logs
[2024-11-12T20:50:13.302+0000] {taskinstance.py:1206} INFO - Marking task as SUCCESS. dag_id=dbt_commands_dag, task_id=dbt_snapshot, run_id=scheduled__2024-11-11T11:30:00+00:00, execution_date=20241111T113000, start_date=20241112T204943, end_date=20241112T205013
[2024-11-12T20:50:13.333+0000] {local_task_job_runner.py:240} INFO - Task exited with return code 0
[2024-11-12T20:50:13.354+0000] {taskinstance.py:3498} INFO - 0 downstream tasks scheduled from follow-on schedule check
[2024-11-12T20:50:13.358+0000] {local_task_job_runner.py:222} INFO - ::endgroup::
