[2024-11-10T03:49:57.232+0000] {local_task_job_runner.py:120} INFO - ::group::Pre task execution logs
[2024-11-10T03:49:57.258+0000] {taskinstance.py:2076} INFO - Dependencies all met for dep_context=non-requeueable deps ti=<TaskInstance: Stock_data_analysis_lab2.insert_stock_prices manual__2024-11-10T03:49:49.449609+00:00 [queued]>
[2024-11-10T03:49:57.271+0000] {taskinstance.py:2076} INFO - Dependencies all met for dep_context=requeueable deps ti=<TaskInstance: Stock_data_analysis_lab2.insert_stock_prices manual__2024-11-10T03:49:49.449609+00:00 [queued]>
[2024-11-10T03:49:57.276+0000] {taskinstance.py:2306} INFO - Starting attempt 1 of 2
[2024-11-10T03:49:57.297+0000] {taskinstance.py:2330} INFO - Executing <Task(_PythonDecoratedOperator): insert_stock_prices> on 2024-11-10 03:49:49.449609+00:00
[2024-11-10T03:49:57.305+0000] {standard_task_runner.py:90} INFO - Running: ['***', 'tasks', 'run', 'Stock_data_analysis_lab2', 'insert_stock_prices', 'manual__2024-11-10T03:49:49.449609+00:00', '--job-id', '98', '--raw', '--subdir', 'DAGS_FOLDER/dag_stock_price_lab.py', '--cfg-path', '/tmp/tmpiglpi3n1']
[2024-11-10T03:49:57.308+0000] {standard_task_runner.py:91} INFO - Job 98: Subtask insert_stock_prices
[2024-11-10T03:49:57.311+0000] {logging_mixin.py:188} WARNING - /home/***/.local/lib/python3.12/site-packages/***/task/task_runner/standard_task_runner.py:61 DeprecationWarning: This process (pid=579) is multi-threaded, use of fork() may lead to deadlocks in the child.
[2024-11-10T03:49:57.312+0000] {standard_task_runner.py:63} INFO - Started process 582 to run task
[2024-11-10T03:49:57.364+0000] {task_command.py:426} INFO - Running <TaskInstance: Stock_data_analysis_lab2.insert_stock_prices manual__2024-11-10T03:49:49.449609+00:00 [running]> on host 22359ceef38b
[2024-11-10T03:49:57.552+0000] {taskinstance.py:2648} INFO - Exporting env vars: AIRFLOW_CTX_DAG_OWNER='Utkarsh Tripathi' AIRFLOW_CTX_DAG_ID='Stock_data_analysis_lab2' AIRFLOW_CTX_TASK_ID='insert_stock_prices' AIRFLOW_CTX_EXECUTION_DATE='2024-11-10T03:49:49.449609+00:00' AIRFLOW_CTX_TRY_NUMBER='1' AIRFLOW_CTX_DAG_RUN_ID='manual__2024-11-10T03:49:49.449609+00:00'
[2024-11-10T03:49:57.554+0000] {taskinstance.py:430} INFO - ::endgroup::
[2024-11-10T03:49:57.580+0000] {connection.py:399} INFO - Snowflake Connector for Python Version: 3.10.0, Python Version: 3.12.3, Platform: Linux-5.15.153.1-microsoft-standard-WSL2-x86_64-with-glibc2.36
[2024-11-10T03:49:57.582+0000] {connection.py:1239} INFO - This connection is in OCSP Fail Open Mode. TLS Certificates would be checked for validity and revocation status. Any other Certificate Revocation related exceptions or OCSP Responder failures would be disregarded in favor of connectivity.
[2024-11-10T03:49:58.250+0000] {cursor.py:1149} INFO - Number of results in first chunk: 1
[2024-11-10T03:49:58.548+0000] {cursor.py:1149} INFO - Number of results in first chunk: 1
[2024-11-10T03:49:58.550+0000] {logging_mixin.py:188} INFO - Error inserting data: 002003 (02000): 01b84505-0004-2919-0001-95fb0004985a: SQL compilation error:
Schema 'LAB2_WORK.RAW_DATA' does not exist or not authorized.
[2024-11-10T03:49:58.551+0000] {python.py:237} INFO - Done. Returned value was: None
[2024-11-10T03:49:58.551+0000] {taskinstance.py:441} INFO - ::group::Post task execution logs
[2024-11-10T03:49:58.564+0000] {taskinstance.py:1206} INFO - Marking task as SUCCESS. dag_id=Stock_data_analysis_lab2, task_id=insert_stock_prices, run_id=manual__2024-11-10T03:49:49.449609+00:00, execution_date=20241110T034949, start_date=20241110T034957, end_date=20241110T034958
[2024-11-10T03:49:58.616+0000] {local_task_job_runner.py:240} INFO - Task exited with return code 0
[2024-11-10T03:49:58.646+0000] {taskinstance.py:3498} INFO - 1 downstream tasks scheduled from follow-on schedule check
[2024-11-10T03:49:58.655+0000] {local_task_job_runner.py:222} INFO - ::endgroup::
