[2024-11-12T00:00:28.914+0000] {processor.py:161} INFO - Started process (PID=2057) to work on /opt/airflow/dags/build_elt_with_ctas.py
[2024-11-12T00:00:28.916+0000] {processor.py:830} INFO - Processing file /opt/airflow/dags/build_elt_with_ctas.py for tasks to queue
[2024-11-12T00:00:28.920+0000] {logging_mixin.py:188} INFO - [2024-11-12T00:00:28.919+0000] {dagbag.py:545} INFO - Filling up the DagBag from /opt/airflow/dags/build_elt_with_ctas.py
[2024-11-12T00:00:28.977+0000] {processor.py:840} INFO - DAG(s) 'BuildELT_CTAS' retrieved from /opt/airflow/dags/build_elt_with_ctas.py
[2024-11-12T00:00:29.045+0000] {logging_mixin.py:188} INFO - [2024-11-12T00:00:29.045+0000] {dag.py:3096} INFO - Sync 1 DAGs
[2024-11-12T00:00:29.117+0000] {logging_mixin.py:188} INFO - [2024-11-12T00:00:29.116+0000] {dag.py:3954} INFO - Setting next_dagrun for BuildELT_CTAS to 2024-11-10 02:45:00+00:00, run_after=2024-11-11 02:45:00+00:00
[2024-11-12T00:00:29.182+0000] {processor.py:183} INFO - Processing /opt/airflow/dags/build_elt_with_ctas.py took 0.279 seconds
[2024-11-12T00:00:59.585+0000] {processor.py:161} INFO - Started process (PID=2078) to work on /opt/airflow/dags/build_elt_with_ctas.py
[2024-11-12T00:00:59.587+0000] {processor.py:830} INFO - Processing file /opt/airflow/dags/build_elt_with_ctas.py for tasks to queue
[2024-11-12T00:00:59.591+0000] {logging_mixin.py:188} INFO - [2024-11-12T00:00:59.591+0000] {dagbag.py:545} INFO - Filling up the DagBag from /opt/airflow/dags/build_elt_with_ctas.py
[2024-11-12T00:00:59.630+0000] {processor.py:840} INFO - DAG(s) 'BuildELT_CTAS' retrieved from /opt/airflow/dags/build_elt_with_ctas.py
[2024-11-12T00:00:59.688+0000] {logging_mixin.py:188} INFO - [2024-11-12T00:00:59.687+0000] {dag.py:3096} INFO - Sync 1 DAGs
[2024-11-12T00:00:59.732+0000] {logging_mixin.py:188} INFO - [2024-11-12T00:00:59.732+0000] {dag.py:3954} INFO - Setting next_dagrun for BuildELT_CTAS to 2024-11-10 02:45:00+00:00, run_after=2024-11-11 02:45:00+00:00
[2024-11-12T00:00:59.768+0000] {processor.py:183} INFO - Processing /opt/airflow/dags/build_elt_with_ctas.py took 0.193 seconds
[2024-11-12T00:01:30.199+0000] {processor.py:161} INFO - Started process (PID=2099) to work on /opt/airflow/dags/build_elt_with_ctas.py
[2024-11-12T00:01:30.201+0000] {processor.py:830} INFO - Processing file /opt/airflow/dags/build_elt_with_ctas.py for tasks to queue
[2024-11-12T00:01:30.204+0000] {logging_mixin.py:188} INFO - [2024-11-12T00:01:30.203+0000] {dagbag.py:545} INFO - Filling up the DagBag from /opt/airflow/dags/build_elt_with_ctas.py
[2024-11-12T00:01:30.237+0000] {processor.py:840} INFO - DAG(s) 'BuildELT_CTAS' retrieved from /opt/airflow/dags/build_elt_with_ctas.py
[2024-11-12T00:01:30.279+0000] {logging_mixin.py:188} INFO - [2024-11-12T00:01:30.278+0000] {dag.py:3096} INFO - Sync 1 DAGs
[2024-11-12T00:01:30.321+0000] {logging_mixin.py:188} INFO - [2024-11-12T00:01:30.321+0000] {dag.py:3954} INFO - Setting next_dagrun for BuildELT_CTAS to 2024-11-10 02:45:00+00:00, run_after=2024-11-11 02:45:00+00:00
[2024-11-12T00:01:30.374+0000] {processor.py:183} INFO - Processing /opt/airflow/dags/build_elt_with_ctas.py took 0.184 seconds
[2024-11-12T00:02:00.804+0000] {processor.py:161} INFO - Started process (PID=2120) to work on /opt/airflow/dags/build_elt_with_ctas.py
[2024-11-12T00:02:00.806+0000] {processor.py:830} INFO - Processing file /opt/airflow/dags/build_elt_with_ctas.py for tasks to queue
[2024-11-12T00:02:00.809+0000] {logging_mixin.py:188} INFO - [2024-11-12T00:02:00.808+0000] {dagbag.py:545} INFO - Filling up the DagBag from /opt/airflow/dags/build_elt_with_ctas.py
[2024-11-12T00:02:00.836+0000] {processor.py:840} INFO - DAG(s) 'BuildELT_CTAS' retrieved from /opt/airflow/dags/build_elt_with_ctas.py
[2024-11-12T00:02:00.878+0000] {logging_mixin.py:188} INFO - [2024-11-12T00:02:00.878+0000] {dag.py:3096} INFO - Sync 1 DAGs
[2024-11-12T00:02:00.909+0000] {logging_mixin.py:188} INFO - [2024-11-12T00:02:00.908+0000] {dag.py:3954} INFO - Setting next_dagrun for BuildELT_CTAS to 2024-11-10 02:45:00+00:00, run_after=2024-11-11 02:45:00+00:00
[2024-11-12T00:02:00.950+0000] {processor.py:183} INFO - Processing /opt/airflow/dags/build_elt_with_ctas.py took 0.154 seconds
[2024-11-12T00:02:31.360+0000] {processor.py:161} INFO - Started process (PID=2141) to work on /opt/airflow/dags/build_elt_with_ctas.py
[2024-11-12T00:02:31.362+0000] {processor.py:830} INFO - Processing file /opt/airflow/dags/build_elt_with_ctas.py for tasks to queue
[2024-11-12T00:02:31.366+0000] {logging_mixin.py:188} INFO - [2024-11-12T00:02:31.365+0000] {dagbag.py:545} INFO - Filling up the DagBag from /opt/airflow/dags/build_elt_with_ctas.py
[2024-11-12T00:02:31.416+0000] {processor.py:840} INFO - DAG(s) 'BuildELT_CTAS' retrieved from /opt/airflow/dags/build_elt_with_ctas.py
[2024-11-12T00:02:31.473+0000] {logging_mixin.py:188} INFO - [2024-11-12T00:02:31.472+0000] {dag.py:3096} INFO - Sync 1 DAGs
[2024-11-12T00:02:31.532+0000] {logging_mixin.py:188} INFO - [2024-11-12T00:02:31.531+0000] {dag.py:3954} INFO - Setting next_dagrun for BuildELT_CTAS to 2024-11-10 02:45:00+00:00, run_after=2024-11-11 02:45:00+00:00
[2024-11-12T00:02:31.579+0000] {processor.py:183} INFO - Processing /opt/airflow/dags/build_elt_with_ctas.py took 0.231 seconds
[2024-11-12T00:03:01.981+0000] {processor.py:161} INFO - Started process (PID=2162) to work on /opt/airflow/dags/build_elt_with_ctas.py
[2024-11-12T00:03:01.994+0000] {processor.py:830} INFO - Processing file /opt/airflow/dags/build_elt_with_ctas.py for tasks to queue
[2024-11-12T00:03:02.010+0000] {logging_mixin.py:188} INFO - [2024-11-12T00:03:02.008+0000] {dagbag.py:545} INFO - Filling up the DagBag from /opt/airflow/dags/build_elt_with_ctas.py
[2024-11-12T00:03:02.108+0000] {processor.py:840} INFO - DAG(s) 'BuildELT_CTAS' retrieved from /opt/airflow/dags/build_elt_with_ctas.py
[2024-11-12T00:03:02.186+0000] {logging_mixin.py:188} INFO - [2024-11-12T00:03:02.186+0000] {dag.py:3096} INFO - Sync 1 DAGs
[2024-11-12T00:03:02.240+0000] {logging_mixin.py:188} INFO - [2024-11-12T00:03:02.239+0000] {dag.py:3954} INFO - Setting next_dagrun for BuildELT_CTAS to 2024-11-10 02:45:00+00:00, run_after=2024-11-11 02:45:00+00:00
[2024-11-12T00:03:02.276+0000] {processor.py:183} INFO - Processing /opt/airflow/dags/build_elt_with_ctas.py took 0.332 seconds
[2024-11-12T00:03:33.155+0000] {processor.py:161} INFO - Started process (PID=2183) to work on /opt/airflow/dags/build_elt_with_ctas.py
[2024-11-12T00:03:33.161+0000] {processor.py:830} INFO - Processing file /opt/airflow/dags/build_elt_with_ctas.py for tasks to queue
[2024-11-12T00:03:33.175+0000] {logging_mixin.py:188} INFO - [2024-11-12T00:03:33.174+0000] {dagbag.py:545} INFO - Filling up the DagBag from /opt/airflow/dags/build_elt_with_ctas.py
[2024-11-12T00:03:33.351+0000] {processor.py:840} INFO - DAG(s) 'BuildELT_CTAS' retrieved from /opt/airflow/dags/build_elt_with_ctas.py
[2024-11-12T00:03:33.604+0000] {logging_mixin.py:188} INFO - [2024-11-12T00:03:33.604+0000] {dag.py:3096} INFO - Sync 1 DAGs
[2024-11-12T00:03:33.683+0000] {logging_mixin.py:188} INFO - [2024-11-12T00:03:33.682+0000] {dag.py:3954} INFO - Setting next_dagrun for BuildELT_CTAS to 2024-11-10 02:45:00+00:00, run_after=2024-11-11 02:45:00+00:00
[2024-11-12T00:03:33.810+0000] {processor.py:183} INFO - Processing /opt/airflow/dags/build_elt_with_ctas.py took 0.680 seconds
[2024-11-12T00:04:04.286+0000] {processor.py:161} INFO - Started process (PID=2205) to work on /opt/airflow/dags/build_elt_with_ctas.py
[2024-11-12T00:04:04.298+0000] {processor.py:830} INFO - Processing file /opt/airflow/dags/build_elt_with_ctas.py for tasks to queue
[2024-11-12T00:04:04.303+0000] {logging_mixin.py:188} INFO - [2024-11-12T00:04:04.302+0000] {dagbag.py:545} INFO - Filling up the DagBag from /opt/airflow/dags/build_elt_with_ctas.py
[2024-11-12T00:04:04.371+0000] {processor.py:840} INFO - DAG(s) 'BuildELT_CTAS' retrieved from /opt/airflow/dags/build_elt_with_ctas.py
[2024-11-12T00:04:04.452+0000] {logging_mixin.py:188} INFO - [2024-11-12T00:04:04.452+0000] {dag.py:3096} INFO - Sync 1 DAGs
[2024-11-12T00:04:04.533+0000] {logging_mixin.py:188} INFO - [2024-11-12T00:04:04.532+0000] {dag.py:3954} INFO - Setting next_dagrun for BuildELT_CTAS to 2024-11-10 02:45:00+00:00, run_after=2024-11-11 02:45:00+00:00
[2024-11-12T00:04:04.602+0000] {processor.py:183} INFO - Processing /opt/airflow/dags/build_elt_with_ctas.py took 0.339 seconds
[2024-11-12T00:04:35.294+0000] {processor.py:161} INFO - Started process (PID=2226) to work on /opt/airflow/dags/build_elt_with_ctas.py
[2024-11-12T00:04:35.298+0000] {processor.py:830} INFO - Processing file /opt/airflow/dags/build_elt_with_ctas.py for tasks to queue
[2024-11-12T00:04:35.305+0000] {logging_mixin.py:188} INFO - [2024-11-12T00:04:35.303+0000] {dagbag.py:545} INFO - Filling up the DagBag from /opt/airflow/dags/build_elt_with_ctas.py
[2024-11-12T00:04:35.493+0000] {processor.py:840} INFO - DAG(s) 'BuildELT_CTAS' retrieved from /opt/airflow/dags/build_elt_with_ctas.py
[2024-11-12T00:04:35.676+0000] {logging_mixin.py:188} INFO - [2024-11-12T00:04:35.675+0000] {dag.py:3096} INFO - Sync 1 DAGs
[2024-11-12T00:04:35.834+0000] {logging_mixin.py:188} INFO - [2024-11-12T00:04:35.833+0000] {dag.py:3954} INFO - Setting next_dagrun for BuildELT_CTAS to 2024-11-10 02:45:00+00:00, run_after=2024-11-11 02:45:00+00:00
[2024-11-12T00:04:35.949+0000] {processor.py:183} INFO - Processing /opt/airflow/dags/build_elt_with_ctas.py took 0.671 seconds
[2024-11-12T00:05:06.258+0000] {processor.py:161} INFO - Started process (PID=2247) to work on /opt/airflow/dags/build_elt_with_ctas.py
[2024-11-12T00:05:06.260+0000] {processor.py:830} INFO - Processing file /opt/airflow/dags/build_elt_with_ctas.py for tasks to queue
[2024-11-12T00:05:06.263+0000] {logging_mixin.py:188} INFO - [2024-11-12T00:05:06.262+0000] {dagbag.py:545} INFO - Filling up the DagBag from /opt/airflow/dags/build_elt_with_ctas.py
[2024-11-12T00:05:06.304+0000] {processor.py:840} INFO - DAG(s) 'BuildELT_CTAS' retrieved from /opt/airflow/dags/build_elt_with_ctas.py
[2024-11-12T00:05:06.335+0000] {logging_mixin.py:188} INFO - [2024-11-12T00:05:06.335+0000] {dag.py:3096} INFO - Sync 1 DAGs
[2024-11-12T00:05:06.358+0000] {logging_mixin.py:188} INFO - [2024-11-12T00:05:06.357+0000] {dag.py:3954} INFO - Setting next_dagrun for BuildELT_CTAS to 2024-11-10 02:45:00+00:00, run_after=2024-11-11 02:45:00+00:00
[2024-11-12T00:05:06.392+0000] {processor.py:183} INFO - Processing /opt/airflow/dags/build_elt_with_ctas.py took 0.142 seconds
[2024-11-12T00:05:36.816+0000] {processor.py:161} INFO - Started process (PID=2268) to work on /opt/airflow/dags/build_elt_with_ctas.py
[2024-11-12T00:05:36.817+0000] {processor.py:830} INFO - Processing file /opt/airflow/dags/build_elt_with_ctas.py for tasks to queue
[2024-11-12T00:05:36.820+0000] {logging_mixin.py:188} INFO - [2024-11-12T00:05:36.819+0000] {dagbag.py:545} INFO - Filling up the DagBag from /opt/airflow/dags/build_elt_with_ctas.py
[2024-11-12T00:05:36.855+0000] {processor.py:840} INFO - DAG(s) 'BuildELT_CTAS' retrieved from /opt/airflow/dags/build_elt_with_ctas.py
[2024-11-12T00:05:36.893+0000] {logging_mixin.py:188} INFO - [2024-11-12T00:05:36.893+0000] {dag.py:3096} INFO - Sync 1 DAGs
[2024-11-12T00:05:36.923+0000] {logging_mixin.py:188} INFO - [2024-11-12T00:05:36.923+0000] {dag.py:3954} INFO - Setting next_dagrun for BuildELT_CTAS to 2024-11-10 02:45:00+00:00, run_after=2024-11-11 02:45:00+00:00
[2024-11-12T00:05:36.958+0000] {processor.py:183} INFO - Processing /opt/airflow/dags/build_elt_with_ctas.py took 0.147 seconds
[2024-11-12T00:06:07.352+0000] {processor.py:161} INFO - Started process (PID=2289) to work on /opt/airflow/dags/build_elt_with_ctas.py
[2024-11-12T00:06:07.353+0000] {processor.py:830} INFO - Processing file /opt/airflow/dags/build_elt_with_ctas.py for tasks to queue
[2024-11-12T00:06:07.357+0000] {logging_mixin.py:188} INFO - [2024-11-12T00:06:07.357+0000] {dagbag.py:545} INFO - Filling up the DagBag from /opt/airflow/dags/build_elt_with_ctas.py
[2024-11-12T00:06:07.382+0000] {processor.py:840} INFO - DAG(s) 'BuildELT_CTAS' retrieved from /opt/airflow/dags/build_elt_with_ctas.py
[2024-11-12T00:06:07.411+0000] {logging_mixin.py:188} INFO - [2024-11-12T00:06:07.411+0000] {dag.py:3096} INFO - Sync 1 DAGs
[2024-11-12T00:06:07.438+0000] {logging_mixin.py:188} INFO - [2024-11-12T00:06:07.437+0000] {dag.py:3954} INFO - Setting next_dagrun for BuildELT_CTAS to 2024-11-10 02:45:00+00:00, run_after=2024-11-11 02:45:00+00:00
[2024-11-12T00:06:07.477+0000] {processor.py:183} INFO - Processing /opt/airflow/dags/build_elt_with_ctas.py took 0.131 seconds
[2024-11-12T00:06:38.062+0000] {processor.py:161} INFO - Started process (PID=2310) to work on /opt/airflow/dags/build_elt_with_ctas.py
[2024-11-12T00:06:38.064+0000] {processor.py:830} INFO - Processing file /opt/airflow/dags/build_elt_with_ctas.py for tasks to queue
[2024-11-12T00:06:38.067+0000] {logging_mixin.py:188} INFO - [2024-11-12T00:06:38.066+0000] {dagbag.py:545} INFO - Filling up the DagBag from /opt/airflow/dags/build_elt_with_ctas.py
[2024-11-12T00:06:38.104+0000] {processor.py:840} INFO - DAG(s) 'BuildELT_CTAS' retrieved from /opt/airflow/dags/build_elt_with_ctas.py
[2024-11-12T00:06:38.155+0000] {logging_mixin.py:188} INFO - [2024-11-12T00:06:38.155+0000] {dag.py:3096} INFO - Sync 1 DAGs
[2024-11-12T00:06:38.189+0000] {logging_mixin.py:188} INFO - [2024-11-12T00:06:38.189+0000] {dag.py:3954} INFO - Setting next_dagrun for BuildELT_CTAS to 2024-11-10 02:45:00+00:00, run_after=2024-11-11 02:45:00+00:00
[2024-11-12T00:06:38.236+0000] {processor.py:183} INFO - Processing /opt/airflow/dags/build_elt_with_ctas.py took 0.185 seconds
[2024-11-12T00:07:08.717+0000] {processor.py:161} INFO - Started process (PID=2331) to work on /opt/airflow/dags/build_elt_with_ctas.py
[2024-11-12T00:07:08.718+0000] {processor.py:830} INFO - Processing file /opt/airflow/dags/build_elt_with_ctas.py for tasks to queue
[2024-11-12T00:07:08.722+0000] {logging_mixin.py:188} INFO - [2024-11-12T00:07:08.721+0000] {dagbag.py:545} INFO - Filling up the DagBag from /opt/airflow/dags/build_elt_with_ctas.py
[2024-11-12T00:07:08.758+0000] {processor.py:840} INFO - DAG(s) 'BuildELT_CTAS' retrieved from /opt/airflow/dags/build_elt_with_ctas.py
[2024-11-12T00:07:08.792+0000] {logging_mixin.py:188} INFO - [2024-11-12T00:07:08.792+0000] {dag.py:3096} INFO - Sync 1 DAGs
[2024-11-12T00:07:08.825+0000] {logging_mixin.py:188} INFO - [2024-11-12T00:07:08.825+0000] {dag.py:3954} INFO - Setting next_dagrun for BuildELT_CTAS to 2024-11-10 02:45:00+00:00, run_after=2024-11-11 02:45:00+00:00
[2024-11-12T00:07:08.867+0000] {processor.py:183} INFO - Processing /opt/airflow/dags/build_elt_with_ctas.py took 0.160 seconds
[2024-11-12T00:07:40.667+0000] {processor.py:161} INFO - Started process (PID=2352) to work on /opt/airflow/dags/build_elt_with_ctas.py
[2024-11-12T00:07:40.696+0000] {processor.py:830} INFO - Processing file /opt/airflow/dags/build_elt_with_ctas.py for tasks to queue
[2024-11-12T00:07:40.751+0000] {logging_mixin.py:188} INFO - [2024-11-12T00:07:40.750+0000] {dagbag.py:545} INFO - Filling up the DagBag from /opt/airflow/dags/build_elt_with_ctas.py
[2024-11-12T00:07:41.181+0000] {processor.py:840} INFO - DAG(s) 'BuildELT_CTAS' retrieved from /opt/airflow/dags/build_elt_with_ctas.py
[2024-11-12T00:07:41.348+0000] {logging_mixin.py:188} INFO - [2024-11-12T00:07:41.347+0000] {dag.py:3096} INFO - Sync 1 DAGs
[2024-11-12T00:07:41.554+0000] {logging_mixin.py:188} INFO - [2024-11-12T00:07:41.553+0000] {dag.py:3954} INFO - Setting next_dagrun for BuildELT_CTAS to 2024-11-10 02:45:00+00:00, run_after=2024-11-11 02:45:00+00:00
[2024-11-12T00:07:41.707+0000] {processor.py:183} INFO - Processing /opt/airflow/dags/build_elt_with_ctas.py took 1.063 seconds
[2024-11-12T00:08:11.823+0000] {processor.py:161} INFO - Started process (PID=2370) to work on /opt/airflow/dags/build_elt_with_ctas.py
[2024-11-12T00:08:11.824+0000] {processor.py:830} INFO - Processing file /opt/airflow/dags/build_elt_with_ctas.py for tasks to queue
[2024-11-12T00:08:11.828+0000] {logging_mixin.py:188} INFO - [2024-11-12T00:08:11.827+0000] {dagbag.py:545} INFO - Filling up the DagBag from /opt/airflow/dags/build_elt_with_ctas.py
[2024-11-12T00:08:11.854+0000] {processor.py:840} INFO - DAG(s) 'BuildELT_CTAS' retrieved from /opt/airflow/dags/build_elt_with_ctas.py
[2024-11-12T00:08:11.888+0000] {logging_mixin.py:188} INFO - [2024-11-12T00:08:11.888+0000] {dag.py:3096} INFO - Sync 1 DAGs
[2024-11-12T00:08:11.912+0000] {logging_mixin.py:188} INFO - [2024-11-12T00:08:11.912+0000] {dag.py:3954} INFO - Setting next_dagrun for BuildELT_CTAS to 2024-11-10 02:45:00+00:00, run_after=2024-11-11 02:45:00+00:00
[2024-11-12T00:08:11.940+0000] {processor.py:183} INFO - Processing /opt/airflow/dags/build_elt_with_ctas.py took 0.123 seconds
[2024-11-12T00:08:42.792+0000] {processor.py:161} INFO - Started process (PID=2393) to work on /opt/airflow/dags/build_elt_with_ctas.py
[2024-11-12T00:08:42.795+0000] {processor.py:830} INFO - Processing file /opt/airflow/dags/build_elt_with_ctas.py for tasks to queue
[2024-11-12T00:08:42.804+0000] {logging_mixin.py:188} INFO - [2024-11-12T00:08:42.800+0000] {dagbag.py:545} INFO - Filling up the DagBag from /opt/airflow/dags/build_elt_with_ctas.py
[2024-11-12T00:08:42.857+0000] {processor.py:840} INFO - DAG(s) 'BuildELT_CTAS' retrieved from /opt/airflow/dags/build_elt_with_ctas.py
[2024-11-12T00:08:42.923+0000] {logging_mixin.py:188} INFO - [2024-11-12T00:08:42.922+0000] {dag.py:3096} INFO - Sync 1 DAGs
[2024-11-12T00:08:43.035+0000] {logging_mixin.py:188} INFO - [2024-11-12T00:08:43.034+0000] {dag.py:3954} INFO - Setting next_dagrun for BuildELT_CTAS to 2024-11-10 02:45:00+00:00, run_after=2024-11-11 02:45:00+00:00
[2024-11-12T00:08:43.097+0000] {processor.py:183} INFO - Processing /opt/airflow/dags/build_elt_with_ctas.py took 0.325 seconds
[2024-11-12T00:09:13.564+0000] {processor.py:161} INFO - Started process (PID=2414) to work on /opt/airflow/dags/build_elt_with_ctas.py
[2024-11-12T00:09:13.566+0000] {processor.py:830} INFO - Processing file /opt/airflow/dags/build_elt_with_ctas.py for tasks to queue
[2024-11-12T00:09:13.569+0000] {logging_mixin.py:188} INFO - [2024-11-12T00:09:13.568+0000] {dagbag.py:545} INFO - Filling up the DagBag from /opt/airflow/dags/build_elt_with_ctas.py
[2024-11-12T00:09:13.602+0000] {processor.py:840} INFO - DAG(s) 'BuildELT_CTAS' retrieved from /opt/airflow/dags/build_elt_with_ctas.py
[2024-11-12T00:09:13.646+0000] {logging_mixin.py:188} INFO - [2024-11-12T00:09:13.646+0000] {dag.py:3096} INFO - Sync 1 DAGs
[2024-11-12T00:09:13.680+0000] {logging_mixin.py:188} INFO - [2024-11-12T00:09:13.680+0000] {dag.py:3954} INFO - Setting next_dagrun for BuildELT_CTAS to 2024-11-10 02:45:00+00:00, run_after=2024-11-11 02:45:00+00:00
[2024-11-12T00:09:13.718+0000] {processor.py:183} INFO - Processing /opt/airflow/dags/build_elt_with_ctas.py took 0.159 seconds
[2024-11-12T00:09:44.126+0000] {processor.py:161} INFO - Started process (PID=2435) to work on /opt/airflow/dags/build_elt_with_ctas.py
[2024-11-12T00:09:44.127+0000] {processor.py:830} INFO - Processing file /opt/airflow/dags/build_elt_with_ctas.py for tasks to queue
[2024-11-12T00:09:44.129+0000] {logging_mixin.py:188} INFO - [2024-11-12T00:09:44.129+0000] {dagbag.py:545} INFO - Filling up the DagBag from /opt/airflow/dags/build_elt_with_ctas.py
[2024-11-12T00:09:44.149+0000] {processor.py:840} INFO - DAG(s) 'BuildELT_CTAS' retrieved from /opt/airflow/dags/build_elt_with_ctas.py
[2024-11-12T00:09:44.184+0000] {logging_mixin.py:188} INFO - [2024-11-12T00:09:44.184+0000] {dag.py:3096} INFO - Sync 1 DAGs
[2024-11-12T00:09:44.219+0000] {logging_mixin.py:188} INFO - [2024-11-12T00:09:44.219+0000] {dag.py:3954} INFO - Setting next_dagrun for BuildELT_CTAS to 2024-11-10 02:45:00+00:00, run_after=2024-11-11 02:45:00+00:00
[2024-11-12T00:09:44.253+0000] {processor.py:183} INFO - Processing /opt/airflow/dags/build_elt_with_ctas.py took 0.133 seconds
[2024-11-12T00:10:14.884+0000] {processor.py:161} INFO - Started process (PID=2456) to work on /opt/airflow/dags/build_elt_with_ctas.py
[2024-11-12T00:10:14.886+0000] {processor.py:830} INFO - Processing file /opt/airflow/dags/build_elt_with_ctas.py for tasks to queue
[2024-11-12T00:10:14.889+0000] {logging_mixin.py:188} INFO - [2024-11-12T00:10:14.888+0000] {dagbag.py:545} INFO - Filling up the DagBag from /opt/airflow/dags/build_elt_with_ctas.py
[2024-11-12T00:10:14.925+0000] {processor.py:840} INFO - DAG(s) 'BuildELT_CTAS' retrieved from /opt/airflow/dags/build_elt_with_ctas.py
[2024-11-12T00:10:14.963+0000] {logging_mixin.py:188} INFO - [2024-11-12T00:10:14.963+0000] {dag.py:3096} INFO - Sync 1 DAGs
[2024-11-12T00:10:14.989+0000] {logging_mixin.py:188} INFO - [2024-11-12T00:10:14.989+0000] {dag.py:3954} INFO - Setting next_dagrun for BuildELT_CTAS to 2024-11-10 02:45:00+00:00, run_after=2024-11-11 02:45:00+00:00
[2024-11-12T00:10:15.017+0000] {processor.py:183} INFO - Processing /opt/airflow/dags/build_elt_with_ctas.py took 0.139 seconds
