[2024-11-12T00:00:28.905+0000] {processor.py:161} INFO - Started process (PID=2054) to work on /opt/airflow/dags/CTAS_Summary_DAG_with_constraints.py
[2024-11-12T00:00:28.907+0000] {processor.py:830} INFO - Processing file /opt/airflow/dags/CTAS_Summary_DAG_with_constraints.py for tasks to queue
[2024-11-12T00:00:28.911+0000] {logging_mixin.py:188} INFO - [2024-11-12T00:00:28.910+0000] {dagbag.py:545} INFO - Filling up the DagBag from /opt/airflow/dags/CTAS_Summary_DAG_with_constraints.py
[2024-11-12T00:00:28.959+0000] {processor.py:840} INFO - DAG(s) 'SessionSummaryWithConstraintsCheck' retrieved from /opt/airflow/dags/CTAS_Summary_DAG_with_constraints.py
[2024-11-12T00:00:29.023+0000] {logging_mixin.py:188} INFO - [2024-11-12T00:00:29.023+0000] {dag.py:3096} INFO - Sync 1 DAGs
[2024-11-12T00:00:29.089+0000] {logging_mixin.py:188} INFO - [2024-11-12T00:00:29.089+0000] {dag.py:3954} INFO - Setting next_dagrun for SessionSummaryWithConstraintsCheck to 2024-11-11 06:00:00+00:00, run_after=2024-11-12 06:00:00+00:00
[2024-11-12T00:00:29.153+0000] {processor.py:183} INFO - Processing /opt/airflow/dags/CTAS_Summary_DAG_with_constraints.py took 0.263 seconds
[2024-11-12T00:00:59.574+0000] {processor.py:161} INFO - Started process (PID=2075) to work on /opt/airflow/dags/CTAS_Summary_DAG_with_constraints.py
[2024-11-12T00:00:59.576+0000] {processor.py:830} INFO - Processing file /opt/airflow/dags/CTAS_Summary_DAG_with_constraints.py for tasks to queue
[2024-11-12T00:00:59.579+0000] {logging_mixin.py:188} INFO - [2024-11-12T00:00:59.579+0000] {dagbag.py:545} INFO - Filling up the DagBag from /opt/airflow/dags/CTAS_Summary_DAG_with_constraints.py
[2024-11-12T00:00:59.620+0000] {processor.py:840} INFO - DAG(s) 'SessionSummaryWithConstraintsCheck' retrieved from /opt/airflow/dags/CTAS_Summary_DAG_with_constraints.py
[2024-11-12T00:00:59.670+0000] {logging_mixin.py:188} INFO - [2024-11-12T00:00:59.670+0000] {dag.py:3096} INFO - Sync 1 DAGs
[2024-11-12T00:00:59.716+0000] {logging_mixin.py:188} INFO - [2024-11-12T00:00:59.716+0000] {dag.py:3954} INFO - Setting next_dagrun for SessionSummaryWithConstraintsCheck to 2024-11-11 06:00:00+00:00, run_after=2024-11-12 06:00:00+00:00
[2024-11-12T00:00:59.758+0000] {processor.py:183} INFO - Processing /opt/airflow/dags/CTAS_Summary_DAG_with_constraints.py took 0.192 seconds
[2024-11-12T00:01:30.192+0000] {processor.py:161} INFO - Started process (PID=2096) to work on /opt/airflow/dags/CTAS_Summary_DAG_with_constraints.py
[2024-11-12T00:01:30.194+0000] {processor.py:830} INFO - Processing file /opt/airflow/dags/CTAS_Summary_DAG_with_constraints.py for tasks to queue
[2024-11-12T00:01:30.197+0000] {logging_mixin.py:188} INFO - [2024-11-12T00:01:30.197+0000] {dagbag.py:545} INFO - Filling up the DagBag from /opt/airflow/dags/CTAS_Summary_DAG_with_constraints.py
[2024-11-12T00:01:30.233+0000] {processor.py:840} INFO - DAG(s) 'SessionSummaryWithConstraintsCheck' retrieved from /opt/airflow/dags/CTAS_Summary_DAG_with_constraints.py
[2024-11-12T00:01:30.273+0000] {logging_mixin.py:188} INFO - [2024-11-12T00:01:30.273+0000] {dag.py:3096} INFO - Sync 1 DAGs
[2024-11-12T00:01:30.318+0000] {logging_mixin.py:188} INFO - [2024-11-12T00:01:30.318+0000] {dag.py:3954} INFO - Setting next_dagrun for SessionSummaryWithConstraintsCheck to 2024-11-11 06:00:00+00:00, run_after=2024-11-12 06:00:00+00:00
[2024-11-12T00:01:30.358+0000] {processor.py:183} INFO - Processing /opt/airflow/dags/CTAS_Summary_DAG_with_constraints.py took 0.176 seconds
[2024-11-12T00:02:00.794+0000] {processor.py:161} INFO - Started process (PID=2117) to work on /opt/airflow/dags/CTAS_Summary_DAG_with_constraints.py
[2024-11-12T00:02:00.795+0000] {processor.py:830} INFO - Processing file /opt/airflow/dags/CTAS_Summary_DAG_with_constraints.py for tasks to queue
[2024-11-12T00:02:00.798+0000] {logging_mixin.py:188} INFO - [2024-11-12T00:02:00.798+0000] {dagbag.py:545} INFO - Filling up the DagBag from /opt/airflow/dags/CTAS_Summary_DAG_with_constraints.py
[2024-11-12T00:02:00.832+0000] {processor.py:840} INFO - DAG(s) 'SessionSummaryWithConstraintsCheck' retrieved from /opt/airflow/dags/CTAS_Summary_DAG_with_constraints.py
[2024-11-12T00:02:00.872+0000] {logging_mixin.py:188} INFO - [2024-11-12T00:02:00.872+0000] {dag.py:3096} INFO - Sync 1 DAGs
[2024-11-12T00:02:00.902+0000] {logging_mixin.py:188} INFO - [2024-11-12T00:02:00.902+0000] {dag.py:3954} INFO - Setting next_dagrun for SessionSummaryWithConstraintsCheck to 2024-11-11 06:00:00+00:00, run_after=2024-11-12 06:00:00+00:00
[2024-11-12T00:02:00.947+0000] {processor.py:183} INFO - Processing /opt/airflow/dags/CTAS_Summary_DAG_with_constraints.py took 0.161 seconds
[2024-11-12T00:02:31.347+0000] {processor.py:161} INFO - Started process (PID=2138) to work on /opt/airflow/dags/CTAS_Summary_DAG_with_constraints.py
[2024-11-12T00:02:31.349+0000] {processor.py:830} INFO - Processing file /opt/airflow/dags/CTAS_Summary_DAG_with_constraints.py for tasks to queue
[2024-11-12T00:02:31.353+0000] {logging_mixin.py:188} INFO - [2024-11-12T00:02:31.352+0000] {dagbag.py:545} INFO - Filling up the DagBag from /opt/airflow/dags/CTAS_Summary_DAG_with_constraints.py
[2024-11-12T00:02:31.403+0000] {processor.py:840} INFO - DAG(s) 'SessionSummaryWithConstraintsCheck' retrieved from /opt/airflow/dags/CTAS_Summary_DAG_with_constraints.py
[2024-11-12T00:02:31.462+0000] {logging_mixin.py:188} INFO - [2024-11-12T00:02:31.461+0000] {dag.py:3096} INFO - Sync 1 DAGs
[2024-11-12T00:02:31.522+0000] {logging_mixin.py:188} INFO - [2024-11-12T00:02:31.521+0000] {dag.py:3954} INFO - Setting next_dagrun for SessionSummaryWithConstraintsCheck to 2024-11-11 06:00:00+00:00, run_after=2024-11-12 06:00:00+00:00
[2024-11-12T00:02:31.569+0000] {processor.py:183} INFO - Processing /opt/airflow/dags/CTAS_Summary_DAG_with_constraints.py took 0.234 seconds
[2024-11-12T00:03:01.952+0000] {processor.py:161} INFO - Started process (PID=2159) to work on /opt/airflow/dags/CTAS_Summary_DAG_with_constraints.py
[2024-11-12T00:03:01.964+0000] {processor.py:830} INFO - Processing file /opt/airflow/dags/CTAS_Summary_DAG_with_constraints.py for tasks to queue
[2024-11-12T00:03:01.980+0000] {logging_mixin.py:188} INFO - [2024-11-12T00:03:01.979+0000] {dagbag.py:545} INFO - Filling up the DagBag from /opt/airflow/dags/CTAS_Summary_DAG_with_constraints.py
[2024-11-12T00:03:02.086+0000] {processor.py:840} INFO - DAG(s) 'SessionSummaryWithConstraintsCheck' retrieved from /opt/airflow/dags/CTAS_Summary_DAG_with_constraints.py
[2024-11-12T00:03:02.178+0000] {logging_mixin.py:188} INFO - [2024-11-12T00:03:02.178+0000] {dag.py:3096} INFO - Sync 1 DAGs
[2024-11-12T00:03:02.228+0000] {logging_mixin.py:188} INFO - [2024-11-12T00:03:02.227+0000] {dag.py:3954} INFO - Setting next_dagrun for SessionSummaryWithConstraintsCheck to 2024-11-11 06:00:00+00:00, run_after=2024-11-12 06:00:00+00:00
[2024-11-12T00:03:02.269+0000] {processor.py:183} INFO - Processing /opt/airflow/dags/CTAS_Summary_DAG_with_constraints.py took 0.338 seconds
[2024-11-12T00:03:33.059+0000] {processor.py:161} INFO - Started process (PID=2180) to work on /opt/airflow/dags/CTAS_Summary_DAG_with_constraints.py
[2024-11-12T00:03:33.064+0000] {processor.py:830} INFO - Processing file /opt/airflow/dags/CTAS_Summary_DAG_with_constraints.py for tasks to queue
[2024-11-12T00:03:33.124+0000] {logging_mixin.py:188} INFO - [2024-11-12T00:03:33.122+0000] {dagbag.py:545} INFO - Filling up the DagBag from /opt/airflow/dags/CTAS_Summary_DAG_with_constraints.py
[2024-11-12T00:03:33.280+0000] {processor.py:840} INFO - DAG(s) 'SessionSummaryWithConstraintsCheck' retrieved from /opt/airflow/dags/CTAS_Summary_DAG_with_constraints.py
[2024-11-12T00:03:33.478+0000] {logging_mixin.py:188} INFO - [2024-11-12T00:03:33.476+0000] {dag.py:3096} INFO - Sync 1 DAGs
[2024-11-12T00:03:33.625+0000] {logging_mixin.py:188} INFO - [2024-11-12T00:03:33.624+0000] {dag.py:3954} INFO - Setting next_dagrun for SessionSummaryWithConstraintsCheck to 2024-11-11 06:00:00+00:00, run_after=2024-11-12 06:00:00+00:00
[2024-11-12T00:03:33.697+0000] {processor.py:183} INFO - Processing /opt/airflow/dags/CTAS_Summary_DAG_with_constraints.py took 0.654 seconds
[2024-11-12T00:04:04.275+0000] {processor.py:161} INFO - Started process (PID=2202) to work on /opt/airflow/dags/CTAS_Summary_DAG_with_constraints.py
[2024-11-12T00:04:04.277+0000] {processor.py:830} INFO - Processing file /opt/airflow/dags/CTAS_Summary_DAG_with_constraints.py for tasks to queue
[2024-11-12T00:04:04.295+0000] {logging_mixin.py:188} INFO - [2024-11-12T00:04:04.294+0000] {dagbag.py:545} INFO - Filling up the DagBag from /opt/airflow/dags/CTAS_Summary_DAG_with_constraints.py
[2024-11-12T00:04:04.376+0000] {processor.py:840} INFO - DAG(s) 'SessionSummaryWithConstraintsCheck' retrieved from /opt/airflow/dags/CTAS_Summary_DAG_with_constraints.py
[2024-11-12T00:04:04.461+0000] {logging_mixin.py:188} INFO - [2024-11-12T00:04:04.460+0000] {dag.py:3096} INFO - Sync 1 DAGs
[2024-11-12T00:04:04.548+0000] {logging_mixin.py:188} INFO - [2024-11-12T00:04:04.548+0000] {dag.py:3954} INFO - Setting next_dagrun for SessionSummaryWithConstraintsCheck to 2024-11-11 06:00:00+00:00, run_after=2024-11-12 06:00:00+00:00
[2024-11-12T00:04:04.617+0000] {processor.py:183} INFO - Processing /opt/airflow/dags/CTAS_Summary_DAG_with_constraints.py took 0.364 seconds
[2024-11-12T00:04:35.288+0000] {processor.py:161} INFO - Started process (PID=2223) to work on /opt/airflow/dags/CTAS_Summary_DAG_with_constraints.py
[2024-11-12T00:04:35.291+0000] {processor.py:830} INFO - Processing file /opt/airflow/dags/CTAS_Summary_DAG_with_constraints.py for tasks to queue
[2024-11-12T00:04:35.295+0000] {logging_mixin.py:188} INFO - [2024-11-12T00:04:35.294+0000] {dagbag.py:545} INFO - Filling up the DagBag from /opt/airflow/dags/CTAS_Summary_DAG_with_constraints.py
[2024-11-12T00:04:35.383+0000] {processor.py:840} INFO - DAG(s) 'SessionSummaryWithConstraintsCheck' retrieved from /opt/airflow/dags/CTAS_Summary_DAG_with_constraints.py
[2024-11-12T00:04:35.597+0000] {logging_mixin.py:188} INFO - [2024-11-12T00:04:35.596+0000] {dag.py:3096} INFO - Sync 1 DAGs
[2024-11-12T00:04:35.778+0000] {logging_mixin.py:188} INFO - [2024-11-12T00:04:35.777+0000] {dag.py:3954} INFO - Setting next_dagrun for SessionSummaryWithConstraintsCheck to 2024-11-11 06:00:00+00:00, run_after=2024-11-12 06:00:00+00:00
[2024-11-12T00:04:35.908+0000] {processor.py:183} INFO - Processing /opt/airflow/dags/CTAS_Summary_DAG_with_constraints.py took 0.648 seconds
[2024-11-12T00:05:06.246+0000] {processor.py:161} INFO - Started process (PID=2244) to work on /opt/airflow/dags/CTAS_Summary_DAG_with_constraints.py
[2024-11-12T00:05:06.248+0000] {processor.py:830} INFO - Processing file /opt/airflow/dags/CTAS_Summary_DAG_with_constraints.py for tasks to queue
[2024-11-12T00:05:06.251+0000] {logging_mixin.py:188} INFO - [2024-11-12T00:05:06.251+0000] {dagbag.py:545} INFO - Filling up the DagBag from /opt/airflow/dags/CTAS_Summary_DAG_with_constraints.py
[2024-11-12T00:05:06.295+0000] {processor.py:840} INFO - DAG(s) 'SessionSummaryWithConstraintsCheck' retrieved from /opt/airflow/dags/CTAS_Summary_DAG_with_constraints.py
[2024-11-12T00:05:06.331+0000] {logging_mixin.py:188} INFO - [2024-11-12T00:05:06.331+0000] {dag.py:3096} INFO - Sync 1 DAGs
[2024-11-12T00:05:06.355+0000] {logging_mixin.py:188} INFO - [2024-11-12T00:05:06.355+0000] {dag.py:3954} INFO - Setting next_dagrun for SessionSummaryWithConstraintsCheck to 2024-11-11 06:00:00+00:00, run_after=2024-11-12 06:00:00+00:00
[2024-11-12T00:05:06.387+0000] {processor.py:183} INFO - Processing /opt/airflow/dags/CTAS_Summary_DAG_with_constraints.py took 0.150 seconds
[2024-11-12T00:05:36.806+0000] {processor.py:161} INFO - Started process (PID=2265) to work on /opt/airflow/dags/CTAS_Summary_DAG_with_constraints.py
[2024-11-12T00:05:36.807+0000] {processor.py:830} INFO - Processing file /opt/airflow/dags/CTAS_Summary_DAG_with_constraints.py for tasks to queue
[2024-11-12T00:05:36.811+0000] {logging_mixin.py:188} INFO - [2024-11-12T00:05:36.810+0000] {dagbag.py:545} INFO - Filling up the DagBag from /opt/airflow/dags/CTAS_Summary_DAG_with_constraints.py
[2024-11-12T00:05:36.848+0000] {processor.py:840} INFO - DAG(s) 'SessionSummaryWithConstraintsCheck' retrieved from /opt/airflow/dags/CTAS_Summary_DAG_with_constraints.py
[2024-11-12T00:05:36.880+0000] {logging_mixin.py:188} INFO - [2024-11-12T00:05:36.879+0000] {dag.py:3096} INFO - Sync 1 DAGs
[2024-11-12T00:05:36.913+0000] {logging_mixin.py:188} INFO - [2024-11-12T00:05:36.913+0000] {dag.py:3954} INFO - Setting next_dagrun for SessionSummaryWithConstraintsCheck to 2024-11-11 06:00:00+00:00, run_after=2024-11-12 06:00:00+00:00
[2024-11-12T00:05:36.946+0000] {processor.py:183} INFO - Processing /opt/airflow/dags/CTAS_Summary_DAG_with_constraints.py took 0.148 seconds
[2024-11-12T00:06:07.348+0000] {processor.py:161} INFO - Started process (PID=2286) to work on /opt/airflow/dags/CTAS_Summary_DAG_with_constraints.py
[2024-11-12T00:06:07.349+0000] {processor.py:830} INFO - Processing file /opt/airflow/dags/CTAS_Summary_DAG_with_constraints.py for tasks to queue
[2024-11-12T00:06:07.351+0000] {logging_mixin.py:188} INFO - [2024-11-12T00:06:07.351+0000] {dagbag.py:545} INFO - Filling up the DagBag from /opt/airflow/dags/CTAS_Summary_DAG_with_constraints.py
[2024-11-12T00:06:07.381+0000] {processor.py:840} INFO - DAG(s) 'SessionSummaryWithConstraintsCheck' retrieved from /opt/airflow/dags/CTAS_Summary_DAG_with_constraints.py
[2024-11-12T00:06:07.411+0000] {logging_mixin.py:188} INFO - [2024-11-12T00:06:07.411+0000] {dag.py:3096} INFO - Sync 1 DAGs
[2024-11-12T00:06:07.438+0000] {logging_mixin.py:188} INFO - [2024-11-12T00:06:07.438+0000] {dag.py:3954} INFO - Setting next_dagrun for SessionSummaryWithConstraintsCheck to 2024-11-11 06:00:00+00:00, run_after=2024-11-12 06:00:00+00:00
[2024-11-12T00:06:07.477+0000] {processor.py:183} INFO - Processing /opt/airflow/dags/CTAS_Summary_DAG_with_constraints.py took 0.135 seconds
[2024-11-12T00:06:38.051+0000] {processor.py:161} INFO - Started process (PID=2307) to work on /opt/airflow/dags/CTAS_Summary_DAG_with_constraints.py
[2024-11-12T00:06:38.053+0000] {processor.py:830} INFO - Processing file /opt/airflow/dags/CTAS_Summary_DAG_with_constraints.py for tasks to queue
[2024-11-12T00:06:38.056+0000] {logging_mixin.py:188} INFO - [2024-11-12T00:06:38.055+0000] {dagbag.py:545} INFO - Filling up the DagBag from /opt/airflow/dags/CTAS_Summary_DAG_with_constraints.py
[2024-11-12T00:06:38.097+0000] {processor.py:840} INFO - DAG(s) 'SessionSummaryWithConstraintsCheck' retrieved from /opt/airflow/dags/CTAS_Summary_DAG_with_constraints.py
[2024-11-12T00:06:38.149+0000] {logging_mixin.py:188} INFO - [2024-11-12T00:06:38.148+0000] {dag.py:3096} INFO - Sync 1 DAGs
[2024-11-12T00:06:38.189+0000] {logging_mixin.py:188} INFO - [2024-11-12T00:06:38.189+0000] {dag.py:3954} INFO - Setting next_dagrun for SessionSummaryWithConstraintsCheck to 2024-11-11 06:00:00+00:00, run_after=2024-11-12 06:00:00+00:00
[2024-11-12T00:06:38.238+0000] {processor.py:183} INFO - Processing /opt/airflow/dags/CTAS_Summary_DAG_with_constraints.py took 0.200 seconds
[2024-11-12T00:07:08.705+0000] {processor.py:161} INFO - Started process (PID=2328) to work on /opt/airflow/dags/CTAS_Summary_DAG_with_constraints.py
[2024-11-12T00:07:08.709+0000] {processor.py:830} INFO - Processing file /opt/airflow/dags/CTAS_Summary_DAG_with_constraints.py for tasks to queue
[2024-11-12T00:07:08.713+0000] {logging_mixin.py:188} INFO - [2024-11-12T00:07:08.712+0000] {dagbag.py:545} INFO - Filling up the DagBag from /opt/airflow/dags/CTAS_Summary_DAG_with_constraints.py
[2024-11-12T00:07:08.751+0000] {processor.py:840} INFO - DAG(s) 'SessionSummaryWithConstraintsCheck' retrieved from /opt/airflow/dags/CTAS_Summary_DAG_with_constraints.py
[2024-11-12T00:07:08.785+0000] {logging_mixin.py:188} INFO - [2024-11-12T00:07:08.784+0000] {dag.py:3096} INFO - Sync 1 DAGs
[2024-11-12T00:07:08.819+0000] {logging_mixin.py:188} INFO - [2024-11-12T00:07:08.818+0000] {dag.py:3954} INFO - Setting next_dagrun for SessionSummaryWithConstraintsCheck to 2024-11-11 06:00:00+00:00, run_after=2024-11-12 06:00:00+00:00
[2024-11-12T00:07:08.863+0000] {processor.py:183} INFO - Processing /opt/airflow/dags/CTAS_Summary_DAG_with_constraints.py took 0.174 seconds
[2024-11-12T00:07:40.421+0000] {processor.py:161} INFO - Started process (PID=2349) to work on /opt/airflow/dags/CTAS_Summary_DAG_with_constraints.py
[2024-11-12T00:07:40.522+0000] {processor.py:830} INFO - Processing file /opt/airflow/dags/CTAS_Summary_DAG_with_constraints.py for tasks to queue
[2024-11-12T00:07:40.571+0000] {logging_mixin.py:188} INFO - [2024-11-12T00:07:40.571+0000] {dagbag.py:545} INFO - Filling up the DagBag from /opt/airflow/dags/CTAS_Summary_DAG_with_constraints.py
[2024-11-12T00:07:41.258+0000] {processor.py:840} INFO - DAG(s) 'SessionSummaryWithConstraintsCheck' retrieved from /opt/airflow/dags/CTAS_Summary_DAG_with_constraints.py
[2024-11-12T00:07:41.464+0000] {logging_mixin.py:188} INFO - [2024-11-12T00:07:41.463+0000] {dag.py:3096} INFO - Sync 1 DAGs
[2024-11-12T00:07:41.657+0000] {logging_mixin.py:188} INFO - [2024-11-12T00:07:41.657+0000] {dag.py:3954} INFO - Setting next_dagrun for SessionSummaryWithConstraintsCheck to 2024-11-11 06:00:00+00:00, run_after=2024-11-12 06:00:00+00:00
[2024-11-12T00:07:41.834+0000] {processor.py:183} INFO - Processing /opt/airflow/dags/CTAS_Summary_DAG_with_constraints.py took 1.434 seconds
[2024-11-12T00:08:12.013+0000] {processor.py:161} INFO - Started process (PID=2375) to work on /opt/airflow/dags/CTAS_Summary_DAG_with_constraints.py
[2024-11-12T00:08:12.015+0000] {processor.py:830} INFO - Processing file /opt/airflow/dags/CTAS_Summary_DAG_with_constraints.py for tasks to queue
[2024-11-12T00:08:12.018+0000] {logging_mixin.py:188} INFO - [2024-11-12T00:08:12.017+0000] {dagbag.py:545} INFO - Filling up the DagBag from /opt/airflow/dags/CTAS_Summary_DAG_with_constraints.py
[2024-11-12T00:08:12.050+0000] {processor.py:840} INFO - DAG(s) 'SessionSummaryWithConstraintsCheck' retrieved from /opt/airflow/dags/CTAS_Summary_DAG_with_constraints.py
[2024-11-12T00:08:12.081+0000] {logging_mixin.py:188} INFO - [2024-11-12T00:08:12.080+0000] {dag.py:3096} INFO - Sync 1 DAGs
[2024-11-12T00:08:12.125+0000] {logging_mixin.py:188} INFO - [2024-11-12T00:08:12.125+0000] {dag.py:3954} INFO - Setting next_dagrun for SessionSummaryWithConstraintsCheck to 2024-11-11 06:00:00+00:00, run_after=2024-11-12 06:00:00+00:00
[2024-11-12T00:08:12.236+0000] {processor.py:183} INFO - Processing /opt/airflow/dags/CTAS_Summary_DAG_with_constraints.py took 0.238 seconds
[2024-11-12T00:08:42.782+0000] {processor.py:161} INFO - Started process (PID=2390) to work on /opt/airflow/dags/CTAS_Summary_DAG_with_constraints.py
[2024-11-12T00:08:42.784+0000] {processor.py:830} INFO - Processing file /opt/airflow/dags/CTAS_Summary_DAG_with_constraints.py for tasks to queue
[2024-11-12T00:08:42.789+0000] {logging_mixin.py:188} INFO - [2024-11-12T00:08:42.788+0000] {dagbag.py:545} INFO - Filling up the DagBag from /opt/airflow/dags/CTAS_Summary_DAG_with_constraints.py
[2024-11-12T00:08:42.851+0000] {processor.py:840} INFO - DAG(s) 'SessionSummaryWithConstraintsCheck' retrieved from /opt/airflow/dags/CTAS_Summary_DAG_with_constraints.py
[2024-11-12T00:08:42.915+0000] {logging_mixin.py:188} INFO - [2024-11-12T00:08:42.915+0000] {dag.py:3096} INFO - Sync 1 DAGs
[2024-11-12T00:08:43.017+0000] {logging_mixin.py:188} INFO - [2024-11-12T00:08:43.017+0000] {dag.py:3954} INFO - Setting next_dagrun for SessionSummaryWithConstraintsCheck to 2024-11-11 06:00:00+00:00, run_after=2024-11-12 06:00:00+00:00
[2024-11-12T00:08:43.078+0000] {processor.py:183} INFO - Processing /opt/airflow/dags/CTAS_Summary_DAG_with_constraints.py took 0.315 seconds
[2024-11-12T00:09:13.556+0000] {processor.py:161} INFO - Started process (PID=2411) to work on /opt/airflow/dags/CTAS_Summary_DAG_with_constraints.py
[2024-11-12T00:09:13.557+0000] {processor.py:830} INFO - Processing file /opt/airflow/dags/CTAS_Summary_DAG_with_constraints.py for tasks to queue
[2024-11-12T00:09:13.560+0000] {logging_mixin.py:188} INFO - [2024-11-12T00:09:13.559+0000] {dagbag.py:545} INFO - Filling up the DagBag from /opt/airflow/dags/CTAS_Summary_DAG_with_constraints.py
[2024-11-12T00:09:13.596+0000] {processor.py:840} INFO - DAG(s) 'SessionSummaryWithConstraintsCheck' retrieved from /opt/airflow/dags/CTAS_Summary_DAG_with_constraints.py
[2024-11-12T00:09:13.637+0000] {logging_mixin.py:188} INFO - [2024-11-12T00:09:13.636+0000] {dag.py:3096} INFO - Sync 1 DAGs
[2024-11-12T00:09:13.673+0000] {logging_mixin.py:188} INFO - [2024-11-12T00:09:13.672+0000] {dag.py:3954} INFO - Setting next_dagrun for SessionSummaryWithConstraintsCheck to 2024-11-11 06:00:00+00:00, run_after=2024-11-12 06:00:00+00:00
[2024-11-12T00:09:13.714+0000] {processor.py:183} INFO - Processing /opt/airflow/dags/CTAS_Summary_DAG_with_constraints.py took 0.164 seconds
[2024-11-12T00:09:44.115+0000] {processor.py:161} INFO - Started process (PID=2432) to work on /opt/airflow/dags/CTAS_Summary_DAG_with_constraints.py
[2024-11-12T00:09:44.116+0000] {processor.py:830} INFO - Processing file /opt/airflow/dags/CTAS_Summary_DAG_with_constraints.py for tasks to queue
[2024-11-12T00:09:44.120+0000] {logging_mixin.py:188} INFO - [2024-11-12T00:09:44.119+0000] {dagbag.py:545} INFO - Filling up the DagBag from /opt/airflow/dags/CTAS_Summary_DAG_with_constraints.py
[2024-11-12T00:09:44.143+0000] {processor.py:840} INFO - DAG(s) 'SessionSummaryWithConstraintsCheck' retrieved from /opt/airflow/dags/CTAS_Summary_DAG_with_constraints.py
[2024-11-12T00:09:44.178+0000] {logging_mixin.py:188} INFO - [2024-11-12T00:09:44.178+0000] {dag.py:3096} INFO - Sync 1 DAGs
[2024-11-12T00:09:44.213+0000] {logging_mixin.py:188} INFO - [2024-11-12T00:09:44.213+0000] {dag.py:3954} INFO - Setting next_dagrun for SessionSummaryWithConstraintsCheck to 2024-11-11 06:00:00+00:00, run_after=2024-11-12 06:00:00+00:00
[2024-11-12T00:09:44.247+0000] {processor.py:183} INFO - Processing /opt/airflow/dags/CTAS_Summary_DAG_with_constraints.py took 0.139 seconds
[2024-11-12T00:10:14.873+0000] {processor.py:161} INFO - Started process (PID=2453) to work on /opt/airflow/dags/CTAS_Summary_DAG_with_constraints.py
[2024-11-12T00:10:14.875+0000] {processor.py:830} INFO - Processing file /opt/airflow/dags/CTAS_Summary_DAG_with_constraints.py for tasks to queue
[2024-11-12T00:10:14.877+0000] {logging_mixin.py:188} INFO - [2024-11-12T00:10:14.877+0000] {dagbag.py:545} INFO - Filling up the DagBag from /opt/airflow/dags/CTAS_Summary_DAG_with_constraints.py
[2024-11-12T00:10:14.913+0000] {processor.py:840} INFO - DAG(s) 'SessionSummaryWithConstraintsCheck' retrieved from /opt/airflow/dags/CTAS_Summary_DAG_with_constraints.py
[2024-11-12T00:10:14.949+0000] {logging_mixin.py:188} INFO - [2024-11-12T00:10:14.949+0000] {dag.py:3096} INFO - Sync 1 DAGs
[2024-11-12T00:10:14.980+0000] {logging_mixin.py:188} INFO - [2024-11-12T00:10:14.980+0000] {dag.py:3954} INFO - Setting next_dagrun for SessionSummaryWithConstraintsCheck to 2024-11-11 06:00:00+00:00, run_after=2024-11-12 06:00:00+00:00
[2024-11-12T00:10:15.007+0000] {processor.py:183} INFO - Processing /opt/airflow/dags/CTAS_Summary_DAG_with_constraints.py took 0.140 seconds
