[2024-11-12T20:47:43.333+0000] {processor.py:161} INFO - Started process (PID=203) to work on /opt/airflow/dags/DBT_DAG_RUN.py
[2024-11-12T20:47:43.334+0000] {processor.py:830} INFO - Processing file /opt/airflow/dags/DBT_DAG_RUN.py for tasks to queue
[2024-11-12T20:47:43.337+0000] {logging_mixin.py:188} INFO - [2024-11-12T20:47:43.336+0000] {dagbag.py:545} INFO - Filling up the DagBag from /opt/airflow/dags/DBT_DAG_RUN.py
[2024-11-12T20:47:43.388+0000] {processor.py:840} INFO - DAG(s) 'dbt_commands_dag' retrieved from /opt/airflow/dags/DBT_DAG_RUN.py
[2024-11-12T20:47:43.595+0000] {logging_mixin.py:188} INFO - [2024-11-12T20:47:43.594+0000] {override.py:1829} INFO - Created Permission View: can delete on DAG:dbt_commands_dag
[2024-11-12T20:47:43.613+0000] {logging_mixin.py:188} INFO - [2024-11-12T20:47:43.612+0000] {override.py:1829} INFO - Created Permission View: can edit on DAG:dbt_commands_dag
[2024-11-12T20:47:43.628+0000] {logging_mixin.py:188} INFO - [2024-11-12T20:47:43.628+0000] {override.py:1829} INFO - Created Permission View: can read on DAG:dbt_commands_dag
[2024-11-12T20:47:43.629+0000] {logging_mixin.py:188} INFO - [2024-11-12T20:47:43.629+0000] {dag.py:3096} INFO - Sync 1 DAGs
[2024-11-12T20:47:43.648+0000] {logging_mixin.py:188} INFO - [2024-11-12T20:47:43.647+0000] {dag.py:3118} INFO - Creating ORM DAG for dbt_commands_dag
[2024-11-12T20:47:43.665+0000] {logging_mixin.py:188} INFO - [2024-11-12T20:47:43.665+0000] {dag.py:3954} INFO - Setting next_dagrun for dbt_commands_dag to 2024-11-11 11:30:00+00:00, run_after=2024-11-12 11:30:00+00:00
[2024-11-12T20:47:43.697+0000] {processor.py:183} INFO - Processing /opt/airflow/dags/DBT_DAG_RUN.py took 0.372 seconds
[2024-11-12T20:48:14.149+0000] {processor.py:161} INFO - Started process (PID=274) to work on /opt/airflow/dags/DBT_DAG_RUN.py
[2024-11-12T20:48:14.151+0000] {processor.py:830} INFO - Processing file /opt/airflow/dags/DBT_DAG_RUN.py for tasks to queue
[2024-11-12T20:48:14.152+0000] {logging_mixin.py:188} INFO - [2024-11-12T20:48:14.152+0000] {dagbag.py:545} INFO - Filling up the DagBag from /opt/airflow/dags/DBT_DAG_RUN.py
[2024-11-12T20:48:14.180+0000] {processor.py:840} INFO - DAG(s) 'dbt_commands_dag' retrieved from /opt/airflow/dags/DBT_DAG_RUN.py
[2024-11-12T20:48:14.207+0000] {logging_mixin.py:188} INFO - [2024-11-12T20:48:14.207+0000] {dag.py:3096} INFO - Sync 1 DAGs
[2024-11-12T20:48:14.230+0000] {logging_mixin.py:188} INFO - [2024-11-12T20:48:14.230+0000] {dag.py:3954} INFO - Setting next_dagrun for dbt_commands_dag to 2024-11-12 11:30:00+00:00, run_after=2024-11-13 11:30:00+00:00
[2024-11-12T20:48:14.259+0000] {processor.py:183} INFO - Processing /opt/airflow/dags/DBT_DAG_RUN.py took 0.115 seconds
[2024-11-12T20:48:44.765+0000] {processor.py:161} INFO - Started process (PID=305) to work on /opt/airflow/dags/DBT_DAG_RUN.py
[2024-11-12T20:48:44.766+0000] {processor.py:830} INFO - Processing file /opt/airflow/dags/DBT_DAG_RUN.py for tasks to queue
[2024-11-12T20:48:44.769+0000] {logging_mixin.py:188} INFO - [2024-11-12T20:48:44.768+0000] {dagbag.py:545} INFO - Filling up the DagBag from /opt/airflow/dags/DBT_DAG_RUN.py
[2024-11-12T20:48:44.792+0000] {processor.py:840} INFO - DAG(s) 'dbt_commands_dag' retrieved from /opt/airflow/dags/DBT_DAG_RUN.py
[2024-11-12T20:48:44.824+0000] {logging_mixin.py:188} INFO - [2024-11-12T20:48:44.824+0000] {dag.py:3096} INFO - Sync 1 DAGs
[2024-11-12T20:48:44.853+0000] {logging_mixin.py:188} INFO - [2024-11-12T20:48:44.853+0000] {dag.py:3954} INFO - Setting next_dagrun for dbt_commands_dag to 2024-11-12 11:30:00+00:00, run_after=2024-11-13 11:30:00+00:00
[2024-11-12T20:48:44.888+0000] {processor.py:183} INFO - Processing /opt/airflow/dags/DBT_DAG_RUN.py took 0.130 seconds
[2024-11-12T20:49:15.063+0000] {processor.py:161} INFO - Started process (PID=357) to work on /opt/airflow/dags/DBT_DAG_RUN.py
[2024-11-12T20:49:15.065+0000] {processor.py:830} INFO - Processing file /opt/airflow/dags/DBT_DAG_RUN.py for tasks to queue
[2024-11-12T20:49:15.071+0000] {logging_mixin.py:188} INFO - [2024-11-12T20:49:15.070+0000] {dagbag.py:545} INFO - Filling up the DagBag from /opt/airflow/dags/DBT_DAG_RUN.py
[2024-11-12T20:49:15.108+0000] {processor.py:840} INFO - DAG(s) 'dbt_commands_dag' retrieved from /opt/airflow/dags/DBT_DAG_RUN.py
[2024-11-12T20:49:15.163+0000] {logging_mixin.py:188} INFO - [2024-11-12T20:49:15.162+0000] {dag.py:3096} INFO - Sync 1 DAGs
[2024-11-12T20:49:15.213+0000] {logging_mixin.py:188} INFO - [2024-11-12T20:49:15.213+0000] {dag.py:3954} INFO - Setting next_dagrun for dbt_commands_dag to 2024-11-12 11:30:00+00:00, run_after=2024-11-13 11:30:00+00:00
[2024-11-12T20:49:15.244+0000] {processor.py:183} INFO - Processing /opt/airflow/dags/DBT_DAG_RUN.py took 0.193 seconds
[2024-11-12T20:49:45.621+0000] {processor.py:161} INFO - Started process (PID=415) to work on /opt/airflow/dags/DBT_DAG_RUN.py
[2024-11-12T20:49:45.624+0000] {processor.py:830} INFO - Processing file /opt/airflow/dags/DBT_DAG_RUN.py for tasks to queue
[2024-11-12T20:49:45.628+0000] {logging_mixin.py:188} INFO - [2024-11-12T20:49:45.627+0000] {dagbag.py:545} INFO - Filling up the DagBag from /opt/airflow/dags/DBT_DAG_RUN.py
[2024-11-12T20:49:45.675+0000] {processor.py:840} INFO - DAG(s) 'dbt_commands_dag' retrieved from /opt/airflow/dags/DBT_DAG_RUN.py
[2024-11-12T20:49:45.721+0000] {logging_mixin.py:188} INFO - [2024-11-12T20:49:45.721+0000] {dag.py:3096} INFO - Sync 1 DAGs
[2024-11-12T20:49:45.764+0000] {logging_mixin.py:188} INFO - [2024-11-12T20:49:45.764+0000] {dag.py:3954} INFO - Setting next_dagrun for dbt_commands_dag to 2024-11-12 11:30:00+00:00, run_after=2024-11-13 11:30:00+00:00
[2024-11-12T20:49:45.806+0000] {processor.py:183} INFO - Processing /opt/airflow/dags/DBT_DAG_RUN.py took 0.198 seconds
[2024-11-12T20:50:16.430+0000] {processor.py:161} INFO - Started process (PID=462) to work on /opt/airflow/dags/DBT_DAG_RUN.py
[2024-11-12T20:50:16.433+0000] {processor.py:830} INFO - Processing file /opt/airflow/dags/DBT_DAG_RUN.py for tasks to queue
[2024-11-12T20:50:16.436+0000] {logging_mixin.py:188} INFO - [2024-11-12T20:50:16.436+0000] {dagbag.py:545} INFO - Filling up the DagBag from /opt/airflow/dags/DBT_DAG_RUN.py
[2024-11-12T20:50:16.461+0000] {processor.py:840} INFO - DAG(s) 'dbt_commands_dag' retrieved from /opt/airflow/dags/DBT_DAG_RUN.py
[2024-11-12T20:50:16.490+0000] {logging_mixin.py:188} INFO - [2024-11-12T20:50:16.490+0000] {dag.py:3096} INFO - Sync 1 DAGs
[2024-11-12T20:50:16.517+0000] {logging_mixin.py:188} INFO - [2024-11-12T20:50:16.516+0000] {dag.py:3954} INFO - Setting next_dagrun for dbt_commands_dag to 2024-11-12 11:30:00+00:00, run_after=2024-11-13 11:30:00+00:00
[2024-11-12T20:50:16.544+0000] {processor.py:183} INFO - Processing /opt/airflow/dags/DBT_DAG_RUN.py took 0.120 seconds
[2024-11-12T20:50:46.902+0000] {processor.py:161} INFO - Started process (PID=493) to work on /opt/airflow/dags/DBT_DAG_RUN.py
[2024-11-12T20:50:46.904+0000] {processor.py:830} INFO - Processing file /opt/airflow/dags/DBT_DAG_RUN.py for tasks to queue
[2024-11-12T20:50:46.907+0000] {logging_mixin.py:188} INFO - [2024-11-12T20:50:46.907+0000] {dagbag.py:545} INFO - Filling up the DagBag from /opt/airflow/dags/DBT_DAG_RUN.py
[2024-11-12T20:50:46.933+0000] {processor.py:840} INFO - DAG(s) 'dbt_commands_dag' retrieved from /opt/airflow/dags/DBT_DAG_RUN.py
[2024-11-12T20:50:46.960+0000] {logging_mixin.py:188} INFO - [2024-11-12T20:50:46.960+0000] {dag.py:3096} INFO - Sync 1 DAGs
[2024-11-12T20:50:46.989+0000] {logging_mixin.py:188} INFO - [2024-11-12T20:50:46.989+0000] {dag.py:3954} INFO - Setting next_dagrun for dbt_commands_dag to 2024-11-12 11:30:00+00:00, run_after=2024-11-13 11:30:00+00:00
[2024-11-12T20:50:47.028+0000] {processor.py:183} INFO - Processing /opt/airflow/dags/DBT_DAG_RUN.py took 0.132 seconds
[2024-11-12T20:51:17.882+0000] {processor.py:161} INFO - Started process (PID=524) to work on /opt/airflow/dags/DBT_DAG_RUN.py
[2024-11-12T20:51:17.884+0000] {processor.py:830} INFO - Processing file /opt/airflow/dags/DBT_DAG_RUN.py for tasks to queue
[2024-11-12T20:51:17.887+0000] {logging_mixin.py:188} INFO - [2024-11-12T20:51:17.886+0000] {dagbag.py:545} INFO - Filling up the DagBag from /opt/airflow/dags/DBT_DAG_RUN.py
[2024-11-12T20:51:17.928+0000] {processor.py:840} INFO - DAG(s) 'dbt_commands_dag' retrieved from /opt/airflow/dags/DBT_DAG_RUN.py
[2024-11-12T20:51:17.961+0000] {logging_mixin.py:188} INFO - [2024-11-12T20:51:17.961+0000] {dag.py:3096} INFO - Sync 1 DAGs
[2024-11-12T20:51:17.991+0000] {logging_mixin.py:188} INFO - [2024-11-12T20:51:17.991+0000] {dag.py:3954} INFO - Setting next_dagrun for dbt_commands_dag to 2024-11-12 11:30:00+00:00, run_after=2024-11-13 11:30:00+00:00
[2024-11-12T20:51:18.029+0000] {processor.py:183} INFO - Processing /opt/airflow/dags/DBT_DAG_RUN.py took 0.154 seconds
[2024-11-12T20:51:48.123+0000] {processor.py:161} INFO - Started process (PID=555) to work on /opt/airflow/dags/DBT_DAG_RUN.py
[2024-11-12T20:51:48.124+0000] {processor.py:830} INFO - Processing file /opt/airflow/dags/DBT_DAG_RUN.py for tasks to queue
[2024-11-12T20:51:48.130+0000] {logging_mixin.py:188} INFO - [2024-11-12T20:51:48.130+0000] {dagbag.py:545} INFO - Filling up the DagBag from /opt/airflow/dags/DBT_DAG_RUN.py
[2024-11-12T20:51:48.174+0000] {processor.py:840} INFO - DAG(s) 'dbt_commands_dag' retrieved from /opt/airflow/dags/DBT_DAG_RUN.py
[2024-11-12T20:51:48.208+0000] {logging_mixin.py:188} INFO - [2024-11-12T20:51:48.208+0000] {dag.py:3096} INFO - Sync 1 DAGs
[2024-11-12T20:51:48.232+0000] {logging_mixin.py:188} INFO - [2024-11-12T20:51:48.232+0000] {dag.py:3954} INFO - Setting next_dagrun for dbt_commands_dag to 2024-11-12 11:30:00+00:00, run_after=2024-11-13 11:30:00+00:00
[2024-11-12T20:51:48.267+0000] {processor.py:183} INFO - Processing /opt/airflow/dags/DBT_DAG_RUN.py took 0.152 seconds
[2024-11-12T20:52:18.367+0000] {processor.py:161} INFO - Started process (PID=586) to work on /opt/airflow/dags/DBT_DAG_RUN.py
[2024-11-12T20:52:18.369+0000] {processor.py:830} INFO - Processing file /opt/airflow/dags/DBT_DAG_RUN.py for tasks to queue
[2024-11-12T20:52:18.375+0000] {logging_mixin.py:188} INFO - [2024-11-12T20:52:18.373+0000] {dagbag.py:545} INFO - Filling up the DagBag from /opt/airflow/dags/DBT_DAG_RUN.py
[2024-11-12T20:52:18.430+0000] {processor.py:840} INFO - DAG(s) 'dbt_commands_dag' retrieved from /opt/airflow/dags/DBT_DAG_RUN.py
[2024-11-12T20:52:18.476+0000] {logging_mixin.py:188} INFO - [2024-11-12T20:52:18.476+0000] {dag.py:3096} INFO - Sync 1 DAGs
[2024-11-12T20:52:18.518+0000] {logging_mixin.py:188} INFO - [2024-11-12T20:52:18.517+0000] {dag.py:3954} INFO - Setting next_dagrun for dbt_commands_dag to 2024-11-12 11:30:00+00:00, run_after=2024-11-13 11:30:00+00:00
[2024-11-12T20:52:18.565+0000] {processor.py:183} INFO - Processing /opt/airflow/dags/DBT_DAG_RUN.py took 0.210 seconds
[2024-11-12T20:52:48.800+0000] {processor.py:161} INFO - Started process (PID=617) to work on /opt/airflow/dags/DBT_DAG_RUN.py
[2024-11-12T20:52:48.801+0000] {processor.py:830} INFO - Processing file /opt/airflow/dags/DBT_DAG_RUN.py for tasks to queue
[2024-11-12T20:52:48.803+0000] {logging_mixin.py:188} INFO - [2024-11-12T20:52:48.803+0000] {dagbag.py:545} INFO - Filling up the DagBag from /opt/airflow/dags/DBT_DAG_RUN.py
[2024-11-12T20:52:48.828+0000] {processor.py:840} INFO - DAG(s) 'dbt_commands_dag' retrieved from /opt/airflow/dags/DBT_DAG_RUN.py
[2024-11-12T20:52:48.854+0000] {logging_mixin.py:188} INFO - [2024-11-12T20:52:48.854+0000] {dag.py:3096} INFO - Sync 1 DAGs
[2024-11-12T20:52:48.880+0000] {logging_mixin.py:188} INFO - [2024-11-12T20:52:48.879+0000] {dag.py:3954} INFO - Setting next_dagrun for dbt_commands_dag to 2024-11-12 11:30:00+00:00, run_after=2024-11-13 11:30:00+00:00
[2024-11-12T20:52:48.901+0000] {processor.py:183} INFO - Processing /opt/airflow/dags/DBT_DAG_RUN.py took 0.107 seconds
[2024-11-12T20:53:19.017+0000] {processor.py:161} INFO - Started process (PID=648) to work on /opt/airflow/dags/DBT_DAG_RUN.py
[2024-11-12T20:53:19.019+0000] {processor.py:830} INFO - Processing file /opt/airflow/dags/DBT_DAG_RUN.py for tasks to queue
[2024-11-12T20:53:19.021+0000] {logging_mixin.py:188} INFO - [2024-11-12T20:53:19.020+0000] {dagbag.py:545} INFO - Filling up the DagBag from /opt/airflow/dags/DBT_DAG_RUN.py
[2024-11-12T20:53:19.042+0000] {processor.py:840} INFO - DAG(s) 'dbt_commands_dag' retrieved from /opt/airflow/dags/DBT_DAG_RUN.py
[2024-11-12T20:53:19.068+0000] {logging_mixin.py:188} INFO - [2024-11-12T20:53:19.068+0000] {dag.py:3096} INFO - Sync 1 DAGs
[2024-11-12T20:53:19.095+0000] {logging_mixin.py:188} INFO - [2024-11-12T20:53:19.095+0000] {dag.py:3954} INFO - Setting next_dagrun for dbt_commands_dag to 2024-11-12 11:30:00+00:00, run_after=2024-11-13 11:30:00+00:00
[2024-11-12T20:53:19.121+0000] {processor.py:183} INFO - Processing /opt/airflow/dags/DBT_DAG_RUN.py took 0.110 seconds
[2024-11-12T20:53:49.208+0000] {processor.py:161} INFO - Started process (PID=680) to work on /opt/airflow/dags/DBT_DAG_RUN.py
[2024-11-12T20:53:49.209+0000] {processor.py:830} INFO - Processing file /opt/airflow/dags/DBT_DAG_RUN.py for tasks to queue
[2024-11-12T20:53:49.212+0000] {logging_mixin.py:188} INFO - [2024-11-12T20:53:49.212+0000] {dagbag.py:545} INFO - Filling up the DagBag from /opt/airflow/dags/DBT_DAG_RUN.py
[2024-11-12T20:53:49.237+0000] {processor.py:840} INFO - DAG(s) 'dbt_commands_dag' retrieved from /opt/airflow/dags/DBT_DAG_RUN.py
[2024-11-12T20:53:49.272+0000] {logging_mixin.py:188} INFO - [2024-11-12T20:53:49.271+0000] {dag.py:3096} INFO - Sync 1 DAGs
[2024-11-12T20:53:49.296+0000] {logging_mixin.py:188} INFO - [2024-11-12T20:53:49.296+0000] {dag.py:3954} INFO - Setting next_dagrun for dbt_commands_dag to 2024-11-12 11:30:00+00:00, run_after=2024-11-13 11:30:00+00:00
[2024-11-12T20:53:49.324+0000] {processor.py:183} INFO - Processing /opt/airflow/dags/DBT_DAG_RUN.py took 0.124 seconds
[2024-11-12T20:54:19.797+0000] {processor.py:161} INFO - Started process (PID=711) to work on /opt/airflow/dags/DBT_DAG_RUN.py
[2024-11-12T20:54:19.800+0000] {processor.py:830} INFO - Processing file /opt/airflow/dags/DBT_DAG_RUN.py for tasks to queue
[2024-11-12T20:54:19.804+0000] {logging_mixin.py:188} INFO - [2024-11-12T20:54:19.804+0000] {dagbag.py:545} INFO - Filling up the DagBag from /opt/airflow/dags/DBT_DAG_RUN.py
[2024-11-12T20:54:19.848+0000] {processor.py:840} INFO - DAG(s) 'dbt_commands_dag' retrieved from /opt/airflow/dags/DBT_DAG_RUN.py
[2024-11-12T20:54:19.883+0000] {logging_mixin.py:188} INFO - [2024-11-12T20:54:19.883+0000] {dag.py:3096} INFO - Sync 1 DAGs
[2024-11-12T20:54:19.909+0000] {logging_mixin.py:188} INFO - [2024-11-12T20:54:19.908+0000] {dag.py:3954} INFO - Setting next_dagrun for dbt_commands_dag to 2024-11-12 11:30:00+00:00, run_after=2024-11-13 11:30:00+00:00
[2024-11-12T20:54:19.943+0000] {processor.py:183} INFO - Processing /opt/airflow/dags/DBT_DAG_RUN.py took 0.152 seconds
[2024-11-12T20:54:50.139+0000] {processor.py:161} INFO - Started process (PID=742) to work on /opt/airflow/dags/DBT_DAG_RUN.py
[2024-11-12T20:54:50.140+0000] {processor.py:830} INFO - Processing file /opt/airflow/dags/DBT_DAG_RUN.py for tasks to queue
[2024-11-12T20:54:50.143+0000] {logging_mixin.py:188} INFO - [2024-11-12T20:54:50.143+0000] {dagbag.py:545} INFO - Filling up the DagBag from /opt/airflow/dags/DBT_DAG_RUN.py
[2024-11-12T20:54:50.168+0000] {processor.py:840} INFO - DAG(s) 'dbt_commands_dag' retrieved from /opt/airflow/dags/DBT_DAG_RUN.py
[2024-11-12T20:54:50.194+0000] {logging_mixin.py:188} INFO - [2024-11-12T20:54:50.193+0000] {dag.py:3096} INFO - Sync 1 DAGs
[2024-11-12T20:54:50.217+0000] {logging_mixin.py:188} INFO - [2024-11-12T20:54:50.216+0000] {dag.py:3954} INFO - Setting next_dagrun for dbt_commands_dag to 2024-11-12 11:30:00+00:00, run_after=2024-11-13 11:30:00+00:00
[2024-11-12T20:54:50.240+0000] {processor.py:183} INFO - Processing /opt/airflow/dags/DBT_DAG_RUN.py took 0.107 seconds
[2024-11-12T20:55:20.536+0000] {processor.py:161} INFO - Started process (PID=773) to work on /opt/airflow/dags/DBT_DAG_RUN.py
[2024-11-12T20:55:20.537+0000] {processor.py:830} INFO - Processing file /opt/airflow/dags/DBT_DAG_RUN.py for tasks to queue
[2024-11-12T20:55:20.539+0000] {logging_mixin.py:188} INFO - [2024-11-12T20:55:20.539+0000] {dagbag.py:545} INFO - Filling up the DagBag from /opt/airflow/dags/DBT_DAG_RUN.py
[2024-11-12T20:55:20.561+0000] {processor.py:840} INFO - DAG(s) 'dbt_commands_dag' retrieved from /opt/airflow/dags/DBT_DAG_RUN.py
[2024-11-12T20:55:20.590+0000] {logging_mixin.py:188} INFO - [2024-11-12T20:55:20.589+0000] {dag.py:3096} INFO - Sync 1 DAGs
[2024-11-12T20:55:20.612+0000] {logging_mixin.py:188} INFO - [2024-11-12T20:55:20.612+0000] {dag.py:3954} INFO - Setting next_dagrun for dbt_commands_dag to 2024-11-12 11:30:00+00:00, run_after=2024-11-13 11:30:00+00:00
[2024-11-12T20:55:20.637+0000] {processor.py:183} INFO - Processing /opt/airflow/dags/DBT_DAG_RUN.py took 0.106 seconds
[2024-11-12T20:55:50.947+0000] {processor.py:161} INFO - Started process (PID=804) to work on /opt/airflow/dags/DBT_DAG_RUN.py
[2024-11-12T20:55:50.948+0000] {processor.py:830} INFO - Processing file /opt/airflow/dags/DBT_DAG_RUN.py for tasks to queue
[2024-11-12T20:55:50.951+0000] {logging_mixin.py:188} INFO - [2024-11-12T20:55:50.950+0000] {dagbag.py:545} INFO - Filling up the DagBag from /opt/airflow/dags/DBT_DAG_RUN.py
[2024-11-12T20:55:50.972+0000] {processor.py:840} INFO - DAG(s) 'dbt_commands_dag' retrieved from /opt/airflow/dags/DBT_DAG_RUN.py
[2024-11-12T20:55:51.001+0000] {logging_mixin.py:188} INFO - [2024-11-12T20:55:51.000+0000] {dag.py:3096} INFO - Sync 1 DAGs
[2024-11-12T20:55:51.026+0000] {logging_mixin.py:188} INFO - [2024-11-12T20:55:51.025+0000] {dag.py:3954} INFO - Setting next_dagrun for dbt_commands_dag to 2024-11-12 11:30:00+00:00, run_after=2024-11-13 11:30:00+00:00
[2024-11-12T20:55:51.055+0000] {processor.py:183} INFO - Processing /opt/airflow/dags/DBT_DAG_RUN.py took 0.114 seconds
[2024-11-12T20:56:21.260+0000] {processor.py:161} INFO - Started process (PID=835) to work on /opt/airflow/dags/DBT_DAG_RUN.py
[2024-11-12T20:56:21.262+0000] {processor.py:830} INFO - Processing file /opt/airflow/dags/DBT_DAG_RUN.py for tasks to queue
[2024-11-12T20:56:21.264+0000] {logging_mixin.py:188} INFO - [2024-11-12T20:56:21.263+0000] {dagbag.py:545} INFO - Filling up the DagBag from /opt/airflow/dags/DBT_DAG_RUN.py
[2024-11-12T20:56:21.288+0000] {processor.py:840} INFO - DAG(s) 'dbt_commands_dag' retrieved from /opt/airflow/dags/DBT_DAG_RUN.py
[2024-11-12T20:56:21.314+0000] {logging_mixin.py:188} INFO - [2024-11-12T20:56:21.314+0000] {dag.py:3096} INFO - Sync 1 DAGs
[2024-11-12T20:56:21.336+0000] {logging_mixin.py:188} INFO - [2024-11-12T20:56:21.336+0000] {dag.py:3954} INFO - Setting next_dagrun for dbt_commands_dag to 2024-11-12 11:30:00+00:00, run_after=2024-11-13 11:30:00+00:00
[2024-11-12T20:56:21.363+0000] {processor.py:183} INFO - Processing /opt/airflow/dags/DBT_DAG_RUN.py took 0.109 seconds
[2024-11-12T20:56:51.570+0000] {processor.py:161} INFO - Started process (PID=866) to work on /opt/airflow/dags/DBT_DAG_RUN.py
[2024-11-12T20:56:51.571+0000] {processor.py:830} INFO - Processing file /opt/airflow/dags/DBT_DAG_RUN.py for tasks to queue
[2024-11-12T20:56:51.573+0000] {logging_mixin.py:188} INFO - [2024-11-12T20:56:51.573+0000] {dagbag.py:545} INFO - Filling up the DagBag from /opt/airflow/dags/DBT_DAG_RUN.py
[2024-11-12T20:56:51.598+0000] {processor.py:840} INFO - DAG(s) 'dbt_commands_dag' retrieved from /opt/airflow/dags/DBT_DAG_RUN.py
[2024-11-12T20:56:51.623+0000] {logging_mixin.py:188} INFO - [2024-11-12T20:56:51.623+0000] {dag.py:3096} INFO - Sync 1 DAGs
[2024-11-12T20:56:51.647+0000] {logging_mixin.py:188} INFO - [2024-11-12T20:56:51.646+0000] {dag.py:3954} INFO - Setting next_dagrun for dbt_commands_dag to 2024-11-12 11:30:00+00:00, run_after=2024-11-13 11:30:00+00:00
[2024-11-12T20:56:51.668+0000] {processor.py:183} INFO - Processing /opt/airflow/dags/DBT_DAG_RUN.py took 0.103 seconds
[2024-11-12T20:57:22.517+0000] {processor.py:161} INFO - Started process (PID=897) to work on /opt/airflow/dags/DBT_DAG_RUN.py
[2024-11-12T20:57:22.518+0000] {processor.py:830} INFO - Processing file /opt/airflow/dags/DBT_DAG_RUN.py for tasks to queue
[2024-11-12T20:57:22.521+0000] {logging_mixin.py:188} INFO - [2024-11-12T20:57:22.521+0000] {dagbag.py:545} INFO - Filling up the DagBag from /opt/airflow/dags/DBT_DAG_RUN.py
[2024-11-12T20:57:22.560+0000] {processor.py:840} INFO - DAG(s) 'dbt_commands_dag' retrieved from /opt/airflow/dags/DBT_DAG_RUN.py
[2024-11-12T20:57:22.601+0000] {logging_mixin.py:188} INFO - [2024-11-12T20:57:22.601+0000] {dag.py:3096} INFO - Sync 1 DAGs
[2024-11-12T20:57:22.630+0000] {logging_mixin.py:188} INFO - [2024-11-12T20:57:22.629+0000] {dag.py:3954} INFO - Setting next_dagrun for dbt_commands_dag to 2024-11-12 11:30:00+00:00, run_after=2024-11-13 11:30:00+00:00
[2024-11-12T20:57:22.657+0000] {processor.py:183} INFO - Processing /opt/airflow/dags/DBT_DAG_RUN.py took 0.147 seconds
[2024-11-12T20:57:53.581+0000] {processor.py:161} INFO - Started process (PID=928) to work on /opt/airflow/dags/DBT_DAG_RUN.py
[2024-11-12T20:57:53.584+0000] {processor.py:830} INFO - Processing file /opt/airflow/dags/DBT_DAG_RUN.py for tasks to queue
[2024-11-12T20:57:53.588+0000] {logging_mixin.py:188} INFO - [2024-11-12T20:57:53.588+0000] {dagbag.py:545} INFO - Filling up the DagBag from /opt/airflow/dags/DBT_DAG_RUN.py
[2024-11-12T20:57:53.627+0000] {processor.py:840} INFO - DAG(s) 'dbt_commands_dag' retrieved from /opt/airflow/dags/DBT_DAG_RUN.py
[2024-11-12T20:57:53.657+0000] {logging_mixin.py:188} INFO - [2024-11-12T20:57:53.657+0000] {dag.py:3096} INFO - Sync 1 DAGs
[2024-11-12T20:57:53.682+0000] {logging_mixin.py:188} INFO - [2024-11-12T20:57:53.682+0000] {dag.py:3954} INFO - Setting next_dagrun for dbt_commands_dag to 2024-11-12 11:30:00+00:00, run_after=2024-11-13 11:30:00+00:00
[2024-11-12T20:57:53.715+0000] {processor.py:183} INFO - Processing /opt/airflow/dags/DBT_DAG_RUN.py took 0.141 seconds
[2024-11-12T20:58:23.907+0000] {processor.py:161} INFO - Started process (PID=959) to work on /opt/airflow/dags/DBT_DAG_RUN.py
[2024-11-12T20:58:23.908+0000] {processor.py:830} INFO - Processing file /opt/airflow/dags/DBT_DAG_RUN.py for tasks to queue
[2024-11-12T20:58:23.911+0000] {logging_mixin.py:188} INFO - [2024-11-12T20:58:23.910+0000] {dagbag.py:545} INFO - Filling up the DagBag from /opt/airflow/dags/DBT_DAG_RUN.py
[2024-11-12T20:58:23.933+0000] {processor.py:840} INFO - DAG(s) 'dbt_commands_dag' retrieved from /opt/airflow/dags/DBT_DAG_RUN.py
[2024-11-12T20:58:23.957+0000] {logging_mixin.py:188} INFO - [2024-11-12T20:58:23.957+0000] {dag.py:3096} INFO - Sync 1 DAGs
[2024-11-12T20:58:23.984+0000] {logging_mixin.py:188} INFO - [2024-11-12T20:58:23.984+0000] {dag.py:3954} INFO - Setting next_dagrun for dbt_commands_dag to 2024-11-12 11:30:00+00:00, run_after=2024-11-13 11:30:00+00:00
[2024-11-12T20:58:24.009+0000] {processor.py:183} INFO - Processing /opt/airflow/dags/DBT_DAG_RUN.py took 0.107 seconds
[2024-11-12T20:58:54.104+0000] {processor.py:161} INFO - Started process (PID=990) to work on /opt/airflow/dags/DBT_DAG_RUN.py
[2024-11-12T20:58:54.106+0000] {processor.py:830} INFO - Processing file /opt/airflow/dags/DBT_DAG_RUN.py for tasks to queue
[2024-11-12T20:58:54.109+0000] {logging_mixin.py:188} INFO - [2024-11-12T20:58:54.108+0000] {dagbag.py:545} INFO - Filling up the DagBag from /opt/airflow/dags/DBT_DAG_RUN.py
[2024-11-12T20:58:54.130+0000] {processor.py:840} INFO - DAG(s) 'dbt_commands_dag' retrieved from /opt/airflow/dags/DBT_DAG_RUN.py
[2024-11-12T20:58:54.156+0000] {logging_mixin.py:188} INFO - [2024-11-12T20:58:54.155+0000] {dag.py:3096} INFO - Sync 1 DAGs
[2024-11-12T20:58:54.179+0000] {logging_mixin.py:188} INFO - [2024-11-12T20:58:54.178+0000] {dag.py:3954} INFO - Setting next_dagrun for dbt_commands_dag to 2024-11-12 11:30:00+00:00, run_after=2024-11-13 11:30:00+00:00
[2024-11-12T20:58:54.202+0000] {processor.py:183} INFO - Processing /opt/airflow/dags/DBT_DAG_RUN.py took 0.103 seconds
[2024-11-12T20:59:24.290+0000] {processor.py:161} INFO - Started process (PID=1021) to work on /opt/airflow/dags/DBT_DAG_RUN.py
[2024-11-12T20:59:24.292+0000] {processor.py:830} INFO - Processing file /opt/airflow/dags/DBT_DAG_RUN.py for tasks to queue
[2024-11-12T20:59:24.294+0000] {logging_mixin.py:188} INFO - [2024-11-12T20:59:24.293+0000] {dagbag.py:545} INFO - Filling up the DagBag from /opt/airflow/dags/DBT_DAG_RUN.py
[2024-11-12T20:59:24.317+0000] {processor.py:840} INFO - DAG(s) 'dbt_commands_dag' retrieved from /opt/airflow/dags/DBT_DAG_RUN.py
[2024-11-12T20:59:24.341+0000] {logging_mixin.py:188} INFO - [2024-11-12T20:59:24.341+0000] {dag.py:3096} INFO - Sync 1 DAGs
[2024-11-12T20:59:24.365+0000] {logging_mixin.py:188} INFO - [2024-11-12T20:59:24.365+0000] {dag.py:3954} INFO - Setting next_dagrun for dbt_commands_dag to 2024-11-12 11:30:00+00:00, run_after=2024-11-13 11:30:00+00:00
[2024-11-12T20:59:24.389+0000] {processor.py:183} INFO - Processing /opt/airflow/dags/DBT_DAG_RUN.py took 0.104 seconds
[2024-11-12T20:59:54.527+0000] {processor.py:161} INFO - Started process (PID=1052) to work on /opt/airflow/dags/DBT_DAG_RUN.py
[2024-11-12T20:59:54.528+0000] {processor.py:830} INFO - Processing file /opt/airflow/dags/DBT_DAG_RUN.py for tasks to queue
[2024-11-12T20:59:54.531+0000] {logging_mixin.py:188} INFO - [2024-11-12T20:59:54.530+0000] {dagbag.py:545} INFO - Filling up the DagBag from /opt/airflow/dags/DBT_DAG_RUN.py
[2024-11-12T20:59:54.554+0000] {processor.py:840} INFO - DAG(s) 'dbt_commands_dag' retrieved from /opt/airflow/dags/DBT_DAG_RUN.py
[2024-11-12T20:59:54.579+0000] {logging_mixin.py:188} INFO - [2024-11-12T20:59:54.579+0000] {dag.py:3096} INFO - Sync 1 DAGs
[2024-11-12T20:59:54.601+0000] {logging_mixin.py:188} INFO - [2024-11-12T20:59:54.601+0000] {dag.py:3954} INFO - Setting next_dagrun for dbt_commands_dag to 2024-11-12 11:30:00+00:00, run_after=2024-11-13 11:30:00+00:00
[2024-11-12T20:59:54.623+0000] {processor.py:183} INFO - Processing /opt/airflow/dags/DBT_DAG_RUN.py took 0.101 seconds
[2024-11-12T21:00:24.907+0000] {processor.py:161} INFO - Started process (PID=1083) to work on /opt/airflow/dags/DBT_DAG_RUN.py
[2024-11-12T21:00:24.908+0000] {processor.py:830} INFO - Processing file /opt/airflow/dags/DBT_DAG_RUN.py for tasks to queue
[2024-11-12T21:00:24.910+0000] {logging_mixin.py:188} INFO - [2024-11-12T21:00:24.910+0000] {dagbag.py:545} INFO - Filling up the DagBag from /opt/airflow/dags/DBT_DAG_RUN.py
[2024-11-12T21:00:24.934+0000] {processor.py:840} INFO - DAG(s) 'dbt_commands_dag' retrieved from /opt/airflow/dags/DBT_DAG_RUN.py
[2024-11-12T21:00:24.965+0000] {logging_mixin.py:188} INFO - [2024-11-12T21:00:24.965+0000] {dag.py:3096} INFO - Sync 1 DAGs
[2024-11-12T21:00:24.987+0000] {logging_mixin.py:188} INFO - [2024-11-12T21:00:24.987+0000] {dag.py:3954} INFO - Setting next_dagrun for dbt_commands_dag to 2024-11-12 11:30:00+00:00, run_after=2024-11-13 11:30:00+00:00
[2024-11-12T21:00:25.011+0000] {processor.py:183} INFO - Processing /opt/airflow/dags/DBT_DAG_RUN.py took 0.110 seconds
[2024-11-12T21:00:55.349+0000] {processor.py:161} INFO - Started process (PID=1114) to work on /opt/airflow/dags/DBT_DAG_RUN.py
[2024-11-12T21:00:55.352+0000] {processor.py:830} INFO - Processing file /opt/airflow/dags/DBT_DAG_RUN.py for tasks to queue
[2024-11-12T21:00:55.359+0000] {logging_mixin.py:188} INFO - [2024-11-12T21:00:55.358+0000] {dagbag.py:545} INFO - Filling up the DagBag from /opt/airflow/dags/DBT_DAG_RUN.py
[2024-11-12T21:00:55.418+0000] {processor.py:840} INFO - DAG(s) 'dbt_commands_dag' retrieved from /opt/airflow/dags/DBT_DAG_RUN.py
[2024-11-12T21:00:55.493+0000] {logging_mixin.py:188} INFO - [2024-11-12T21:00:55.492+0000] {dag.py:3096} INFO - Sync 1 DAGs
[2024-11-12T21:00:55.609+0000] {logging_mixin.py:188} INFO - [2024-11-12T21:00:55.607+0000] {dag.py:3954} INFO - Setting next_dagrun for dbt_commands_dag to 2024-11-12 11:30:00+00:00, run_after=2024-11-13 11:30:00+00:00
[2024-11-12T21:00:55.767+0000] {processor.py:183} INFO - Processing /opt/airflow/dags/DBT_DAG_RUN.py took 0.429 seconds
[2024-11-12T21:01:26.363+0000] {processor.py:161} INFO - Started process (PID=1145) to work on /opt/airflow/dags/DBT_DAG_RUN.py
[2024-11-12T21:01:26.365+0000] {processor.py:830} INFO - Processing file /opt/airflow/dags/DBT_DAG_RUN.py for tasks to queue
[2024-11-12T21:01:26.371+0000] {logging_mixin.py:188} INFO - [2024-11-12T21:01:26.370+0000] {dagbag.py:545} INFO - Filling up the DagBag from /opt/airflow/dags/DBT_DAG_RUN.py
[2024-11-12T21:01:26.451+0000] {processor.py:840} INFO - DAG(s) 'dbt_commands_dag' retrieved from /opt/airflow/dags/DBT_DAG_RUN.py
[2024-11-12T21:01:26.522+0000] {logging_mixin.py:188} INFO - [2024-11-12T21:01:26.521+0000] {dag.py:3096} INFO - Sync 1 DAGs
[2024-11-12T21:01:26.590+0000] {logging_mixin.py:188} INFO - [2024-11-12T21:01:26.589+0000] {dag.py:3954} INFO - Setting next_dagrun for dbt_commands_dag to 2024-11-12 11:30:00+00:00, run_after=2024-11-13 11:30:00+00:00
[2024-11-12T21:01:26.672+0000] {processor.py:183} INFO - Processing /opt/airflow/dags/DBT_DAG_RUN.py took 0.328 seconds
[2024-11-12T21:01:56.834+0000] {processor.py:161} INFO - Started process (PID=1176) to work on /opt/airflow/dags/DBT_DAG_RUN.py
[2024-11-12T21:01:56.836+0000] {processor.py:830} INFO - Processing file /opt/airflow/dags/DBT_DAG_RUN.py for tasks to queue
[2024-11-12T21:01:56.843+0000] {logging_mixin.py:188} INFO - [2024-11-12T21:01:56.842+0000] {dagbag.py:545} INFO - Filling up the DagBag from /opt/airflow/dags/DBT_DAG_RUN.py
[2024-11-12T21:01:56.909+0000] {processor.py:840} INFO - DAG(s) 'dbt_commands_dag' retrieved from /opt/airflow/dags/DBT_DAG_RUN.py
[2024-11-12T21:01:56.963+0000] {logging_mixin.py:188} INFO - [2024-11-12T21:01:56.962+0000] {dag.py:3096} INFO - Sync 1 DAGs
[2024-11-12T21:01:57.018+0000] {logging_mixin.py:188} INFO - [2024-11-12T21:01:57.017+0000] {dag.py:3954} INFO - Setting next_dagrun for dbt_commands_dag to 2024-11-12 11:30:00+00:00, run_after=2024-11-13 11:30:00+00:00
[2024-11-12T21:01:57.067+0000] {processor.py:183} INFO - Processing /opt/airflow/dags/DBT_DAG_RUN.py took 0.261 seconds
[2024-11-12T21:02:27.596+0000] {processor.py:161} INFO - Started process (PID=1213) to work on /opt/airflow/dags/DBT_DAG_RUN.py
[2024-11-12T21:02:27.598+0000] {processor.py:830} INFO - Processing file /opt/airflow/dags/DBT_DAG_RUN.py for tasks to queue
[2024-11-12T21:02:27.607+0000] {logging_mixin.py:188} INFO - [2024-11-12T21:02:27.606+0000] {dagbag.py:545} INFO - Filling up the DagBag from /opt/airflow/dags/DBT_DAG_RUN.py
[2024-11-12T21:02:27.670+0000] {processor.py:840} INFO - DAG(s) 'dbt_commands_dag' retrieved from /opt/airflow/dags/DBT_DAG_RUN.py
[2024-11-12T21:02:27.732+0000] {logging_mixin.py:188} INFO - [2024-11-12T21:02:27.732+0000] {dag.py:3096} INFO - Sync 1 DAGs
[2024-11-12T21:02:27.790+0000] {logging_mixin.py:188} INFO - [2024-11-12T21:02:27.789+0000] {dag.py:3954} INFO - Setting next_dagrun for dbt_commands_dag to 2024-11-12 11:30:00+00:00, run_after=2024-11-13 11:30:00+00:00
[2024-11-12T21:02:27.845+0000] {processor.py:183} INFO - Processing /opt/airflow/dags/DBT_DAG_RUN.py took 0.267 seconds
[2024-11-12T21:02:57.999+0000] {processor.py:161} INFO - Started process (PID=1244) to work on /opt/airflow/dags/DBT_DAG_RUN.py
[2024-11-12T21:02:58.000+0000] {processor.py:830} INFO - Processing file /opt/airflow/dags/DBT_DAG_RUN.py for tasks to queue
[2024-11-12T21:02:58.004+0000] {logging_mixin.py:188} INFO - [2024-11-12T21:02:58.003+0000] {dagbag.py:545} INFO - Filling up the DagBag from /opt/airflow/dags/DBT_DAG_RUN.py
[2024-11-12T21:02:58.027+0000] {processor.py:840} INFO - DAG(s) 'dbt_commands_dag' retrieved from /opt/airflow/dags/DBT_DAG_RUN.py
[2024-11-12T21:02:58.055+0000] {logging_mixin.py:188} INFO - [2024-11-12T21:02:58.055+0000] {dag.py:3096} INFO - Sync 1 DAGs
[2024-11-12T21:02:58.079+0000] {logging_mixin.py:188} INFO - [2024-11-12T21:02:58.079+0000] {dag.py:3954} INFO - Setting next_dagrun for dbt_commands_dag to 2024-11-12 11:30:00+00:00, run_after=2024-11-13 11:30:00+00:00
[2024-11-12T21:02:58.104+0000] {processor.py:183} INFO - Processing /opt/airflow/dags/DBT_DAG_RUN.py took 0.111 seconds
[2024-11-12T21:03:28.214+0000] {processor.py:161} INFO - Started process (PID=1275) to work on /opt/airflow/dags/DBT_DAG_RUN.py
[2024-11-12T21:03:28.219+0000] {processor.py:830} INFO - Processing file /opt/airflow/dags/DBT_DAG_RUN.py for tasks to queue
[2024-11-12T21:03:28.223+0000] {logging_mixin.py:188} INFO - [2024-11-12T21:03:28.223+0000] {dagbag.py:545} INFO - Filling up the DagBag from /opt/airflow/dags/DBT_DAG_RUN.py
[2024-11-12T21:03:28.262+0000] {processor.py:840} INFO - DAG(s) 'dbt_commands_dag' retrieved from /opt/airflow/dags/DBT_DAG_RUN.py
[2024-11-12T21:03:28.313+0000] {logging_mixin.py:188} INFO - [2024-11-12T21:03:28.313+0000] {dag.py:3096} INFO - Sync 1 DAGs
[2024-11-12T21:03:28.364+0000] {logging_mixin.py:188} INFO - [2024-11-12T21:03:28.363+0000] {dag.py:3954} INFO - Setting next_dagrun for dbt_commands_dag to 2024-11-12 11:30:00+00:00, run_after=2024-11-13 11:30:00+00:00
[2024-11-12T21:03:28.432+0000] {processor.py:183} INFO - Processing /opt/airflow/dags/DBT_DAG_RUN.py took 0.234 seconds
[2024-11-12T21:03:58.796+0000] {processor.py:161} INFO - Started process (PID=1306) to work on /opt/airflow/dags/DBT_DAG_RUN.py
[2024-11-12T21:03:58.803+0000] {processor.py:830} INFO - Processing file /opt/airflow/dags/DBT_DAG_RUN.py for tasks to queue
[2024-11-12T21:03:58.809+0000] {logging_mixin.py:188} INFO - [2024-11-12T21:03:58.808+0000] {dagbag.py:545} INFO - Filling up the DagBag from /opt/airflow/dags/DBT_DAG_RUN.py
[2024-11-12T21:03:58.912+0000] {processor.py:840} INFO - DAG(s) 'dbt_commands_dag' retrieved from /opt/airflow/dags/DBT_DAG_RUN.py
[2024-11-12T21:03:58.997+0000] {logging_mixin.py:188} INFO - [2024-11-12T21:03:58.996+0000] {dag.py:3096} INFO - Sync 1 DAGs
[2024-11-12T21:03:59.075+0000] {logging_mixin.py:188} INFO - [2024-11-12T21:03:59.074+0000] {dag.py:3954} INFO - Setting next_dagrun for dbt_commands_dag to 2024-11-12 11:30:00+00:00, run_after=2024-11-13 11:30:00+00:00
[2024-11-12T21:03:59.143+0000] {processor.py:183} INFO - Processing /opt/airflow/dags/DBT_DAG_RUN.py took 0.361 seconds
[2024-11-12T21:04:29.528+0000] {processor.py:161} INFO - Started process (PID=1337) to work on /opt/airflow/dags/DBT_DAG_RUN.py
[2024-11-12T21:04:29.532+0000] {processor.py:830} INFO - Processing file /opt/airflow/dags/DBT_DAG_RUN.py for tasks to queue
[2024-11-12T21:04:29.537+0000] {logging_mixin.py:188} INFO - [2024-11-12T21:04:29.536+0000] {dagbag.py:545} INFO - Filling up the DagBag from /opt/airflow/dags/DBT_DAG_RUN.py
[2024-11-12T21:04:29.587+0000] {processor.py:840} INFO - DAG(s) 'dbt_commands_dag' retrieved from /opt/airflow/dags/DBT_DAG_RUN.py
[2024-11-12T21:04:29.650+0000] {logging_mixin.py:188} INFO - [2024-11-12T21:04:29.650+0000] {dag.py:3096} INFO - Sync 1 DAGs
[2024-11-12T21:04:29.704+0000] {logging_mixin.py:188} INFO - [2024-11-12T21:04:29.704+0000] {dag.py:3954} INFO - Setting next_dagrun for dbt_commands_dag to 2024-11-12 11:30:00+00:00, run_after=2024-11-13 11:30:00+00:00
[2024-11-12T21:04:29.740+0000] {processor.py:183} INFO - Processing /opt/airflow/dags/DBT_DAG_RUN.py took 0.220 seconds
[2024-11-12T21:04:59.938+0000] {processor.py:161} INFO - Started process (PID=1368) to work on /opt/airflow/dags/DBT_DAG_RUN.py
[2024-11-12T21:04:59.940+0000] {processor.py:830} INFO - Processing file /opt/airflow/dags/DBT_DAG_RUN.py for tasks to queue
[2024-11-12T21:04:59.945+0000] {logging_mixin.py:188} INFO - [2024-11-12T21:04:59.943+0000] {dagbag.py:545} INFO - Filling up the DagBag from /opt/airflow/dags/DBT_DAG_RUN.py
[2024-11-12T21:04:59.994+0000] {processor.py:840} INFO - DAG(s) 'dbt_commands_dag' retrieved from /opt/airflow/dags/DBT_DAG_RUN.py
[2024-11-12T21:05:00.060+0000] {logging_mixin.py:188} INFO - [2024-11-12T21:05:00.060+0000] {dag.py:3096} INFO - Sync 1 DAGs
[2024-11-12T21:05:00.118+0000] {logging_mixin.py:188} INFO - [2024-11-12T21:05:00.117+0000] {dag.py:3954} INFO - Setting next_dagrun for dbt_commands_dag to 2024-11-12 11:30:00+00:00, run_after=2024-11-13 11:30:00+00:00
[2024-11-12T21:05:00.167+0000] {processor.py:183} INFO - Processing /opt/airflow/dags/DBT_DAG_RUN.py took 0.236 seconds
[2024-11-12T21:05:30.392+0000] {processor.py:161} INFO - Started process (PID=1399) to work on /opt/airflow/dags/DBT_DAG_RUN.py
[2024-11-12T21:05:30.395+0000] {processor.py:830} INFO - Processing file /opt/airflow/dags/DBT_DAG_RUN.py for tasks to queue
[2024-11-12T21:05:30.399+0000] {logging_mixin.py:188} INFO - [2024-11-12T21:05:30.398+0000] {dagbag.py:545} INFO - Filling up the DagBag from /opt/airflow/dags/DBT_DAG_RUN.py
[2024-11-12T21:05:30.439+0000] {processor.py:840} INFO - DAG(s) 'dbt_commands_dag' retrieved from /opt/airflow/dags/DBT_DAG_RUN.py
[2024-11-12T21:05:30.491+0000] {logging_mixin.py:188} INFO - [2024-11-12T21:05:30.490+0000] {dag.py:3096} INFO - Sync 1 DAGs
[2024-11-12T21:05:30.532+0000] {logging_mixin.py:188} INFO - [2024-11-12T21:05:30.532+0000] {dag.py:3954} INFO - Setting next_dagrun for dbt_commands_dag to 2024-11-12 11:30:00+00:00, run_after=2024-11-13 11:30:00+00:00
[2024-11-12T21:05:30.577+0000] {processor.py:183} INFO - Processing /opt/airflow/dags/DBT_DAG_RUN.py took 0.202 seconds
[2024-11-12T21:06:00.772+0000] {processor.py:161} INFO - Started process (PID=1431) to work on /opt/airflow/dags/DBT_DAG_RUN.py
[2024-11-12T21:06:00.774+0000] {processor.py:830} INFO - Processing file /opt/airflow/dags/DBT_DAG_RUN.py for tasks to queue
[2024-11-12T21:06:00.778+0000] {logging_mixin.py:188} INFO - [2024-11-12T21:06:00.777+0000] {dagbag.py:545} INFO - Filling up the DagBag from /opt/airflow/dags/DBT_DAG_RUN.py
[2024-11-12T21:06:00.822+0000] {processor.py:840} INFO - DAG(s) 'dbt_commands_dag' retrieved from /opt/airflow/dags/DBT_DAG_RUN.py
[2024-11-12T21:06:00.887+0000] {logging_mixin.py:188} INFO - [2024-11-12T21:06:00.887+0000] {dag.py:3096} INFO - Sync 1 DAGs
[2024-11-12T21:06:00.953+0000] {logging_mixin.py:188} INFO - [2024-11-12T21:06:00.952+0000] {dag.py:3954} INFO - Setting next_dagrun for dbt_commands_dag to 2024-11-12 11:30:00+00:00, run_after=2024-11-13 11:30:00+00:00
[2024-11-12T21:06:01.016+0000] {processor.py:183} INFO - Processing /opt/airflow/dags/DBT_DAG_RUN.py took 0.252 seconds
[2024-11-12T21:06:31.125+0000] {processor.py:161} INFO - Started process (PID=1462) to work on /opt/airflow/dags/DBT_DAG_RUN.py
[2024-11-12T21:06:31.131+0000] {processor.py:830} INFO - Processing file /opt/airflow/dags/DBT_DAG_RUN.py for tasks to queue
[2024-11-12T21:06:31.137+0000] {logging_mixin.py:188} INFO - [2024-11-12T21:06:31.137+0000] {dagbag.py:545} INFO - Filling up the DagBag from /opt/airflow/dags/DBT_DAG_RUN.py
[2024-11-12T21:06:31.175+0000] {processor.py:840} INFO - DAG(s) 'dbt_commands_dag' retrieved from /opt/airflow/dags/DBT_DAG_RUN.py
[2024-11-12T21:06:31.217+0000] {logging_mixin.py:188} INFO - [2024-11-12T21:06:31.217+0000] {dag.py:3096} INFO - Sync 1 DAGs
[2024-11-12T21:06:31.258+0000] {logging_mixin.py:188} INFO - [2024-11-12T21:06:31.257+0000] {dag.py:3954} INFO - Setting next_dagrun for dbt_commands_dag to 2024-11-12 11:30:00+00:00, run_after=2024-11-13 11:30:00+00:00
[2024-11-12T21:06:31.292+0000] {processor.py:183} INFO - Processing /opt/airflow/dags/DBT_DAG_RUN.py took 0.173 seconds
[2024-11-12T21:07:02.231+0000] {processor.py:161} INFO - Started process (PID=1493) to work on /opt/airflow/dags/DBT_DAG_RUN.py
[2024-11-12T21:07:02.234+0000] {processor.py:830} INFO - Processing file /opt/airflow/dags/DBT_DAG_RUN.py for tasks to queue
[2024-11-12T21:07:02.237+0000] {logging_mixin.py:188} INFO - [2024-11-12T21:07:02.236+0000] {dagbag.py:545} INFO - Filling up the DagBag from /opt/airflow/dags/DBT_DAG_RUN.py
[2024-11-12T21:07:02.299+0000] {processor.py:840} INFO - DAG(s) 'dbt_commands_dag' retrieved from /opt/airflow/dags/DBT_DAG_RUN.py
[2024-11-12T21:07:02.376+0000] {logging_mixin.py:188} INFO - [2024-11-12T21:07:02.375+0000] {dag.py:3096} INFO - Sync 1 DAGs
[2024-11-12T21:07:02.432+0000] {logging_mixin.py:188} INFO - [2024-11-12T21:07:02.432+0000] {dag.py:3954} INFO - Setting next_dagrun for dbt_commands_dag to 2024-11-12 11:30:00+00:00, run_after=2024-11-13 11:30:00+00:00
[2024-11-12T21:07:02.486+0000] {processor.py:183} INFO - Processing /opt/airflow/dags/DBT_DAG_RUN.py took 0.270 seconds
[2024-11-12T21:07:33.089+0000] {processor.py:161} INFO - Started process (PID=1524) to work on /opt/airflow/dags/DBT_DAG_RUN.py
[2024-11-12T21:07:33.091+0000] {processor.py:830} INFO - Processing file /opt/airflow/dags/DBT_DAG_RUN.py for tasks to queue
[2024-11-12T21:07:33.095+0000] {logging_mixin.py:188} INFO - [2024-11-12T21:07:33.095+0000] {dagbag.py:545} INFO - Filling up the DagBag from /opt/airflow/dags/DBT_DAG_RUN.py
[2024-11-12T21:07:33.145+0000] {processor.py:840} INFO - DAG(s) 'dbt_commands_dag' retrieved from /opt/airflow/dags/DBT_DAG_RUN.py
[2024-11-12T21:07:33.195+0000] {logging_mixin.py:188} INFO - [2024-11-12T21:07:33.195+0000] {dag.py:3096} INFO - Sync 1 DAGs
[2024-11-12T21:07:33.239+0000] {logging_mixin.py:188} INFO - [2024-11-12T21:07:33.237+0000] {dag.py:3954} INFO - Setting next_dagrun for dbt_commands_dag to 2024-11-12 11:30:00+00:00, run_after=2024-11-13 11:30:00+00:00
[2024-11-12T21:07:33.286+0000] {processor.py:183} INFO - Processing /opt/airflow/dags/DBT_DAG_RUN.py took 0.209 seconds
[2024-11-12T21:08:03.726+0000] {processor.py:161} INFO - Started process (PID=1555) to work on /opt/airflow/dags/DBT_DAG_RUN.py
[2024-11-12T21:08:03.729+0000] {processor.py:830} INFO - Processing file /opt/airflow/dags/DBT_DAG_RUN.py for tasks to queue
[2024-11-12T21:08:03.734+0000] {logging_mixin.py:188} INFO - [2024-11-12T21:08:03.733+0000] {dagbag.py:545} INFO - Filling up the DagBag from /opt/airflow/dags/DBT_DAG_RUN.py
[2024-11-12T21:08:03.828+0000] {processor.py:840} INFO - DAG(s) 'dbt_commands_dag' retrieved from /opt/airflow/dags/DBT_DAG_RUN.py
[2024-11-12T21:08:03.926+0000] {logging_mixin.py:188} INFO - [2024-11-12T21:08:03.924+0000] {dag.py:3096} INFO - Sync 1 DAGs
[2024-11-12T21:08:04.019+0000] {logging_mixin.py:188} INFO - [2024-11-12T21:08:04.018+0000] {dag.py:3954} INFO - Setting next_dagrun for dbt_commands_dag to 2024-11-12 11:30:00+00:00, run_after=2024-11-13 11:30:00+00:00
[2024-11-12T21:08:04.094+0000] {processor.py:183} INFO - Processing /opt/airflow/dags/DBT_DAG_RUN.py took 0.394 seconds
[2024-11-12T21:08:34.357+0000] {processor.py:161} INFO - Started process (PID=1586) to work on /opt/airflow/dags/DBT_DAG_RUN.py
[2024-11-12T21:08:34.359+0000] {processor.py:830} INFO - Processing file /opt/airflow/dags/DBT_DAG_RUN.py for tasks to queue
[2024-11-12T21:08:34.364+0000] {logging_mixin.py:188} INFO - [2024-11-12T21:08:34.363+0000] {dagbag.py:545} INFO - Filling up the DagBag from /opt/airflow/dags/DBT_DAG_RUN.py
[2024-11-12T21:08:34.417+0000] {processor.py:840} INFO - DAG(s) 'dbt_commands_dag' retrieved from /opt/airflow/dags/DBT_DAG_RUN.py
[2024-11-12T21:08:34.467+0000] {logging_mixin.py:188} INFO - [2024-11-12T21:08:34.467+0000] {dag.py:3096} INFO - Sync 1 DAGs
[2024-11-12T21:08:34.516+0000] {logging_mixin.py:188} INFO - [2024-11-12T21:08:34.515+0000] {dag.py:3954} INFO - Setting next_dagrun for dbt_commands_dag to 2024-11-12 11:30:00+00:00, run_after=2024-11-13 11:30:00+00:00
[2024-11-12T21:08:34.566+0000] {processor.py:183} INFO - Processing /opt/airflow/dags/DBT_DAG_RUN.py took 0.217 seconds
[2024-11-12T21:09:04.751+0000] {processor.py:161} INFO - Started process (PID=1617) to work on /opt/airflow/dags/DBT_DAG_RUN.py
[2024-11-12T21:09:04.753+0000] {processor.py:830} INFO - Processing file /opt/airflow/dags/DBT_DAG_RUN.py for tasks to queue
[2024-11-12T21:09:04.757+0000] {logging_mixin.py:188} INFO - [2024-11-12T21:09:04.756+0000] {dagbag.py:545} INFO - Filling up the DagBag from /opt/airflow/dags/DBT_DAG_RUN.py
[2024-11-12T21:09:04.808+0000] {processor.py:840} INFO - DAG(s) 'dbt_commands_dag' retrieved from /opt/airflow/dags/DBT_DAG_RUN.py
[2024-11-12T21:09:04.863+0000] {logging_mixin.py:188} INFO - [2024-11-12T21:09:04.862+0000] {dag.py:3096} INFO - Sync 1 DAGs
[2024-11-12T21:09:04.910+0000] {logging_mixin.py:188} INFO - [2024-11-12T21:09:04.909+0000] {dag.py:3954} INFO - Setting next_dagrun for dbt_commands_dag to 2024-11-12 11:30:00+00:00, run_after=2024-11-13 11:30:00+00:00
[2024-11-12T21:09:04.950+0000] {processor.py:183} INFO - Processing /opt/airflow/dags/DBT_DAG_RUN.py took 0.213 seconds
[2024-11-12T21:09:35.170+0000] {processor.py:161} INFO - Started process (PID=1648) to work on /opt/airflow/dags/DBT_DAG_RUN.py
[2024-11-12T21:09:35.172+0000] {processor.py:830} INFO - Processing file /opt/airflow/dags/DBT_DAG_RUN.py for tasks to queue
[2024-11-12T21:09:35.175+0000] {logging_mixin.py:188} INFO - [2024-11-12T21:09:35.174+0000] {dagbag.py:545} INFO - Filling up the DagBag from /opt/airflow/dags/DBT_DAG_RUN.py
[2024-11-12T21:09:35.246+0000] {processor.py:840} INFO - DAG(s) 'dbt_commands_dag' retrieved from /opt/airflow/dags/DBT_DAG_RUN.py
[2024-11-12T21:09:35.340+0000] {logging_mixin.py:188} INFO - [2024-11-12T21:09:35.339+0000] {dag.py:3096} INFO - Sync 1 DAGs
[2024-11-12T21:09:35.478+0000] {logging_mixin.py:188} INFO - [2024-11-12T21:09:35.478+0000] {dag.py:3954} INFO - Setting next_dagrun for dbt_commands_dag to 2024-11-12 11:30:00+00:00, run_after=2024-11-13 11:30:00+00:00
[2024-11-12T21:09:35.583+0000] {processor.py:183} INFO - Processing /opt/airflow/dags/DBT_DAG_RUN.py took 0.429 seconds
[2024-11-12T21:10:05.708+0000] {processor.py:161} INFO - Started process (PID=1680) to work on /opt/airflow/dags/DBT_DAG_RUN.py
[2024-11-12T21:10:05.720+0000] {processor.py:830} INFO - Processing file /opt/airflow/dags/DBT_DAG_RUN.py for tasks to queue
[2024-11-12T21:10:05.729+0000] {logging_mixin.py:188} INFO - [2024-11-12T21:10:05.726+0000] {dagbag.py:545} INFO - Filling up the DagBag from /opt/airflow/dags/DBT_DAG_RUN.py
[2024-11-12T21:10:05.794+0000] {processor.py:840} INFO - DAG(s) 'dbt_commands_dag' retrieved from /opt/airflow/dags/DBT_DAG_RUN.py
[2024-11-12T21:10:05.862+0000] {logging_mixin.py:188} INFO - [2024-11-12T21:10:05.862+0000] {dag.py:3096} INFO - Sync 1 DAGs
[2024-11-12T21:10:05.931+0000] {logging_mixin.py:188} INFO - [2024-11-12T21:10:05.930+0000] {dag.py:3954} INFO - Setting next_dagrun for dbt_commands_dag to 2024-11-12 11:30:00+00:00, run_after=2024-11-13 11:30:00+00:00
[2024-11-12T21:10:05.985+0000] {processor.py:183} INFO - Processing /opt/airflow/dags/DBT_DAG_RUN.py took 0.293 seconds
[2024-11-12T21:10:36.149+0000] {processor.py:161} INFO - Started process (PID=1711) to work on /opt/airflow/dags/DBT_DAG_RUN.py
[2024-11-12T21:10:36.151+0000] {processor.py:830} INFO - Processing file /opt/airflow/dags/DBT_DAG_RUN.py for tasks to queue
[2024-11-12T21:10:36.155+0000] {logging_mixin.py:188} INFO - [2024-11-12T21:10:36.155+0000] {dagbag.py:545} INFO - Filling up the DagBag from /opt/airflow/dags/DBT_DAG_RUN.py
[2024-11-12T21:10:36.201+0000] {processor.py:840} INFO - DAG(s) 'dbt_commands_dag' retrieved from /opt/airflow/dags/DBT_DAG_RUN.py
[2024-11-12T21:10:36.242+0000] {logging_mixin.py:188} INFO - [2024-11-12T21:10:36.241+0000] {dag.py:3096} INFO - Sync 1 DAGs
[2024-11-12T21:10:36.274+0000] {logging_mixin.py:188} INFO - [2024-11-12T21:10:36.274+0000] {dag.py:3954} INFO - Setting next_dagrun for dbt_commands_dag to 2024-11-12 11:30:00+00:00, run_after=2024-11-13 11:30:00+00:00
[2024-11-12T21:10:36.315+0000] {processor.py:183} INFO - Processing /opt/airflow/dags/DBT_DAG_RUN.py took 0.180 seconds
[2024-11-12T21:11:07.154+0000] {processor.py:161} INFO - Started process (PID=1742) to work on /opt/airflow/dags/DBT_DAG_RUN.py
[2024-11-12T21:11:07.156+0000] {processor.py:830} INFO - Processing file /opt/airflow/dags/DBT_DAG_RUN.py for tasks to queue
[2024-11-12T21:11:07.160+0000] {logging_mixin.py:188} INFO - [2024-11-12T21:11:07.159+0000] {dagbag.py:545} INFO - Filling up the DagBag from /opt/airflow/dags/DBT_DAG_RUN.py
[2024-11-12T21:11:07.213+0000] {processor.py:840} INFO - DAG(s) 'dbt_commands_dag' retrieved from /opt/airflow/dags/DBT_DAG_RUN.py
[2024-11-12T21:11:07.270+0000] {logging_mixin.py:188} INFO - [2024-11-12T21:11:07.269+0000] {dag.py:3096} INFO - Sync 1 DAGs
[2024-11-12T21:11:07.311+0000] {logging_mixin.py:188} INFO - [2024-11-12T21:11:07.311+0000] {dag.py:3954} INFO - Setting next_dagrun for dbt_commands_dag to 2024-11-12 11:30:00+00:00, run_after=2024-11-13 11:30:00+00:00
[2024-11-12T21:11:07.352+0000] {processor.py:183} INFO - Processing /opt/airflow/dags/DBT_DAG_RUN.py took 0.208 seconds
[2024-11-12T21:11:37.642+0000] {processor.py:161} INFO - Started process (PID=1773) to work on /opt/airflow/dags/DBT_DAG_RUN.py
[2024-11-12T21:11:37.645+0000] {processor.py:830} INFO - Processing file /opt/airflow/dags/DBT_DAG_RUN.py for tasks to queue
[2024-11-12T21:11:37.647+0000] {logging_mixin.py:188} INFO - [2024-11-12T21:11:37.647+0000] {dagbag.py:545} INFO - Filling up the DagBag from /opt/airflow/dags/DBT_DAG_RUN.py
[2024-11-12T21:11:37.680+0000] {processor.py:840} INFO - DAG(s) 'dbt_commands_dag' retrieved from /opt/airflow/dags/DBT_DAG_RUN.py
[2024-11-12T21:11:37.720+0000] {logging_mixin.py:188} INFO - [2024-11-12T21:11:37.719+0000] {dag.py:3096} INFO - Sync 1 DAGs
[2024-11-12T21:11:37.767+0000] {logging_mixin.py:188} INFO - [2024-11-12T21:11:37.767+0000] {dag.py:3954} INFO - Setting next_dagrun for dbt_commands_dag to 2024-11-12 11:30:00+00:00, run_after=2024-11-13 11:30:00+00:00
[2024-11-12T21:11:37.808+0000] {processor.py:183} INFO - Processing /opt/airflow/dags/DBT_DAG_RUN.py took 0.177 seconds
[2024-11-12T21:12:08.302+0000] {processor.py:161} INFO - Started process (PID=1804) to work on /opt/airflow/dags/DBT_DAG_RUN.py
[2024-11-12T21:12:08.304+0000] {processor.py:830} INFO - Processing file /opt/airflow/dags/DBT_DAG_RUN.py for tasks to queue
[2024-11-12T21:12:08.308+0000] {logging_mixin.py:188} INFO - [2024-11-12T21:12:08.307+0000] {dagbag.py:545} INFO - Filling up the DagBag from /opt/airflow/dags/DBT_DAG_RUN.py
[2024-11-12T21:12:08.361+0000] {processor.py:840} INFO - DAG(s) 'dbt_commands_dag' retrieved from /opt/airflow/dags/DBT_DAG_RUN.py
[2024-11-12T21:12:08.423+0000] {logging_mixin.py:188} INFO - [2024-11-12T21:12:08.423+0000] {dag.py:3096} INFO - Sync 1 DAGs
[2024-11-12T21:12:08.476+0000] {logging_mixin.py:188} INFO - [2024-11-12T21:12:08.475+0000] {dag.py:3954} INFO - Setting next_dagrun for dbt_commands_dag to 2024-11-12 11:30:00+00:00, run_after=2024-11-13 11:30:00+00:00
[2024-11-12T21:12:08.533+0000] {processor.py:183} INFO - Processing /opt/airflow/dags/DBT_DAG_RUN.py took 0.238 seconds
[2024-11-12T21:12:39.622+0000] {processor.py:161} INFO - Started process (PID=1835) to work on /opt/airflow/dags/DBT_DAG_RUN.py
[2024-11-12T21:12:39.625+0000] {processor.py:830} INFO - Processing file /opt/airflow/dags/DBT_DAG_RUN.py for tasks to queue
[2024-11-12T21:12:39.628+0000] {logging_mixin.py:188} INFO - [2024-11-12T21:12:39.627+0000] {dagbag.py:545} INFO - Filling up the DagBag from /opt/airflow/dags/DBT_DAG_RUN.py
[2024-11-12T21:12:39.684+0000] {processor.py:840} INFO - DAG(s) 'dbt_commands_dag' retrieved from /opt/airflow/dags/DBT_DAG_RUN.py
[2024-11-12T21:12:39.741+0000] {logging_mixin.py:188} INFO - [2024-11-12T21:12:39.740+0000] {dag.py:3096} INFO - Sync 1 DAGs
[2024-11-12T21:12:39.781+0000] {logging_mixin.py:188} INFO - [2024-11-12T21:12:39.781+0000] {dag.py:3954} INFO - Setting next_dagrun for dbt_commands_dag to 2024-11-12 11:30:00+00:00, run_after=2024-11-13 11:30:00+00:00
[2024-11-12T21:12:39.828+0000] {processor.py:183} INFO - Processing /opt/airflow/dags/DBT_DAG_RUN.py took 0.224 seconds
[2024-11-12T21:13:10.020+0000] {processor.py:161} INFO - Started process (PID=1866) to work on /opt/airflow/dags/DBT_DAG_RUN.py
[2024-11-12T21:13:10.022+0000] {processor.py:830} INFO - Processing file /opt/airflow/dags/DBT_DAG_RUN.py for tasks to queue
[2024-11-12T21:13:10.027+0000] {logging_mixin.py:188} INFO - [2024-11-12T21:13:10.026+0000] {dagbag.py:545} INFO - Filling up the DagBag from /opt/airflow/dags/DBT_DAG_RUN.py
[2024-11-12T21:13:10.075+0000] {processor.py:840} INFO - DAG(s) 'dbt_commands_dag' retrieved from /opt/airflow/dags/DBT_DAG_RUN.py
[2024-11-12T21:13:10.126+0000] {logging_mixin.py:188} INFO - [2024-11-12T21:13:10.125+0000] {dag.py:3096} INFO - Sync 1 DAGs
[2024-11-12T21:13:10.160+0000] {logging_mixin.py:188} INFO - [2024-11-12T21:13:10.160+0000] {dag.py:3954} INFO - Setting next_dagrun for dbt_commands_dag to 2024-11-12 11:30:00+00:00, run_after=2024-11-13 11:30:00+00:00
[2024-11-12T21:13:10.194+0000] {processor.py:183} INFO - Processing /opt/airflow/dags/DBT_DAG_RUN.py took 0.184 seconds
[2024-11-12T21:13:40.492+0000] {processor.py:161} INFO - Started process (PID=1897) to work on /opt/airflow/dags/DBT_DAG_RUN.py
[2024-11-12T21:13:40.495+0000] {processor.py:830} INFO - Processing file /opt/airflow/dags/DBT_DAG_RUN.py for tasks to queue
[2024-11-12T21:13:40.503+0000] {logging_mixin.py:188} INFO - [2024-11-12T21:13:40.502+0000] {dagbag.py:545} INFO - Filling up the DagBag from /opt/airflow/dags/DBT_DAG_RUN.py
[2024-11-12T21:13:40.558+0000] {processor.py:840} INFO - DAG(s) 'dbt_commands_dag' retrieved from /opt/airflow/dags/DBT_DAG_RUN.py
[2024-11-12T21:13:40.616+0000] {logging_mixin.py:188} INFO - [2024-11-12T21:13:40.616+0000] {dag.py:3096} INFO - Sync 1 DAGs
[2024-11-12T21:13:40.667+0000] {logging_mixin.py:188} INFO - [2024-11-12T21:13:40.666+0000] {dag.py:3954} INFO - Setting next_dagrun for dbt_commands_dag to 2024-11-12 11:30:00+00:00, run_after=2024-11-13 11:30:00+00:00
[2024-11-12T21:13:40.723+0000] {processor.py:183} INFO - Processing /opt/airflow/dags/DBT_DAG_RUN.py took 0.248 seconds
[2024-11-12T21:14:10.945+0000] {processor.py:161} INFO - Started process (PID=1928) to work on /opt/airflow/dags/DBT_DAG_RUN.py
[2024-11-12T21:14:10.947+0000] {processor.py:830} INFO - Processing file /opt/airflow/dags/DBT_DAG_RUN.py for tasks to queue
[2024-11-12T21:14:10.952+0000] {logging_mixin.py:188} INFO - [2024-11-12T21:14:10.951+0000] {dagbag.py:545} INFO - Filling up the DagBag from /opt/airflow/dags/DBT_DAG_RUN.py
[2024-11-12T21:14:11.003+0000] {processor.py:840} INFO - DAG(s) 'dbt_commands_dag' retrieved from /opt/airflow/dags/DBT_DAG_RUN.py
[2024-11-12T21:14:11.045+0000] {logging_mixin.py:188} INFO - [2024-11-12T21:14:11.045+0000] {dag.py:3096} INFO - Sync 1 DAGs
[2024-11-12T21:14:11.096+0000] {logging_mixin.py:188} INFO - [2024-11-12T21:14:11.095+0000] {dag.py:3954} INFO - Setting next_dagrun for dbt_commands_dag to 2024-11-12 11:30:00+00:00, run_after=2024-11-13 11:30:00+00:00
[2024-11-12T21:14:11.134+0000] {processor.py:183} INFO - Processing /opt/airflow/dags/DBT_DAG_RUN.py took 0.200 seconds
[2024-11-12T21:14:41.608+0000] {processor.py:161} INFO - Started process (PID=1959) to work on /opt/airflow/dags/DBT_DAG_RUN.py
[2024-11-12T21:14:41.612+0000] {processor.py:830} INFO - Processing file /opt/airflow/dags/DBT_DAG_RUN.py for tasks to queue
[2024-11-12T21:14:41.618+0000] {logging_mixin.py:188} INFO - [2024-11-12T21:14:41.617+0000] {dagbag.py:545} INFO - Filling up the DagBag from /opt/airflow/dags/DBT_DAG_RUN.py
[2024-11-12T21:14:41.656+0000] {processor.py:840} INFO - DAG(s) 'dbt_commands_dag' retrieved from /opt/airflow/dags/DBT_DAG_RUN.py
[2024-11-12T21:14:41.715+0000] {logging_mixin.py:188} INFO - [2024-11-12T21:14:41.714+0000] {dag.py:3096} INFO - Sync 1 DAGs
[2024-11-12T21:14:41.764+0000] {logging_mixin.py:188} INFO - [2024-11-12T21:14:41.764+0000] {dag.py:3954} INFO - Setting next_dagrun for dbt_commands_dag to 2024-11-12 11:30:00+00:00, run_after=2024-11-13 11:30:00+00:00
[2024-11-12T21:14:41.810+0000] {processor.py:183} INFO - Processing /opt/airflow/dags/DBT_DAG_RUN.py took 0.210 seconds
[2024-11-12T21:15:12.284+0000] {processor.py:161} INFO - Started process (PID=1990) to work on /opt/airflow/dags/DBT_DAG_RUN.py
[2024-11-12T21:15:12.287+0000] {processor.py:830} INFO - Processing file /opt/airflow/dags/DBT_DAG_RUN.py for tasks to queue
[2024-11-12T21:15:12.292+0000] {logging_mixin.py:188} INFO - [2024-11-12T21:15:12.292+0000] {dagbag.py:545} INFO - Filling up the DagBag from /opt/airflow/dags/DBT_DAG_RUN.py
[2024-11-12T21:15:12.364+0000] {processor.py:840} INFO - DAG(s) 'dbt_commands_dag' retrieved from /opt/airflow/dags/DBT_DAG_RUN.py
[2024-11-12T21:15:12.477+0000] {logging_mixin.py:188} INFO - [2024-11-12T21:15:12.475+0000] {dag.py:3096} INFO - Sync 1 DAGs
[2024-11-12T21:15:12.549+0000] {logging_mixin.py:188} INFO - [2024-11-12T21:15:12.548+0000] {dag.py:3954} INFO - Setting next_dagrun for dbt_commands_dag to 2024-11-12 11:30:00+00:00, run_after=2024-11-13 11:30:00+00:00
[2024-11-12T21:15:12.599+0000] {processor.py:183} INFO - Processing /opt/airflow/dags/DBT_DAG_RUN.py took 0.335 seconds
[2024-11-12T21:15:42.924+0000] {processor.py:161} INFO - Started process (PID=2021) to work on /opt/airflow/dags/DBT_DAG_RUN.py
[2024-11-12T21:15:42.928+0000] {processor.py:830} INFO - Processing file /opt/airflow/dags/DBT_DAG_RUN.py for tasks to queue
[2024-11-12T21:15:42.942+0000] {logging_mixin.py:188} INFO - [2024-11-12T21:15:42.941+0000] {dagbag.py:545} INFO - Filling up the DagBag from /opt/airflow/dags/DBT_DAG_RUN.py
[2024-11-12T21:15:43.030+0000] {processor.py:840} INFO - DAG(s) 'dbt_commands_dag' retrieved from /opt/airflow/dags/DBT_DAG_RUN.py
[2024-11-12T21:15:43.126+0000] {logging_mixin.py:188} INFO - [2024-11-12T21:15:43.125+0000] {dag.py:3096} INFO - Sync 1 DAGs
[2024-11-12T21:15:43.215+0000] {logging_mixin.py:188} INFO - [2024-11-12T21:15:43.214+0000] {dag.py:3954} INFO - Setting next_dagrun for dbt_commands_dag to 2024-11-12 11:30:00+00:00, run_after=2024-11-13 11:30:00+00:00
[2024-11-12T21:15:43.278+0000] {processor.py:183} INFO - Processing /opt/airflow/dags/DBT_DAG_RUN.py took 0.378 seconds
[2024-11-12T21:16:13.960+0000] {processor.py:161} INFO - Started process (PID=2052) to work on /opt/airflow/dags/DBT_DAG_RUN.py
[2024-11-12T21:16:13.962+0000] {processor.py:830} INFO - Processing file /opt/airflow/dags/DBT_DAG_RUN.py for tasks to queue
[2024-11-12T21:16:13.970+0000] {logging_mixin.py:188} INFO - [2024-11-12T21:16:13.969+0000] {dagbag.py:545} INFO - Filling up the DagBag from /opt/airflow/dags/DBT_DAG_RUN.py
[2024-11-12T21:16:14.070+0000] {processor.py:840} INFO - DAG(s) 'dbt_commands_dag' retrieved from /opt/airflow/dags/DBT_DAG_RUN.py
[2024-11-12T21:16:14.198+0000] {logging_mixin.py:188} INFO - [2024-11-12T21:16:14.197+0000] {dag.py:3096} INFO - Sync 1 DAGs
[2024-11-12T21:16:14.330+0000] {logging_mixin.py:188} INFO - [2024-11-12T21:16:14.328+0000] {dag.py:3954} INFO - Setting next_dagrun for dbt_commands_dag to 2024-11-12 11:30:00+00:00, run_after=2024-11-13 11:30:00+00:00
[2024-11-12T21:16:14.415+0000] {processor.py:183} INFO - Processing /opt/airflow/dags/DBT_DAG_RUN.py took 0.474 seconds
[2024-11-12T21:16:45.127+0000] {processor.py:161} INFO - Started process (PID=2083) to work on /opt/airflow/dags/DBT_DAG_RUN.py
[2024-11-12T21:16:45.129+0000] {processor.py:830} INFO - Processing file /opt/airflow/dags/DBT_DAG_RUN.py for tasks to queue
[2024-11-12T21:16:45.134+0000] {logging_mixin.py:188} INFO - [2024-11-12T21:16:45.133+0000] {dagbag.py:545} INFO - Filling up the DagBag from /opt/airflow/dags/DBT_DAG_RUN.py
[2024-11-12T21:16:45.182+0000] {processor.py:840} INFO - DAG(s) 'dbt_commands_dag' retrieved from /opt/airflow/dags/DBT_DAG_RUN.py
[2024-11-12T21:16:45.244+0000] {logging_mixin.py:188} INFO - [2024-11-12T21:16:45.243+0000] {dag.py:3096} INFO - Sync 1 DAGs
[2024-11-12T21:16:45.321+0000] {logging_mixin.py:188} INFO - [2024-11-12T21:16:45.321+0000] {dag.py:3954} INFO - Setting next_dagrun for dbt_commands_dag to 2024-11-12 11:30:00+00:00, run_after=2024-11-13 11:30:00+00:00
[2024-11-12T21:16:45.376+0000] {processor.py:183} INFO - Processing /opt/airflow/dags/DBT_DAG_RUN.py took 0.265 seconds
[2024-11-12T21:17:16.049+0000] {processor.py:161} INFO - Started process (PID=2114) to work on /opt/airflow/dags/DBT_DAG_RUN.py
[2024-11-12T21:17:16.051+0000] {processor.py:830} INFO - Processing file /opt/airflow/dags/DBT_DAG_RUN.py for tasks to queue
[2024-11-12T21:17:16.059+0000] {logging_mixin.py:188} INFO - [2024-11-12T21:17:16.058+0000] {dagbag.py:545} INFO - Filling up the DagBag from /opt/airflow/dags/DBT_DAG_RUN.py
[2024-11-12T21:17:16.115+0000] {processor.py:840} INFO - DAG(s) 'dbt_commands_dag' retrieved from /opt/airflow/dags/DBT_DAG_RUN.py
[2024-11-12T21:17:16.183+0000] {logging_mixin.py:188} INFO - [2024-11-12T21:17:16.182+0000] {dag.py:3096} INFO - Sync 1 DAGs
[2024-11-12T21:17:16.227+0000] {logging_mixin.py:188} INFO - [2024-11-12T21:17:16.227+0000] {dag.py:3954} INFO - Setting next_dagrun for dbt_commands_dag to 2024-11-12 11:30:00+00:00, run_after=2024-11-13 11:30:00+00:00
[2024-11-12T21:17:16.261+0000] {processor.py:183} INFO - Processing /opt/airflow/dags/DBT_DAG_RUN.py took 0.227 seconds
[2024-11-12T21:17:46.981+0000] {processor.py:161} INFO - Started process (PID=2145) to work on /opt/airflow/dags/DBT_DAG_RUN.py
[2024-11-12T21:17:46.984+0000] {processor.py:830} INFO - Processing file /opt/airflow/dags/DBT_DAG_RUN.py for tasks to queue
[2024-11-12T21:17:46.991+0000] {logging_mixin.py:188} INFO - [2024-11-12T21:17:46.990+0000] {dagbag.py:545} INFO - Filling up the DagBag from /opt/airflow/dags/DBT_DAG_RUN.py
[2024-11-12T21:17:47.046+0000] {processor.py:840} INFO - DAG(s) 'dbt_commands_dag' retrieved from /opt/airflow/dags/DBT_DAG_RUN.py
[2024-11-12T21:17:47.147+0000] {logging_mixin.py:188} INFO - [2024-11-12T21:17:47.146+0000] {dag.py:3096} INFO - Sync 1 DAGs
[2024-11-12T21:17:47.276+0000] {logging_mixin.py:188} INFO - [2024-11-12T21:17:47.276+0000] {dag.py:3954} INFO - Setting next_dagrun for dbt_commands_dag to 2024-11-12 11:30:00+00:00, run_after=2024-11-13 11:30:00+00:00
[2024-11-12T21:17:47.371+0000] {processor.py:183} INFO - Processing /opt/airflow/dags/DBT_DAG_RUN.py took 0.399 seconds
[2024-11-12T21:18:17.935+0000] {processor.py:161} INFO - Started process (PID=2176) to work on /opt/airflow/dags/DBT_DAG_RUN.py
[2024-11-12T21:18:17.941+0000] {processor.py:830} INFO - Processing file /opt/airflow/dags/DBT_DAG_RUN.py for tasks to queue
[2024-11-12T21:18:17.946+0000] {logging_mixin.py:188} INFO - [2024-11-12T21:18:17.945+0000] {dagbag.py:545} INFO - Filling up the DagBag from /opt/airflow/dags/DBT_DAG_RUN.py
[2024-11-12T21:18:18.048+0000] {processor.py:840} INFO - DAG(s) 'dbt_commands_dag' retrieved from /opt/airflow/dags/DBT_DAG_RUN.py
[2024-11-12T21:18:18.125+0000] {logging_mixin.py:188} INFO - [2024-11-12T21:18:18.124+0000] {dag.py:3096} INFO - Sync 1 DAGs
[2024-11-12T21:18:18.184+0000] {logging_mixin.py:188} INFO - [2024-11-12T21:18:18.183+0000] {dag.py:3954} INFO - Setting next_dagrun for dbt_commands_dag to 2024-11-12 11:30:00+00:00, run_after=2024-11-13 11:30:00+00:00
[2024-11-12T21:18:18.247+0000] {processor.py:183} INFO - Processing /opt/airflow/dags/DBT_DAG_RUN.py took 0.335 seconds
[2024-11-12T21:18:48.771+0000] {processor.py:161} INFO - Started process (PID=2207) to work on /opt/airflow/dags/DBT_DAG_RUN.py
[2024-11-12T21:18:48.774+0000] {processor.py:830} INFO - Processing file /opt/airflow/dags/DBT_DAG_RUN.py for tasks to queue
[2024-11-12T21:18:48.780+0000] {logging_mixin.py:188} INFO - [2024-11-12T21:18:48.779+0000] {dagbag.py:545} INFO - Filling up the DagBag from /opt/airflow/dags/DBT_DAG_RUN.py
[2024-11-12T21:18:48.864+0000] {processor.py:840} INFO - DAG(s) 'dbt_commands_dag' retrieved from /opt/airflow/dags/DBT_DAG_RUN.py
[2024-11-12T21:18:48.952+0000] {logging_mixin.py:188} INFO - [2024-11-12T21:18:48.951+0000] {dag.py:3096} INFO - Sync 1 DAGs
[2024-11-12T21:18:49.036+0000] {logging_mixin.py:188} INFO - [2024-11-12T21:18:49.035+0000] {dag.py:3954} INFO - Setting next_dagrun for dbt_commands_dag to 2024-11-12 11:30:00+00:00, run_after=2024-11-13 11:30:00+00:00
[2024-11-12T21:18:49.083+0000] {processor.py:183} INFO - Processing /opt/airflow/dags/DBT_DAG_RUN.py took 0.338 seconds
[2024-11-12T21:19:19.400+0000] {processor.py:161} INFO - Started process (PID=2238) to work on /opt/airflow/dags/DBT_DAG_RUN.py
[2024-11-12T21:19:19.403+0000] {processor.py:830} INFO - Processing file /opt/airflow/dags/DBT_DAG_RUN.py for tasks to queue
[2024-11-12T21:19:19.409+0000] {logging_mixin.py:188} INFO - [2024-11-12T21:19:19.408+0000] {dagbag.py:545} INFO - Filling up the DagBag from /opt/airflow/dags/DBT_DAG_RUN.py
[2024-11-12T21:19:19.455+0000] {processor.py:840} INFO - DAG(s) 'dbt_commands_dag' retrieved from /opt/airflow/dags/DBT_DAG_RUN.py
[2024-11-12T21:19:19.497+0000] {logging_mixin.py:188} INFO - [2024-11-12T21:19:19.497+0000] {dag.py:3096} INFO - Sync 1 DAGs
[2024-11-12T21:19:19.545+0000] {logging_mixin.py:188} INFO - [2024-11-12T21:19:19.544+0000] {dag.py:3954} INFO - Setting next_dagrun for dbt_commands_dag to 2024-11-12 11:30:00+00:00, run_after=2024-11-13 11:30:00+00:00
[2024-11-12T21:19:19.580+0000] {processor.py:183} INFO - Processing /opt/airflow/dags/DBT_DAG_RUN.py took 0.186 seconds
