[2024-11-12T04:34:12.282+0000] {local_task_job_runner.py:120} INFO - ::group::Pre task execution logs
[2024-11-12T04:34:12.340+0000] {taskinstance.py:2076} INFO - Dependencies all met for dep_context=non-requeueable deps ti=<TaskInstance: dbt_stock_analysis_dag.dbt_run manual__2024-11-12T04:18:19.503927+00:00 [queued]>
[2024-11-12T04:34:12.356+0000] {taskinstance.py:2076} INFO - Dependencies all met for dep_context=requeueable deps ti=<TaskInstance: dbt_stock_analysis_dag.dbt_run manual__2024-11-12T04:18:19.503927+00:00 [queued]>
[2024-11-12T04:34:12.359+0000] {taskinstance.py:2306} INFO - Starting attempt 2 of 2
[2024-11-12T04:34:12.380+0000] {taskinstance.py:2330} INFO - Executing <Task(BashOperator): dbt_run> on 2024-11-12 04:18:19.503927+00:00
[2024-11-12T04:34:12.389+0000] {standard_task_runner.py:90} INFO - Running: ['***', 'tasks', 'run', 'dbt_stock_analysis_dag', 'dbt_run', 'manual__2024-11-12T04:18:19.503927+00:00', '--job-id', '157', '--raw', '--subdir', 'DAGS_FOLDER/DAG for dbt.py', '--cfg-path', '/tmp/tmpl0orl1tp']
[2024-11-12T04:34:12.393+0000] {standard_task_runner.py:91} INFO - Job 157: Subtask dbt_run
[2024-11-12T04:34:12.394+0000] {logging_mixin.py:188} WARNING - /home/***/.local/lib/python3.12/site-packages/***/task/task_runner/standard_task_runner.py:61 DeprecationWarning: This process (pid=212) is multi-threaded, use of fork() may lead to deadlocks in the child.
[2024-11-12T04:34:12.395+0000] {standard_task_runner.py:63} INFO - Started process 214 to run task
[2024-11-12T04:34:12.451+0000] {task_command.py:426} INFO - Running <TaskInstance: dbt_stock_analysis_dag.dbt_run manual__2024-11-12T04:18:19.503927+00:00 [running]> on host f3d2ff879b5a
[2024-11-12T04:34:12.571+0000] {taskinstance.py:2648} INFO - Exporting env vars: AIRFLOW_CTX_DAG_OWNER='Utkarsh Tripathi' AIRFLOW_CTX_DAG_ID='dbt_stock_analysis_dag' AIRFLOW_CTX_TASK_ID='dbt_run' AIRFLOW_CTX_EXECUTION_DATE='2024-11-12T04:18:19.503927+00:00' AIRFLOW_CTX_TRY_NUMBER='2' AIRFLOW_CTX_DAG_RUN_ID='manual__2024-11-12T04:18:19.503927+00:00'
[2024-11-12T04:34:12.573+0000] {taskinstance.py:430} INFO - ::endgroup::
[2024-11-12T04:34:12.595+0000] {taskinstance.py:441} INFO - ::group::Post task execution logs
[2024-11-12T04:34:12.606+0000] {taskinstance.py:2905} ERROR - Task failed with exception
Traceback (most recent call last):
  File "/home/airflow/.local/lib/python3.12/site-packages/airflow/models/taskinstance.py", line 465, in _execute_task
    result = _execute_callable(context=context, **execute_callable_kwargs)
             ^^^^^^^^^^^^^^^^^^^^^^^^^^^^^^^^^^^^^^^^^^^^^^^^^^^^^^^^^^^^^
  File "/home/airflow/.local/lib/python3.12/site-packages/airflow/models/taskinstance.py", line 432, in _execute_callable
    return execute_callable(context=context, **execute_callable_kwargs)
           ^^^^^^^^^^^^^^^^^^^^^^^^^^^^^^^^^^^^^^^^^^^^^^^^^^^^^^^^^^^^
  File "/home/airflow/.local/lib/python3.12/site-packages/airflow/models/baseoperator.py", line 400, in wrapper
    return func(self, *args, **kwargs)
           ^^^^^^^^^^^^^^^^^^^^^^^^^^^
  File "/home/airflow/.local/lib/python3.12/site-packages/airflow/operators/bash.py", line 220, in execute
    raise AirflowException(f"Can not find the cwd: {self.cwd}")
airflow.exceptions.AirflowException: Can not find the cwd: C:\Users\utkar\sjsu-data226-main\week10\build_utl
[2024-11-12T04:34:12.611+0000] {taskinstance.py:1206} INFO - Marking task as FAILED. dag_id=dbt_stock_analysis_dag, task_id=dbt_run, run_id=manual__2024-11-12T04:18:19.503927+00:00, execution_date=20241112T041819, start_date=20241112T043412, end_date=20241112T043412
[2024-11-12T04:34:12.632+0000] {standard_task_runner.py:110} ERROR - Failed to execute job 157 for task dbt_run (Can not find the cwd: C:\Users\utkar\sjsu-data226-main\week10\build_utl; 214)
[2024-11-12T04:34:12.650+0000] {local_task_job_runner.py:240} INFO - Task exited with return code 1
[2024-11-12T04:34:12.680+0000] {taskinstance.py:3498} INFO - 0 downstream tasks scheduled from follow-on schedule check
[2024-11-12T04:34:12.692+0000] {local_task_job_runner.py:222} INFO - ::endgroup::
