[2024-11-10T03:47:42.327+0000] {local_task_job_runner.py:120} INFO - ::group::Pre task execution logs
[2024-11-10T03:47:42.354+0000] {taskinstance.py:2076} INFO - Dependencies all met for dep_context=non-requeueable deps ti=<TaskInstance: Stock_data_analysis_lab2.check_table_stats manual__2024-11-10T03:47:32.771161+00:00 [queued]>
[2024-11-10T03:47:42.364+0000] {taskinstance.py:2076} INFO - Dependencies all met for dep_context=requeueable deps ti=<TaskInstance: Stock_data_analysis_lab2.check_table_stats manual__2024-11-10T03:47:32.771161+00:00 [queued]>
[2024-11-10T03:47:42.368+0000] {taskinstance.py:2306} INFO - Starting attempt 1 of 2
[2024-11-10T03:47:42.386+0000] {taskinstance.py:2330} INFO - Executing <Task(_PythonDecoratedOperator): check_table_stats> on 2024-11-10 03:47:32.771161+00:00
[2024-11-10T03:47:42.395+0000] {standard_task_runner.py:90} INFO - Running: ['***', 'tasks', 'run', 'Stock_data_analysis_lab2', 'check_table_stats', 'manual__2024-11-10T03:47:32.771161+00:00', '--job-id', '91', '--raw', '--subdir', 'DAGS_FOLDER/dag_stock_price_lab.py', '--cfg-path', '/tmp/tmpkvn0d7bx']
[2024-11-10T03:47:42.398+0000] {standard_task_runner.py:91} INFO - Job 91: Subtask check_table_stats
[2024-11-10T03:47:42.399+0000] {logging_mixin.py:188} WARNING - /home/***/.local/lib/python3.12/site-packages/***/task/task_runner/standard_task_runner.py:61 DeprecationWarning: This process (pid=438) is multi-threaded, use of fork() may lead to deadlocks in the child.
[2024-11-10T03:47:42.401+0000] {standard_task_runner.py:63} INFO - Started process 441 to run task
[2024-11-10T03:47:42.456+0000] {task_command.py:426} INFO - Running <TaskInstance: Stock_data_analysis_lab2.check_table_stats manual__2024-11-10T03:47:32.771161+00:00 [running]> on host 22359ceef38b
[2024-11-10T03:47:42.560+0000] {taskinstance.py:2648} INFO - Exporting env vars: AIRFLOW_CTX_DAG_OWNER='Utkarsh Tripathi' AIRFLOW_CTX_DAG_ID='Stock_data_analysis_lab2' AIRFLOW_CTX_TASK_ID='check_table_stats' AIRFLOW_CTX_EXECUTION_DATE='2024-11-10T03:47:32.771161+00:00' AIRFLOW_CTX_TRY_NUMBER='1' AIRFLOW_CTX_DAG_RUN_ID='manual__2024-11-10T03:47:32.771161+00:00'
[2024-11-10T03:47:42.563+0000] {taskinstance.py:430} INFO - ::endgroup::
[2024-11-10T03:47:42.589+0000] {connection.py:399} INFO - Snowflake Connector for Python Version: 3.10.0, Python Version: 3.12.3, Platform: Linux-5.15.153.1-microsoft-standard-WSL2-x86_64-with-glibc2.36
[2024-11-10T03:47:42.591+0000] {connection.py:1239} INFO - This connection is in OCSP Fail Open Mode. TLS Certificates would be checked for validity and revocation status. Any other Certificate Revocation related exceptions or OCSP Responder failures would be disregarded in favor of connectivity.
[2024-11-10T03:47:43.058+0000] {logging_mixin.py:188} INFO - Error fetching data: 002003 (02000): 01b84503-0004-2919-0001-95fb000497de: SQL compilation error:
Schema 'LAB2_WORK.RAW_DATA' does not exist or not authorized.
[2024-11-10T03:47:43.059+0000] {python.py:237} INFO - Done. Returned value was: None
[2024-11-10T03:47:43.061+0000] {taskinstance.py:441} INFO - ::group::Post task execution logs
[2024-11-10T03:47:43.072+0000] {taskinstance.py:1206} INFO - Marking task as SUCCESS. dag_id=Stock_data_analysis_lab2, task_id=check_table_stats, run_id=manual__2024-11-10T03:47:32.771161+00:00, execution_date=20241110T034732, start_date=20241110T034742, end_date=20241110T034743
[2024-11-10T03:47:43.101+0000] {local_task_job_runner.py:240} INFO - Task exited with return code 0
[2024-11-10T03:47:43.117+0000] {taskinstance.py:3498} INFO - 0 downstream tasks scheduled from follow-on schedule check
[2024-11-10T03:47:43.124+0000] {local_task_job_runner.py:222} INFO - ::endgroup::
