[2024-11-11T23:17:48.093+0000] {processor.py:161} INFO - Started process (PID=109) to work on /opt/airflow/dags/Assignment_8_Archive/helloWorld.py
[2024-11-11T23:17:48.095+0000] {processor.py:830} INFO - Processing file /opt/airflow/dags/Assignment_8_Archive/helloWorld.py for tasks to queue
[2024-11-11T23:17:48.100+0000] {logging_mixin.py:188} INFO - [2024-11-11T23:17:48.100+0000] {dagbag.py:545} INFO - Filling up the DagBag from /opt/airflow/dags/Assignment_8_Archive/helloWorld.py
[2024-11-11T23:17:48.154+0000] {processor.py:840} INFO - DAG(s) 'HelloWorld' retrieved from /opt/airflow/dags/Assignment_8_Archive/helloWorld.py
[2024-11-11T23:17:48.220+0000] {logging_mixin.py:188} INFO - [2024-11-11T23:17:48.219+0000] {dag.py:3096} INFO - Sync 1 DAGs
[2024-11-11T23:17:48.291+0000] {logging_mixin.py:188} INFO - [2024-11-11T23:17:48.291+0000] {dag.py:3954} INFO - Setting next_dagrun for HelloWorld to 2024-11-10 02:00:00+00:00, run_after=2024-11-11 02:00:00+00:00
[2024-11-11T23:17:48.360+0000] {processor.py:183} INFO - Processing /opt/airflow/dags/Assignment_8_Archive/helloWorld.py took 0.280 seconds
[2024-11-11T23:18:18.646+0000] {processor.py:161} INFO - Started process (PID=168) to work on /opt/airflow/dags/Assignment_8_Archive/helloWorld.py
[2024-11-11T23:18:18.648+0000] {processor.py:830} INFO - Processing file /opt/airflow/dags/Assignment_8_Archive/helloWorld.py for tasks to queue
[2024-11-11T23:18:18.654+0000] {logging_mixin.py:188} INFO - [2024-11-11T23:18:18.653+0000] {dagbag.py:545} INFO - Filling up the DagBag from /opt/airflow/dags/Assignment_8_Archive/helloWorld.py
[2024-11-11T23:18:18.688+0000] {processor.py:840} INFO - DAG(s) 'HelloWorld' retrieved from /opt/airflow/dags/Assignment_8_Archive/helloWorld.py
[2024-11-11T23:18:18.723+0000] {logging_mixin.py:188} INFO - [2024-11-11T23:18:18.721+0000] {dag.py:3096} INFO - Sync 1 DAGs
[2024-11-11T23:18:18.775+0000] {logging_mixin.py:188} INFO - [2024-11-11T23:18:18.775+0000] {dag.py:3954} INFO - Setting next_dagrun for HelloWorld to 2024-11-10 02:00:00+00:00, run_after=2024-11-11 02:00:00+00:00
[2024-11-11T23:18:18.821+0000] {processor.py:183} INFO - Processing /opt/airflow/dags/Assignment_8_Archive/helloWorld.py took 0.184 seconds
[2024-11-11T23:18:49.850+0000] {processor.py:161} INFO - Started process (PID=230) to work on /opt/airflow/dags/Assignment_8_Archive/helloWorld.py
[2024-11-11T23:18:49.852+0000] {processor.py:830} INFO - Processing file /opt/airflow/dags/Assignment_8_Archive/helloWorld.py for tasks to queue
[2024-11-11T23:18:49.858+0000] {logging_mixin.py:188} INFO - [2024-11-11T23:18:49.857+0000] {dagbag.py:545} INFO - Filling up the DagBag from /opt/airflow/dags/Assignment_8_Archive/helloWorld.py
[2024-11-11T23:18:49.905+0000] {processor.py:840} INFO - DAG(s) 'HelloWorld' retrieved from /opt/airflow/dags/Assignment_8_Archive/helloWorld.py
[2024-11-11T23:18:49.971+0000] {logging_mixin.py:188} INFO - [2024-11-11T23:18:49.969+0000] {dag.py:3096} INFO - Sync 1 DAGs
[2024-11-11T23:18:50.048+0000] {logging_mixin.py:188} INFO - [2024-11-11T23:18:50.047+0000] {dag.py:3954} INFO - Setting next_dagrun for HelloWorld to 2024-11-10 02:00:00+00:00, run_after=2024-11-11 02:00:00+00:00
[2024-11-11T23:18:50.173+0000] {processor.py:183} INFO - Processing /opt/airflow/dags/Assignment_8_Archive/helloWorld.py took 0.336 seconds
[2024-11-11T23:19:20.489+0000] {processor.py:161} INFO - Started process (PID=291) to work on /opt/airflow/dags/Assignment_8_Archive/helloWorld.py
[2024-11-11T23:19:20.491+0000] {processor.py:830} INFO - Processing file /opt/airflow/dags/Assignment_8_Archive/helloWorld.py for tasks to queue
[2024-11-11T23:19:20.494+0000] {logging_mixin.py:188} INFO - [2024-11-11T23:19:20.493+0000] {dagbag.py:545} INFO - Filling up the DagBag from /opt/airflow/dags/Assignment_8_Archive/helloWorld.py
[2024-11-11T23:19:20.530+0000] {processor.py:840} INFO - DAG(s) 'HelloWorld' retrieved from /opt/airflow/dags/Assignment_8_Archive/helloWorld.py
[2024-11-11T23:19:20.561+0000] {logging_mixin.py:188} INFO - [2024-11-11T23:19:20.560+0000] {dag.py:3096} INFO - Sync 1 DAGs
[2024-11-11T23:19:20.595+0000] {logging_mixin.py:188} INFO - [2024-11-11T23:19:20.595+0000] {dag.py:3954} INFO - Setting next_dagrun for HelloWorld to 2024-11-10 02:00:00+00:00, run_after=2024-11-11 02:00:00+00:00
[2024-11-11T23:19:20.632+0000] {processor.py:183} INFO - Processing /opt/airflow/dags/Assignment_8_Archive/helloWorld.py took 0.149 seconds
[2024-11-11T23:19:50.805+0000] {processor.py:161} INFO - Started process (PID=351) to work on /opt/airflow/dags/Assignment_8_Archive/helloWorld.py
[2024-11-11T23:19:50.807+0000] {processor.py:830} INFO - Processing file /opt/airflow/dags/Assignment_8_Archive/helloWorld.py for tasks to queue
[2024-11-11T23:19:50.809+0000] {logging_mixin.py:188} INFO - [2024-11-11T23:19:50.809+0000] {dagbag.py:545} INFO - Filling up the DagBag from /opt/airflow/dags/Assignment_8_Archive/helloWorld.py
[2024-11-11T23:19:50.853+0000] {processor.py:840} INFO - DAG(s) 'HelloWorld' retrieved from /opt/airflow/dags/Assignment_8_Archive/helloWorld.py
[2024-11-11T23:19:50.879+0000] {logging_mixin.py:188} INFO - [2024-11-11T23:19:50.878+0000] {dag.py:3096} INFO - Sync 1 DAGs
[2024-11-11T23:19:50.905+0000] {logging_mixin.py:188} INFO - [2024-11-11T23:19:50.905+0000] {dag.py:3954} INFO - Setting next_dagrun for HelloWorld to 2024-11-10 02:00:00+00:00, run_after=2024-11-11 02:00:00+00:00
[2024-11-11T23:19:50.938+0000] {processor.py:183} INFO - Processing /opt/airflow/dags/Assignment_8_Archive/helloWorld.py took 0.138 seconds
[2024-11-11T23:20:21.081+0000] {processor.py:161} INFO - Started process (PID=412) to work on /opt/airflow/dags/Assignment_8_Archive/helloWorld.py
[2024-11-11T23:20:21.083+0000] {processor.py:830} INFO - Processing file /opt/airflow/dags/Assignment_8_Archive/helloWorld.py for tasks to queue
[2024-11-11T23:20:21.086+0000] {logging_mixin.py:188} INFO - [2024-11-11T23:20:21.086+0000] {dagbag.py:545} INFO - Filling up the DagBag from /opt/airflow/dags/Assignment_8_Archive/helloWorld.py
[2024-11-11T23:20:21.116+0000] {processor.py:840} INFO - DAG(s) 'HelloWorld' retrieved from /opt/airflow/dags/Assignment_8_Archive/helloWorld.py
[2024-11-11T23:20:21.147+0000] {logging_mixin.py:188} INFO - [2024-11-11T23:20:21.146+0000] {dag.py:3096} INFO - Sync 1 DAGs
[2024-11-11T23:20:21.191+0000] {logging_mixin.py:188} INFO - [2024-11-11T23:20:21.190+0000] {dag.py:3954} INFO - Setting next_dagrun for HelloWorld to 2024-11-10 02:00:00+00:00, run_after=2024-11-11 02:00:00+00:00
[2024-11-11T23:20:21.243+0000] {processor.py:183} INFO - Processing /opt/airflow/dags/Assignment_8_Archive/helloWorld.py took 0.172 seconds
[2024-11-11T23:20:52.144+0000] {processor.py:161} INFO - Started process (PID=474) to work on /opt/airflow/dags/Assignment_8_Archive/helloWorld.py
[2024-11-11T23:20:52.146+0000] {processor.py:830} INFO - Processing file /opt/airflow/dags/Assignment_8_Archive/helloWorld.py for tasks to queue
[2024-11-11T23:20:52.149+0000] {logging_mixin.py:188} INFO - [2024-11-11T23:20:52.149+0000] {dagbag.py:545} INFO - Filling up the DagBag from /opt/airflow/dags/Assignment_8_Archive/helloWorld.py
[2024-11-11T23:20:52.193+0000] {processor.py:840} INFO - DAG(s) 'HelloWorld' retrieved from /opt/airflow/dags/Assignment_8_Archive/helloWorld.py
[2024-11-11T23:20:52.229+0000] {logging_mixin.py:188} INFO - [2024-11-11T23:20:52.228+0000] {dag.py:3096} INFO - Sync 1 DAGs
[2024-11-11T23:20:52.273+0000] {logging_mixin.py:188} INFO - [2024-11-11T23:20:52.273+0000] {dag.py:3954} INFO - Setting next_dagrun for HelloWorld to 2024-11-10 02:00:00+00:00, run_after=2024-11-11 02:00:00+00:00
[2024-11-11T23:20:52.314+0000] {processor.py:183} INFO - Processing /opt/airflow/dags/Assignment_8_Archive/helloWorld.py took 0.178 seconds
[2024-11-11T23:21:23.271+0000] {processor.py:161} INFO - Started process (PID=535) to work on /opt/airflow/dags/Assignment_8_Archive/helloWorld.py
[2024-11-11T23:21:23.273+0000] {processor.py:830} INFO - Processing file /opt/airflow/dags/Assignment_8_Archive/helloWorld.py for tasks to queue
[2024-11-11T23:21:23.278+0000] {logging_mixin.py:188} INFO - [2024-11-11T23:21:23.277+0000] {dagbag.py:545} INFO - Filling up the DagBag from /opt/airflow/dags/Assignment_8_Archive/helloWorld.py
[2024-11-11T23:21:23.320+0000] {processor.py:840} INFO - DAG(s) 'HelloWorld' retrieved from /opt/airflow/dags/Assignment_8_Archive/helloWorld.py
[2024-11-11T23:21:23.359+0000] {logging_mixin.py:188} INFO - [2024-11-11T23:21:23.358+0000] {dag.py:3096} INFO - Sync 1 DAGs
[2024-11-11T23:21:23.397+0000] {logging_mixin.py:188} INFO - [2024-11-11T23:21:23.396+0000] {dag.py:3954} INFO - Setting next_dagrun for HelloWorld to 2024-11-10 02:00:00+00:00, run_after=2024-11-11 02:00:00+00:00
[2024-11-11T23:21:23.451+0000] {processor.py:183} INFO - Processing /opt/airflow/dags/Assignment_8_Archive/helloWorld.py took 0.191 seconds
[2024-11-11T23:21:53.999+0000] {processor.py:161} INFO - Started process (PID=596) to work on /opt/airflow/dags/Assignment_8_Archive/helloWorld.py
[2024-11-11T23:21:54.002+0000] {processor.py:830} INFO - Processing file /opt/airflow/dags/Assignment_8_Archive/helloWorld.py for tasks to queue
[2024-11-11T23:21:54.005+0000] {logging_mixin.py:188} INFO - [2024-11-11T23:21:54.005+0000] {dagbag.py:545} INFO - Filling up the DagBag from /opt/airflow/dags/Assignment_8_Archive/helloWorld.py
[2024-11-11T23:21:54.052+0000] {processor.py:840} INFO - DAG(s) 'HelloWorld' retrieved from /opt/airflow/dags/Assignment_8_Archive/helloWorld.py
[2024-11-11T23:21:54.084+0000] {logging_mixin.py:188} INFO - [2024-11-11T23:21:54.083+0000] {dag.py:3096} INFO - Sync 1 DAGs
[2024-11-11T23:21:54.117+0000] {logging_mixin.py:188} INFO - [2024-11-11T23:21:54.117+0000] {dag.py:3954} INFO - Setting next_dagrun for HelloWorld to 2024-11-10 02:00:00+00:00, run_after=2024-11-11 02:00:00+00:00
[2024-11-11T23:21:54.149+0000] {processor.py:183} INFO - Processing /opt/airflow/dags/Assignment_8_Archive/helloWorld.py took 0.162 seconds
[2024-11-11T23:22:24.983+0000] {processor.py:161} INFO - Started process (PID=657) to work on /opt/airflow/dags/Assignment_8_Archive/helloWorld.py
[2024-11-11T23:22:24.984+0000] {processor.py:830} INFO - Processing file /opt/airflow/dags/Assignment_8_Archive/helloWorld.py for tasks to queue
[2024-11-11T23:22:24.987+0000] {logging_mixin.py:188} INFO - [2024-11-11T23:22:24.987+0000] {dagbag.py:545} INFO - Filling up the DagBag from /opt/airflow/dags/Assignment_8_Archive/helloWorld.py
[2024-11-11T23:22:25.017+0000] {processor.py:840} INFO - DAG(s) 'HelloWorld' retrieved from /opt/airflow/dags/Assignment_8_Archive/helloWorld.py
[2024-11-11T23:22:25.043+0000] {logging_mixin.py:188} INFO - [2024-11-11T23:22:25.043+0000] {dag.py:3096} INFO - Sync 1 DAGs
[2024-11-11T23:22:25.073+0000] {logging_mixin.py:188} INFO - [2024-11-11T23:22:25.073+0000] {dag.py:3954} INFO - Setting next_dagrun for HelloWorld to 2024-11-10 02:00:00+00:00, run_after=2024-11-11 02:00:00+00:00
[2024-11-11T23:22:25.103+0000] {processor.py:183} INFO - Processing /opt/airflow/dags/Assignment_8_Archive/helloWorld.py took 0.127 seconds
[2024-11-11T23:22:55.830+0000] {processor.py:161} INFO - Started process (PID=718) to work on /opt/airflow/dags/Assignment_8_Archive/helloWorld.py
[2024-11-11T23:22:55.834+0000] {processor.py:830} INFO - Processing file /opt/airflow/dags/Assignment_8_Archive/helloWorld.py for tasks to queue
[2024-11-11T23:22:55.840+0000] {logging_mixin.py:188} INFO - [2024-11-11T23:22:55.839+0000] {dagbag.py:545} INFO - Filling up the DagBag from /opt/airflow/dags/Assignment_8_Archive/helloWorld.py
[2024-11-11T23:22:55.900+0000] {processor.py:840} INFO - DAG(s) 'HelloWorld' retrieved from /opt/airflow/dags/Assignment_8_Archive/helloWorld.py
[2024-11-11T23:22:55.956+0000] {logging_mixin.py:188} INFO - [2024-11-11T23:22:55.954+0000] {dag.py:3096} INFO - Sync 1 DAGs
[2024-11-11T23:22:56.066+0000] {logging_mixin.py:188} INFO - [2024-11-11T23:22:56.065+0000] {dag.py:3954} INFO - Setting next_dagrun for HelloWorld to 2024-11-10 02:00:00+00:00, run_after=2024-11-11 02:00:00+00:00
[2024-11-11T23:22:56.168+0000] {processor.py:183} INFO - Processing /opt/airflow/dags/Assignment_8_Archive/helloWorld.py took 0.353 seconds
[2024-11-11T23:23:26.604+0000] {processor.py:161} INFO - Started process (PID=783) to work on /opt/airflow/dags/Assignment_8_Archive/helloWorld.py
[2024-11-11T23:23:26.606+0000] {processor.py:830} INFO - Processing file /opt/airflow/dags/Assignment_8_Archive/helloWorld.py for tasks to queue
[2024-11-11T23:23:26.610+0000] {logging_mixin.py:188} INFO - [2024-11-11T23:23:26.610+0000] {dagbag.py:545} INFO - Filling up the DagBag from /opt/airflow/dags/Assignment_8_Archive/helloWorld.py
[2024-11-11T23:23:26.657+0000] {processor.py:840} INFO - DAG(s) 'HelloWorld' retrieved from /opt/airflow/dags/Assignment_8_Archive/helloWorld.py
[2024-11-11T23:23:26.715+0000] {logging_mixin.py:188} INFO - [2024-11-11T23:23:26.714+0000] {dag.py:3096} INFO - Sync 1 DAGs
[2024-11-11T23:23:26.795+0000] {logging_mixin.py:188} INFO - [2024-11-11T23:23:26.794+0000] {dag.py:3954} INFO - Setting next_dagrun for HelloWorld to 2024-11-10 02:00:00+00:00, run_after=2024-11-11 02:00:00+00:00
[2024-11-11T23:23:26.849+0000] {processor.py:183} INFO - Processing /opt/airflow/dags/Assignment_8_Archive/helloWorld.py took 0.253 seconds
[2024-11-11T23:23:56.999+0000] {processor.py:161} INFO - Started process (PID=843) to work on /opt/airflow/dags/Assignment_8_Archive/helloWorld.py
[2024-11-11T23:23:57.002+0000] {processor.py:830} INFO - Processing file /opt/airflow/dags/Assignment_8_Archive/helloWorld.py for tasks to queue
[2024-11-11T23:23:57.007+0000] {logging_mixin.py:188} INFO - [2024-11-11T23:23:57.006+0000] {dagbag.py:545} INFO - Filling up the DagBag from /opt/airflow/dags/Assignment_8_Archive/helloWorld.py
[2024-11-11T23:23:57.055+0000] {processor.py:840} INFO - DAG(s) 'HelloWorld' retrieved from /opt/airflow/dags/Assignment_8_Archive/helloWorld.py
[2024-11-11T23:23:57.099+0000] {logging_mixin.py:188} INFO - [2024-11-11T23:23:57.098+0000] {dag.py:3096} INFO - Sync 1 DAGs
[2024-11-11T23:23:57.154+0000] {logging_mixin.py:188} INFO - [2024-11-11T23:23:57.154+0000] {dag.py:3954} INFO - Setting next_dagrun for HelloWorld to 2024-11-10 02:00:00+00:00, run_after=2024-11-11 02:00:00+00:00
[2024-11-11T23:23:57.219+0000] {processor.py:183} INFO - Processing /opt/airflow/dags/Assignment_8_Archive/helloWorld.py took 0.237 seconds
[2024-11-11T23:24:27.579+0000] {processor.py:161} INFO - Started process (PID=904) to work on /opt/airflow/dags/Assignment_8_Archive/helloWorld.py
[2024-11-11T23:24:27.581+0000] {processor.py:830} INFO - Processing file /opt/airflow/dags/Assignment_8_Archive/helloWorld.py for tasks to queue
[2024-11-11T23:24:27.584+0000] {logging_mixin.py:188} INFO - [2024-11-11T23:24:27.583+0000] {dagbag.py:545} INFO - Filling up the DagBag from /opt/airflow/dags/Assignment_8_Archive/helloWorld.py
[2024-11-11T23:24:27.620+0000] {processor.py:840} INFO - DAG(s) 'HelloWorld' retrieved from /opt/airflow/dags/Assignment_8_Archive/helloWorld.py
[2024-11-11T23:24:27.654+0000] {logging_mixin.py:188} INFO - [2024-11-11T23:24:27.653+0000] {dag.py:3096} INFO - Sync 1 DAGs
[2024-11-11T23:24:27.697+0000] {logging_mixin.py:188} INFO - [2024-11-11T23:24:27.696+0000] {dag.py:3954} INFO - Setting next_dagrun for HelloWorld to 2024-11-10 02:00:00+00:00, run_after=2024-11-11 02:00:00+00:00
[2024-11-11T23:24:27.745+0000] {processor.py:183} INFO - Processing /opt/airflow/dags/Assignment_8_Archive/helloWorld.py took 0.175 seconds
[2024-11-11T23:24:58.178+0000] {processor.py:161} INFO - Started process (PID=965) to work on /opt/airflow/dags/Assignment_8_Archive/helloWorld.py
[2024-11-11T23:24:58.185+0000] {processor.py:830} INFO - Processing file /opt/airflow/dags/Assignment_8_Archive/helloWorld.py for tasks to queue
[2024-11-11T23:24:58.189+0000] {logging_mixin.py:188} INFO - [2024-11-11T23:24:58.188+0000] {dagbag.py:545} INFO - Filling up the DagBag from /opt/airflow/dags/Assignment_8_Archive/helloWorld.py
[2024-11-11T23:24:58.230+0000] {processor.py:840} INFO - DAG(s) 'HelloWorld' retrieved from /opt/airflow/dags/Assignment_8_Archive/helloWorld.py
[2024-11-11T23:24:58.260+0000] {logging_mixin.py:188} INFO - [2024-11-11T23:24:58.259+0000] {dag.py:3096} INFO - Sync 1 DAGs
[2024-11-11T23:24:58.300+0000] {logging_mixin.py:188} INFO - [2024-11-11T23:24:58.300+0000] {dag.py:3954} INFO - Setting next_dagrun for HelloWorld to 2024-11-10 02:00:00+00:00, run_after=2024-11-11 02:00:00+00:00
[2024-11-11T23:24:58.360+0000] {processor.py:183} INFO - Processing /opt/airflow/dags/Assignment_8_Archive/helloWorld.py took 0.192 seconds
[2024-11-11T23:25:28.458+0000] {processor.py:161} INFO - Started process (PID=1026) to work on /opt/airflow/dags/Assignment_8_Archive/helloWorld.py
[2024-11-11T23:25:28.460+0000] {processor.py:830} INFO - Processing file /opt/airflow/dags/Assignment_8_Archive/helloWorld.py for tasks to queue
[2024-11-11T23:25:28.463+0000] {logging_mixin.py:188} INFO - [2024-11-11T23:25:28.462+0000] {dagbag.py:545} INFO - Filling up the DagBag from /opt/airflow/dags/Assignment_8_Archive/helloWorld.py
[2024-11-11T23:25:28.487+0000] {processor.py:840} INFO - DAG(s) 'HelloWorld' retrieved from /opt/airflow/dags/Assignment_8_Archive/helloWorld.py
[2024-11-11T23:25:28.512+0000] {logging_mixin.py:188} INFO - [2024-11-11T23:25:28.512+0000] {dag.py:3096} INFO - Sync 1 DAGs
[2024-11-11T23:25:28.543+0000] {logging_mixin.py:188} INFO - [2024-11-11T23:25:28.543+0000] {dag.py:3954} INFO - Setting next_dagrun for HelloWorld to 2024-11-10 02:00:00+00:00, run_after=2024-11-11 02:00:00+00:00
[2024-11-11T23:25:28.577+0000] {processor.py:183} INFO - Processing /opt/airflow/dags/Assignment_8_Archive/helloWorld.py took 0.127 seconds
[2024-11-11T23:25:58.654+0000] {processor.py:161} INFO - Started process (PID=1086) to work on /opt/airflow/dags/Assignment_8_Archive/helloWorld.py
[2024-11-11T23:25:58.655+0000] {processor.py:830} INFO - Processing file /opt/airflow/dags/Assignment_8_Archive/helloWorld.py for tasks to queue
[2024-11-11T23:25:58.658+0000] {logging_mixin.py:188} INFO - [2024-11-11T23:25:58.657+0000] {dagbag.py:545} INFO - Filling up the DagBag from /opt/airflow/dags/Assignment_8_Archive/helloWorld.py
[2024-11-11T23:25:58.683+0000] {processor.py:840} INFO - DAG(s) 'HelloWorld' retrieved from /opt/airflow/dags/Assignment_8_Archive/helloWorld.py
[2024-11-11T23:25:58.710+0000] {logging_mixin.py:188} INFO - [2024-11-11T23:25:58.710+0000] {dag.py:3096} INFO - Sync 1 DAGs
[2024-11-11T23:25:58.735+0000] {logging_mixin.py:188} INFO - [2024-11-11T23:25:58.735+0000] {dag.py:3954} INFO - Setting next_dagrun for HelloWorld to 2024-11-10 02:00:00+00:00, run_after=2024-11-11 02:00:00+00:00
[2024-11-11T23:25:58.769+0000] {processor.py:183} INFO - Processing /opt/airflow/dags/Assignment_8_Archive/helloWorld.py took 0.122 seconds
[2024-11-11T23:26:29.129+0000] {processor.py:161} INFO - Started process (PID=1148) to work on /opt/airflow/dags/Assignment_8_Archive/helloWorld.py
[2024-11-11T23:26:29.130+0000] {processor.py:830} INFO - Processing file /opt/airflow/dags/Assignment_8_Archive/helloWorld.py for tasks to queue
[2024-11-11T23:26:29.133+0000] {logging_mixin.py:188} INFO - [2024-11-11T23:26:29.133+0000] {dagbag.py:545} INFO - Filling up the DagBag from /opt/airflow/dags/Assignment_8_Archive/helloWorld.py
[2024-11-11T23:26:29.161+0000] {processor.py:840} INFO - DAG(s) 'HelloWorld' retrieved from /opt/airflow/dags/Assignment_8_Archive/helloWorld.py
[2024-11-11T23:26:29.188+0000] {logging_mixin.py:188} INFO - [2024-11-11T23:26:29.187+0000] {dag.py:3096} INFO - Sync 1 DAGs
[2024-11-11T23:26:29.219+0000] {logging_mixin.py:188} INFO - [2024-11-11T23:26:29.219+0000] {dag.py:3954} INFO - Setting next_dagrun for HelloWorld to 2024-11-10 02:00:00+00:00, run_after=2024-11-11 02:00:00+00:00
[2024-11-11T23:26:29.253+0000] {processor.py:183} INFO - Processing /opt/airflow/dags/Assignment_8_Archive/helloWorld.py took 0.130 seconds
[2024-11-11T23:26:59.775+0000] {processor.py:161} INFO - Started process (PID=1209) to work on /opt/airflow/dags/Assignment_8_Archive/helloWorld.py
[2024-11-11T23:26:59.776+0000] {processor.py:830} INFO - Processing file /opt/airflow/dags/Assignment_8_Archive/helloWorld.py for tasks to queue
[2024-11-11T23:26:59.779+0000] {logging_mixin.py:188} INFO - [2024-11-11T23:26:59.778+0000] {dagbag.py:545} INFO - Filling up the DagBag from /opt/airflow/dags/Assignment_8_Archive/helloWorld.py
[2024-11-11T23:26:59.805+0000] {processor.py:840} INFO - DAG(s) 'HelloWorld' retrieved from /opt/airflow/dags/Assignment_8_Archive/helloWorld.py
[2024-11-11T23:26:59.833+0000] {logging_mixin.py:188} INFO - [2024-11-11T23:26:59.832+0000] {dag.py:3096} INFO - Sync 1 DAGs
[2024-11-11T23:26:59.870+0000] {logging_mixin.py:188} INFO - [2024-11-11T23:26:59.870+0000] {dag.py:3954} INFO - Setting next_dagrun for HelloWorld to 2024-11-10 02:00:00+00:00, run_after=2024-11-11 02:00:00+00:00
[2024-11-11T23:26:59.911+0000] {processor.py:183} INFO - Processing /opt/airflow/dags/Assignment_8_Archive/helloWorld.py took 0.143 seconds
[2024-11-11T23:27:30.567+0000] {processor.py:161} INFO - Started process (PID=1270) to work on /opt/airflow/dags/Assignment_8_Archive/helloWorld.py
[2024-11-11T23:27:30.568+0000] {processor.py:830} INFO - Processing file /opt/airflow/dags/Assignment_8_Archive/helloWorld.py for tasks to queue
[2024-11-11T23:27:30.571+0000] {logging_mixin.py:188} INFO - [2024-11-11T23:27:30.571+0000] {dagbag.py:545} INFO - Filling up the DagBag from /opt/airflow/dags/Assignment_8_Archive/helloWorld.py
[2024-11-11T23:27:30.599+0000] {processor.py:840} INFO - DAG(s) 'HelloWorld' retrieved from /opt/airflow/dags/Assignment_8_Archive/helloWorld.py
[2024-11-11T23:27:30.622+0000] {logging_mixin.py:188} INFO - [2024-11-11T23:27:30.621+0000] {dag.py:3096} INFO - Sync 1 DAGs
[2024-11-11T23:27:30.648+0000] {logging_mixin.py:188} INFO - [2024-11-11T23:27:30.648+0000] {dag.py:3954} INFO - Setting next_dagrun for HelloWorld to 2024-11-10 02:00:00+00:00, run_after=2024-11-11 02:00:00+00:00
[2024-11-11T23:27:30.680+0000] {processor.py:183} INFO - Processing /opt/airflow/dags/Assignment_8_Archive/helloWorld.py took 0.121 seconds
[2024-11-11T23:28:01.417+0000] {processor.py:161} INFO - Started process (PID=1331) to work on /opt/airflow/dags/Assignment_8_Archive/helloWorld.py
[2024-11-11T23:28:01.419+0000] {processor.py:830} INFO - Processing file /opt/airflow/dags/Assignment_8_Archive/helloWorld.py for tasks to queue
[2024-11-11T23:28:01.422+0000] {logging_mixin.py:188} INFO - [2024-11-11T23:28:01.421+0000] {dagbag.py:545} INFO - Filling up the DagBag from /opt/airflow/dags/Assignment_8_Archive/helloWorld.py
[2024-11-11T23:28:01.453+0000] {processor.py:840} INFO - DAG(s) 'HelloWorld' retrieved from /opt/airflow/dags/Assignment_8_Archive/helloWorld.py
[2024-11-11T23:28:01.480+0000] {logging_mixin.py:188} INFO - [2024-11-11T23:28:01.479+0000] {dag.py:3096} INFO - Sync 1 DAGs
[2024-11-11T23:28:01.509+0000] {logging_mixin.py:188} INFO - [2024-11-11T23:28:01.509+0000] {dag.py:3954} INFO - Setting next_dagrun for HelloWorld to 2024-11-10 02:00:00+00:00, run_after=2024-11-11 02:00:00+00:00
[2024-11-11T23:28:01.545+0000] {processor.py:183} INFO - Processing /opt/airflow/dags/Assignment_8_Archive/helloWorld.py took 0.136 seconds
[2024-11-11T23:28:31.938+0000] {processor.py:161} INFO - Started process (PID=1392) to work on /opt/airflow/dags/Assignment_8_Archive/helloWorld.py
[2024-11-11T23:28:31.940+0000] {processor.py:830} INFO - Processing file /opt/airflow/dags/Assignment_8_Archive/helloWorld.py for tasks to queue
[2024-11-11T23:28:31.943+0000] {logging_mixin.py:188} INFO - [2024-11-11T23:28:31.943+0000] {dagbag.py:545} INFO - Filling up the DagBag from /opt/airflow/dags/Assignment_8_Archive/helloWorld.py
[2024-11-11T23:28:31.973+0000] {processor.py:840} INFO - DAG(s) 'HelloWorld' retrieved from /opt/airflow/dags/Assignment_8_Archive/helloWorld.py
[2024-11-11T23:28:32.003+0000] {logging_mixin.py:188} INFO - [2024-11-11T23:28:32.002+0000] {dag.py:3096} INFO - Sync 1 DAGs
[2024-11-11T23:28:32.034+0000] {logging_mixin.py:188} INFO - [2024-11-11T23:28:32.033+0000] {dag.py:3954} INFO - Setting next_dagrun for HelloWorld to 2024-11-10 02:00:00+00:00, run_after=2024-11-11 02:00:00+00:00
[2024-11-11T23:28:32.066+0000] {processor.py:183} INFO - Processing /opt/airflow/dags/Assignment_8_Archive/helloWorld.py took 0.135 seconds
[2024-11-11T23:29:02.435+0000] {processor.py:161} INFO - Started process (PID=1453) to work on /opt/airflow/dags/Assignment_8_Archive/helloWorld.py
[2024-11-11T23:29:02.437+0000] {processor.py:830} INFO - Processing file /opt/airflow/dags/Assignment_8_Archive/helloWorld.py for tasks to queue
[2024-11-11T23:29:02.441+0000] {logging_mixin.py:188} INFO - [2024-11-11T23:29:02.441+0000] {dagbag.py:545} INFO - Filling up the DagBag from /opt/airflow/dags/Assignment_8_Archive/helloWorld.py
[2024-11-11T23:29:02.470+0000] {processor.py:840} INFO - DAG(s) 'HelloWorld' retrieved from /opt/airflow/dags/Assignment_8_Archive/helloWorld.py
[2024-11-11T23:29:02.497+0000] {logging_mixin.py:188} INFO - [2024-11-11T23:29:02.497+0000] {dag.py:3096} INFO - Sync 1 DAGs
[2024-11-11T23:29:02.528+0000] {logging_mixin.py:188} INFO - [2024-11-11T23:29:02.528+0000] {dag.py:3954} INFO - Setting next_dagrun for HelloWorld to 2024-11-10 02:00:00+00:00, run_after=2024-11-11 02:00:00+00:00
[2024-11-11T23:29:02.566+0000] {processor.py:183} INFO - Processing /opt/airflow/dags/Assignment_8_Archive/helloWorld.py took 0.142 seconds
[2024-11-11T23:29:32.773+0000] {processor.py:161} INFO - Started process (PID=1514) to work on /opt/airflow/dags/Assignment_8_Archive/helloWorld.py
[2024-11-11T23:29:32.775+0000] {processor.py:830} INFO - Processing file /opt/airflow/dags/Assignment_8_Archive/helloWorld.py for tasks to queue
[2024-11-11T23:29:32.778+0000] {logging_mixin.py:188} INFO - [2024-11-11T23:29:32.778+0000] {dagbag.py:545} INFO - Filling up the DagBag from /opt/airflow/dags/Assignment_8_Archive/helloWorld.py
[2024-11-11T23:29:32.812+0000] {processor.py:840} INFO - DAG(s) 'HelloWorld' retrieved from /opt/airflow/dags/Assignment_8_Archive/helloWorld.py
[2024-11-11T23:29:32.848+0000] {logging_mixin.py:188} INFO - [2024-11-11T23:29:32.847+0000] {dag.py:3096} INFO - Sync 1 DAGs
[2024-11-11T23:29:32.890+0000] {logging_mixin.py:188} INFO - [2024-11-11T23:29:32.889+0000] {dag.py:3954} INFO - Setting next_dagrun for HelloWorld to 2024-11-10 02:00:00+00:00, run_after=2024-11-11 02:00:00+00:00
[2024-11-11T23:29:32.936+0000] {processor.py:183} INFO - Processing /opt/airflow/dags/Assignment_8_Archive/helloWorld.py took 0.173 seconds
[2024-11-11T23:30:03.676+0000] {processor.py:161} INFO - Started process (PID=1575) to work on /opt/airflow/dags/Assignment_8_Archive/helloWorld.py
[2024-11-11T23:30:03.678+0000] {processor.py:830} INFO - Processing file /opt/airflow/dags/Assignment_8_Archive/helloWorld.py for tasks to queue
[2024-11-11T23:30:03.681+0000] {logging_mixin.py:188} INFO - [2024-11-11T23:30:03.680+0000] {dagbag.py:545} INFO - Filling up the DagBag from /opt/airflow/dags/Assignment_8_Archive/helloWorld.py
[2024-11-11T23:30:03.721+0000] {processor.py:840} INFO - DAG(s) 'HelloWorld' retrieved from /opt/airflow/dags/Assignment_8_Archive/helloWorld.py
[2024-11-11T23:30:03.748+0000] {logging_mixin.py:188} INFO - [2024-11-11T23:30:03.747+0000] {dag.py:3096} INFO - Sync 1 DAGs
[2024-11-11T23:30:03.782+0000] {logging_mixin.py:188} INFO - [2024-11-11T23:30:03.782+0000] {dag.py:3954} INFO - Setting next_dagrun for HelloWorld to 2024-11-10 02:00:00+00:00, run_after=2024-11-11 02:00:00+00:00
[2024-11-11T23:30:03.820+0000] {processor.py:183} INFO - Processing /opt/airflow/dags/Assignment_8_Archive/helloWorld.py took 0.152 seconds
[2024-11-11T23:30:34.027+0000] {processor.py:161} INFO - Started process (PID=1636) to work on /opt/airflow/dags/Assignment_8_Archive/helloWorld.py
[2024-11-11T23:30:34.029+0000] {processor.py:830} INFO - Processing file /opt/airflow/dags/Assignment_8_Archive/helloWorld.py for tasks to queue
[2024-11-11T23:30:34.032+0000] {logging_mixin.py:188} INFO - [2024-11-11T23:30:34.031+0000] {dagbag.py:545} INFO - Filling up the DagBag from /opt/airflow/dags/Assignment_8_Archive/helloWorld.py
[2024-11-11T23:30:34.062+0000] {processor.py:840} INFO - DAG(s) 'HelloWorld' retrieved from /opt/airflow/dags/Assignment_8_Archive/helloWorld.py
[2024-11-11T23:30:34.095+0000] {logging_mixin.py:188} INFO - [2024-11-11T23:30:34.094+0000] {dag.py:3096} INFO - Sync 1 DAGs
[2024-11-11T23:30:34.131+0000] {logging_mixin.py:188} INFO - [2024-11-11T23:30:34.130+0000] {dag.py:3954} INFO - Setting next_dagrun for HelloWorld to 2024-11-10 02:00:00+00:00, run_after=2024-11-11 02:00:00+00:00
[2024-11-11T23:30:34.165+0000] {processor.py:183} INFO - Processing /opt/airflow/dags/Assignment_8_Archive/helloWorld.py took 0.146 seconds
[2024-11-11T23:31:04.373+0000] {processor.py:161} INFO - Started process (PID=1697) to work on /opt/airflow/dags/Assignment_8_Archive/helloWorld.py
[2024-11-11T23:31:04.375+0000] {processor.py:830} INFO - Processing file /opt/airflow/dags/Assignment_8_Archive/helloWorld.py for tasks to queue
[2024-11-11T23:31:04.377+0000] {logging_mixin.py:188} INFO - [2024-11-11T23:31:04.377+0000] {dagbag.py:545} INFO - Filling up the DagBag from /opt/airflow/dags/Assignment_8_Archive/helloWorld.py
[2024-11-11T23:31:04.402+0000] {processor.py:840} INFO - DAG(s) 'HelloWorld' retrieved from /opt/airflow/dags/Assignment_8_Archive/helloWorld.py
[2024-11-11T23:31:04.426+0000] {logging_mixin.py:188} INFO - [2024-11-11T23:31:04.426+0000] {dag.py:3096} INFO - Sync 1 DAGs
[2024-11-11T23:31:04.455+0000] {logging_mixin.py:188} INFO - [2024-11-11T23:31:04.454+0000] {dag.py:3954} INFO - Setting next_dagrun for HelloWorld to 2024-11-10 02:00:00+00:00, run_after=2024-11-11 02:00:00+00:00
[2024-11-11T23:31:04.487+0000] {processor.py:183} INFO - Processing /opt/airflow/dags/Assignment_8_Archive/helloWorld.py took 0.121 seconds
[2024-11-11T23:31:34.727+0000] {processor.py:161} INFO - Started process (PID=1758) to work on /opt/airflow/dags/Assignment_8_Archive/helloWorld.py
[2024-11-11T23:31:34.728+0000] {processor.py:830} INFO - Processing file /opt/airflow/dags/Assignment_8_Archive/helloWorld.py for tasks to queue
[2024-11-11T23:31:34.732+0000] {logging_mixin.py:188} INFO - [2024-11-11T23:31:34.732+0000] {dagbag.py:545} INFO - Filling up the DagBag from /opt/airflow/dags/Assignment_8_Archive/helloWorld.py
[2024-11-11T23:31:34.765+0000] {processor.py:840} INFO - DAG(s) 'HelloWorld' retrieved from /opt/airflow/dags/Assignment_8_Archive/helloWorld.py
[2024-11-11T23:31:34.806+0000] {logging_mixin.py:188} INFO - [2024-11-11T23:31:34.805+0000] {dag.py:3096} INFO - Sync 1 DAGs
[2024-11-11T23:31:34.852+0000] {logging_mixin.py:188} INFO - [2024-11-11T23:31:34.851+0000] {dag.py:3954} INFO - Setting next_dagrun for HelloWorld to 2024-11-10 02:00:00+00:00, run_after=2024-11-11 02:00:00+00:00
[2024-11-11T23:31:34.893+0000] {processor.py:183} INFO - Processing /opt/airflow/dags/Assignment_8_Archive/helloWorld.py took 0.176 seconds
[2024-11-11T23:32:05.738+0000] {processor.py:161} INFO - Started process (PID=1819) to work on /opt/airflow/dags/Assignment_8_Archive/helloWorld.py
[2024-11-11T23:32:05.740+0000] {processor.py:830} INFO - Processing file /opt/airflow/dags/Assignment_8_Archive/helloWorld.py for tasks to queue
[2024-11-11T23:32:05.743+0000] {logging_mixin.py:188} INFO - [2024-11-11T23:32:05.743+0000] {dagbag.py:545} INFO - Filling up the DagBag from /opt/airflow/dags/Assignment_8_Archive/helloWorld.py
[2024-11-11T23:32:05.777+0000] {processor.py:840} INFO - DAG(s) 'HelloWorld' retrieved from /opt/airflow/dags/Assignment_8_Archive/helloWorld.py
[2024-11-11T23:32:05.818+0000] {logging_mixin.py:188} INFO - [2024-11-11T23:32:05.817+0000] {dag.py:3096} INFO - Sync 1 DAGs
[2024-11-11T23:32:05.871+0000] {logging_mixin.py:188} INFO - [2024-11-11T23:32:05.870+0000] {dag.py:3954} INFO - Setting next_dagrun for HelloWorld to 2024-11-10 02:00:00+00:00, run_after=2024-11-11 02:00:00+00:00
[2024-11-11T23:32:05.920+0000] {processor.py:183} INFO - Processing /opt/airflow/dags/Assignment_8_Archive/helloWorld.py took 0.193 seconds
[2024-11-11T23:32:36.692+0000] {processor.py:161} INFO - Started process (PID=1880) to work on /opt/airflow/dags/Assignment_8_Archive/helloWorld.py
[2024-11-11T23:32:36.693+0000] {processor.py:830} INFO - Processing file /opt/airflow/dags/Assignment_8_Archive/helloWorld.py for tasks to queue
[2024-11-11T23:32:36.696+0000] {logging_mixin.py:188} INFO - [2024-11-11T23:32:36.696+0000] {dagbag.py:545} INFO - Filling up the DagBag from /opt/airflow/dags/Assignment_8_Archive/helloWorld.py
[2024-11-11T23:32:36.726+0000] {processor.py:840} INFO - DAG(s) 'HelloWorld' retrieved from /opt/airflow/dags/Assignment_8_Archive/helloWorld.py
[2024-11-11T23:32:36.755+0000] {logging_mixin.py:188} INFO - [2024-11-11T23:32:36.754+0000] {dag.py:3096} INFO - Sync 1 DAGs
[2024-11-11T23:32:36.789+0000] {logging_mixin.py:188} INFO - [2024-11-11T23:32:36.788+0000] {dag.py:3954} INFO - Setting next_dagrun for HelloWorld to 2024-11-10 02:00:00+00:00, run_after=2024-11-11 02:00:00+00:00
[2024-11-11T23:32:36.828+0000] {processor.py:183} INFO - Processing /opt/airflow/dags/Assignment_8_Archive/helloWorld.py took 0.144 seconds
[2024-11-11T23:33:07.634+0000] {processor.py:161} INFO - Started process (PID=1941) to work on /opt/airflow/dags/Assignment_8_Archive/helloWorld.py
[2024-11-11T23:33:07.635+0000] {processor.py:830} INFO - Processing file /opt/airflow/dags/Assignment_8_Archive/helloWorld.py for tasks to queue
[2024-11-11T23:33:07.639+0000] {logging_mixin.py:188} INFO - [2024-11-11T23:33:07.638+0000] {dagbag.py:545} INFO - Filling up the DagBag from /opt/airflow/dags/Assignment_8_Archive/helloWorld.py
[2024-11-11T23:33:07.680+0000] {processor.py:840} INFO - DAG(s) 'HelloWorld' retrieved from /opt/airflow/dags/Assignment_8_Archive/helloWorld.py
[2024-11-11T23:33:07.718+0000] {logging_mixin.py:188} INFO - [2024-11-11T23:33:07.717+0000] {dag.py:3096} INFO - Sync 1 DAGs
[2024-11-11T23:33:07.799+0000] {logging_mixin.py:188} INFO - [2024-11-11T23:33:07.799+0000] {dag.py:3954} INFO - Setting next_dagrun for HelloWorld to 2024-11-10 02:00:00+00:00, run_after=2024-11-11 02:00:00+00:00
[2024-11-11T23:33:07.900+0000] {processor.py:183} INFO - Processing /opt/airflow/dags/Assignment_8_Archive/helloWorld.py took 0.277 seconds
[2024-11-11T23:33:38.504+0000] {processor.py:161} INFO - Started process (PID=2002) to work on /opt/airflow/dags/Assignment_8_Archive/helloWorld.py
[2024-11-11T23:33:38.506+0000] {processor.py:830} INFO - Processing file /opt/airflow/dags/Assignment_8_Archive/helloWorld.py for tasks to queue
[2024-11-11T23:33:38.509+0000] {logging_mixin.py:188} INFO - [2024-11-11T23:33:38.509+0000] {dagbag.py:545} INFO - Filling up the DagBag from /opt/airflow/dags/Assignment_8_Archive/helloWorld.py
[2024-11-11T23:33:38.557+0000] {processor.py:840} INFO - DAG(s) 'HelloWorld' retrieved from /opt/airflow/dags/Assignment_8_Archive/helloWorld.py
[2024-11-11T23:33:38.581+0000] {logging_mixin.py:188} INFO - [2024-11-11T23:33:38.581+0000] {dag.py:3096} INFO - Sync 1 DAGs
[2024-11-11T23:33:38.609+0000] {logging_mixin.py:188} INFO - [2024-11-11T23:33:38.608+0000] {dag.py:3954} INFO - Setting next_dagrun for HelloWorld to 2024-11-10 02:00:00+00:00, run_after=2024-11-11 02:00:00+00:00
[2024-11-11T23:33:38.648+0000] {processor.py:183} INFO - Processing /opt/airflow/dags/Assignment_8_Archive/helloWorld.py took 0.150 seconds
[2024-11-11T23:34:10.009+0000] {processor.py:161} INFO - Started process (PID=2063) to work on /opt/airflow/dags/Assignment_8_Archive/helloWorld.py
[2024-11-11T23:34:10.011+0000] {processor.py:830} INFO - Processing file /opt/airflow/dags/Assignment_8_Archive/helloWorld.py for tasks to queue
[2024-11-11T23:34:10.015+0000] {logging_mixin.py:188} INFO - [2024-11-11T23:34:10.014+0000] {dagbag.py:545} INFO - Filling up the DagBag from /opt/airflow/dags/Assignment_8_Archive/helloWorld.py
[2024-11-11T23:34:10.053+0000] {processor.py:840} INFO - DAG(s) 'HelloWorld' retrieved from /opt/airflow/dags/Assignment_8_Archive/helloWorld.py
[2024-11-11T23:34:10.086+0000] {logging_mixin.py:188} INFO - [2024-11-11T23:34:10.085+0000] {dag.py:3096} INFO - Sync 1 DAGs
[2024-11-11T23:34:10.124+0000] {logging_mixin.py:188} INFO - [2024-11-11T23:34:10.123+0000] {dag.py:3954} INFO - Setting next_dagrun for HelloWorld to 2024-11-10 02:00:00+00:00, run_after=2024-11-11 02:00:00+00:00
[2024-11-11T23:34:10.172+0000] {processor.py:183} INFO - Processing /opt/airflow/dags/Assignment_8_Archive/helloWorld.py took 0.174 seconds
[2024-11-11T23:34:40.884+0000] {processor.py:161} INFO - Started process (PID=2124) to work on /opt/airflow/dags/Assignment_8_Archive/helloWorld.py
[2024-11-11T23:34:40.901+0000] {processor.py:830} INFO - Processing file /opt/airflow/dags/Assignment_8_Archive/helloWorld.py for tasks to queue
[2024-11-11T23:34:40.912+0000] {logging_mixin.py:188} INFO - [2024-11-11T23:34:40.910+0000] {dagbag.py:545} INFO - Filling up the DagBag from /opt/airflow/dags/Assignment_8_Archive/helloWorld.py
[2024-11-11T23:34:41.004+0000] {processor.py:840} INFO - DAG(s) 'HelloWorld' retrieved from /opt/airflow/dags/Assignment_8_Archive/helloWorld.py
[2024-11-11T23:34:41.066+0000] {logging_mixin.py:188} INFO - [2024-11-11T23:34:41.064+0000] {dag.py:3096} INFO - Sync 1 DAGs
[2024-11-11T23:34:41.189+0000] {logging_mixin.py:188} INFO - [2024-11-11T23:34:41.188+0000] {dag.py:3954} INFO - Setting next_dagrun for HelloWorld to 2024-11-10 02:00:00+00:00, run_after=2024-11-11 02:00:00+00:00
[2024-11-11T23:34:41.388+0000] {processor.py:183} INFO - Processing /opt/airflow/dags/Assignment_8_Archive/helloWorld.py took 0.534 seconds
[2024-11-11T23:35:12.018+0000] {processor.py:161} INFO - Started process (PID=2185) to work on /opt/airflow/dags/Assignment_8_Archive/helloWorld.py
[2024-11-11T23:35:12.021+0000] {processor.py:830} INFO - Processing file /opt/airflow/dags/Assignment_8_Archive/helloWorld.py for tasks to queue
[2024-11-11T23:35:12.026+0000] {logging_mixin.py:188} INFO - [2024-11-11T23:35:12.025+0000] {dagbag.py:545} INFO - Filling up the DagBag from /opt/airflow/dags/Assignment_8_Archive/helloWorld.py
[2024-11-11T23:35:12.111+0000] {processor.py:840} INFO - DAG(s) 'HelloWorld' retrieved from /opt/airflow/dags/Assignment_8_Archive/helloWorld.py
[2024-11-11T23:35:12.153+0000] {logging_mixin.py:188} INFO - [2024-11-11T23:35:12.152+0000] {dag.py:3096} INFO - Sync 1 DAGs
[2024-11-11T23:35:12.199+0000] {logging_mixin.py:188} INFO - [2024-11-11T23:35:12.199+0000] {dag.py:3954} INFO - Setting next_dagrun for HelloWorld to 2024-11-10 02:00:00+00:00, run_after=2024-11-11 02:00:00+00:00
[2024-11-11T23:35:12.250+0000] {processor.py:183} INFO - Processing /opt/airflow/dags/Assignment_8_Archive/helloWorld.py took 0.248 seconds
[2024-11-11T23:35:42.669+0000] {processor.py:161} INFO - Started process (PID=2246) to work on /opt/airflow/dags/Assignment_8_Archive/helloWorld.py
[2024-11-11T23:35:42.671+0000] {processor.py:830} INFO - Processing file /opt/airflow/dags/Assignment_8_Archive/helloWorld.py for tasks to queue
[2024-11-11T23:35:42.676+0000] {logging_mixin.py:188} INFO - [2024-11-11T23:35:42.676+0000] {dagbag.py:545} INFO - Filling up the DagBag from /opt/airflow/dags/Assignment_8_Archive/helloWorld.py
[2024-11-11T23:35:42.812+0000] {processor.py:840} INFO - DAG(s) 'HelloWorld' retrieved from /opt/airflow/dags/Assignment_8_Archive/helloWorld.py
[2024-11-11T23:35:42.898+0000] {logging_mixin.py:188} INFO - [2024-11-11T23:35:42.896+0000] {dag.py:3096} INFO - Sync 1 DAGs
[2024-11-11T23:35:43.030+0000] {logging_mixin.py:188} INFO - [2024-11-11T23:35:43.029+0000] {dag.py:3954} INFO - Setting next_dagrun for HelloWorld to 2024-11-10 02:00:00+00:00, run_after=2024-11-11 02:00:00+00:00
[2024-11-11T23:35:43.175+0000] {processor.py:183} INFO - Processing /opt/airflow/dags/Assignment_8_Archive/helloWorld.py took 0.525 seconds
[2024-11-11T23:36:13.475+0000] {processor.py:161} INFO - Started process (PID=2308) to work on /opt/airflow/dags/Assignment_8_Archive/helloWorld.py
[2024-11-11T23:36:13.481+0000] {processor.py:830} INFO - Processing file /opt/airflow/dags/Assignment_8_Archive/helloWorld.py for tasks to queue
[2024-11-11T23:36:13.487+0000] {logging_mixin.py:188} INFO - [2024-11-11T23:36:13.486+0000] {dagbag.py:545} INFO - Filling up the DagBag from /opt/airflow/dags/Assignment_8_Archive/helloWorld.py
[2024-11-11T23:36:13.596+0000] {processor.py:840} INFO - DAG(s) 'HelloWorld' retrieved from /opt/airflow/dags/Assignment_8_Archive/helloWorld.py
[2024-11-11T23:36:13.661+0000] {logging_mixin.py:188} INFO - [2024-11-11T23:36:13.660+0000] {dag.py:3096} INFO - Sync 1 DAGs
[2024-11-11T23:36:13.788+0000] {logging_mixin.py:188} INFO - [2024-11-11T23:36:13.787+0000] {dag.py:3954} INFO - Setting next_dagrun for HelloWorld to 2024-11-10 02:00:00+00:00, run_after=2024-11-11 02:00:00+00:00
[2024-11-11T23:36:13.888+0000] {processor.py:183} INFO - Processing /opt/airflow/dags/Assignment_8_Archive/helloWorld.py took 0.432 seconds
[2024-11-11T23:36:44.277+0000] {processor.py:161} INFO - Started process (PID=2369) to work on /opt/airflow/dags/Assignment_8_Archive/helloWorld.py
[2024-11-11T23:36:44.279+0000] {processor.py:830} INFO - Processing file /opt/airflow/dags/Assignment_8_Archive/helloWorld.py for tasks to queue
[2024-11-11T23:36:44.288+0000] {logging_mixin.py:188} INFO - [2024-11-11T23:36:44.287+0000] {dagbag.py:545} INFO - Filling up the DagBag from /opt/airflow/dags/Assignment_8_Archive/helloWorld.py
[2024-11-11T23:36:44.378+0000] {processor.py:840} INFO - DAG(s) 'HelloWorld' retrieved from /opt/airflow/dags/Assignment_8_Archive/helloWorld.py
[2024-11-11T23:36:44.425+0000] {logging_mixin.py:188} INFO - [2024-11-11T23:36:44.424+0000] {dag.py:3096} INFO - Sync 1 DAGs
[2024-11-11T23:36:44.470+0000] {logging_mixin.py:188} INFO - [2024-11-11T23:36:44.470+0000] {dag.py:3954} INFO - Setting next_dagrun for HelloWorld to 2024-11-10 02:00:00+00:00, run_after=2024-11-11 02:00:00+00:00
[2024-11-11T23:36:44.533+0000] {processor.py:183} INFO - Processing /opt/airflow/dags/Assignment_8_Archive/helloWorld.py took 0.275 seconds
[2024-11-11T23:37:14.942+0000] {processor.py:161} INFO - Started process (PID=2430) to work on /opt/airflow/dags/Assignment_8_Archive/helloWorld.py
[2024-11-11T23:37:14.944+0000] {processor.py:830} INFO - Processing file /opt/airflow/dags/Assignment_8_Archive/helloWorld.py for tasks to queue
[2024-11-11T23:37:14.951+0000] {logging_mixin.py:188} INFO - [2024-11-11T23:37:14.950+0000] {dagbag.py:545} INFO - Filling up the DagBag from /opt/airflow/dags/Assignment_8_Archive/helloWorld.py
[2024-11-11T23:37:14.985+0000] {processor.py:840} INFO - DAG(s) 'HelloWorld' retrieved from /opt/airflow/dags/Assignment_8_Archive/helloWorld.py
[2024-11-11T23:37:15.049+0000] {logging_mixin.py:188} INFO - [2024-11-11T23:37:15.046+0000] {dag.py:3096} INFO - Sync 1 DAGs
[2024-11-11T23:37:15.150+0000] {logging_mixin.py:188} INFO - [2024-11-11T23:37:15.149+0000] {dag.py:3954} INFO - Setting next_dagrun for HelloWorld to 2024-11-10 02:00:00+00:00, run_after=2024-11-11 02:00:00+00:00
[2024-11-11T23:37:15.236+0000] {processor.py:183} INFO - Processing /opt/airflow/dags/Assignment_8_Archive/helloWorld.py took 0.310 seconds
[2024-11-11T23:37:45.910+0000] {processor.py:161} INFO - Started process (PID=2491) to work on /opt/airflow/dags/Assignment_8_Archive/helloWorld.py
[2024-11-11T23:37:45.921+0000] {processor.py:830} INFO - Processing file /opt/airflow/dags/Assignment_8_Archive/helloWorld.py for tasks to queue
[2024-11-11T23:37:45.935+0000] {logging_mixin.py:188} INFO - [2024-11-11T23:37:45.933+0000] {dagbag.py:545} INFO - Filling up the DagBag from /opt/airflow/dags/Assignment_8_Archive/helloWorld.py
[2024-11-11T23:37:45.990+0000] {processor.py:840} INFO - DAG(s) 'HelloWorld' retrieved from /opt/airflow/dags/Assignment_8_Archive/helloWorld.py
[2024-11-11T23:37:46.061+0000] {logging_mixin.py:188} INFO - [2024-11-11T23:37:46.057+0000] {dag.py:3096} INFO - Sync 1 DAGs
[2024-11-11T23:37:46.152+0000] {logging_mixin.py:188} INFO - [2024-11-11T23:37:46.151+0000] {dag.py:3954} INFO - Setting next_dagrun for HelloWorld to 2024-11-10 02:00:00+00:00, run_after=2024-11-11 02:00:00+00:00
[2024-11-11T23:37:46.219+0000] {processor.py:183} INFO - Processing /opt/airflow/dags/Assignment_8_Archive/helloWorld.py took 0.324 seconds
[2024-11-11T23:38:16.577+0000] {processor.py:161} INFO - Started process (PID=2552) to work on /opt/airflow/dags/Assignment_8_Archive/helloWorld.py
[2024-11-11T23:38:16.580+0000] {processor.py:830} INFO - Processing file /opt/airflow/dags/Assignment_8_Archive/helloWorld.py for tasks to queue
[2024-11-11T23:38:16.587+0000] {logging_mixin.py:188} INFO - [2024-11-11T23:38:16.586+0000] {dagbag.py:545} INFO - Filling up the DagBag from /opt/airflow/dags/Assignment_8_Archive/helloWorld.py
[2024-11-11T23:38:16.648+0000] {processor.py:840} INFO - DAG(s) 'HelloWorld' retrieved from /opt/airflow/dags/Assignment_8_Archive/helloWorld.py
[2024-11-11T23:38:16.711+0000] {logging_mixin.py:188} INFO - [2024-11-11T23:38:16.708+0000] {dag.py:3096} INFO - Sync 1 DAGs
[2024-11-11T23:38:16.791+0000] {logging_mixin.py:188} INFO - [2024-11-11T23:38:16.790+0000] {dag.py:3954} INFO - Setting next_dagrun for HelloWorld to 2024-11-10 02:00:00+00:00, run_after=2024-11-11 02:00:00+00:00
[2024-11-11T23:38:16.854+0000] {processor.py:183} INFO - Processing /opt/airflow/dags/Assignment_8_Archive/helloWorld.py took 0.291 seconds
[2024-11-11T23:38:47.153+0000] {processor.py:161} INFO - Started process (PID=2620) to work on /opt/airflow/dags/Assignment_8_Archive/helloWorld.py
[2024-11-11T23:38:47.155+0000] {processor.py:830} INFO - Processing file /opt/airflow/dags/Assignment_8_Archive/helloWorld.py for tasks to queue
[2024-11-11T23:38:47.159+0000] {logging_mixin.py:188} INFO - [2024-11-11T23:38:47.158+0000] {dagbag.py:545} INFO - Filling up the DagBag from /opt/airflow/dags/Assignment_8_Archive/helloWorld.py
[2024-11-11T23:38:47.201+0000] {processor.py:840} INFO - DAG(s) 'HelloWorld' retrieved from /opt/airflow/dags/Assignment_8_Archive/helloWorld.py
[2024-11-11T23:38:47.237+0000] {logging_mixin.py:188} INFO - [2024-11-11T23:38:47.237+0000] {dag.py:3096} INFO - Sync 1 DAGs
[2024-11-11T23:38:47.274+0000] {logging_mixin.py:188} INFO - [2024-11-11T23:38:47.273+0000] {dag.py:3954} INFO - Setting next_dagrun for HelloWorld to 2024-11-10 02:00:00+00:00, run_after=2024-11-11 02:00:00+00:00
[2024-11-11T23:38:47.320+0000] {processor.py:183} INFO - Processing /opt/airflow/dags/Assignment_8_Archive/helloWorld.py took 0.179 seconds
[2024-11-11T23:39:17.973+0000] {processor.py:161} INFO - Started process (PID=2681) to work on /opt/airflow/dags/Assignment_8_Archive/helloWorld.py
[2024-11-11T23:39:17.976+0000] {processor.py:830} INFO - Processing file /opt/airflow/dags/Assignment_8_Archive/helloWorld.py for tasks to queue
[2024-11-11T23:39:17.980+0000] {logging_mixin.py:188} INFO - [2024-11-11T23:39:17.979+0000] {dagbag.py:545} INFO - Filling up the DagBag from /opt/airflow/dags/Assignment_8_Archive/helloWorld.py
[2024-11-11T23:39:18.027+0000] {processor.py:840} INFO - DAG(s) 'HelloWorld' retrieved from /opt/airflow/dags/Assignment_8_Archive/helloWorld.py
[2024-11-11T23:39:18.066+0000] {logging_mixin.py:188} INFO - [2024-11-11T23:39:18.065+0000] {dag.py:3096} INFO - Sync 1 DAGs
[2024-11-11T23:39:18.129+0000] {logging_mixin.py:188} INFO - [2024-11-11T23:39:18.128+0000] {dag.py:3954} INFO - Setting next_dagrun for HelloWorld to 2024-11-10 02:00:00+00:00, run_after=2024-11-11 02:00:00+00:00
[2024-11-11T23:39:18.168+0000] {processor.py:183} INFO - Processing /opt/airflow/dags/Assignment_8_Archive/helloWorld.py took 0.208 seconds
[2024-11-11T23:39:49.048+0000] {processor.py:161} INFO - Started process (PID=2742) to work on /opt/airflow/dags/Assignment_8_Archive/helloWorld.py
[2024-11-11T23:39:49.050+0000] {processor.py:830} INFO - Processing file /opt/airflow/dags/Assignment_8_Archive/helloWorld.py for tasks to queue
[2024-11-11T23:39:49.053+0000] {logging_mixin.py:188} INFO - [2024-11-11T23:39:49.052+0000] {dagbag.py:545} INFO - Filling up the DagBag from /opt/airflow/dags/Assignment_8_Archive/helloWorld.py
[2024-11-11T23:39:49.078+0000] {processor.py:840} INFO - DAG(s) 'HelloWorld' retrieved from /opt/airflow/dags/Assignment_8_Archive/helloWorld.py
[2024-11-11T23:39:49.105+0000] {logging_mixin.py:188} INFO - [2024-11-11T23:39:49.105+0000] {dag.py:3096} INFO - Sync 1 DAGs
[2024-11-11T23:39:49.133+0000] {logging_mixin.py:188} INFO - [2024-11-11T23:39:49.133+0000] {dag.py:3954} INFO - Setting next_dagrun for HelloWorld to 2024-11-10 02:00:00+00:00, run_after=2024-11-11 02:00:00+00:00
[2024-11-11T23:39:49.166+0000] {processor.py:183} INFO - Processing /opt/airflow/dags/Assignment_8_Archive/helloWorld.py took 0.126 seconds
[2024-11-11T23:40:19.288+0000] {processor.py:161} INFO - Started process (PID=2803) to work on /opt/airflow/dags/Assignment_8_Archive/helloWorld.py
[2024-11-11T23:40:19.290+0000] {processor.py:830} INFO - Processing file /opt/airflow/dags/Assignment_8_Archive/helloWorld.py for tasks to queue
[2024-11-11T23:40:19.294+0000] {logging_mixin.py:188} INFO - [2024-11-11T23:40:19.293+0000] {dagbag.py:545} INFO - Filling up the DagBag from /opt/airflow/dags/Assignment_8_Archive/helloWorld.py
[2024-11-11T23:40:19.326+0000] {processor.py:840} INFO - DAG(s) 'HelloWorld' retrieved from /opt/airflow/dags/Assignment_8_Archive/helloWorld.py
[2024-11-11T23:40:19.357+0000] {logging_mixin.py:188} INFO - [2024-11-11T23:40:19.355+0000] {dag.py:3096} INFO - Sync 1 DAGs
[2024-11-11T23:40:19.396+0000] {logging_mixin.py:188} INFO - [2024-11-11T23:40:19.396+0000] {dag.py:3954} INFO - Setting next_dagrun for HelloWorld to 2024-11-10 02:00:00+00:00, run_after=2024-11-11 02:00:00+00:00
[2024-11-11T23:40:19.436+0000] {processor.py:183} INFO - Processing /opt/airflow/dags/Assignment_8_Archive/helloWorld.py took 0.157 seconds
[2024-11-11T23:40:49.920+0000] {processor.py:161} INFO - Started process (PID=2864) to work on /opt/airflow/dags/Assignment_8_Archive/helloWorld.py
[2024-11-11T23:40:49.922+0000] {processor.py:830} INFO - Processing file /opt/airflow/dags/Assignment_8_Archive/helloWorld.py for tasks to queue
[2024-11-11T23:40:49.926+0000] {logging_mixin.py:188} INFO - [2024-11-11T23:40:49.925+0000] {dagbag.py:545} INFO - Filling up the DagBag from /opt/airflow/dags/Assignment_8_Archive/helloWorld.py
[2024-11-11T23:40:49.957+0000] {processor.py:840} INFO - DAG(s) 'HelloWorld' retrieved from /opt/airflow/dags/Assignment_8_Archive/helloWorld.py
[2024-11-11T23:40:49.989+0000] {logging_mixin.py:188} INFO - [2024-11-11T23:40:49.988+0000] {dag.py:3096} INFO - Sync 1 DAGs
[2024-11-11T23:40:50.020+0000] {logging_mixin.py:188} INFO - [2024-11-11T23:40:50.020+0000] {dag.py:3954} INFO - Setting next_dagrun for HelloWorld to 2024-11-10 02:00:00+00:00, run_after=2024-11-11 02:00:00+00:00
[2024-11-11T23:40:50.059+0000] {processor.py:183} INFO - Processing /opt/airflow/dags/Assignment_8_Archive/helloWorld.py took 0.148 seconds
[2024-11-11T23:41:20.640+0000] {processor.py:161} INFO - Started process (PID=2925) to work on /opt/airflow/dags/Assignment_8_Archive/helloWorld.py
[2024-11-11T23:41:20.642+0000] {processor.py:830} INFO - Processing file /opt/airflow/dags/Assignment_8_Archive/helloWorld.py for tasks to queue
[2024-11-11T23:41:20.650+0000] {logging_mixin.py:188} INFO - [2024-11-11T23:41:20.649+0000] {dagbag.py:545} INFO - Filling up the DagBag from /opt/airflow/dags/Assignment_8_Archive/helloWorld.py
[2024-11-11T23:41:20.746+0000] {processor.py:840} INFO - DAG(s) 'HelloWorld' retrieved from /opt/airflow/dags/Assignment_8_Archive/helloWorld.py
[2024-11-11T23:41:20.830+0000] {logging_mixin.py:188} INFO - [2024-11-11T23:41:20.828+0000] {dag.py:3096} INFO - Sync 1 DAGs
[2024-11-11T23:41:20.971+0000] {logging_mixin.py:188} INFO - [2024-11-11T23:41:20.971+0000] {dag.py:3954} INFO - Setting next_dagrun for HelloWorld to 2024-11-10 02:00:00+00:00, run_after=2024-11-11 02:00:00+00:00
[2024-11-11T23:41:21.115+0000] {processor.py:183} INFO - Processing /opt/airflow/dags/Assignment_8_Archive/helloWorld.py took 0.492 seconds
[2024-11-11T23:41:51.431+0000] {processor.py:161} INFO - Started process (PID=2986) to work on /opt/airflow/dags/Assignment_8_Archive/helloWorld.py
[2024-11-11T23:41:51.433+0000] {processor.py:830} INFO - Processing file /opt/airflow/dags/Assignment_8_Archive/helloWorld.py for tasks to queue
[2024-11-11T23:41:51.441+0000] {logging_mixin.py:188} INFO - [2024-11-11T23:41:51.440+0000] {dagbag.py:545} INFO - Filling up the DagBag from /opt/airflow/dags/Assignment_8_Archive/helloWorld.py
[2024-11-11T23:41:51.483+0000] {processor.py:840} INFO - DAG(s) 'HelloWorld' retrieved from /opt/airflow/dags/Assignment_8_Archive/helloWorld.py
[2024-11-11T23:41:51.532+0000] {logging_mixin.py:188} INFO - [2024-11-11T23:41:51.531+0000] {dag.py:3096} INFO - Sync 1 DAGs
[2024-11-11T23:41:51.593+0000] {logging_mixin.py:188} INFO - [2024-11-11T23:41:51.592+0000] {dag.py:3954} INFO - Setting next_dagrun for HelloWorld to 2024-11-10 02:00:00+00:00, run_after=2024-11-11 02:00:00+00:00
[2024-11-11T23:41:51.641+0000] {processor.py:183} INFO - Processing /opt/airflow/dags/Assignment_8_Archive/helloWorld.py took 0.224 seconds
[2024-11-11T23:42:22.003+0000] {processor.py:161} INFO - Started process (PID=3047) to work on /opt/airflow/dags/Assignment_8_Archive/helloWorld.py
[2024-11-11T23:42:22.004+0000] {processor.py:830} INFO - Processing file /opt/airflow/dags/Assignment_8_Archive/helloWorld.py for tasks to queue
[2024-11-11T23:42:22.008+0000] {logging_mixin.py:188} INFO - [2024-11-11T23:42:22.008+0000] {dagbag.py:545} INFO - Filling up the DagBag from /opt/airflow/dags/Assignment_8_Archive/helloWorld.py
[2024-11-11T23:42:22.052+0000] {processor.py:840} INFO - DAG(s) 'HelloWorld' retrieved from /opt/airflow/dags/Assignment_8_Archive/helloWorld.py
[2024-11-11T23:42:22.103+0000] {logging_mixin.py:188} INFO - [2024-11-11T23:42:22.102+0000] {dag.py:3096} INFO - Sync 1 DAGs
[2024-11-11T23:42:22.160+0000] {logging_mixin.py:188} INFO - [2024-11-11T23:42:22.159+0000] {dag.py:3954} INFO - Setting next_dagrun for HelloWorld to 2024-11-10 02:00:00+00:00, run_after=2024-11-11 02:00:00+00:00
[2024-11-11T23:42:22.199+0000] {processor.py:183} INFO - Processing /opt/airflow/dags/Assignment_8_Archive/helloWorld.py took 0.203 seconds
[2024-11-11T23:42:52.641+0000] {processor.py:161} INFO - Started process (PID=3108) to work on /opt/airflow/dags/Assignment_8_Archive/helloWorld.py
[2024-11-11T23:42:52.644+0000] {processor.py:830} INFO - Processing file /opt/airflow/dags/Assignment_8_Archive/helloWorld.py for tasks to queue
[2024-11-11T23:42:52.657+0000] {logging_mixin.py:188} INFO - [2024-11-11T23:42:52.656+0000] {dagbag.py:545} INFO - Filling up the DagBag from /opt/airflow/dags/Assignment_8_Archive/helloWorld.py
[2024-11-11T23:42:52.709+0000] {processor.py:840} INFO - DAG(s) 'HelloWorld' retrieved from /opt/airflow/dags/Assignment_8_Archive/helloWorld.py
[2024-11-11T23:42:52.749+0000] {logging_mixin.py:188} INFO - [2024-11-11T23:42:52.748+0000] {dag.py:3096} INFO - Sync 1 DAGs
[2024-11-11T23:42:52.798+0000] {logging_mixin.py:188} INFO - [2024-11-11T23:42:52.798+0000] {dag.py:3954} INFO - Setting next_dagrun for HelloWorld to 2024-11-10 02:00:00+00:00, run_after=2024-11-11 02:00:00+00:00
[2024-11-11T23:42:52.842+0000] {processor.py:183} INFO - Processing /opt/airflow/dags/Assignment_8_Archive/helloWorld.py took 0.213 seconds
[2024-11-11T23:43:23.109+0000] {processor.py:161} INFO - Started process (PID=3168) to work on /opt/airflow/dags/Assignment_8_Archive/helloWorld.py
[2024-11-11T23:43:23.113+0000] {processor.py:830} INFO - Processing file /opt/airflow/dags/Assignment_8_Archive/helloWorld.py for tasks to queue
[2024-11-11T23:43:23.126+0000] {logging_mixin.py:188} INFO - [2024-11-11T23:43:23.125+0000] {dagbag.py:545} INFO - Filling up the DagBag from /opt/airflow/dags/Assignment_8_Archive/helloWorld.py
[2024-11-11T23:43:23.205+0000] {processor.py:840} INFO - DAG(s) 'HelloWorld' retrieved from /opt/airflow/dags/Assignment_8_Archive/helloWorld.py
[2024-11-11T23:43:23.297+0000] {logging_mixin.py:188} INFO - [2024-11-11T23:43:23.296+0000] {dag.py:3096} INFO - Sync 1 DAGs
[2024-11-11T23:43:23.430+0000] {logging_mixin.py:188} INFO - [2024-11-11T23:43:23.421+0000] {dag.py:3954} INFO - Setting next_dagrun for HelloWorld to 2024-11-10 02:00:00+00:00, run_after=2024-11-11 02:00:00+00:00
[2024-11-11T23:43:23.510+0000] {processor.py:183} INFO - Processing /opt/airflow/dags/Assignment_8_Archive/helloWorld.py took 0.422 seconds
[2024-11-11T23:43:54.006+0000] {processor.py:161} INFO - Started process (PID=3229) to work on /opt/airflow/dags/Assignment_8_Archive/helloWorld.py
[2024-11-11T23:43:54.009+0000] {processor.py:830} INFO - Processing file /opt/airflow/dags/Assignment_8_Archive/helloWorld.py for tasks to queue
[2024-11-11T23:43:54.015+0000] {logging_mixin.py:188} INFO - [2024-11-11T23:43:54.014+0000] {dagbag.py:545} INFO - Filling up the DagBag from /opt/airflow/dags/Assignment_8_Archive/helloWorld.py
[2024-11-11T23:43:54.138+0000] {processor.py:840} INFO - DAG(s) 'HelloWorld' retrieved from /opt/airflow/dags/Assignment_8_Archive/helloWorld.py
[2024-11-11T23:43:54.236+0000] {logging_mixin.py:188} INFO - [2024-11-11T23:43:54.235+0000] {dag.py:3096} INFO - Sync 1 DAGs
[2024-11-11T23:43:54.382+0000] {logging_mixin.py:188} INFO - [2024-11-11T23:43:54.380+0000] {dag.py:3954} INFO - Setting next_dagrun for HelloWorld to 2024-11-10 02:00:00+00:00, run_after=2024-11-11 02:00:00+00:00
[2024-11-11T23:43:54.462+0000] {processor.py:183} INFO - Processing /opt/airflow/dags/Assignment_8_Archive/helloWorld.py took 0.479 seconds
[2024-11-11T23:44:24.964+0000] {processor.py:161} INFO - Started process (PID=3291) to work on /opt/airflow/dags/Assignment_8_Archive/helloWorld.py
[2024-11-11T23:44:24.965+0000] {processor.py:830} INFO - Processing file /opt/airflow/dags/Assignment_8_Archive/helloWorld.py for tasks to queue
[2024-11-11T23:44:24.969+0000] {logging_mixin.py:188} INFO - [2024-11-11T23:44:24.968+0000] {dagbag.py:545} INFO - Filling up the DagBag from /opt/airflow/dags/Assignment_8_Archive/helloWorld.py
[2024-11-11T23:44:24.995+0000] {processor.py:840} INFO - DAG(s) 'HelloWorld' retrieved from /opt/airflow/dags/Assignment_8_Archive/helloWorld.py
[2024-11-11T23:44:25.028+0000] {logging_mixin.py:188} INFO - [2024-11-11T23:44:25.028+0000] {dag.py:3096} INFO - Sync 1 DAGs
[2024-11-11T23:44:25.073+0000] {logging_mixin.py:188} INFO - [2024-11-11T23:44:25.072+0000] {dag.py:3954} INFO - Setting next_dagrun for HelloWorld to 2024-11-10 02:00:00+00:00, run_after=2024-11-11 02:00:00+00:00
[2024-11-11T23:44:25.119+0000] {processor.py:183} INFO - Processing /opt/airflow/dags/Assignment_8_Archive/helloWorld.py took 0.161 seconds
[2024-11-11T23:44:55.356+0000] {processor.py:161} INFO - Started process (PID=3352) to work on /opt/airflow/dags/Assignment_8_Archive/helloWorld.py
[2024-11-11T23:44:55.359+0000] {processor.py:830} INFO - Processing file /opt/airflow/dags/Assignment_8_Archive/helloWorld.py for tasks to queue
[2024-11-11T23:44:55.366+0000] {logging_mixin.py:188} INFO - [2024-11-11T23:44:55.365+0000] {dagbag.py:545} INFO - Filling up the DagBag from /opt/airflow/dags/Assignment_8_Archive/helloWorld.py
[2024-11-11T23:44:55.406+0000] {processor.py:840} INFO - DAG(s) 'HelloWorld' retrieved from /opt/airflow/dags/Assignment_8_Archive/helloWorld.py
[2024-11-11T23:44:55.442+0000] {logging_mixin.py:188} INFO - [2024-11-11T23:44:55.442+0000] {dag.py:3096} INFO - Sync 1 DAGs
[2024-11-11T23:44:55.497+0000] {logging_mixin.py:188} INFO - [2024-11-11T23:44:55.496+0000] {dag.py:3954} INFO - Setting next_dagrun for HelloWorld to 2024-11-10 02:00:00+00:00, run_after=2024-11-11 02:00:00+00:00
[2024-11-11T23:44:55.553+0000] {processor.py:183} INFO - Processing /opt/airflow/dags/Assignment_8_Archive/helloWorld.py took 0.214 seconds
[2024-11-11T23:45:25.911+0000] {processor.py:161} INFO - Started process (PID=3413) to work on /opt/airflow/dags/Assignment_8_Archive/helloWorld.py
[2024-11-11T23:45:25.912+0000] {processor.py:830} INFO - Processing file /opt/airflow/dags/Assignment_8_Archive/helloWorld.py for tasks to queue
[2024-11-11T23:45:25.918+0000] {logging_mixin.py:188} INFO - [2024-11-11T23:45:25.916+0000] {dagbag.py:545} INFO - Filling up the DagBag from /opt/airflow/dags/Assignment_8_Archive/helloWorld.py
[2024-11-11T23:45:25.954+0000] {processor.py:840} INFO - DAG(s) 'HelloWorld' retrieved from /opt/airflow/dags/Assignment_8_Archive/helloWorld.py
[2024-11-11T23:45:25.986+0000] {logging_mixin.py:188} INFO - [2024-11-11T23:45:25.985+0000] {dag.py:3096} INFO - Sync 1 DAGs
[2024-11-11T23:45:26.022+0000] {logging_mixin.py:188} INFO - [2024-11-11T23:45:26.022+0000] {dag.py:3954} INFO - Setting next_dagrun for HelloWorld to 2024-11-10 02:00:00+00:00, run_after=2024-11-11 02:00:00+00:00
[2024-11-11T23:45:26.072+0000] {processor.py:183} INFO - Processing /opt/airflow/dags/Assignment_8_Archive/helloWorld.py took 0.169 seconds
[2024-11-11T23:45:56.412+0000] {processor.py:161} INFO - Started process (PID=3474) to work on /opt/airflow/dags/Assignment_8_Archive/helloWorld.py
[2024-11-11T23:45:56.425+0000] {processor.py:830} INFO - Processing file /opt/airflow/dags/Assignment_8_Archive/helloWorld.py for tasks to queue
[2024-11-11T23:45:56.431+0000] {logging_mixin.py:188} INFO - [2024-11-11T23:45:56.430+0000] {dagbag.py:545} INFO - Filling up the DagBag from /opt/airflow/dags/Assignment_8_Archive/helloWorld.py
[2024-11-11T23:45:56.499+0000] {processor.py:840} INFO - DAG(s) 'HelloWorld' retrieved from /opt/airflow/dags/Assignment_8_Archive/helloWorld.py
[2024-11-11T23:45:56.564+0000] {logging_mixin.py:188} INFO - [2024-11-11T23:45:56.563+0000] {dag.py:3096} INFO - Sync 1 DAGs
[2024-11-11T23:45:56.657+0000] {logging_mixin.py:188} INFO - [2024-11-11T23:45:56.656+0000] {dag.py:3954} INFO - Setting next_dagrun for HelloWorld to 2024-11-10 02:00:00+00:00, run_after=2024-11-11 02:00:00+00:00
[2024-11-11T23:45:56.839+0000] {processor.py:183} INFO - Processing /opt/airflow/dags/Assignment_8_Archive/helloWorld.py took 0.445 seconds
[2024-11-11T23:46:28.123+0000] {processor.py:161} INFO - Started process (PID=3535) to work on /opt/airflow/dags/Assignment_8_Archive/helloWorld.py
[2024-11-11T23:46:28.159+0000] {processor.py:830} INFO - Processing file /opt/airflow/dags/Assignment_8_Archive/helloWorld.py for tasks to queue
[2024-11-11T23:46:28.189+0000] {logging_mixin.py:188} INFO - [2024-11-11T23:46:28.188+0000] {dagbag.py:545} INFO - Filling up the DagBag from /opt/airflow/dags/Assignment_8_Archive/helloWorld.py
[2024-11-11T23:46:28.307+0000] {processor.py:840} INFO - DAG(s) 'HelloWorld' retrieved from /opt/airflow/dags/Assignment_8_Archive/helloWorld.py
[2024-11-11T23:46:28.439+0000] {logging_mixin.py:188} INFO - [2024-11-11T23:46:28.428+0000] {dag.py:3096} INFO - Sync 1 DAGs
[2024-11-11T23:46:28.638+0000] {logging_mixin.py:188} INFO - [2024-11-11T23:46:28.637+0000] {dag.py:3954} INFO - Setting next_dagrun for HelloWorld to 2024-11-10 02:00:00+00:00, run_after=2024-11-11 02:00:00+00:00
[2024-11-11T23:46:28.768+0000] {processor.py:183} INFO - Processing /opt/airflow/dags/Assignment_8_Archive/helloWorld.py took 0.681 seconds
[2024-11-11T23:47:03.285+0000] {processor.py:161} INFO - Started process (PID=3578) to work on /opt/airflow/dags/Assignment_8_Archive/helloWorld.py
[2024-11-11T23:47:03.298+0000] {processor.py:830} INFO - Processing file /opt/airflow/dags/Assignment_8_Archive/helloWorld.py for tasks to queue
[2024-11-11T23:47:03.314+0000] {logging_mixin.py:188} INFO - [2024-11-11T23:47:03.313+0000] {dagbag.py:545} INFO - Filling up the DagBag from /opt/airflow/dags/Assignment_8_Archive/helloWorld.py
[2024-11-11T23:47:03.621+0000] {processor.py:840} INFO - DAG(s) 'HelloWorld' retrieved from /opt/airflow/dags/Assignment_8_Archive/helloWorld.py
[2024-11-11T23:47:03.763+0000] {logging_mixin.py:188} INFO - [2024-11-11T23:47:03.761+0000] {dag.py:3096} INFO - Sync 1 DAGs
[2024-11-11T23:47:03.965+0000] {logging_mixin.py:188} INFO - [2024-11-11T23:47:03.954+0000] {dag.py:3954} INFO - Setting next_dagrun for HelloWorld to 2024-11-10 02:00:00+00:00, run_after=2024-11-11 02:00:00+00:00
[2024-11-11T23:47:04.146+0000] {processor.py:183} INFO - Processing /opt/airflow/dags/Assignment_8_Archive/helloWorld.py took 0.885 seconds
[2024-11-11T23:47:34.772+0000] {processor.py:161} INFO - Started process (PID=3639) to work on /opt/airflow/dags/Assignment_8_Archive/helloWorld.py
[2024-11-11T23:47:34.774+0000] {processor.py:830} INFO - Processing file /opt/airflow/dags/Assignment_8_Archive/helloWorld.py for tasks to queue
[2024-11-11T23:47:34.778+0000] {logging_mixin.py:188} INFO - [2024-11-11T23:47:34.778+0000] {dagbag.py:545} INFO - Filling up the DagBag from /opt/airflow/dags/Assignment_8_Archive/helloWorld.py
[2024-11-11T23:47:34.846+0000] {processor.py:840} INFO - DAG(s) 'HelloWorld' retrieved from /opt/airflow/dags/Assignment_8_Archive/helloWorld.py
[2024-11-11T23:47:34.899+0000] {logging_mixin.py:188} INFO - [2024-11-11T23:47:34.897+0000] {dag.py:3096} INFO - Sync 1 DAGs
[2024-11-11T23:47:35.394+0000] {logging_mixin.py:188} INFO - [2024-11-11T23:47:35.394+0000] {dag.py:3954} INFO - Setting next_dagrun for HelloWorld to 2024-11-10 02:00:00+00:00, run_after=2024-11-11 02:00:00+00:00
[2024-11-11T23:47:35.445+0000] {processor.py:183} INFO - Processing /opt/airflow/dags/Assignment_8_Archive/helloWorld.py took 0.689 seconds
[2024-11-11T23:48:05.850+0000] {processor.py:161} INFO - Started process (PID=3700) to work on /opt/airflow/dags/Assignment_8_Archive/helloWorld.py
[2024-11-11T23:48:05.852+0000] {processor.py:830} INFO - Processing file /opt/airflow/dags/Assignment_8_Archive/helloWorld.py for tasks to queue
[2024-11-11T23:48:05.860+0000] {logging_mixin.py:188} INFO - [2024-11-11T23:48:05.859+0000] {dagbag.py:545} INFO - Filling up the DagBag from /opt/airflow/dags/Assignment_8_Archive/helloWorld.py
[2024-11-11T23:48:05.918+0000] {processor.py:840} INFO - DAG(s) 'HelloWorld' retrieved from /opt/airflow/dags/Assignment_8_Archive/helloWorld.py
[2024-11-11T23:48:05.964+0000] {logging_mixin.py:188} INFO - [2024-11-11T23:48:05.963+0000] {dag.py:3096} INFO - Sync 1 DAGs
[2024-11-11T23:48:06.024+0000] {logging_mixin.py:188} INFO - [2024-11-11T23:48:06.024+0000] {dag.py:3954} INFO - Setting next_dagrun for HelloWorld to 2024-11-10 02:00:00+00:00, run_after=2024-11-11 02:00:00+00:00
[2024-11-11T23:48:06.069+0000] {processor.py:183} INFO - Processing /opt/airflow/dags/Assignment_8_Archive/helloWorld.py took 0.233 seconds
[2024-11-11T23:48:36.485+0000] {processor.py:161} INFO - Started process (PID=3761) to work on /opt/airflow/dags/Assignment_8_Archive/helloWorld.py
[2024-11-11T23:48:36.487+0000] {processor.py:830} INFO - Processing file /opt/airflow/dags/Assignment_8_Archive/helloWorld.py for tasks to queue
[2024-11-11T23:48:36.491+0000] {logging_mixin.py:188} INFO - [2024-11-11T23:48:36.491+0000] {dagbag.py:545} INFO - Filling up the DagBag from /opt/airflow/dags/Assignment_8_Archive/helloWorld.py
[2024-11-11T23:48:36.531+0000] {processor.py:840} INFO - DAG(s) 'HelloWorld' retrieved from /opt/airflow/dags/Assignment_8_Archive/helloWorld.py
[2024-11-11T23:48:36.575+0000] {logging_mixin.py:188} INFO - [2024-11-11T23:48:36.574+0000] {dag.py:3096} INFO - Sync 1 DAGs
[2024-11-11T23:48:36.620+0000] {logging_mixin.py:188} INFO - [2024-11-11T23:48:36.619+0000] {dag.py:3954} INFO - Setting next_dagrun for HelloWorld to 2024-11-10 02:00:00+00:00, run_after=2024-11-11 02:00:00+00:00
[2024-11-11T23:48:36.673+0000] {processor.py:183} INFO - Processing /opt/airflow/dags/Assignment_8_Archive/helloWorld.py took 0.201 seconds
[2024-11-11T23:49:06.761+0000] {processor.py:161} INFO - Started process (PID=3822) to work on /opt/airflow/dags/Assignment_8_Archive/helloWorld.py
[2024-11-11T23:49:06.763+0000] {processor.py:830} INFO - Processing file /opt/airflow/dags/Assignment_8_Archive/helloWorld.py for tasks to queue
[2024-11-11T23:49:06.767+0000] {logging_mixin.py:188} INFO - [2024-11-11T23:49:06.766+0000] {dagbag.py:545} INFO - Filling up the DagBag from /opt/airflow/dags/Assignment_8_Archive/helloWorld.py
[2024-11-11T23:49:06.814+0000] {processor.py:840} INFO - DAG(s) 'HelloWorld' retrieved from /opt/airflow/dags/Assignment_8_Archive/helloWorld.py
[2024-11-11T23:49:06.862+0000] {logging_mixin.py:188} INFO - [2024-11-11T23:49:06.860+0000] {dag.py:3096} INFO - Sync 1 DAGs
[2024-11-11T23:49:06.932+0000] {logging_mixin.py:188} INFO - [2024-11-11T23:49:06.931+0000] {dag.py:3954} INFO - Setting next_dagrun for HelloWorld to 2024-11-10 02:00:00+00:00, run_after=2024-11-11 02:00:00+00:00
[2024-11-11T23:49:06.976+0000] {processor.py:183} INFO - Processing /opt/airflow/dags/Assignment_8_Archive/helloWorld.py took 0.222 seconds
[2024-11-11T23:49:37.093+0000] {processor.py:161} INFO - Started process (PID=3883) to work on /opt/airflow/dags/Assignment_8_Archive/helloWorld.py
[2024-11-11T23:49:37.095+0000] {processor.py:830} INFO - Processing file /opt/airflow/dags/Assignment_8_Archive/helloWorld.py for tasks to queue
[2024-11-11T23:49:37.098+0000] {logging_mixin.py:188} INFO - [2024-11-11T23:49:37.097+0000] {dagbag.py:545} INFO - Filling up the DagBag from /opt/airflow/dags/Assignment_8_Archive/helloWorld.py
[2024-11-11T23:49:37.131+0000] {processor.py:840} INFO - DAG(s) 'HelloWorld' retrieved from /opt/airflow/dags/Assignment_8_Archive/helloWorld.py
[2024-11-11T23:49:37.163+0000] {logging_mixin.py:188} INFO - [2024-11-11T23:49:37.162+0000] {dag.py:3096} INFO - Sync 1 DAGs
[2024-11-11T23:49:37.198+0000] {logging_mixin.py:188} INFO - [2024-11-11T23:49:37.197+0000] {dag.py:3954} INFO - Setting next_dagrun for HelloWorld to 2024-11-10 02:00:00+00:00, run_after=2024-11-11 02:00:00+00:00
[2024-11-11T23:49:37.236+0000] {processor.py:183} INFO - Processing /opt/airflow/dags/Assignment_8_Archive/helloWorld.py took 0.154 seconds
[2024-11-11T23:50:07.739+0000] {processor.py:161} INFO - Started process (PID=3944) to work on /opt/airflow/dags/Assignment_8_Archive/helloWorld.py
[2024-11-11T23:50:07.741+0000] {processor.py:830} INFO - Processing file /opt/airflow/dags/Assignment_8_Archive/helloWorld.py for tasks to queue
[2024-11-11T23:50:07.745+0000] {logging_mixin.py:188} INFO - [2024-11-11T23:50:07.745+0000] {dagbag.py:545} INFO - Filling up the DagBag from /opt/airflow/dags/Assignment_8_Archive/helloWorld.py
[2024-11-11T23:50:07.792+0000] {processor.py:840} INFO - DAG(s) 'HelloWorld' retrieved from /opt/airflow/dags/Assignment_8_Archive/helloWorld.py
[2024-11-11T23:50:07.848+0000] {logging_mixin.py:188} INFO - [2024-11-11T23:50:07.846+0000] {dag.py:3096} INFO - Sync 1 DAGs
[2024-11-11T23:50:07.918+0000] {logging_mixin.py:188} INFO - [2024-11-11T23:50:07.918+0000] {dag.py:3954} INFO - Setting next_dagrun for HelloWorld to 2024-11-10 02:00:00+00:00, run_after=2024-11-11 02:00:00+00:00
[2024-11-11T23:50:07.977+0000] {processor.py:183} INFO - Processing /opt/airflow/dags/Assignment_8_Archive/helloWorld.py took 0.252 seconds
[2024-11-11T23:50:38.396+0000] {processor.py:161} INFO - Started process (PID=4005) to work on /opt/airflow/dags/Assignment_8_Archive/helloWorld.py
[2024-11-11T23:50:38.398+0000] {processor.py:830} INFO - Processing file /opt/airflow/dags/Assignment_8_Archive/helloWorld.py for tasks to queue
[2024-11-11T23:50:38.405+0000] {logging_mixin.py:188} INFO - [2024-11-11T23:50:38.403+0000] {dagbag.py:545} INFO - Filling up the DagBag from /opt/airflow/dags/Assignment_8_Archive/helloWorld.py
[2024-11-11T23:50:38.477+0000] {processor.py:840} INFO - DAG(s) 'HelloWorld' retrieved from /opt/airflow/dags/Assignment_8_Archive/helloWorld.py
[2024-11-11T23:50:38.568+0000] {logging_mixin.py:188} INFO - [2024-11-11T23:50:38.567+0000] {dag.py:3096} INFO - Sync 1 DAGs
[2024-11-11T23:50:38.627+0000] {logging_mixin.py:188} INFO - [2024-11-11T23:50:38.626+0000] {dag.py:3954} INFO - Setting next_dagrun for HelloWorld to 2024-11-10 02:00:00+00:00, run_after=2024-11-11 02:00:00+00:00
[2024-11-11T23:50:38.707+0000] {processor.py:183} INFO - Processing /opt/airflow/dags/Assignment_8_Archive/helloWorld.py took 0.329 seconds
[2024-11-11T23:51:09.617+0000] {processor.py:161} INFO - Started process (PID=4066) to work on /opt/airflow/dags/Assignment_8_Archive/helloWorld.py
[2024-11-11T23:51:09.621+0000] {processor.py:830} INFO - Processing file /opt/airflow/dags/Assignment_8_Archive/helloWorld.py for tasks to queue
[2024-11-11T23:51:09.634+0000] {logging_mixin.py:188} INFO - [2024-11-11T23:51:09.633+0000] {dagbag.py:545} INFO - Filling up the DagBag from /opt/airflow/dags/Assignment_8_Archive/helloWorld.py
[2024-11-11T23:51:09.703+0000] {processor.py:840} INFO - DAG(s) 'HelloWorld' retrieved from /opt/airflow/dags/Assignment_8_Archive/helloWorld.py
[2024-11-11T23:51:09.753+0000] {logging_mixin.py:188} INFO - [2024-11-11T23:51:09.752+0000] {dag.py:3096} INFO - Sync 1 DAGs
[2024-11-11T23:51:09.821+0000] {logging_mixin.py:188} INFO - [2024-11-11T23:51:09.821+0000] {dag.py:3954} INFO - Setting next_dagrun for HelloWorld to 2024-11-10 02:00:00+00:00, run_after=2024-11-11 02:00:00+00:00
[2024-11-11T23:51:09.880+0000] {processor.py:183} INFO - Processing /opt/airflow/dags/Assignment_8_Archive/helloWorld.py took 0.286 seconds
[2024-11-11T23:51:40.319+0000] {processor.py:161} INFO - Started process (PID=4127) to work on /opt/airflow/dags/Assignment_8_Archive/helloWorld.py
[2024-11-11T23:51:40.371+0000] {processor.py:830} INFO - Processing file /opt/airflow/dags/Assignment_8_Archive/helloWorld.py for tasks to queue
[2024-11-11T23:51:40.379+0000] {logging_mixin.py:188} INFO - [2024-11-11T23:51:40.378+0000] {dagbag.py:545} INFO - Filling up the DagBag from /opt/airflow/dags/Assignment_8_Archive/helloWorld.py
[2024-11-11T23:51:41.292+0000] {processor.py:840} INFO - DAG(s) 'HelloWorld' retrieved from /opt/airflow/dags/Assignment_8_Archive/helloWorld.py
[2024-11-11T23:51:41.495+0000] {logging_mixin.py:188} INFO - [2024-11-11T23:51:41.483+0000] {dag.py:3096} INFO - Sync 1 DAGs
[2024-11-11T23:51:41.712+0000] {logging_mixin.py:188} INFO - [2024-11-11T23:51:41.712+0000] {dag.py:3954} INFO - Setting next_dagrun for HelloWorld to 2024-11-10 02:00:00+00:00, run_after=2024-11-11 02:00:00+00:00
[2024-11-11T23:51:42.217+0000] {processor.py:183} INFO - Processing /opt/airflow/dags/Assignment_8_Archive/helloWorld.py took 1.923 seconds
[2024-11-11T23:52:12.459+0000] {processor.py:161} INFO - Started process (PID=4188) to work on /opt/airflow/dags/Assignment_8_Archive/helloWorld.py
[2024-11-11T23:52:12.461+0000] {processor.py:830} INFO - Processing file /opt/airflow/dags/Assignment_8_Archive/helloWorld.py for tasks to queue
[2024-11-11T23:52:12.466+0000] {logging_mixin.py:188} INFO - [2024-11-11T23:52:12.466+0000] {dagbag.py:545} INFO - Filling up the DagBag from /opt/airflow/dags/Assignment_8_Archive/helloWorld.py
[2024-11-11T23:52:12.499+0000] {processor.py:840} INFO - DAG(s) 'HelloWorld' retrieved from /opt/airflow/dags/Assignment_8_Archive/helloWorld.py
[2024-11-11T23:52:12.527+0000] {logging_mixin.py:188} INFO - [2024-11-11T23:52:12.526+0000] {dag.py:3096} INFO - Sync 1 DAGs
[2024-11-11T23:52:12.560+0000] {logging_mixin.py:188} INFO - [2024-11-11T23:52:12.560+0000] {dag.py:3954} INFO - Setting next_dagrun for HelloWorld to 2024-11-10 02:00:00+00:00, run_after=2024-11-11 02:00:00+00:00
[2024-11-11T23:52:12.597+0000] {processor.py:183} INFO - Processing /opt/airflow/dags/Assignment_8_Archive/helloWorld.py took 0.146 seconds
[2024-11-11T23:52:42.878+0000] {processor.py:161} INFO - Started process (PID=4249) to work on /opt/airflow/dags/Assignment_8_Archive/helloWorld.py
[2024-11-11T23:52:42.881+0000] {processor.py:830} INFO - Processing file /opt/airflow/dags/Assignment_8_Archive/helloWorld.py for tasks to queue
[2024-11-11T23:52:42.886+0000] {logging_mixin.py:188} INFO - [2024-11-11T23:52:42.885+0000] {dagbag.py:545} INFO - Filling up the DagBag from /opt/airflow/dags/Assignment_8_Archive/helloWorld.py
[2024-11-11T23:52:42.930+0000] {processor.py:840} INFO - DAG(s) 'HelloWorld' retrieved from /opt/airflow/dags/Assignment_8_Archive/helloWorld.py
[2024-11-11T23:52:42.975+0000] {logging_mixin.py:188} INFO - [2024-11-11T23:52:42.973+0000] {dag.py:3096} INFO - Sync 1 DAGs
[2024-11-11T23:52:43.027+0000] {logging_mixin.py:188} INFO - [2024-11-11T23:52:43.027+0000] {dag.py:3954} INFO - Setting next_dagrun for HelloWorld to 2024-11-10 02:00:00+00:00, run_after=2024-11-11 02:00:00+00:00
[2024-11-11T23:52:43.081+0000] {processor.py:183} INFO - Processing /opt/airflow/dags/Assignment_8_Archive/helloWorld.py took 0.215 seconds
[2024-11-11T23:53:13.659+0000] {processor.py:161} INFO - Started process (PID=4310) to work on /opt/airflow/dags/Assignment_8_Archive/helloWorld.py
[2024-11-11T23:53:13.665+0000] {processor.py:830} INFO - Processing file /opt/airflow/dags/Assignment_8_Archive/helloWorld.py for tasks to queue
[2024-11-11T23:53:13.678+0000] {logging_mixin.py:188} INFO - [2024-11-11T23:53:13.676+0000] {dagbag.py:545} INFO - Filling up the DagBag from /opt/airflow/dags/Assignment_8_Archive/helloWorld.py
[2024-11-11T23:53:13.755+0000] {processor.py:840} INFO - DAG(s) 'HelloWorld' retrieved from /opt/airflow/dags/Assignment_8_Archive/helloWorld.py
[2024-11-11T23:53:13.811+0000] {logging_mixin.py:188} INFO - [2024-11-11T23:53:13.807+0000] {dag.py:3096} INFO - Sync 1 DAGs
[2024-11-11T23:53:13.893+0000] {logging_mixin.py:188} INFO - [2024-11-11T23:53:13.892+0000] {dag.py:3954} INFO - Setting next_dagrun for HelloWorld to 2024-11-10 02:00:00+00:00, run_after=2024-11-11 02:00:00+00:00
[2024-11-11T23:53:13.960+0000] {processor.py:183} INFO - Processing /opt/airflow/dags/Assignment_8_Archive/helloWorld.py took 0.321 seconds
[2024-11-11T23:53:44.606+0000] {processor.py:161} INFO - Started process (PID=4371) to work on /opt/airflow/dags/Assignment_8_Archive/helloWorld.py
[2024-11-11T23:53:44.607+0000] {processor.py:830} INFO - Processing file /opt/airflow/dags/Assignment_8_Archive/helloWorld.py for tasks to queue
[2024-11-11T23:53:44.611+0000] {logging_mixin.py:188} INFO - [2024-11-11T23:53:44.611+0000] {dagbag.py:545} INFO - Filling up the DagBag from /opt/airflow/dags/Assignment_8_Archive/helloWorld.py
[2024-11-11T23:53:44.677+0000] {processor.py:840} INFO - DAG(s) 'HelloWorld' retrieved from /opt/airflow/dags/Assignment_8_Archive/helloWorld.py
[2024-11-11T23:53:44.729+0000] {logging_mixin.py:188} INFO - [2024-11-11T23:53:44.727+0000] {dag.py:3096} INFO - Sync 1 DAGs
[2024-11-11T23:53:44.804+0000] {logging_mixin.py:188} INFO - [2024-11-11T23:53:44.804+0000] {dag.py:3954} INFO - Setting next_dagrun for HelloWorld to 2024-11-10 02:00:00+00:00, run_after=2024-11-11 02:00:00+00:00
[2024-11-11T23:53:44.867+0000] {processor.py:183} INFO - Processing /opt/airflow/dags/Assignment_8_Archive/helloWorld.py took 0.269 seconds
[2024-11-11T23:54:15.152+0000] {processor.py:161} INFO - Started process (PID=4432) to work on /opt/airflow/dags/Assignment_8_Archive/helloWorld.py
[2024-11-11T23:54:15.153+0000] {processor.py:830} INFO - Processing file /opt/airflow/dags/Assignment_8_Archive/helloWorld.py for tasks to queue
[2024-11-11T23:54:15.156+0000] {logging_mixin.py:188} INFO - [2024-11-11T23:54:15.156+0000] {dagbag.py:545} INFO - Filling up the DagBag from /opt/airflow/dags/Assignment_8_Archive/helloWorld.py
[2024-11-11T23:54:15.188+0000] {processor.py:840} INFO - DAG(s) 'HelloWorld' retrieved from /opt/airflow/dags/Assignment_8_Archive/helloWorld.py
[2024-11-11T23:54:15.218+0000] {logging_mixin.py:188} INFO - [2024-11-11T23:54:15.217+0000] {dag.py:3096} INFO - Sync 1 DAGs
[2024-11-11T23:54:15.250+0000] {logging_mixin.py:188} INFO - [2024-11-11T23:54:15.250+0000] {dag.py:3954} INFO - Setting next_dagrun for HelloWorld to 2024-11-10 02:00:00+00:00, run_after=2024-11-11 02:00:00+00:00
[2024-11-11T23:54:15.283+0000] {processor.py:183} INFO - Processing /opt/airflow/dags/Assignment_8_Archive/helloWorld.py took 0.141 seconds
[2024-11-11T23:54:45.507+0000] {processor.py:161} INFO - Started process (PID=4493) to work on /opt/airflow/dags/Assignment_8_Archive/helloWorld.py
[2024-11-11T23:54:45.510+0000] {processor.py:830} INFO - Processing file /opt/airflow/dags/Assignment_8_Archive/helloWorld.py for tasks to queue
[2024-11-11T23:54:45.516+0000] {logging_mixin.py:188} INFO - [2024-11-11T23:54:45.516+0000] {dagbag.py:545} INFO - Filling up the DagBag from /opt/airflow/dags/Assignment_8_Archive/helloWorld.py
[2024-11-11T23:54:45.621+0000] {processor.py:840} INFO - DAG(s) 'HelloWorld' retrieved from /opt/airflow/dags/Assignment_8_Archive/helloWorld.py
[2024-11-11T23:54:45.706+0000] {logging_mixin.py:188} INFO - [2024-11-11T23:54:45.704+0000] {dag.py:3096} INFO - Sync 1 DAGs
[2024-11-11T23:54:45.808+0000] {logging_mixin.py:188} INFO - [2024-11-11T23:54:45.808+0000] {dag.py:3954} INFO - Setting next_dagrun for HelloWorld to 2024-11-10 02:00:00+00:00, run_after=2024-11-11 02:00:00+00:00
[2024-11-11T23:54:45.902+0000] {processor.py:183} INFO - Processing /opt/airflow/dags/Assignment_8_Archive/helloWorld.py took 0.406 seconds
[2024-11-11T23:55:16.157+0000] {processor.py:161} INFO - Started process (PID=4554) to work on /opt/airflow/dags/Assignment_8_Archive/helloWorld.py
[2024-11-11T23:55:16.159+0000] {processor.py:830} INFO - Processing file /opt/airflow/dags/Assignment_8_Archive/helloWorld.py for tasks to queue
[2024-11-11T23:55:16.164+0000] {logging_mixin.py:188} INFO - [2024-11-11T23:55:16.163+0000] {dagbag.py:545} INFO - Filling up the DagBag from /opt/airflow/dags/Assignment_8_Archive/helloWorld.py
[2024-11-11T23:55:16.205+0000] {processor.py:840} INFO - DAG(s) 'HelloWorld' retrieved from /opt/airflow/dags/Assignment_8_Archive/helloWorld.py
[2024-11-11T23:55:16.236+0000] {logging_mixin.py:188} INFO - [2024-11-11T23:55:16.235+0000] {dag.py:3096} INFO - Sync 1 DAGs
[2024-11-11T23:55:16.297+0000] {logging_mixin.py:188} INFO - [2024-11-11T23:55:16.297+0000] {dag.py:3954} INFO - Setting next_dagrun for HelloWorld to 2024-11-10 02:00:00+00:00, run_after=2024-11-11 02:00:00+00:00
[2024-11-11T23:55:16.346+0000] {processor.py:183} INFO - Processing /opt/airflow/dags/Assignment_8_Archive/helloWorld.py took 0.199 seconds
[2024-11-11T23:55:47.074+0000] {processor.py:161} INFO - Started process (PID=4615) to work on /opt/airflow/dags/Assignment_8_Archive/helloWorld.py
[2024-11-11T23:55:47.076+0000] {processor.py:830} INFO - Processing file /opt/airflow/dags/Assignment_8_Archive/helloWorld.py for tasks to queue
[2024-11-11T23:55:47.082+0000] {logging_mixin.py:188} INFO - [2024-11-11T23:55:47.081+0000] {dagbag.py:545} INFO - Filling up the DagBag from /opt/airflow/dags/Assignment_8_Archive/helloWorld.py
[2024-11-11T23:55:47.112+0000] {processor.py:840} INFO - DAG(s) 'HelloWorld' retrieved from /opt/airflow/dags/Assignment_8_Archive/helloWorld.py
[2024-11-11T23:55:47.140+0000] {logging_mixin.py:188} INFO - [2024-11-11T23:55:47.139+0000] {dag.py:3096} INFO - Sync 1 DAGs
[2024-11-11T23:55:47.176+0000] {logging_mixin.py:188} INFO - [2024-11-11T23:55:47.176+0000] {dag.py:3954} INFO - Setting next_dagrun for HelloWorld to 2024-11-10 02:00:00+00:00, run_after=2024-11-11 02:00:00+00:00
[2024-11-11T23:55:47.213+0000] {processor.py:183} INFO - Processing /opt/airflow/dags/Assignment_8_Archive/helloWorld.py took 0.147 seconds
[2024-11-11T23:56:17.486+0000] {processor.py:161} INFO - Started process (PID=4676) to work on /opt/airflow/dags/Assignment_8_Archive/helloWorld.py
[2024-11-11T23:56:17.488+0000] {processor.py:830} INFO - Processing file /opt/airflow/dags/Assignment_8_Archive/helloWorld.py for tasks to queue
[2024-11-11T23:56:17.492+0000] {logging_mixin.py:188} INFO - [2024-11-11T23:56:17.491+0000] {dagbag.py:545} INFO - Filling up the DagBag from /opt/airflow/dags/Assignment_8_Archive/helloWorld.py
[2024-11-11T23:56:17.532+0000] {processor.py:840} INFO - DAG(s) 'HelloWorld' retrieved from /opt/airflow/dags/Assignment_8_Archive/helloWorld.py
[2024-11-11T23:56:17.570+0000] {logging_mixin.py:188} INFO - [2024-11-11T23:56:17.570+0000] {dag.py:3096} INFO - Sync 1 DAGs
[2024-11-11T23:56:17.611+0000] {logging_mixin.py:188} INFO - [2024-11-11T23:56:17.611+0000] {dag.py:3954} INFO - Setting next_dagrun for HelloWorld to 2024-11-10 02:00:00+00:00, run_after=2024-11-11 02:00:00+00:00
[2024-11-11T23:56:17.654+0000] {processor.py:183} INFO - Processing /opt/airflow/dags/Assignment_8_Archive/helloWorld.py took 0.182 seconds
[2024-11-11T23:56:48.453+0000] {processor.py:161} INFO - Started process (PID=4737) to work on /opt/airflow/dags/Assignment_8_Archive/helloWorld.py
[2024-11-11T23:56:48.454+0000] {processor.py:830} INFO - Processing file /opt/airflow/dags/Assignment_8_Archive/helloWorld.py for tasks to queue
[2024-11-11T23:56:48.457+0000] {logging_mixin.py:188} INFO - [2024-11-11T23:56:48.457+0000] {dagbag.py:545} INFO - Filling up the DagBag from /opt/airflow/dags/Assignment_8_Archive/helloWorld.py
[2024-11-11T23:56:48.484+0000] {processor.py:840} INFO - DAG(s) 'HelloWorld' retrieved from /opt/airflow/dags/Assignment_8_Archive/helloWorld.py
[2024-11-11T23:56:48.507+0000] {logging_mixin.py:188} INFO - [2024-11-11T23:56:48.505+0000] {dag.py:3096} INFO - Sync 1 DAGs
[2024-11-11T23:56:48.537+0000] {logging_mixin.py:188} INFO - [2024-11-11T23:56:48.537+0000] {dag.py:3954} INFO - Setting next_dagrun for HelloWorld to 2024-11-10 02:00:00+00:00, run_after=2024-11-11 02:00:00+00:00
[2024-11-11T23:56:48.577+0000] {processor.py:183} INFO - Processing /opt/airflow/dags/Assignment_8_Archive/helloWorld.py took 0.129 seconds
[2024-11-11T23:57:18.939+0000] {processor.py:161} INFO - Started process (PID=4797) to work on /opt/airflow/dags/Assignment_8_Archive/helloWorld.py
[2024-11-11T23:57:18.940+0000] {processor.py:830} INFO - Processing file /opt/airflow/dags/Assignment_8_Archive/helloWorld.py for tasks to queue
[2024-11-11T23:57:18.946+0000] {logging_mixin.py:188} INFO - [2024-11-11T23:57:18.946+0000] {dagbag.py:545} INFO - Filling up the DagBag from /opt/airflow/dags/Assignment_8_Archive/helloWorld.py
[2024-11-11T23:57:18.997+0000] {processor.py:840} INFO - DAG(s) 'HelloWorld' retrieved from /opt/airflow/dags/Assignment_8_Archive/helloWorld.py
[2024-11-11T23:57:19.034+0000] {logging_mixin.py:188} INFO - [2024-11-11T23:57:19.033+0000] {dag.py:3096} INFO - Sync 1 DAGs
[2024-11-11T23:57:19.083+0000] {logging_mixin.py:188} INFO - [2024-11-11T23:57:19.082+0000] {dag.py:3954} INFO - Setting next_dagrun for HelloWorld to 2024-11-10 02:00:00+00:00, run_after=2024-11-11 02:00:00+00:00
[2024-11-11T23:57:19.147+0000] {processor.py:183} INFO - Processing /opt/airflow/dags/Assignment_8_Archive/helloWorld.py took 0.216 seconds
[2024-11-11T23:57:49.418+0000] {processor.py:161} INFO - Started process (PID=4858) to work on /opt/airflow/dags/Assignment_8_Archive/helloWorld.py
[2024-11-11T23:57:49.422+0000] {processor.py:830} INFO - Processing file /opt/airflow/dags/Assignment_8_Archive/helloWorld.py for tasks to queue
[2024-11-11T23:57:49.426+0000] {logging_mixin.py:188} INFO - [2024-11-11T23:57:49.425+0000] {dagbag.py:545} INFO - Filling up the DagBag from /opt/airflow/dags/Assignment_8_Archive/helloWorld.py
[2024-11-11T23:57:49.461+0000] {processor.py:840} INFO - DAG(s) 'HelloWorld' retrieved from /opt/airflow/dags/Assignment_8_Archive/helloWorld.py
[2024-11-11T23:57:49.494+0000] {logging_mixin.py:188} INFO - [2024-11-11T23:57:49.494+0000] {dag.py:3096} INFO - Sync 1 DAGs
[2024-11-11T23:57:49.534+0000] {logging_mixin.py:188} INFO - [2024-11-11T23:57:49.534+0000] {dag.py:3954} INFO - Setting next_dagrun for HelloWorld to 2024-11-10 02:00:00+00:00, run_after=2024-11-11 02:00:00+00:00
[2024-11-11T23:57:49.577+0000] {processor.py:183} INFO - Processing /opt/airflow/dags/Assignment_8_Archive/helloWorld.py took 0.168 seconds
[2024-11-11T23:58:20.333+0000] {processor.py:161} INFO - Started process (PID=4919) to work on /opt/airflow/dags/Assignment_8_Archive/helloWorld.py
[2024-11-11T23:58:20.335+0000] {processor.py:830} INFO - Processing file /opt/airflow/dags/Assignment_8_Archive/helloWorld.py for tasks to queue
[2024-11-11T23:58:20.340+0000] {logging_mixin.py:188} INFO - [2024-11-11T23:58:20.340+0000] {dagbag.py:545} INFO - Filling up the DagBag from /opt/airflow/dags/Assignment_8_Archive/helloWorld.py
[2024-11-11T23:58:20.378+0000] {processor.py:840} INFO - DAG(s) 'HelloWorld' retrieved from /opt/airflow/dags/Assignment_8_Archive/helloWorld.py
[2024-11-11T23:58:20.416+0000] {logging_mixin.py:188} INFO - [2024-11-11T23:58:20.415+0000] {dag.py:3096} INFO - Sync 1 DAGs
[2024-11-11T23:58:20.478+0000] {logging_mixin.py:188} INFO - [2024-11-11T23:58:20.478+0000] {dag.py:3954} INFO - Setting next_dagrun for HelloWorld to 2024-11-10 02:00:00+00:00, run_after=2024-11-11 02:00:00+00:00
[2024-11-11T23:58:20.517+0000] {processor.py:183} INFO - Processing /opt/airflow/dags/Assignment_8_Archive/helloWorld.py took 0.193 seconds
[2024-11-11T23:58:50.946+0000] {processor.py:161} INFO - Started process (PID=4986) to work on /opt/airflow/dags/Assignment_8_Archive/helloWorld.py
[2024-11-11T23:58:50.948+0000] {processor.py:830} INFO - Processing file /opt/airflow/dags/Assignment_8_Archive/helloWorld.py for tasks to queue
[2024-11-11T23:58:50.951+0000] {logging_mixin.py:188} INFO - [2024-11-11T23:58:50.951+0000] {dagbag.py:545} INFO - Filling up the DagBag from /opt/airflow/dags/Assignment_8_Archive/helloWorld.py
[2024-11-11T23:58:50.993+0000] {processor.py:840} INFO - DAG(s) 'HelloWorld' retrieved from /opt/airflow/dags/Assignment_8_Archive/helloWorld.py
[2024-11-11T23:58:51.025+0000] {logging_mixin.py:188} INFO - [2024-11-11T23:58:51.025+0000] {dag.py:3096} INFO - Sync 1 DAGs
[2024-11-11T23:58:51.063+0000] {logging_mixin.py:188} INFO - [2024-11-11T23:58:51.062+0000] {dag.py:3954} INFO - Setting next_dagrun for HelloWorld to 2024-11-10 02:00:00+00:00, run_after=2024-11-11 02:00:00+00:00
[2024-11-11T23:58:51.103+0000] {processor.py:183} INFO - Processing /opt/airflow/dags/Assignment_8_Archive/helloWorld.py took 0.167 seconds
[2024-11-11T23:59:21.798+0000] {processor.py:161} INFO - Started process (PID=5047) to work on /opt/airflow/dags/Assignment_8_Archive/helloWorld.py
[2024-11-11T23:59:21.799+0000] {processor.py:830} INFO - Processing file /opt/airflow/dags/Assignment_8_Archive/helloWorld.py for tasks to queue
[2024-11-11T23:59:21.802+0000] {logging_mixin.py:188} INFO - [2024-11-11T23:59:21.801+0000] {dagbag.py:545} INFO - Filling up the DagBag from /opt/airflow/dags/Assignment_8_Archive/helloWorld.py
[2024-11-11T23:59:21.840+0000] {processor.py:840} INFO - DAG(s) 'HelloWorld' retrieved from /opt/airflow/dags/Assignment_8_Archive/helloWorld.py
[2024-11-11T23:59:21.869+0000] {logging_mixin.py:188} INFO - [2024-11-11T23:59:21.869+0000] {dag.py:3096} INFO - Sync 1 DAGs
[2024-11-11T23:59:21.896+0000] {logging_mixin.py:188} INFO - [2024-11-11T23:59:21.896+0000] {dag.py:3954} INFO - Setting next_dagrun for HelloWorld to 2024-11-10 02:00:00+00:00, run_after=2024-11-11 02:00:00+00:00
[2024-11-11T23:59:21.940+0000] {processor.py:183} INFO - Processing /opt/airflow/dags/Assignment_8_Archive/helloWorld.py took 0.153 seconds
[2024-11-11T23:59:52.344+0000] {processor.py:161} INFO - Started process (PID=5108) to work on /opt/airflow/dags/Assignment_8_Archive/helloWorld.py
[2024-11-11T23:59:52.347+0000] {processor.py:830} INFO - Processing file /opt/airflow/dags/Assignment_8_Archive/helloWorld.py for tasks to queue
[2024-11-11T23:59:52.351+0000] {logging_mixin.py:188} INFO - [2024-11-11T23:59:52.350+0000] {dagbag.py:545} INFO - Filling up the DagBag from /opt/airflow/dags/Assignment_8_Archive/helloWorld.py
[2024-11-11T23:59:52.381+0000] {processor.py:840} INFO - DAG(s) 'HelloWorld' retrieved from /opt/airflow/dags/Assignment_8_Archive/helloWorld.py
[2024-11-11T23:59:52.410+0000] {logging_mixin.py:188} INFO - [2024-11-11T23:59:52.409+0000] {dag.py:3096} INFO - Sync 1 DAGs
[2024-11-11T23:59:52.449+0000] {logging_mixin.py:188} INFO - [2024-11-11T23:59:52.449+0000] {dag.py:3954} INFO - Setting next_dagrun for HelloWorld to 2024-11-10 02:00:00+00:00, run_after=2024-11-11 02:00:00+00:00
[2024-11-11T23:59:52.488+0000] {processor.py:183} INFO - Processing /opt/airflow/dags/Assignment_8_Archive/helloWorld.py took 0.150 seconds
