[2024-11-11T23:17:47.683+0000] {processor.py:161} INFO - Started process (PID=107) to work on /opt/airflow/dags/Assignment_8_Archive/SessionToSnowflake.py
[2024-11-11T23:17:47.690+0000] {processor.py:830} INFO - Processing file /opt/airflow/dags/Assignment_8_Archive/SessionToSnowflake.py for tasks to queue
[2024-11-11T23:17:47.706+0000] {logging_mixin.py:188} INFO - [2024-11-11T23:17:47.705+0000] {dagbag.py:545} INFO - Filling up the DagBag from /opt/airflow/dags/Assignment_8_Archive/SessionToSnowflake.py
[2024-11-11T23:17:47.777+0000] {processor.py:840} INFO - DAG(s) 'SessionToSnowflake' retrieved from /opt/airflow/dags/Assignment_8_Archive/SessionToSnowflake.py
[2024-11-11T23:17:47.886+0000] {logging_mixin.py:188} INFO - [2024-11-11T23:17:47.885+0000] {dag.py:3096} INFO - Sync 1 DAGs
[2024-11-11T23:17:47.946+0000] {logging_mixin.py:188} INFO - [2024-11-11T23:17:47.945+0000] {dag.py:3954} INFO - Setting next_dagrun for SessionToSnowflake to 2024-11-10 06:00:00+00:00, run_after=2024-11-11 06:00:00+00:00
[2024-11-11T23:17:47.998+0000] {processor.py:183} INFO - Processing /opt/airflow/dags/Assignment_8_Archive/SessionToSnowflake.py took 0.326 seconds
[2024-11-11T23:18:18.258+0000] {processor.py:161} INFO - Started process (PID=167) to work on /opt/airflow/dags/Assignment_8_Archive/SessionToSnowflake.py
[2024-11-11T23:18:18.261+0000] {processor.py:830} INFO - Processing file /opt/airflow/dags/Assignment_8_Archive/SessionToSnowflake.py for tasks to queue
[2024-11-11T23:18:18.272+0000] {logging_mixin.py:188} INFO - [2024-11-11T23:18:18.267+0000] {dagbag.py:545} INFO - Filling up the DagBag from /opt/airflow/dags/Assignment_8_Archive/SessionToSnowflake.py
[2024-11-11T23:18:18.375+0000] {processor.py:840} INFO - DAG(s) 'SessionToSnowflake' retrieved from /opt/airflow/dags/Assignment_8_Archive/SessionToSnowflake.py
[2024-11-11T23:18:18.419+0000] {logging_mixin.py:188} INFO - [2024-11-11T23:18:18.418+0000] {dag.py:3096} INFO - Sync 1 DAGs
[2024-11-11T23:18:18.516+0000] {logging_mixin.py:188} INFO - [2024-11-11T23:18:18.515+0000] {dag.py:3954} INFO - Setting next_dagrun for SessionToSnowflake to 2024-11-10 06:00:00+00:00, run_after=2024-11-11 06:00:00+00:00
[2024-11-11T23:18:18.565+0000] {processor.py:183} INFO - Processing /opt/airflow/dags/Assignment_8_Archive/SessionToSnowflake.py took 0.324 seconds
[2024-11-11T23:18:49.549+0000] {processor.py:161} INFO - Started process (PID=228) to work on /opt/airflow/dags/Assignment_8_Archive/SessionToSnowflake.py
[2024-11-11T23:18:49.551+0000] {processor.py:830} INFO - Processing file /opt/airflow/dags/Assignment_8_Archive/SessionToSnowflake.py for tasks to queue
[2024-11-11T23:18:49.556+0000] {logging_mixin.py:188} INFO - [2024-11-11T23:18:49.555+0000] {dagbag.py:545} INFO - Filling up the DagBag from /opt/airflow/dags/Assignment_8_Archive/SessionToSnowflake.py
[2024-11-11T23:18:49.607+0000] {processor.py:840} INFO - DAG(s) 'SessionToSnowflake' retrieved from /opt/airflow/dags/Assignment_8_Archive/SessionToSnowflake.py
[2024-11-11T23:18:49.650+0000] {logging_mixin.py:188} INFO - [2024-11-11T23:18:49.649+0000] {dag.py:3096} INFO - Sync 1 DAGs
[2024-11-11T23:18:49.722+0000] {logging_mixin.py:188} INFO - [2024-11-11T23:18:49.721+0000] {dag.py:3954} INFO - Setting next_dagrun for SessionToSnowflake to 2024-11-10 06:00:00+00:00, run_after=2024-11-11 06:00:00+00:00
[2024-11-11T23:18:49.774+0000] {processor.py:183} INFO - Processing /opt/airflow/dags/Assignment_8_Archive/SessionToSnowflake.py took 0.236 seconds
[2024-11-11T23:19:20.244+0000] {processor.py:161} INFO - Started process (PID=289) to work on /opt/airflow/dags/Assignment_8_Archive/SessionToSnowflake.py
[2024-11-11T23:19:20.246+0000] {processor.py:830} INFO - Processing file /opt/airflow/dags/Assignment_8_Archive/SessionToSnowflake.py for tasks to queue
[2024-11-11T23:19:20.249+0000] {logging_mixin.py:188} INFO - [2024-11-11T23:19:20.248+0000] {dagbag.py:545} INFO - Filling up the DagBag from /opt/airflow/dags/Assignment_8_Archive/SessionToSnowflake.py
[2024-11-11T23:19:20.276+0000] {processor.py:840} INFO - DAG(s) 'SessionToSnowflake' retrieved from /opt/airflow/dags/Assignment_8_Archive/SessionToSnowflake.py
[2024-11-11T23:19:20.340+0000] {logging_mixin.py:188} INFO - [2024-11-11T23:19:20.339+0000] {dag.py:3096} INFO - Sync 1 DAGs
[2024-11-11T23:19:20.391+0000] {logging_mixin.py:188} INFO - [2024-11-11T23:19:20.391+0000] {dag.py:3954} INFO - Setting next_dagrun for SessionToSnowflake to 2024-11-10 06:00:00+00:00, run_after=2024-11-11 06:00:00+00:00
[2024-11-11T23:19:20.438+0000] {processor.py:183} INFO - Processing /opt/airflow/dags/Assignment_8_Archive/SessionToSnowflake.py took 0.201 seconds
[2024-11-11T23:19:50.593+0000] {processor.py:161} INFO - Started process (PID=350) to work on /opt/airflow/dags/Assignment_8_Archive/SessionToSnowflake.py
[2024-11-11T23:19:50.595+0000] {processor.py:830} INFO - Processing file /opt/airflow/dags/Assignment_8_Archive/SessionToSnowflake.py for tasks to queue
[2024-11-11T23:19:50.598+0000] {logging_mixin.py:188} INFO - [2024-11-11T23:19:50.597+0000] {dagbag.py:545} INFO - Filling up the DagBag from /opt/airflow/dags/Assignment_8_Archive/SessionToSnowflake.py
[2024-11-11T23:19:50.637+0000] {processor.py:840} INFO - DAG(s) 'SessionToSnowflake' retrieved from /opt/airflow/dags/Assignment_8_Archive/SessionToSnowflake.py
[2024-11-11T23:19:50.666+0000] {logging_mixin.py:188} INFO - [2024-11-11T23:19:50.665+0000] {dag.py:3096} INFO - Sync 1 DAGs
[2024-11-11T23:19:50.693+0000] {logging_mixin.py:188} INFO - [2024-11-11T23:19:50.693+0000] {dag.py:3954} INFO - Setting next_dagrun for SessionToSnowflake to 2024-11-10 06:00:00+00:00, run_after=2024-11-11 06:00:00+00:00
[2024-11-11T23:19:50.727+0000] {processor.py:183} INFO - Processing /opt/airflow/dags/Assignment_8_Archive/SessionToSnowflake.py took 0.141 seconds
[2024-11-11T23:20:21.061+0000] {processor.py:161} INFO - Started process (PID=411) to work on /opt/airflow/dags/Assignment_8_Archive/SessionToSnowflake.py
[2024-11-11T23:20:21.063+0000] {processor.py:830} INFO - Processing file /opt/airflow/dags/Assignment_8_Archive/SessionToSnowflake.py for tasks to queue
[2024-11-11T23:20:21.067+0000] {logging_mixin.py:188} INFO - [2024-11-11T23:20:21.067+0000] {dagbag.py:545} INFO - Filling up the DagBag from /opt/airflow/dags/Assignment_8_Archive/SessionToSnowflake.py
[2024-11-11T23:20:21.103+0000] {processor.py:840} INFO - DAG(s) 'SessionToSnowflake' retrieved from /opt/airflow/dags/Assignment_8_Archive/SessionToSnowflake.py
[2024-11-11T23:20:21.136+0000] {logging_mixin.py:188} INFO - [2024-11-11T23:20:21.135+0000] {dag.py:3096} INFO - Sync 1 DAGs
[2024-11-11T23:20:21.166+0000] {logging_mixin.py:188} INFO - [2024-11-11T23:20:21.166+0000] {dag.py:3954} INFO - Setting next_dagrun for SessionToSnowflake to 2024-11-10 06:00:00+00:00, run_after=2024-11-11 06:00:00+00:00
[2024-11-11T23:20:21.218+0000] {processor.py:183} INFO - Processing /opt/airflow/dags/Assignment_8_Archive/SessionToSnowflake.py took 0.166 seconds
[2024-11-11T23:20:51.938+0000] {processor.py:161} INFO - Started process (PID=472) to work on /opt/airflow/dags/Assignment_8_Archive/SessionToSnowflake.py
[2024-11-11T23:20:51.939+0000] {processor.py:830} INFO - Processing file /opt/airflow/dags/Assignment_8_Archive/SessionToSnowflake.py for tasks to queue
[2024-11-11T23:20:51.942+0000] {logging_mixin.py:188} INFO - [2024-11-11T23:20:51.942+0000] {dagbag.py:545} INFO - Filling up the DagBag from /opt/airflow/dags/Assignment_8_Archive/SessionToSnowflake.py
[2024-11-11T23:20:51.981+0000] {processor.py:840} INFO - DAG(s) 'SessionToSnowflake' retrieved from /opt/airflow/dags/Assignment_8_Archive/SessionToSnowflake.py
[2024-11-11T23:20:52.012+0000] {logging_mixin.py:188} INFO - [2024-11-11T23:20:52.011+0000] {dag.py:3096} INFO - Sync 1 DAGs
[2024-11-11T23:20:52.049+0000] {logging_mixin.py:188} INFO - [2024-11-11T23:20:52.049+0000] {dag.py:3954} INFO - Setting next_dagrun for SessionToSnowflake to 2024-11-10 06:00:00+00:00, run_after=2024-11-11 06:00:00+00:00
[2024-11-11T23:20:52.088+0000] {processor.py:183} INFO - Processing /opt/airflow/dags/Assignment_8_Archive/SessionToSnowflake.py took 0.157 seconds
[2024-11-11T23:21:23.035+0000] {processor.py:161} INFO - Started process (PID=533) to work on /opt/airflow/dags/Assignment_8_Archive/SessionToSnowflake.py
[2024-11-11T23:21:23.042+0000] {processor.py:830} INFO - Processing file /opt/airflow/dags/Assignment_8_Archive/SessionToSnowflake.py for tasks to queue
[2024-11-11T23:21:23.045+0000] {logging_mixin.py:188} INFO - [2024-11-11T23:21:23.045+0000] {dagbag.py:545} INFO - Filling up the DagBag from /opt/airflow/dags/Assignment_8_Archive/SessionToSnowflake.py
[2024-11-11T23:21:23.087+0000] {processor.py:840} INFO - DAG(s) 'SessionToSnowflake' retrieved from /opt/airflow/dags/Assignment_8_Archive/SessionToSnowflake.py
[2024-11-11T23:21:23.122+0000] {logging_mixin.py:188} INFO - [2024-11-11T23:21:23.121+0000] {dag.py:3096} INFO - Sync 1 DAGs
[2024-11-11T23:21:23.159+0000] {logging_mixin.py:188} INFO - [2024-11-11T23:21:23.159+0000] {dag.py:3954} INFO - Setting next_dagrun for SessionToSnowflake to 2024-11-10 06:00:00+00:00, run_after=2024-11-11 06:00:00+00:00
[2024-11-11T23:21:23.204+0000] {processor.py:183} INFO - Processing /opt/airflow/dags/Assignment_8_Archive/SessionToSnowflake.py took 0.177 seconds
[2024-11-11T23:21:53.773+0000] {processor.py:161} INFO - Started process (PID=594) to work on /opt/airflow/dags/Assignment_8_Archive/SessionToSnowflake.py
[2024-11-11T23:21:53.775+0000] {processor.py:830} INFO - Processing file /opt/airflow/dags/Assignment_8_Archive/SessionToSnowflake.py for tasks to queue
[2024-11-11T23:21:53.781+0000] {logging_mixin.py:188} INFO - [2024-11-11T23:21:53.780+0000] {dagbag.py:545} INFO - Filling up the DagBag from /opt/airflow/dags/Assignment_8_Archive/SessionToSnowflake.py
[2024-11-11T23:21:53.830+0000] {processor.py:840} INFO - DAG(s) 'SessionToSnowflake' retrieved from /opt/airflow/dags/Assignment_8_Archive/SessionToSnowflake.py
[2024-11-11T23:21:53.862+0000] {logging_mixin.py:188} INFO - [2024-11-11T23:21:53.861+0000] {dag.py:3096} INFO - Sync 1 DAGs
[2024-11-11T23:21:53.897+0000] {logging_mixin.py:188} INFO - [2024-11-11T23:21:53.897+0000] {dag.py:3954} INFO - Setting next_dagrun for SessionToSnowflake to 2024-11-10 06:00:00+00:00, run_after=2024-11-11 06:00:00+00:00
[2024-11-11T23:21:53.936+0000] {processor.py:183} INFO - Processing /opt/airflow/dags/Assignment_8_Archive/SessionToSnowflake.py took 0.172 seconds
[2024-11-11T23:22:24.820+0000] {processor.py:161} INFO - Started process (PID=655) to work on /opt/airflow/dags/Assignment_8_Archive/SessionToSnowflake.py
[2024-11-11T23:22:24.822+0000] {processor.py:830} INFO - Processing file /opt/airflow/dags/Assignment_8_Archive/SessionToSnowflake.py for tasks to queue
[2024-11-11T23:22:24.824+0000] {logging_mixin.py:188} INFO - [2024-11-11T23:22:24.824+0000] {dagbag.py:545} INFO - Filling up the DagBag from /opt/airflow/dags/Assignment_8_Archive/SessionToSnowflake.py
[2024-11-11T23:22:24.856+0000] {processor.py:840} INFO - DAG(s) 'SessionToSnowflake' retrieved from /opt/airflow/dags/Assignment_8_Archive/SessionToSnowflake.py
[2024-11-11T23:22:24.881+0000] {logging_mixin.py:188} INFO - [2024-11-11T23:22:24.881+0000] {dag.py:3096} INFO - Sync 1 DAGs
[2024-11-11T23:22:24.909+0000] {logging_mixin.py:188} INFO - [2024-11-11T23:22:24.909+0000] {dag.py:3954} INFO - Setting next_dagrun for SessionToSnowflake to 2024-11-10 06:00:00+00:00, run_after=2024-11-11 06:00:00+00:00
[2024-11-11T23:22:24.939+0000] {processor.py:183} INFO - Processing /opt/airflow/dags/Assignment_8_Archive/SessionToSnowflake.py took 0.126 seconds
[2024-11-11T23:22:55.541+0000] {processor.py:161} INFO - Started process (PID=716) to work on /opt/airflow/dags/Assignment_8_Archive/SessionToSnowflake.py
[2024-11-11T23:22:55.543+0000] {processor.py:830} INFO - Processing file /opt/airflow/dags/Assignment_8_Archive/SessionToSnowflake.py for tasks to queue
[2024-11-11T23:22:55.549+0000] {logging_mixin.py:188} INFO - [2024-11-11T23:22:55.548+0000] {dagbag.py:545} INFO - Filling up the DagBag from /opt/airflow/dags/Assignment_8_Archive/SessionToSnowflake.py
[2024-11-11T23:22:55.600+0000] {processor.py:840} INFO - DAG(s) 'SessionToSnowflake' retrieved from /opt/airflow/dags/Assignment_8_Archive/SessionToSnowflake.py
[2024-11-11T23:22:55.639+0000] {logging_mixin.py:188} INFO - [2024-11-11T23:22:55.638+0000] {dag.py:3096} INFO - Sync 1 DAGs
[2024-11-11T23:22:55.702+0000] {logging_mixin.py:188} INFO - [2024-11-11T23:22:55.702+0000] {dag.py:3954} INFO - Setting next_dagrun for SessionToSnowflake to 2024-11-10 06:00:00+00:00, run_after=2024-11-11 06:00:00+00:00
[2024-11-11T23:22:55.750+0000] {processor.py:183} INFO - Processing /opt/airflow/dags/Assignment_8_Archive/SessionToSnowflake.py took 0.221 seconds
[2024-11-11T23:23:26.367+0000] {processor.py:161} INFO - Started process (PID=781) to work on /opt/airflow/dags/Assignment_8_Archive/SessionToSnowflake.py
[2024-11-11T23:23:26.369+0000] {processor.py:830} INFO - Processing file /opt/airflow/dags/Assignment_8_Archive/SessionToSnowflake.py for tasks to queue
[2024-11-11T23:23:26.373+0000] {logging_mixin.py:188} INFO - [2024-11-11T23:23:26.372+0000] {dagbag.py:545} INFO - Filling up the DagBag from /opt/airflow/dags/Assignment_8_Archive/SessionToSnowflake.py
[2024-11-11T23:23:26.419+0000] {processor.py:840} INFO - DAG(s) 'SessionToSnowflake' retrieved from /opt/airflow/dags/Assignment_8_Archive/SessionToSnowflake.py
[2024-11-11T23:23:26.459+0000] {logging_mixin.py:188} INFO - [2024-11-11T23:23:26.457+0000] {dag.py:3096} INFO - Sync 1 DAGs
[2024-11-11T23:23:26.507+0000] {logging_mixin.py:188} INFO - [2024-11-11T23:23:26.507+0000] {dag.py:3954} INFO - Setting next_dagrun for SessionToSnowflake to 2024-11-10 06:00:00+00:00, run_after=2024-11-11 06:00:00+00:00
[2024-11-11T23:23:26.546+0000] {processor.py:183} INFO - Processing /opt/airflow/dags/Assignment_8_Archive/SessionToSnowflake.py took 0.190 seconds
[2024-11-11T23:23:56.666+0000] {processor.py:161} INFO - Started process (PID=842) to work on /opt/airflow/dags/Assignment_8_Archive/SessionToSnowflake.py
[2024-11-11T23:23:56.668+0000] {processor.py:830} INFO - Processing file /opt/airflow/dags/Assignment_8_Archive/SessionToSnowflake.py for tasks to queue
[2024-11-11T23:23:56.672+0000] {logging_mixin.py:188} INFO - [2024-11-11T23:23:56.671+0000] {dagbag.py:545} INFO - Filling up the DagBag from /opt/airflow/dags/Assignment_8_Archive/SessionToSnowflake.py
[2024-11-11T23:23:56.721+0000] {processor.py:840} INFO - DAG(s) 'SessionToSnowflake' retrieved from /opt/airflow/dags/Assignment_8_Archive/SessionToSnowflake.py
[2024-11-11T23:23:56.771+0000] {logging_mixin.py:188} INFO - [2024-11-11T23:23:56.769+0000] {dag.py:3096} INFO - Sync 1 DAGs
[2024-11-11T23:23:56.834+0000] {logging_mixin.py:188} INFO - [2024-11-11T23:23:56.833+0000] {dag.py:3954} INFO - Setting next_dagrun for SessionToSnowflake to 2024-11-10 06:00:00+00:00, run_after=2024-11-11 06:00:00+00:00
[2024-11-11T23:23:56.886+0000] {processor.py:183} INFO - Processing /opt/airflow/dags/Assignment_8_Archive/SessionToSnowflake.py took 0.231 seconds
[2024-11-11T23:24:27.568+0000] {processor.py:161} INFO - Started process (PID=903) to work on /opt/airflow/dags/Assignment_8_Archive/SessionToSnowflake.py
[2024-11-11T23:24:27.570+0000] {processor.py:830} INFO - Processing file /opt/airflow/dags/Assignment_8_Archive/SessionToSnowflake.py for tasks to queue
[2024-11-11T23:24:27.574+0000] {logging_mixin.py:188} INFO - [2024-11-11T23:24:27.573+0000] {dagbag.py:545} INFO - Filling up the DagBag from /opt/airflow/dags/Assignment_8_Archive/SessionToSnowflake.py
[2024-11-11T23:24:27.616+0000] {processor.py:840} INFO - DAG(s) 'SessionToSnowflake' retrieved from /opt/airflow/dags/Assignment_8_Archive/SessionToSnowflake.py
[2024-11-11T23:24:27.650+0000] {logging_mixin.py:188} INFO - [2024-11-11T23:24:27.650+0000] {dag.py:3096} INFO - Sync 1 DAGs
[2024-11-11T23:24:27.693+0000] {logging_mixin.py:188} INFO - [2024-11-11T23:24:27.692+0000] {dag.py:3954} INFO - Setting next_dagrun for SessionToSnowflake to 2024-11-10 06:00:00+00:00, run_after=2024-11-11 06:00:00+00:00
[2024-11-11T23:24:27.735+0000] {processor.py:183} INFO - Processing /opt/airflow/dags/Assignment_8_Archive/SessionToSnowflake.py took 0.176 seconds
[2024-11-11T23:24:58.168+0000] {processor.py:161} INFO - Started process (PID=964) to work on /opt/airflow/dags/Assignment_8_Archive/SessionToSnowflake.py
[2024-11-11T23:24:58.172+0000] {processor.py:830} INFO - Processing file /opt/airflow/dags/Assignment_8_Archive/SessionToSnowflake.py for tasks to queue
[2024-11-11T23:24:58.176+0000] {logging_mixin.py:188} INFO - [2024-11-11T23:24:58.175+0000] {dagbag.py:545} INFO - Filling up the DagBag from /opt/airflow/dags/Assignment_8_Archive/SessionToSnowflake.py
[2024-11-11T23:24:58.235+0000] {processor.py:840} INFO - DAG(s) 'SessionToSnowflake' retrieved from /opt/airflow/dags/Assignment_8_Archive/SessionToSnowflake.py
[2024-11-11T23:24:58.264+0000] {logging_mixin.py:188} INFO - [2024-11-11T23:24:58.263+0000] {dag.py:3096} INFO - Sync 1 DAGs
[2024-11-11T23:24:58.302+0000] {logging_mixin.py:188} INFO - [2024-11-11T23:24:58.302+0000] {dag.py:3954} INFO - Setting next_dagrun for SessionToSnowflake to 2024-11-10 06:00:00+00:00, run_after=2024-11-11 06:00:00+00:00
[2024-11-11T23:24:58.368+0000] {processor.py:183} INFO - Processing /opt/airflow/dags/Assignment_8_Archive/SessionToSnowflake.py took 0.210 seconds
[2024-11-11T23:25:28.451+0000] {processor.py:161} INFO - Started process (PID=1025) to work on /opt/airflow/dags/Assignment_8_Archive/SessionToSnowflake.py
[2024-11-11T23:25:28.454+0000] {processor.py:830} INFO - Processing file /opt/airflow/dags/Assignment_8_Archive/SessionToSnowflake.py for tasks to queue
[2024-11-11T23:25:28.459+0000] {logging_mixin.py:188} INFO - [2024-11-11T23:25:28.458+0000] {dagbag.py:545} INFO - Filling up the DagBag from /opt/airflow/dags/Assignment_8_Archive/SessionToSnowflake.py
[2024-11-11T23:25:28.489+0000] {processor.py:840} INFO - DAG(s) 'SessionToSnowflake' retrieved from /opt/airflow/dags/Assignment_8_Archive/SessionToSnowflake.py
[2024-11-11T23:25:28.515+0000] {logging_mixin.py:188} INFO - [2024-11-11T23:25:28.515+0000] {dag.py:3096} INFO - Sync 1 DAGs
[2024-11-11T23:25:28.546+0000] {logging_mixin.py:188} INFO - [2024-11-11T23:25:28.546+0000] {dag.py:3954} INFO - Setting next_dagrun for SessionToSnowflake to 2024-11-10 06:00:00+00:00, run_after=2024-11-11 06:00:00+00:00
[2024-11-11T23:25:28.580+0000] {processor.py:183} INFO - Processing /opt/airflow/dags/Assignment_8_Archive/SessionToSnowflake.py took 0.137 seconds
[2024-11-11T23:25:58.826+0000] {processor.py:161} INFO - Started process (PID=1087) to work on /opt/airflow/dags/Assignment_8_Archive/SessionToSnowflake.py
[2024-11-11T23:25:58.827+0000] {processor.py:830} INFO - Processing file /opt/airflow/dags/Assignment_8_Archive/SessionToSnowflake.py for tasks to queue
[2024-11-11T23:25:58.831+0000] {logging_mixin.py:188} INFO - [2024-11-11T23:25:58.830+0000] {dagbag.py:545} INFO - Filling up the DagBag from /opt/airflow/dags/Assignment_8_Archive/SessionToSnowflake.py
[2024-11-11T23:25:58.880+0000] {processor.py:840} INFO - DAG(s) 'SessionToSnowflake' retrieved from /opt/airflow/dags/Assignment_8_Archive/SessionToSnowflake.py
[2024-11-11T23:25:58.907+0000] {logging_mixin.py:188} INFO - [2024-11-11T23:25:58.906+0000] {dag.py:3096} INFO - Sync 1 DAGs
[2024-11-11T23:25:58.931+0000] {logging_mixin.py:188} INFO - [2024-11-11T23:25:58.931+0000] {dag.py:3954} INFO - Setting next_dagrun for SessionToSnowflake to 2024-11-10 06:00:00+00:00, run_after=2024-11-11 06:00:00+00:00
[2024-11-11T23:25:58.962+0000] {processor.py:183} INFO - Processing /opt/airflow/dags/Assignment_8_Archive/SessionToSnowflake.py took 0.142 seconds
[2024-11-11T23:26:29.123+0000] {processor.py:161} INFO - Started process (PID=1147) to work on /opt/airflow/dags/Assignment_8_Archive/SessionToSnowflake.py
[2024-11-11T23:26:29.124+0000] {processor.py:830} INFO - Processing file /opt/airflow/dags/Assignment_8_Archive/SessionToSnowflake.py for tasks to queue
[2024-11-11T23:26:29.126+0000] {logging_mixin.py:188} INFO - [2024-11-11T23:26:29.126+0000] {dagbag.py:545} INFO - Filling up the DagBag from /opt/airflow/dags/Assignment_8_Archive/SessionToSnowflake.py
[2024-11-11T23:26:29.159+0000] {processor.py:840} INFO - DAG(s) 'SessionToSnowflake' retrieved from /opt/airflow/dags/Assignment_8_Archive/SessionToSnowflake.py
[2024-11-11T23:26:29.184+0000] {logging_mixin.py:188} INFO - [2024-11-11T23:26:29.184+0000] {dag.py:3096} INFO - Sync 1 DAGs
[2024-11-11T23:26:29.216+0000] {logging_mixin.py:188} INFO - [2024-11-11T23:26:29.216+0000] {dag.py:3954} INFO - Setting next_dagrun for SessionToSnowflake to 2024-11-10 06:00:00+00:00, run_after=2024-11-11 06:00:00+00:00
[2024-11-11T23:26:29.250+0000] {processor.py:183} INFO - Processing /opt/airflow/dags/Assignment_8_Archive/SessionToSnowflake.py took 0.134 seconds
[2024-11-11T23:26:59.766+0000] {processor.py:161} INFO - Started process (PID=1208) to work on /opt/airflow/dags/Assignment_8_Archive/SessionToSnowflake.py
[2024-11-11T23:26:59.767+0000] {processor.py:830} INFO - Processing file /opt/airflow/dags/Assignment_8_Archive/SessionToSnowflake.py for tasks to queue
[2024-11-11T23:26:59.769+0000] {logging_mixin.py:188} INFO - [2024-11-11T23:26:59.769+0000] {dagbag.py:545} INFO - Filling up the DagBag from /opt/airflow/dags/Assignment_8_Archive/SessionToSnowflake.py
[2024-11-11T23:26:59.800+0000] {processor.py:840} INFO - DAG(s) 'SessionToSnowflake' retrieved from /opt/airflow/dags/Assignment_8_Archive/SessionToSnowflake.py
[2024-11-11T23:26:59.827+0000] {logging_mixin.py:188} INFO - [2024-11-11T23:26:59.826+0000] {dag.py:3096} INFO - Sync 1 DAGs
[2024-11-11T23:26:59.863+0000] {logging_mixin.py:188} INFO - [2024-11-11T23:26:59.863+0000] {dag.py:3954} INFO - Setting next_dagrun for SessionToSnowflake to 2024-11-10 06:00:00+00:00, run_after=2024-11-11 06:00:00+00:00
[2024-11-11T23:26:59.903+0000] {processor.py:183} INFO - Processing /opt/airflow/dags/Assignment_8_Archive/SessionToSnowflake.py took 0.144 seconds
[2024-11-11T23:27:30.558+0000] {processor.py:161} INFO - Started process (PID=1269) to work on /opt/airflow/dags/Assignment_8_Archive/SessionToSnowflake.py
[2024-11-11T23:27:30.559+0000] {processor.py:830} INFO - Processing file /opt/airflow/dags/Assignment_8_Archive/SessionToSnowflake.py for tasks to queue
[2024-11-11T23:27:30.561+0000] {logging_mixin.py:188} INFO - [2024-11-11T23:27:30.561+0000] {dagbag.py:545} INFO - Filling up the DagBag from /opt/airflow/dags/Assignment_8_Archive/SessionToSnowflake.py
[2024-11-11T23:27:30.593+0000] {processor.py:840} INFO - DAG(s) 'SessionToSnowflake' retrieved from /opt/airflow/dags/Assignment_8_Archive/SessionToSnowflake.py
[2024-11-11T23:27:30.617+0000] {logging_mixin.py:188} INFO - [2024-11-11T23:27:30.616+0000] {dag.py:3096} INFO - Sync 1 DAGs
[2024-11-11T23:27:30.643+0000] {logging_mixin.py:188} INFO - [2024-11-11T23:27:30.643+0000] {dag.py:3954} INFO - Setting next_dagrun for SessionToSnowflake to 2024-11-10 06:00:00+00:00, run_after=2024-11-11 06:00:00+00:00
[2024-11-11T23:27:30.675+0000] {processor.py:183} INFO - Processing /opt/airflow/dags/Assignment_8_Archive/SessionToSnowflake.py took 0.124 seconds
[2024-11-11T23:28:01.412+0000] {processor.py:161} INFO - Started process (PID=1330) to work on /opt/airflow/dags/Assignment_8_Archive/SessionToSnowflake.py
[2024-11-11T23:28:01.414+0000] {processor.py:830} INFO - Processing file /opt/airflow/dags/Assignment_8_Archive/SessionToSnowflake.py for tasks to queue
[2024-11-11T23:28:01.417+0000] {logging_mixin.py:188} INFO - [2024-11-11T23:28:01.416+0000] {dagbag.py:545} INFO - Filling up the DagBag from /opt/airflow/dags/Assignment_8_Archive/SessionToSnowflake.py
[2024-11-11T23:28:01.449+0000] {processor.py:840} INFO - DAG(s) 'SessionToSnowflake' retrieved from /opt/airflow/dags/Assignment_8_Archive/SessionToSnowflake.py
[2024-11-11T23:28:01.475+0000] {logging_mixin.py:188} INFO - [2024-11-11T23:28:01.474+0000] {dag.py:3096} INFO - Sync 1 DAGs
[2024-11-11T23:28:01.503+0000] {logging_mixin.py:188} INFO - [2024-11-11T23:28:01.503+0000] {dag.py:3954} INFO - Setting next_dagrun for SessionToSnowflake to 2024-11-10 06:00:00+00:00, run_after=2024-11-11 06:00:00+00:00
[2024-11-11T23:28:01.537+0000] {processor.py:183} INFO - Processing /opt/airflow/dags/Assignment_8_Archive/SessionToSnowflake.py took 0.133 seconds
[2024-11-11T23:28:31.930+0000] {processor.py:161} INFO - Started process (PID=1391) to work on /opt/airflow/dags/Assignment_8_Archive/SessionToSnowflake.py
[2024-11-11T23:28:31.932+0000] {processor.py:830} INFO - Processing file /opt/airflow/dags/Assignment_8_Archive/SessionToSnowflake.py for tasks to queue
[2024-11-11T23:28:31.935+0000] {logging_mixin.py:188} INFO - [2024-11-11T23:28:31.934+0000] {dagbag.py:545} INFO - Filling up the DagBag from /opt/airflow/dags/Assignment_8_Archive/SessionToSnowflake.py
[2024-11-11T23:28:31.970+0000] {processor.py:840} INFO - DAG(s) 'SessionToSnowflake' retrieved from /opt/airflow/dags/Assignment_8_Archive/SessionToSnowflake.py
[2024-11-11T23:28:31.998+0000] {logging_mixin.py:188} INFO - [2024-11-11T23:28:31.998+0000] {dag.py:3096} INFO - Sync 1 DAGs
[2024-11-11T23:28:32.029+0000] {logging_mixin.py:188} INFO - [2024-11-11T23:28:32.029+0000] {dag.py:3954} INFO - Setting next_dagrun for SessionToSnowflake to 2024-11-10 06:00:00+00:00, run_after=2024-11-11 06:00:00+00:00
[2024-11-11T23:28:32.066+0000] {processor.py:183} INFO - Processing /opt/airflow/dags/Assignment_8_Archive/SessionToSnowflake.py took 0.142 seconds
[2024-11-11T23:29:02.422+0000] {processor.py:161} INFO - Started process (PID=1452) to work on /opt/airflow/dags/Assignment_8_Archive/SessionToSnowflake.py
[2024-11-11T23:29:02.424+0000] {processor.py:830} INFO - Processing file /opt/airflow/dags/Assignment_8_Archive/SessionToSnowflake.py for tasks to queue
[2024-11-11T23:29:02.426+0000] {logging_mixin.py:188} INFO - [2024-11-11T23:29:02.426+0000] {dagbag.py:545} INFO - Filling up the DagBag from /opt/airflow/dags/Assignment_8_Archive/SessionToSnowflake.py
[2024-11-11T23:29:02.460+0000] {processor.py:840} INFO - DAG(s) 'SessionToSnowflake' retrieved from /opt/airflow/dags/Assignment_8_Archive/SessionToSnowflake.py
[2024-11-11T23:29:02.487+0000] {logging_mixin.py:188} INFO - [2024-11-11T23:29:02.486+0000] {dag.py:3096} INFO - Sync 1 DAGs
[2024-11-11T23:29:02.524+0000] {logging_mixin.py:188} INFO - [2024-11-11T23:29:02.523+0000] {dag.py:3954} INFO - Setting next_dagrun for SessionToSnowflake to 2024-11-10 06:00:00+00:00, run_after=2024-11-11 06:00:00+00:00
[2024-11-11T23:29:02.562+0000] {processor.py:183} INFO - Processing /opt/airflow/dags/Assignment_8_Archive/SessionToSnowflake.py took 0.148 seconds
[2024-11-11T23:29:32.760+0000] {processor.py:161} INFO - Started process (PID=1513) to work on /opt/airflow/dags/Assignment_8_Archive/SessionToSnowflake.py
[2024-11-11T23:29:32.761+0000] {processor.py:830} INFO - Processing file /opt/airflow/dags/Assignment_8_Archive/SessionToSnowflake.py for tasks to queue
[2024-11-11T23:29:32.764+0000] {logging_mixin.py:188} INFO - [2024-11-11T23:29:32.764+0000] {dagbag.py:545} INFO - Filling up the DagBag from /opt/airflow/dags/Assignment_8_Archive/SessionToSnowflake.py
[2024-11-11T23:29:32.802+0000] {processor.py:840} INFO - DAG(s) 'SessionToSnowflake' retrieved from /opt/airflow/dags/Assignment_8_Archive/SessionToSnowflake.py
[2024-11-11T23:29:32.837+0000] {logging_mixin.py:188} INFO - [2024-11-11T23:29:32.836+0000] {dag.py:3096} INFO - Sync 1 DAGs
[2024-11-11T23:29:32.881+0000] {logging_mixin.py:188} INFO - [2024-11-11T23:29:32.880+0000] {dag.py:3954} INFO - Setting next_dagrun for SessionToSnowflake to 2024-11-10 06:00:00+00:00, run_after=2024-11-11 06:00:00+00:00
[2024-11-11T23:29:32.926+0000] {processor.py:183} INFO - Processing /opt/airflow/dags/Assignment_8_Archive/SessionToSnowflake.py took 0.176 seconds
[2024-11-11T23:30:03.499+0000] {processor.py:161} INFO - Started process (PID=1574) to work on /opt/airflow/dags/Assignment_8_Archive/SessionToSnowflake.py
[2024-11-11T23:30:03.500+0000] {processor.py:830} INFO - Processing file /opt/airflow/dags/Assignment_8_Archive/SessionToSnowflake.py for tasks to queue
[2024-11-11T23:30:03.503+0000] {logging_mixin.py:188} INFO - [2024-11-11T23:30:03.502+0000] {dagbag.py:545} INFO - Filling up the DagBag from /opt/airflow/dags/Assignment_8_Archive/SessionToSnowflake.py
[2024-11-11T23:30:03.547+0000] {processor.py:840} INFO - DAG(s) 'SessionToSnowflake' retrieved from /opt/airflow/dags/Assignment_8_Archive/SessionToSnowflake.py
[2024-11-11T23:30:03.575+0000] {logging_mixin.py:188} INFO - [2024-11-11T23:30:03.575+0000] {dag.py:3096} INFO - Sync 1 DAGs
[2024-11-11T23:30:03.612+0000] {logging_mixin.py:188} INFO - [2024-11-11T23:30:03.611+0000] {dag.py:3954} INFO - Setting next_dagrun for SessionToSnowflake to 2024-11-10 06:00:00+00:00, run_after=2024-11-11 06:00:00+00:00
[2024-11-11T23:30:03.649+0000] {processor.py:183} INFO - Processing /opt/airflow/dags/Assignment_8_Archive/SessionToSnowflake.py took 0.158 seconds
[2024-11-11T23:30:33.803+0000] {processor.py:161} INFO - Started process (PID=1635) to work on /opt/airflow/dags/Assignment_8_Archive/SessionToSnowflake.py
[2024-11-11T23:30:33.805+0000] {processor.py:830} INFO - Processing file /opt/airflow/dags/Assignment_8_Archive/SessionToSnowflake.py for tasks to queue
[2024-11-11T23:30:33.808+0000] {logging_mixin.py:188} INFO - [2024-11-11T23:30:33.807+0000] {dagbag.py:545} INFO - Filling up the DagBag from /opt/airflow/dags/Assignment_8_Archive/SessionToSnowflake.py
[2024-11-11T23:30:33.849+0000] {processor.py:840} INFO - DAG(s) 'SessionToSnowflake' retrieved from /opt/airflow/dags/Assignment_8_Archive/SessionToSnowflake.py
[2024-11-11T23:30:33.885+0000] {logging_mixin.py:188} INFO - [2024-11-11T23:30:33.884+0000] {dag.py:3096} INFO - Sync 1 DAGs
[2024-11-11T23:30:33.935+0000] {logging_mixin.py:188} INFO - [2024-11-11T23:30:33.934+0000] {dag.py:3954} INFO - Setting next_dagrun for SessionToSnowflake to 2024-11-10 06:00:00+00:00, run_after=2024-11-11 06:00:00+00:00
[2024-11-11T23:30:33.974+0000] {processor.py:183} INFO - Processing /opt/airflow/dags/Assignment_8_Archive/SessionToSnowflake.py took 0.179 seconds
[2024-11-11T23:31:04.171+0000] {processor.py:161} INFO - Started process (PID=1696) to work on /opt/airflow/dags/Assignment_8_Archive/SessionToSnowflake.py
[2024-11-11T23:31:04.173+0000] {processor.py:830} INFO - Processing file /opt/airflow/dags/Assignment_8_Archive/SessionToSnowflake.py for tasks to queue
[2024-11-11T23:31:04.176+0000] {logging_mixin.py:188} INFO - [2024-11-11T23:31:04.176+0000] {dagbag.py:545} INFO - Filling up the DagBag from /opt/airflow/dags/Assignment_8_Archive/SessionToSnowflake.py
[2024-11-11T23:31:04.213+0000] {processor.py:840} INFO - DAG(s) 'SessionToSnowflake' retrieved from /opt/airflow/dags/Assignment_8_Archive/SessionToSnowflake.py
[2024-11-11T23:31:04.243+0000] {logging_mixin.py:188} INFO - [2024-11-11T23:31:04.242+0000] {dag.py:3096} INFO - Sync 1 DAGs
[2024-11-11T23:31:04.277+0000] {logging_mixin.py:188} INFO - [2024-11-11T23:31:04.276+0000] {dag.py:3954} INFO - Setting next_dagrun for SessionToSnowflake to 2024-11-10 06:00:00+00:00, run_after=2024-11-11 06:00:00+00:00
[2024-11-11T23:31:04.316+0000] {processor.py:183} INFO - Processing /opt/airflow/dags/Assignment_8_Archive/SessionToSnowflake.py took 0.154 seconds
[2024-11-11T23:31:34.478+0000] {processor.py:161} INFO - Started process (PID=1757) to work on /opt/airflow/dags/Assignment_8_Archive/SessionToSnowflake.py
[2024-11-11T23:31:34.480+0000] {processor.py:830} INFO - Processing file /opt/airflow/dags/Assignment_8_Archive/SessionToSnowflake.py for tasks to queue
[2024-11-11T23:31:34.485+0000] {logging_mixin.py:188} INFO - [2024-11-11T23:31:34.484+0000] {dagbag.py:545} INFO - Filling up the DagBag from /opt/airflow/dags/Assignment_8_Archive/SessionToSnowflake.py
[2024-11-11T23:31:34.531+0000] {processor.py:840} INFO - DAG(s) 'SessionToSnowflake' retrieved from /opt/airflow/dags/Assignment_8_Archive/SessionToSnowflake.py
[2024-11-11T23:31:34.576+0000] {logging_mixin.py:188} INFO - [2024-11-11T23:31:34.574+0000] {dag.py:3096} INFO - Sync 1 DAGs
[2024-11-11T23:31:34.627+0000] {logging_mixin.py:188} INFO - [2024-11-11T23:31:34.627+0000] {dag.py:3954} INFO - Setting next_dagrun for SessionToSnowflake to 2024-11-10 06:00:00+00:00, run_after=2024-11-11 06:00:00+00:00
[2024-11-11T23:31:34.669+0000] {processor.py:183} INFO - Processing /opt/airflow/dags/Assignment_8_Archive/SessionToSnowflake.py took 0.206 seconds
[2024-11-11T23:32:05.535+0000] {processor.py:161} INFO - Started process (PID=1818) to work on /opt/airflow/dags/Assignment_8_Archive/SessionToSnowflake.py
[2024-11-11T23:32:05.537+0000] {processor.py:830} INFO - Processing file /opt/airflow/dags/Assignment_8_Archive/SessionToSnowflake.py for tasks to queue
[2024-11-11T23:32:05.541+0000] {logging_mixin.py:188} INFO - [2024-11-11T23:32:05.540+0000] {dagbag.py:545} INFO - Filling up the DagBag from /opt/airflow/dags/Assignment_8_Archive/SessionToSnowflake.py
[2024-11-11T23:32:05.577+0000] {processor.py:840} INFO - DAG(s) 'SessionToSnowflake' retrieved from /opt/airflow/dags/Assignment_8_Archive/SessionToSnowflake.py
[2024-11-11T23:32:05.613+0000] {logging_mixin.py:188} INFO - [2024-11-11T23:32:05.612+0000] {dag.py:3096} INFO - Sync 1 DAGs
[2024-11-11T23:32:05.663+0000] {logging_mixin.py:188} INFO - [2024-11-11T23:32:05.662+0000] {dag.py:3954} INFO - Setting next_dagrun for SessionToSnowflake to 2024-11-10 06:00:00+00:00, run_after=2024-11-11 06:00:00+00:00
[2024-11-11T23:32:05.707+0000] {processor.py:183} INFO - Processing /opt/airflow/dags/Assignment_8_Archive/SessionToSnowflake.py took 0.185 seconds
[2024-11-11T23:32:36.472+0000] {processor.py:161} INFO - Started process (PID=1879) to work on /opt/airflow/dags/Assignment_8_Archive/SessionToSnowflake.py
[2024-11-11T23:32:36.474+0000] {processor.py:830} INFO - Processing file /opt/airflow/dags/Assignment_8_Archive/SessionToSnowflake.py for tasks to queue
[2024-11-11T23:32:36.478+0000] {logging_mixin.py:188} INFO - [2024-11-11T23:32:36.477+0000] {dagbag.py:545} INFO - Filling up the DagBag from /opt/airflow/dags/Assignment_8_Archive/SessionToSnowflake.py
[2024-11-11T23:32:36.506+0000] {processor.py:840} INFO - DAG(s) 'SessionToSnowflake' retrieved from /opt/airflow/dags/Assignment_8_Archive/SessionToSnowflake.py
[2024-11-11T23:32:36.536+0000] {logging_mixin.py:188} INFO - [2024-11-11T23:32:36.535+0000] {dag.py:3096} INFO - Sync 1 DAGs
[2024-11-11T23:32:36.587+0000] {logging_mixin.py:188} INFO - [2024-11-11T23:32:36.587+0000] {dag.py:3954} INFO - Setting next_dagrun for SessionToSnowflake to 2024-11-10 06:00:00+00:00, run_after=2024-11-11 06:00:00+00:00
[2024-11-11T23:32:36.630+0000] {processor.py:183} INFO - Processing /opt/airflow/dags/Assignment_8_Archive/SessionToSnowflake.py took 0.167 seconds
[2024-11-11T23:33:07.393+0000] {processor.py:161} INFO - Started process (PID=1940) to work on /opt/airflow/dags/Assignment_8_Archive/SessionToSnowflake.py
[2024-11-11T23:33:07.395+0000] {processor.py:830} INFO - Processing file /opt/airflow/dags/Assignment_8_Archive/SessionToSnowflake.py for tasks to queue
[2024-11-11T23:33:07.399+0000] {logging_mixin.py:188} INFO - [2024-11-11T23:33:07.398+0000] {dagbag.py:545} INFO - Filling up the DagBag from /opt/airflow/dags/Assignment_8_Archive/SessionToSnowflake.py
[2024-11-11T23:33:07.444+0000] {processor.py:840} INFO - DAG(s) 'SessionToSnowflake' retrieved from /opt/airflow/dags/Assignment_8_Archive/SessionToSnowflake.py
[2024-11-11T23:33:07.482+0000] {logging_mixin.py:188} INFO - [2024-11-11T23:33:07.481+0000] {dag.py:3096} INFO - Sync 1 DAGs
[2024-11-11T23:33:07.528+0000] {logging_mixin.py:188} INFO - [2024-11-11T23:33:07.527+0000] {dag.py:3954} INFO - Setting next_dagrun for SessionToSnowflake to 2024-11-10 06:00:00+00:00, run_after=2024-11-11 06:00:00+00:00
[2024-11-11T23:33:07.575+0000] {processor.py:183} INFO - Processing /opt/airflow/dags/Assignment_8_Archive/SessionToSnowflake.py took 0.193 seconds
[2024-11-11T23:33:38.317+0000] {processor.py:161} INFO - Started process (PID=2001) to work on /opt/airflow/dags/Assignment_8_Archive/SessionToSnowflake.py
[2024-11-11T23:33:38.318+0000] {processor.py:830} INFO - Processing file /opt/airflow/dags/Assignment_8_Archive/SessionToSnowflake.py for tasks to queue
[2024-11-11T23:33:38.321+0000] {logging_mixin.py:188} INFO - [2024-11-11T23:33:38.321+0000] {dagbag.py:545} INFO - Filling up the DagBag from /opt/airflow/dags/Assignment_8_Archive/SessionToSnowflake.py
[2024-11-11T23:33:38.354+0000] {processor.py:840} INFO - DAG(s) 'SessionToSnowflake' retrieved from /opt/airflow/dags/Assignment_8_Archive/SessionToSnowflake.py
[2024-11-11T23:33:38.383+0000] {logging_mixin.py:188} INFO - [2024-11-11T23:33:38.382+0000] {dag.py:3096} INFO - Sync 1 DAGs
[2024-11-11T23:33:38.417+0000] {logging_mixin.py:188} INFO - [2024-11-11T23:33:38.416+0000] {dag.py:3954} INFO - Setting next_dagrun for SessionToSnowflake to 2024-11-10 06:00:00+00:00, run_after=2024-11-11 06:00:00+00:00
[2024-11-11T23:33:38.457+0000] {processor.py:183} INFO - Processing /opt/airflow/dags/Assignment_8_Archive/SessionToSnowflake.py took 0.149 seconds
[2024-11-11T23:34:08.812+0000] {processor.py:161} INFO - Started process (PID=2062) to work on /opt/airflow/dags/Assignment_8_Archive/SessionToSnowflake.py
[2024-11-11T23:34:09.197+0000] {processor.py:830} INFO - Processing file /opt/airflow/dags/Assignment_8_Archive/SessionToSnowflake.py for tasks to queue
[2024-11-11T23:34:09.759+0000] {logging_mixin.py:188} INFO - [2024-11-11T23:34:09.758+0000] {dagbag.py:545} INFO - Filling up the DagBag from /opt/airflow/dags/Assignment_8_Archive/SessionToSnowflake.py
[2024-11-11T23:34:09.812+0000] {processor.py:840} INFO - DAG(s) 'SessionToSnowflake' retrieved from /opt/airflow/dags/Assignment_8_Archive/SessionToSnowflake.py
[2024-11-11T23:34:09.847+0000] {logging_mixin.py:188} INFO - [2024-11-11T23:34:09.847+0000] {dag.py:3096} INFO - Sync 1 DAGs
[2024-11-11T23:34:09.887+0000] {logging_mixin.py:188} INFO - [2024-11-11T23:34:09.886+0000] {dag.py:3954} INFO - Setting next_dagrun for SessionToSnowflake to 2024-11-10 06:00:00+00:00, run_after=2024-11-11 06:00:00+00:00
[2024-11-11T23:34:09.953+0000] {processor.py:183} INFO - Processing /opt/airflow/dags/Assignment_8_Archive/SessionToSnowflake.py took 1.147 seconds
[2024-11-11T23:34:40.321+0000] {processor.py:161} INFO - Started process (PID=2123) to work on /opt/airflow/dags/Assignment_8_Archive/SessionToSnowflake.py
[2024-11-11T23:34:40.325+0000] {processor.py:830} INFO - Processing file /opt/airflow/dags/Assignment_8_Archive/SessionToSnowflake.py for tasks to queue
[2024-11-11T23:34:40.334+0000] {logging_mixin.py:188} INFO - [2024-11-11T23:34:40.334+0000] {dagbag.py:545} INFO - Filling up the DagBag from /opt/airflow/dags/Assignment_8_Archive/SessionToSnowflake.py
[2024-11-11T23:34:40.460+0000] {processor.py:840} INFO - DAG(s) 'SessionToSnowflake' retrieved from /opt/airflow/dags/Assignment_8_Archive/SessionToSnowflake.py
[2024-11-11T23:34:40.521+0000] {logging_mixin.py:188} INFO - [2024-11-11T23:34:40.520+0000] {dag.py:3096} INFO - Sync 1 DAGs
[2024-11-11T23:34:40.606+0000] {logging_mixin.py:188} INFO - [2024-11-11T23:34:40.605+0000] {dag.py:3954} INFO - Setting next_dagrun for SessionToSnowflake to 2024-11-10 06:00:00+00:00, run_after=2024-11-11 06:00:00+00:00
[2024-11-11T23:34:40.713+0000] {processor.py:183} INFO - Processing /opt/airflow/dags/Assignment_8_Archive/SessionToSnowflake.py took 0.412 seconds
[2024-11-11T23:35:11.489+0000] {processor.py:161} INFO - Started process (PID=2184) to work on /opt/airflow/dags/Assignment_8_Archive/SessionToSnowflake.py
[2024-11-11T23:35:11.492+0000] {processor.py:830} INFO - Processing file /opt/airflow/dags/Assignment_8_Archive/SessionToSnowflake.py for tasks to queue
[2024-11-11T23:35:11.496+0000] {logging_mixin.py:188} INFO - [2024-11-11T23:35:11.496+0000] {dagbag.py:545} INFO - Filling up the DagBag from /opt/airflow/dags/Assignment_8_Archive/SessionToSnowflake.py
[2024-11-11T23:35:11.559+0000] {processor.py:840} INFO - DAG(s) 'SessionToSnowflake' retrieved from /opt/airflow/dags/Assignment_8_Archive/SessionToSnowflake.py
[2024-11-11T23:35:11.652+0000] {logging_mixin.py:188} INFO - [2024-11-11T23:35:11.649+0000] {dag.py:3096} INFO - Sync 1 DAGs
[2024-11-11T23:35:11.789+0000] {logging_mixin.py:188} INFO - [2024-11-11T23:35:11.788+0000] {dag.py:3954} INFO - Setting next_dagrun for SessionToSnowflake to 2024-11-10 06:00:00+00:00, run_after=2024-11-11 06:00:00+00:00
[2024-11-11T23:35:11.892+0000] {processor.py:183} INFO - Processing /opt/airflow/dags/Assignment_8_Archive/SessionToSnowflake.py took 0.419 seconds
[2024-11-11T23:35:42.268+0000] {processor.py:161} INFO - Started process (PID=2245) to work on /opt/airflow/dags/Assignment_8_Archive/SessionToSnowflake.py
[2024-11-11T23:35:42.276+0000] {processor.py:830} INFO - Processing file /opt/airflow/dags/Assignment_8_Archive/SessionToSnowflake.py for tasks to queue
[2024-11-11T23:35:42.296+0000] {logging_mixin.py:188} INFO - [2024-11-11T23:35:42.295+0000] {dagbag.py:545} INFO - Filling up the DagBag from /opt/airflow/dags/Assignment_8_Archive/SessionToSnowflake.py
[2024-11-11T23:35:42.408+0000] {processor.py:840} INFO - DAG(s) 'SessionToSnowflake' retrieved from /opt/airflow/dags/Assignment_8_Archive/SessionToSnowflake.py
[2024-11-11T23:35:42.484+0000] {logging_mixin.py:188} INFO - [2024-11-11T23:35:42.483+0000] {dag.py:3096} INFO - Sync 1 DAGs
[2024-11-11T23:35:42.579+0000] {logging_mixin.py:188} INFO - [2024-11-11T23:35:42.578+0000] {dag.py:3954} INFO - Setting next_dagrun for SessionToSnowflake to 2024-11-10 06:00:00+00:00, run_after=2024-11-11 06:00:00+00:00
[2024-11-11T23:35:42.645+0000] {processor.py:183} INFO - Processing /opt/airflow/dags/Assignment_8_Archive/SessionToSnowflake.py took 0.398 seconds
[2024-11-11T23:36:12.917+0000] {processor.py:161} INFO - Started process (PID=2307) to work on /opt/airflow/dags/Assignment_8_Archive/SessionToSnowflake.py
[2024-11-11T23:36:12.928+0000] {processor.py:830} INFO - Processing file /opt/airflow/dags/Assignment_8_Archive/SessionToSnowflake.py for tasks to queue
[2024-11-11T23:36:12.934+0000] {logging_mixin.py:188} INFO - [2024-11-11T23:36:12.933+0000] {dagbag.py:545} INFO - Filling up the DagBag from /opt/airflow/dags/Assignment_8_Archive/SessionToSnowflake.py
[2024-11-11T23:36:13.106+0000] {processor.py:840} INFO - DAG(s) 'SessionToSnowflake' retrieved from /opt/airflow/dags/Assignment_8_Archive/SessionToSnowflake.py
[2024-11-11T23:36:13.190+0000] {logging_mixin.py:188} INFO - [2024-11-11T23:36:13.189+0000] {dag.py:3096} INFO - Sync 1 DAGs
[2024-11-11T23:36:13.297+0000] {logging_mixin.py:188} INFO - [2024-11-11T23:36:13.297+0000] {dag.py:3954} INFO - Setting next_dagrun for SessionToSnowflake to 2024-11-10 06:00:00+00:00, run_after=2024-11-11 06:00:00+00:00
[2024-11-11T23:36:13.391+0000] {processor.py:183} INFO - Processing /opt/airflow/dags/Assignment_8_Archive/SessionToSnowflake.py took 0.493 seconds
[2024-11-11T23:36:43.688+0000] {processor.py:161} INFO - Started process (PID=2368) to work on /opt/airflow/dags/Assignment_8_Archive/SessionToSnowflake.py
[2024-11-11T23:36:43.692+0000] {processor.py:830} INFO - Processing file /opt/airflow/dags/Assignment_8_Archive/SessionToSnowflake.py for tasks to queue
[2024-11-11T23:36:43.700+0000] {logging_mixin.py:188} INFO - [2024-11-11T23:36:43.698+0000] {dagbag.py:545} INFO - Filling up the DagBag from /opt/airflow/dags/Assignment_8_Archive/SessionToSnowflake.py
[2024-11-11T23:36:43.825+0000] {processor.py:840} INFO - DAG(s) 'SessionToSnowflake' retrieved from /opt/airflow/dags/Assignment_8_Archive/SessionToSnowflake.py
[2024-11-11T23:36:43.924+0000] {logging_mixin.py:188} INFO - [2024-11-11T23:36:43.923+0000] {dag.py:3096} INFO - Sync 1 DAGs
[2024-11-11T23:36:44.029+0000] {logging_mixin.py:188} INFO - [2024-11-11T23:36:44.026+0000] {dag.py:3954} INFO - Setting next_dagrun for SessionToSnowflake to 2024-11-10 06:00:00+00:00, run_after=2024-11-11 06:00:00+00:00
[2024-11-11T23:36:44.119+0000] {processor.py:183} INFO - Processing /opt/airflow/dags/Assignment_8_Archive/SessionToSnowflake.py took 0.462 seconds
[2024-11-11T23:37:14.444+0000] {processor.py:161} INFO - Started process (PID=2429) to work on /opt/airflow/dags/Assignment_8_Archive/SessionToSnowflake.py
[2024-11-11T23:37:14.446+0000] {processor.py:830} INFO - Processing file /opt/airflow/dags/Assignment_8_Archive/SessionToSnowflake.py for tasks to queue
[2024-11-11T23:37:14.452+0000] {logging_mixin.py:188} INFO - [2024-11-11T23:37:14.451+0000] {dagbag.py:545} INFO - Filling up the DagBag from /opt/airflow/dags/Assignment_8_Archive/SessionToSnowflake.py
[2024-11-11T23:37:14.540+0000] {processor.py:840} INFO - DAG(s) 'SessionToSnowflake' retrieved from /opt/airflow/dags/Assignment_8_Archive/SessionToSnowflake.py
[2024-11-11T23:37:14.599+0000] {logging_mixin.py:188} INFO - [2024-11-11T23:37:14.598+0000] {dag.py:3096} INFO - Sync 1 DAGs
[2024-11-11T23:37:14.688+0000] {logging_mixin.py:188} INFO - [2024-11-11T23:37:14.687+0000] {dag.py:3954} INFO - Setting next_dagrun for SessionToSnowflake to 2024-11-10 06:00:00+00:00, run_after=2024-11-11 06:00:00+00:00
[2024-11-11T23:37:14.800+0000] {processor.py:183} INFO - Processing /opt/airflow/dags/Assignment_8_Archive/SessionToSnowflake.py took 0.372 seconds
[2024-11-11T23:37:45.050+0000] {processor.py:161} INFO - Started process (PID=2490) to work on /opt/airflow/dags/Assignment_8_Archive/SessionToSnowflake.py
[2024-11-11T23:37:45.053+0000] {processor.py:830} INFO - Processing file /opt/airflow/dags/Assignment_8_Archive/SessionToSnowflake.py for tasks to queue
[2024-11-11T23:37:45.059+0000] {logging_mixin.py:188} INFO - [2024-11-11T23:37:45.057+0000] {dagbag.py:545} INFO - Filling up the DagBag from /opt/airflow/dags/Assignment_8_Archive/SessionToSnowflake.py
[2024-11-11T23:37:45.140+0000] {processor.py:840} INFO - DAG(s) 'SessionToSnowflake' retrieved from /opt/airflow/dags/Assignment_8_Archive/SessionToSnowflake.py
[2024-11-11T23:37:45.197+0000] {logging_mixin.py:188} INFO - [2024-11-11T23:37:45.196+0000] {dag.py:3096} INFO - Sync 1 DAGs
[2024-11-11T23:37:45.278+0000] {logging_mixin.py:188} INFO - [2024-11-11T23:37:45.273+0000] {dag.py:3954} INFO - Setting next_dagrun for SessionToSnowflake to 2024-11-10 06:00:00+00:00, run_after=2024-11-11 06:00:00+00:00
[2024-11-11T23:37:45.361+0000] {processor.py:183} INFO - Processing /opt/airflow/dags/Assignment_8_Archive/SessionToSnowflake.py took 0.324 seconds
[2024-11-11T23:38:16.179+0000] {processor.py:161} INFO - Started process (PID=2551) to work on /opt/airflow/dags/Assignment_8_Archive/SessionToSnowflake.py
[2024-11-11T23:38:16.181+0000] {processor.py:830} INFO - Processing file /opt/airflow/dags/Assignment_8_Archive/SessionToSnowflake.py for tasks to queue
[2024-11-11T23:38:16.191+0000] {logging_mixin.py:188} INFO - [2024-11-11T23:38:16.189+0000] {dagbag.py:545} INFO - Filling up the DagBag from /opt/airflow/dags/Assignment_8_Archive/SessionToSnowflake.py
[2024-11-11T23:38:16.252+0000] {processor.py:840} INFO - DAG(s) 'SessionToSnowflake' retrieved from /opt/airflow/dags/Assignment_8_Archive/SessionToSnowflake.py
[2024-11-11T23:38:16.299+0000] {logging_mixin.py:188} INFO - [2024-11-11T23:38:16.299+0000] {dag.py:3096} INFO - Sync 1 DAGs
[2024-11-11T23:38:16.359+0000] {logging_mixin.py:188} INFO - [2024-11-11T23:38:16.358+0000] {dag.py:3954} INFO - Setting next_dagrun for SessionToSnowflake to 2024-11-10 06:00:00+00:00, run_after=2024-11-11 06:00:00+00:00
[2024-11-11T23:38:16.419+0000] {processor.py:183} INFO - Processing /opt/airflow/dags/Assignment_8_Archive/SessionToSnowflake.py took 0.254 seconds
[2024-11-11T23:38:47.141+0000] {processor.py:161} INFO - Started process (PID=2619) to work on /opt/airflow/dags/Assignment_8_Archive/SessionToSnowflake.py
[2024-11-11T23:38:47.143+0000] {processor.py:830} INFO - Processing file /opt/airflow/dags/Assignment_8_Archive/SessionToSnowflake.py for tasks to queue
[2024-11-11T23:38:47.149+0000] {logging_mixin.py:188} INFO - [2024-11-11T23:38:47.148+0000] {dagbag.py:545} INFO - Filling up the DagBag from /opt/airflow/dags/Assignment_8_Archive/SessionToSnowflake.py
[2024-11-11T23:38:47.198+0000] {processor.py:840} INFO - DAG(s) 'SessionToSnowflake' retrieved from /opt/airflow/dags/Assignment_8_Archive/SessionToSnowflake.py
[2024-11-11T23:38:47.235+0000] {logging_mixin.py:188} INFO - [2024-11-11T23:38:47.234+0000] {dag.py:3096} INFO - Sync 1 DAGs
[2024-11-11T23:38:47.271+0000] {logging_mixin.py:188} INFO - [2024-11-11T23:38:47.271+0000] {dag.py:3954} INFO - Setting next_dagrun for SessionToSnowflake to 2024-11-10 06:00:00+00:00, run_after=2024-11-11 06:00:00+00:00
[2024-11-11T23:38:47.314+0000] {processor.py:183} INFO - Processing /opt/airflow/dags/Assignment_8_Archive/SessionToSnowflake.py took 0.185 seconds
[2024-11-11T23:39:17.961+0000] {processor.py:161} INFO - Started process (PID=2680) to work on /opt/airflow/dags/Assignment_8_Archive/SessionToSnowflake.py
[2024-11-11T23:39:17.963+0000] {processor.py:830} INFO - Processing file /opt/airflow/dags/Assignment_8_Archive/SessionToSnowflake.py for tasks to queue
[2024-11-11T23:39:17.968+0000] {logging_mixin.py:188} INFO - [2024-11-11T23:39:17.966+0000] {dagbag.py:545} INFO - Filling up the DagBag from /opt/airflow/dags/Assignment_8_Archive/SessionToSnowflake.py
[2024-11-11T23:39:18.017+0000] {processor.py:840} INFO - DAG(s) 'SessionToSnowflake' retrieved from /opt/airflow/dags/Assignment_8_Archive/SessionToSnowflake.py
[2024-11-11T23:39:18.061+0000] {logging_mixin.py:188} INFO - [2024-11-11T23:39:18.060+0000] {dag.py:3096} INFO - Sync 1 DAGs
[2024-11-11T23:39:18.116+0000] {logging_mixin.py:188} INFO - [2024-11-11T23:39:18.116+0000] {dag.py:3954} INFO - Setting next_dagrun for SessionToSnowflake to 2024-11-10 06:00:00+00:00, run_after=2024-11-11 06:00:00+00:00
[2024-11-11T23:39:18.156+0000] {processor.py:183} INFO - Processing /opt/airflow/dags/Assignment_8_Archive/SessionToSnowflake.py took 0.207 seconds
[2024-11-11T23:39:49.036+0000] {processor.py:161} INFO - Started process (PID=2741) to work on /opt/airflow/dags/Assignment_8_Archive/SessionToSnowflake.py
[2024-11-11T23:39:49.038+0000] {processor.py:830} INFO - Processing file /opt/airflow/dags/Assignment_8_Archive/SessionToSnowflake.py for tasks to queue
[2024-11-11T23:39:49.041+0000] {logging_mixin.py:188} INFO - [2024-11-11T23:39:49.040+0000] {dagbag.py:545} INFO - Filling up the DagBag from /opt/airflow/dags/Assignment_8_Archive/SessionToSnowflake.py
[2024-11-11T23:39:49.071+0000] {processor.py:840} INFO - DAG(s) 'SessionToSnowflake' retrieved from /opt/airflow/dags/Assignment_8_Archive/SessionToSnowflake.py
[2024-11-11T23:39:49.099+0000] {logging_mixin.py:188} INFO - [2024-11-11T23:39:49.098+0000] {dag.py:3096} INFO - Sync 1 DAGs
[2024-11-11T23:39:49.127+0000] {logging_mixin.py:188} INFO - [2024-11-11T23:39:49.127+0000] {dag.py:3954} INFO - Setting next_dagrun for SessionToSnowflake to 2024-11-10 06:00:00+00:00, run_after=2024-11-11 06:00:00+00:00
[2024-11-11T23:39:49.163+0000] {processor.py:183} INFO - Processing /opt/airflow/dags/Assignment_8_Archive/SessionToSnowflake.py took 0.135 seconds
[2024-11-11T23:40:19.273+0000] {processor.py:161} INFO - Started process (PID=2802) to work on /opt/airflow/dags/Assignment_8_Archive/SessionToSnowflake.py
[2024-11-11T23:40:19.276+0000] {processor.py:830} INFO - Processing file /opt/airflow/dags/Assignment_8_Archive/SessionToSnowflake.py for tasks to queue
[2024-11-11T23:40:19.280+0000] {logging_mixin.py:188} INFO - [2024-11-11T23:40:19.279+0000] {dagbag.py:545} INFO - Filling up the DagBag from /opt/airflow/dags/Assignment_8_Archive/SessionToSnowflake.py
[2024-11-11T23:40:19.320+0000] {processor.py:840} INFO - DAG(s) 'SessionToSnowflake' retrieved from /opt/airflow/dags/Assignment_8_Archive/SessionToSnowflake.py
[2024-11-11T23:40:19.350+0000] {logging_mixin.py:188} INFO - [2024-11-11T23:40:19.350+0000] {dag.py:3096} INFO - Sync 1 DAGs
[2024-11-11T23:40:19.391+0000] {logging_mixin.py:188} INFO - [2024-11-11T23:40:19.391+0000] {dag.py:3954} INFO - Setting next_dagrun for SessionToSnowflake to 2024-11-10 06:00:00+00:00, run_after=2024-11-11 06:00:00+00:00
[2024-11-11T23:40:19.431+0000] {processor.py:183} INFO - Processing /opt/airflow/dags/Assignment_8_Archive/SessionToSnowflake.py took 0.166 seconds
[2024-11-11T23:40:49.912+0000] {processor.py:161} INFO - Started process (PID=2863) to work on /opt/airflow/dags/Assignment_8_Archive/SessionToSnowflake.py
[2024-11-11T23:40:49.914+0000] {processor.py:830} INFO - Processing file /opt/airflow/dags/Assignment_8_Archive/SessionToSnowflake.py for tasks to queue
[2024-11-11T23:40:49.918+0000] {logging_mixin.py:188} INFO - [2024-11-11T23:40:49.917+0000] {dagbag.py:545} INFO - Filling up the DagBag from /opt/airflow/dags/Assignment_8_Archive/SessionToSnowflake.py
[2024-11-11T23:40:49.957+0000] {processor.py:840} INFO - DAG(s) 'SessionToSnowflake' retrieved from /opt/airflow/dags/Assignment_8_Archive/SessionToSnowflake.py
[2024-11-11T23:40:49.986+0000] {logging_mixin.py:188} INFO - [2024-11-11T23:40:49.982+0000] {dag.py:3096} INFO - Sync 1 DAGs
[2024-11-11T23:40:50.016+0000] {logging_mixin.py:188} INFO - [2024-11-11T23:40:50.015+0000] {dag.py:3954} INFO - Setting next_dagrun for SessionToSnowflake to 2024-11-10 06:00:00+00:00, run_after=2024-11-11 06:00:00+00:00
[2024-11-11T23:40:50.056+0000] {processor.py:183} INFO - Processing /opt/airflow/dags/Assignment_8_Archive/SessionToSnowflake.py took 0.149 seconds
[2024-11-11T23:41:20.607+0000] {processor.py:161} INFO - Started process (PID=2924) to work on /opt/airflow/dags/Assignment_8_Archive/SessionToSnowflake.py
[2024-11-11T23:41:20.617+0000] {processor.py:830} INFO - Processing file /opt/airflow/dags/Assignment_8_Archive/SessionToSnowflake.py for tasks to queue
[2024-11-11T23:41:20.623+0000] {logging_mixin.py:188} INFO - [2024-11-11T23:41:20.623+0000] {dagbag.py:545} INFO - Filling up the DagBag from /opt/airflow/dags/Assignment_8_Archive/SessionToSnowflake.py
[2024-11-11T23:41:20.731+0000] {processor.py:840} INFO - DAG(s) 'SessionToSnowflake' retrieved from /opt/airflow/dags/Assignment_8_Archive/SessionToSnowflake.py
[2024-11-11T23:41:20.830+0000] {logging_mixin.py:188} INFO - [2024-11-11T23:41:20.827+0000] {dag.py:3096} INFO - Sync 1 DAGs
[2024-11-11T23:41:20.972+0000] {logging_mixin.py:188} INFO - [2024-11-11T23:41:20.971+0000] {dag.py:3954} INFO - Setting next_dagrun for SessionToSnowflake to 2024-11-10 06:00:00+00:00, run_after=2024-11-11 06:00:00+00:00
[2024-11-11T23:41:21.120+0000] {processor.py:183} INFO - Processing /opt/airflow/dags/Assignment_8_Archive/SessionToSnowflake.py took 0.528 seconds
[2024-11-11T23:41:51.412+0000] {processor.py:161} INFO - Started process (PID=2985) to work on /opt/airflow/dags/Assignment_8_Archive/SessionToSnowflake.py
[2024-11-11T23:41:51.413+0000] {processor.py:830} INFO - Processing file /opt/airflow/dags/Assignment_8_Archive/SessionToSnowflake.py for tasks to queue
[2024-11-11T23:41:51.417+0000] {logging_mixin.py:188} INFO - [2024-11-11T23:41:51.416+0000] {dagbag.py:545} INFO - Filling up the DagBag from /opt/airflow/dags/Assignment_8_Archive/SessionToSnowflake.py
[2024-11-11T23:41:51.479+0000] {processor.py:840} INFO - DAG(s) 'SessionToSnowflake' retrieved from /opt/airflow/dags/Assignment_8_Archive/SessionToSnowflake.py
[2024-11-11T23:41:51.521+0000] {logging_mixin.py:188} INFO - [2024-11-11T23:41:51.520+0000] {dag.py:3096} INFO - Sync 1 DAGs
[2024-11-11T23:41:51.575+0000] {logging_mixin.py:188} INFO - [2024-11-11T23:41:51.573+0000] {dag.py:3954} INFO - Setting next_dagrun for SessionToSnowflake to 2024-11-10 06:00:00+00:00, run_after=2024-11-11 06:00:00+00:00
[2024-11-11T23:41:51.625+0000] {processor.py:183} INFO - Processing /opt/airflow/dags/Assignment_8_Archive/SessionToSnowflake.py took 0.222 seconds
[2024-11-11T23:42:21.996+0000] {processor.py:161} INFO - Started process (PID=3046) to work on /opt/airflow/dags/Assignment_8_Archive/SessionToSnowflake.py
[2024-11-11T23:42:21.998+0000] {processor.py:830} INFO - Processing file /opt/airflow/dags/Assignment_8_Archive/SessionToSnowflake.py for tasks to queue
[2024-11-11T23:42:22.001+0000] {logging_mixin.py:188} INFO - [2024-11-11T23:42:22.001+0000] {dagbag.py:545} INFO - Filling up the DagBag from /opt/airflow/dags/Assignment_8_Archive/SessionToSnowflake.py
[2024-11-11T23:42:22.050+0000] {processor.py:840} INFO - DAG(s) 'SessionToSnowflake' retrieved from /opt/airflow/dags/Assignment_8_Archive/SessionToSnowflake.py
[2024-11-11T23:42:22.104+0000] {logging_mixin.py:188} INFO - [2024-11-11T23:42:22.102+0000] {dag.py:3096} INFO - Sync 1 DAGs
[2024-11-11T23:42:22.159+0000] {logging_mixin.py:188} INFO - [2024-11-11T23:42:22.158+0000] {dag.py:3954} INFO - Setting next_dagrun for SessionToSnowflake to 2024-11-10 06:00:00+00:00, run_after=2024-11-11 06:00:00+00:00
[2024-11-11T23:42:22.208+0000] {processor.py:183} INFO - Processing /opt/airflow/dags/Assignment_8_Archive/SessionToSnowflake.py took 0.224 seconds
[2024-11-11T23:42:52.548+0000] {processor.py:161} INFO - Started process (PID=3107) to work on /opt/airflow/dags/Assignment_8_Archive/SessionToSnowflake.py
[2024-11-11T23:42:52.552+0000] {processor.py:830} INFO - Processing file /opt/airflow/dags/Assignment_8_Archive/SessionToSnowflake.py for tasks to queue
[2024-11-11T23:42:52.560+0000] {logging_mixin.py:188} INFO - [2024-11-11T23:42:52.559+0000] {dagbag.py:545} INFO - Filling up the DagBag from /opt/airflow/dags/Assignment_8_Archive/SessionToSnowflake.py
[2024-11-11T23:42:52.617+0000] {processor.py:840} INFO - DAG(s) 'SessionToSnowflake' retrieved from /opt/airflow/dags/Assignment_8_Archive/SessionToSnowflake.py
[2024-11-11T23:42:52.668+0000] {logging_mixin.py:188} INFO - [2024-11-11T23:42:52.667+0000] {dag.py:3096} INFO - Sync 1 DAGs
[2024-11-11T23:42:52.729+0000] {logging_mixin.py:188} INFO - [2024-11-11T23:42:52.729+0000] {dag.py:3954} INFO - Setting next_dagrun for SessionToSnowflake to 2024-11-10 06:00:00+00:00, run_after=2024-11-11 06:00:00+00:00
[2024-11-11T23:42:52.773+0000] {processor.py:183} INFO - Processing /opt/airflow/dags/Assignment_8_Archive/SessionToSnowflake.py took 0.241 seconds
[2024-11-11T23:43:23.093+0000] {processor.py:161} INFO - Started process (PID=3167) to work on /opt/airflow/dags/Assignment_8_Archive/SessionToSnowflake.py
[2024-11-11T23:43:23.096+0000] {processor.py:830} INFO - Processing file /opt/airflow/dags/Assignment_8_Archive/SessionToSnowflake.py for tasks to queue
[2024-11-11T23:43:23.110+0000] {logging_mixin.py:188} INFO - [2024-11-11T23:43:23.109+0000] {dagbag.py:545} INFO - Filling up the DagBag from /opt/airflow/dags/Assignment_8_Archive/SessionToSnowflake.py
[2024-11-11T23:43:23.200+0000] {processor.py:840} INFO - DAG(s) 'SessionToSnowflake' retrieved from /opt/airflow/dags/Assignment_8_Archive/SessionToSnowflake.py
[2024-11-11T23:43:23.278+0000] {logging_mixin.py:188} INFO - [2024-11-11T23:43:23.276+0000] {dag.py:3096} INFO - Sync 1 DAGs
[2024-11-11T23:43:23.412+0000] {logging_mixin.py:188} INFO - [2024-11-11T23:43:23.411+0000] {dag.py:3954} INFO - Setting next_dagrun for SessionToSnowflake to 2024-11-10 06:00:00+00:00, run_after=2024-11-11 06:00:00+00:00
[2024-11-11T23:43:23.513+0000] {processor.py:183} INFO - Processing /opt/airflow/dags/Assignment_8_Archive/SessionToSnowflake.py took 0.442 seconds
[2024-11-11T23:43:53.983+0000] {processor.py:161} INFO - Started process (PID=3228) to work on /opt/airflow/dags/Assignment_8_Archive/SessionToSnowflake.py
[2024-11-11T23:43:53.995+0000] {processor.py:830} INFO - Processing file /opt/airflow/dags/Assignment_8_Archive/SessionToSnowflake.py for tasks to queue
[2024-11-11T23:43:54.015+0000] {logging_mixin.py:188} INFO - [2024-11-11T23:43:54.013+0000] {dagbag.py:545} INFO - Filling up the DagBag from /opt/airflow/dags/Assignment_8_Archive/SessionToSnowflake.py
[2024-11-11T23:43:54.131+0000] {processor.py:840} INFO - DAG(s) 'SessionToSnowflake' retrieved from /opt/airflow/dags/Assignment_8_Archive/SessionToSnowflake.py
[2024-11-11T23:43:54.240+0000] {logging_mixin.py:188} INFO - [2024-11-11T23:43:54.237+0000] {dag.py:3096} INFO - Sync 1 DAGs
[2024-11-11T23:43:54.396+0000] {logging_mixin.py:188} INFO - [2024-11-11T23:43:54.396+0000] {dag.py:3954} INFO - Setting next_dagrun for SessionToSnowflake to 2024-11-10 06:00:00+00:00, run_after=2024-11-11 06:00:00+00:00
[2024-11-11T23:43:54.478+0000] {processor.py:183} INFO - Processing /opt/airflow/dags/Assignment_8_Archive/SessionToSnowflake.py took 0.525 seconds
[2024-11-11T23:44:24.961+0000] {processor.py:161} INFO - Started process (PID=3290) to work on /opt/airflow/dags/Assignment_8_Archive/SessionToSnowflake.py
[2024-11-11T23:44:24.962+0000] {processor.py:830} INFO - Processing file /opt/airflow/dags/Assignment_8_Archive/SessionToSnowflake.py for tasks to queue
[2024-11-11T23:44:24.965+0000] {logging_mixin.py:188} INFO - [2024-11-11T23:44:24.964+0000] {dagbag.py:545} INFO - Filling up the DagBag from /opt/airflow/dags/Assignment_8_Archive/SessionToSnowflake.py
[2024-11-11T23:44:24.995+0000] {processor.py:840} INFO - DAG(s) 'SessionToSnowflake' retrieved from /opt/airflow/dags/Assignment_8_Archive/SessionToSnowflake.py
[2024-11-11T23:44:25.028+0000] {logging_mixin.py:188} INFO - [2024-11-11T23:44:25.027+0000] {dag.py:3096} INFO - Sync 1 DAGs
[2024-11-11T23:44:25.070+0000] {logging_mixin.py:188} INFO - [2024-11-11T23:44:25.069+0000] {dag.py:3954} INFO - Setting next_dagrun for SessionToSnowflake to 2024-11-10 06:00:00+00:00, run_after=2024-11-11 06:00:00+00:00
[2024-11-11T23:44:25.125+0000] {processor.py:183} INFO - Processing /opt/airflow/dags/Assignment_8_Archive/SessionToSnowflake.py took 0.174 seconds
[2024-11-11T23:44:55.343+0000] {processor.py:161} INFO - Started process (PID=3351) to work on /opt/airflow/dags/Assignment_8_Archive/SessionToSnowflake.py
[2024-11-11T23:44:55.347+0000] {processor.py:830} INFO - Processing file /opt/airflow/dags/Assignment_8_Archive/SessionToSnowflake.py for tasks to queue
[2024-11-11T23:44:55.353+0000] {logging_mixin.py:188} INFO - [2024-11-11T23:44:55.352+0000] {dagbag.py:545} INFO - Filling up the DagBag from /opt/airflow/dags/Assignment_8_Archive/SessionToSnowflake.py
[2024-11-11T23:44:55.406+0000] {processor.py:840} INFO - DAG(s) 'SessionToSnowflake' retrieved from /opt/airflow/dags/Assignment_8_Archive/SessionToSnowflake.py
[2024-11-11T23:44:55.441+0000] {logging_mixin.py:188} INFO - [2024-11-11T23:44:55.440+0000] {dag.py:3096} INFO - Sync 1 DAGs
[2024-11-11T23:44:55.495+0000] {logging_mixin.py:188} INFO - [2024-11-11T23:44:55.494+0000] {dag.py:3954} INFO - Setting next_dagrun for SessionToSnowflake to 2024-11-10 06:00:00+00:00, run_after=2024-11-11 06:00:00+00:00
[2024-11-11T23:44:55.564+0000] {processor.py:183} INFO - Processing /opt/airflow/dags/Assignment_8_Archive/SessionToSnowflake.py took 0.243 seconds
[2024-11-11T23:45:25.902+0000] {processor.py:161} INFO - Started process (PID=3412) to work on /opt/airflow/dags/Assignment_8_Archive/SessionToSnowflake.py
[2024-11-11T23:45:25.904+0000] {processor.py:830} INFO - Processing file /opt/airflow/dags/Assignment_8_Archive/SessionToSnowflake.py for tasks to queue
[2024-11-11T23:45:25.908+0000] {logging_mixin.py:188} INFO - [2024-11-11T23:45:25.907+0000] {dagbag.py:545} INFO - Filling up the DagBag from /opt/airflow/dags/Assignment_8_Archive/SessionToSnowflake.py
[2024-11-11T23:45:25.953+0000] {processor.py:840} INFO - DAG(s) 'SessionToSnowflake' retrieved from /opt/airflow/dags/Assignment_8_Archive/SessionToSnowflake.py
[2024-11-11T23:45:25.985+0000] {logging_mixin.py:188} INFO - [2024-11-11T23:45:25.985+0000] {dag.py:3096} INFO - Sync 1 DAGs
[2024-11-11T23:45:26.020+0000] {logging_mixin.py:188} INFO - [2024-11-11T23:45:26.020+0000] {dag.py:3954} INFO - Setting next_dagrun for SessionToSnowflake to 2024-11-10 06:00:00+00:00, run_after=2024-11-11 06:00:00+00:00
[2024-11-11T23:45:26.071+0000] {processor.py:183} INFO - Processing /opt/airflow/dags/Assignment_8_Archive/SessionToSnowflake.py took 0.176 seconds
[2024-11-11T23:45:56.392+0000] {processor.py:161} INFO - Started process (PID=3473) to work on /opt/airflow/dags/Assignment_8_Archive/SessionToSnowflake.py
[2024-11-11T23:45:56.394+0000] {processor.py:830} INFO - Processing file /opt/airflow/dags/Assignment_8_Archive/SessionToSnowflake.py for tasks to queue
[2024-11-11T23:45:56.400+0000] {logging_mixin.py:188} INFO - [2024-11-11T23:45:56.399+0000] {dagbag.py:545} INFO - Filling up the DagBag from /opt/airflow/dags/Assignment_8_Archive/SessionToSnowflake.py
[2024-11-11T23:45:56.492+0000] {processor.py:840} INFO - DAG(s) 'SessionToSnowflake' retrieved from /opt/airflow/dags/Assignment_8_Archive/SessionToSnowflake.py
[2024-11-11T23:45:56.569+0000] {logging_mixin.py:188} INFO - [2024-11-11T23:45:56.565+0000] {dag.py:3096} INFO - Sync 1 DAGs
[2024-11-11T23:45:56.664+0000] {logging_mixin.py:188} INFO - [2024-11-11T23:45:56.663+0000] {dag.py:3954} INFO - Setting next_dagrun for SessionToSnowflake to 2024-11-10 06:00:00+00:00, run_after=2024-11-11 06:00:00+00:00
[2024-11-11T23:45:56.807+0000] {processor.py:183} INFO - Processing /opt/airflow/dags/Assignment_8_Archive/SessionToSnowflake.py took 0.425 seconds
[2024-11-11T23:46:27.351+0000] {processor.py:161} INFO - Started process (PID=3534) to work on /opt/airflow/dags/Assignment_8_Archive/SessionToSnowflake.py
[2024-11-11T23:46:27.357+0000] {processor.py:830} INFO - Processing file /opt/airflow/dags/Assignment_8_Archive/SessionToSnowflake.py for tasks to queue
[2024-11-11T23:46:27.368+0000] {logging_mixin.py:188} INFO - [2024-11-11T23:46:27.367+0000] {dagbag.py:545} INFO - Filling up the DagBag from /opt/airflow/dags/Assignment_8_Archive/SessionToSnowflake.py
[2024-11-11T23:46:27.516+0000] {processor.py:840} INFO - DAG(s) 'SessionToSnowflake' retrieved from /opt/airflow/dags/Assignment_8_Archive/SessionToSnowflake.py
[2024-11-11T23:46:27.640+0000] {logging_mixin.py:188} INFO - [2024-11-11T23:46:27.638+0000] {dag.py:3096} INFO - Sync 1 DAGs
[2024-11-11T23:46:27.808+0000] {logging_mixin.py:188} INFO - [2024-11-11T23:46:27.807+0000] {dag.py:3954} INFO - Setting next_dagrun for SessionToSnowflake to 2024-11-10 06:00:00+00:00, run_after=2024-11-11 06:00:00+00:00
[2024-11-11T23:46:28.001+0000] {processor.py:183} INFO - Processing /opt/airflow/dags/Assignment_8_Archive/SessionToSnowflake.py took 0.686 seconds
[2024-11-11T23:47:02.402+0000] {processor.py:161} INFO - Started process (PID=3577) to work on /opt/airflow/dags/Assignment_8_Archive/SessionToSnowflake.py
[2024-11-11T23:47:02.419+0000] {processor.py:830} INFO - Processing file /opt/airflow/dags/Assignment_8_Archive/SessionToSnowflake.py for tasks to queue
[2024-11-11T23:47:02.436+0000] {logging_mixin.py:188} INFO - [2024-11-11T23:47:02.433+0000] {dagbag.py:545} INFO - Filling up the DagBag from /opt/airflow/dags/Assignment_8_Archive/SessionToSnowflake.py
[2024-11-11T23:47:02.723+0000] {processor.py:840} INFO - DAG(s) 'SessionToSnowflake' retrieved from /opt/airflow/dags/Assignment_8_Archive/SessionToSnowflake.py
[2024-11-11T23:47:02.856+0000] {logging_mixin.py:188} INFO - [2024-11-11T23:47:02.855+0000] {dag.py:3096} INFO - Sync 1 DAGs
[2024-11-11T23:47:03.087+0000] {logging_mixin.py:188} INFO - [2024-11-11T23:47:03.086+0000] {dag.py:3954} INFO - Setting next_dagrun for SessionToSnowflake to 2024-11-10 06:00:00+00:00, run_after=2024-11-11 06:00:00+00:00
[2024-11-11T23:47:03.314+0000] {processor.py:183} INFO - Processing /opt/airflow/dags/Assignment_8_Archive/SessionToSnowflake.py took 0.960 seconds
[2024-11-11T23:47:33.709+0000] {processor.py:161} INFO - Started process (PID=3638) to work on /opt/airflow/dags/Assignment_8_Archive/SessionToSnowflake.py
[2024-11-11T23:47:33.711+0000] {processor.py:830} INFO - Processing file /opt/airflow/dags/Assignment_8_Archive/SessionToSnowflake.py for tasks to queue
[2024-11-11T23:47:33.719+0000] {logging_mixin.py:188} INFO - [2024-11-11T23:47:33.718+0000] {dagbag.py:545} INFO - Filling up the DagBag from /opt/airflow/dags/Assignment_8_Archive/SessionToSnowflake.py
[2024-11-11T23:47:33.879+0000] {processor.py:840} INFO - DAG(s) 'SessionToSnowflake' retrieved from /opt/airflow/dags/Assignment_8_Archive/SessionToSnowflake.py
[2024-11-11T23:47:33.992+0000] {logging_mixin.py:188} INFO - [2024-11-11T23:47:33.991+0000] {dag.py:3096} INFO - Sync 1 DAGs
[2024-11-11T23:47:34.570+0000] {logging_mixin.py:188} INFO - [2024-11-11T23:47:34.569+0000] {dag.py:3954} INFO - Setting next_dagrun for SessionToSnowflake to 2024-11-10 06:00:00+00:00, run_after=2024-11-11 06:00:00+00:00
[2024-11-11T23:47:34.688+0000] {processor.py:183} INFO - Processing /opt/airflow/dags/Assignment_8_Archive/SessionToSnowflake.py took 0.999 seconds
[2024-11-11T23:48:05.594+0000] {processor.py:161} INFO - Started process (PID=3699) to work on /opt/airflow/dags/Assignment_8_Archive/SessionToSnowflake.py
[2024-11-11T23:48:05.598+0000] {processor.py:830} INFO - Processing file /opt/airflow/dags/Assignment_8_Archive/SessionToSnowflake.py for tasks to queue
[2024-11-11T23:48:05.605+0000] {logging_mixin.py:188} INFO - [2024-11-11T23:48:05.603+0000] {dagbag.py:545} INFO - Filling up the DagBag from /opt/airflow/dags/Assignment_8_Archive/SessionToSnowflake.py
[2024-11-11T23:48:05.711+0000] {processor.py:840} INFO - DAG(s) 'SessionToSnowflake' retrieved from /opt/airflow/dags/Assignment_8_Archive/SessionToSnowflake.py
[2024-11-11T23:48:05.777+0000] {logging_mixin.py:188} INFO - [2024-11-11T23:48:05.774+0000] {dag.py:3096} INFO - Sync 1 DAGs
[2024-11-11T23:48:05.857+0000] {logging_mixin.py:188} INFO - [2024-11-11T23:48:05.854+0000] {dag.py:3954} INFO - Setting next_dagrun for SessionToSnowflake to 2024-11-10 06:00:00+00:00, run_after=2024-11-11 06:00:00+00:00
[2024-11-11T23:48:05.920+0000] {processor.py:183} INFO - Processing /opt/airflow/dags/Assignment_8_Archive/SessionToSnowflake.py took 0.357 seconds
[2024-11-11T23:48:36.210+0000] {processor.py:161} INFO - Started process (PID=3760) to work on /opt/airflow/dags/Assignment_8_Archive/SessionToSnowflake.py
[2024-11-11T23:48:36.212+0000] {processor.py:830} INFO - Processing file /opt/airflow/dags/Assignment_8_Archive/SessionToSnowflake.py for tasks to queue
[2024-11-11T23:48:36.216+0000] {logging_mixin.py:188} INFO - [2024-11-11T23:48:36.216+0000] {dagbag.py:545} INFO - Filling up the DagBag from /opt/airflow/dags/Assignment_8_Archive/SessionToSnowflake.py
[2024-11-11T23:48:36.265+0000] {processor.py:840} INFO - DAG(s) 'SessionToSnowflake' retrieved from /opt/airflow/dags/Assignment_8_Archive/SessionToSnowflake.py
[2024-11-11T23:48:36.307+0000] {logging_mixin.py:188} INFO - [2024-11-11T23:48:36.306+0000] {dag.py:3096} INFO - Sync 1 DAGs
[2024-11-11T23:48:36.352+0000] {logging_mixin.py:188} INFO - [2024-11-11T23:48:36.351+0000] {dag.py:3954} INFO - Setting next_dagrun for SessionToSnowflake to 2024-11-10 06:00:00+00:00, run_after=2024-11-11 06:00:00+00:00
[2024-11-11T23:48:36.393+0000] {processor.py:183} INFO - Processing /opt/airflow/dags/Assignment_8_Archive/SessionToSnowflake.py took 0.195 seconds
[2024-11-11T23:49:06.514+0000] {processor.py:161} INFO - Started process (PID=3821) to work on /opt/airflow/dags/Assignment_8_Archive/SessionToSnowflake.py
[2024-11-11T23:49:06.516+0000] {processor.py:830} INFO - Processing file /opt/airflow/dags/Assignment_8_Archive/SessionToSnowflake.py for tasks to queue
[2024-11-11T23:49:06.519+0000] {logging_mixin.py:188} INFO - [2024-11-11T23:49:06.518+0000] {dagbag.py:545} INFO - Filling up the DagBag from /opt/airflow/dags/Assignment_8_Archive/SessionToSnowflake.py
[2024-11-11T23:49:06.568+0000] {processor.py:840} INFO - DAG(s) 'SessionToSnowflake' retrieved from /opt/airflow/dags/Assignment_8_Archive/SessionToSnowflake.py
[2024-11-11T23:49:06.597+0000] {logging_mixin.py:188} INFO - [2024-11-11T23:49:06.597+0000] {dag.py:3096} INFO - Sync 1 DAGs
[2024-11-11T23:49:06.631+0000] {logging_mixin.py:188} INFO - [2024-11-11T23:49:06.631+0000] {dag.py:3954} INFO - Setting next_dagrun for SessionToSnowflake to 2024-11-10 06:00:00+00:00, run_after=2024-11-11 06:00:00+00:00
[2024-11-11T23:49:06.670+0000] {processor.py:183} INFO - Processing /opt/airflow/dags/Assignment_8_Archive/SessionToSnowflake.py took 0.166 seconds
[2024-11-11T23:49:36.775+0000] {processor.py:161} INFO - Started process (PID=3882) to work on /opt/airflow/dags/Assignment_8_Archive/SessionToSnowflake.py
[2024-11-11T23:49:36.777+0000] {processor.py:830} INFO - Processing file /opt/airflow/dags/Assignment_8_Archive/SessionToSnowflake.py for tasks to queue
[2024-11-11T23:49:36.780+0000] {logging_mixin.py:188} INFO - [2024-11-11T23:49:36.779+0000] {dagbag.py:545} INFO - Filling up the DagBag from /opt/airflow/dags/Assignment_8_Archive/SessionToSnowflake.py
[2024-11-11T23:49:36.843+0000] {processor.py:840} INFO - DAG(s) 'SessionToSnowflake' retrieved from /opt/airflow/dags/Assignment_8_Archive/SessionToSnowflake.py
[2024-11-11T23:49:36.902+0000] {logging_mixin.py:188} INFO - [2024-11-11T23:49:36.901+0000] {dag.py:3096} INFO - Sync 1 DAGs
[2024-11-11T23:49:36.986+0000] {logging_mixin.py:188} INFO - [2024-11-11T23:49:36.985+0000] {dag.py:3954} INFO - Setting next_dagrun for SessionToSnowflake to 2024-11-10 06:00:00+00:00, run_after=2024-11-11 06:00:00+00:00
[2024-11-11T23:49:37.042+0000] {processor.py:183} INFO - Processing /opt/airflow/dags/Assignment_8_Archive/SessionToSnowflake.py took 0.276 seconds
[2024-11-11T23:50:07.383+0000] {processor.py:161} INFO - Started process (PID=3943) to work on /opt/airflow/dags/Assignment_8_Archive/SessionToSnowflake.py
[2024-11-11T23:50:07.384+0000] {processor.py:830} INFO - Processing file /opt/airflow/dags/Assignment_8_Archive/SessionToSnowflake.py for tasks to queue
[2024-11-11T23:50:07.388+0000] {logging_mixin.py:188} INFO - [2024-11-11T23:50:07.387+0000] {dagbag.py:545} INFO - Filling up the DagBag from /opt/airflow/dags/Assignment_8_Archive/SessionToSnowflake.py
[2024-11-11T23:50:07.441+0000] {processor.py:840} INFO - DAG(s) 'SessionToSnowflake' retrieved from /opt/airflow/dags/Assignment_8_Archive/SessionToSnowflake.py
[2024-11-11T23:50:07.484+0000] {logging_mixin.py:188} INFO - [2024-11-11T23:50:07.483+0000] {dag.py:3096} INFO - Sync 1 DAGs
[2024-11-11T23:50:07.561+0000] {logging_mixin.py:188} INFO - [2024-11-11T23:50:07.561+0000] {dag.py:3954} INFO - Setting next_dagrun for SessionToSnowflake to 2024-11-10 06:00:00+00:00, run_after=2024-11-11 06:00:00+00:00
[2024-11-11T23:50:07.645+0000] {processor.py:183} INFO - Processing /opt/airflow/dags/Assignment_8_Archive/SessionToSnowflake.py took 0.271 seconds
[2024-11-11T23:50:38.047+0000] {processor.py:161} INFO - Started process (PID=4004) to work on /opt/airflow/dags/Assignment_8_Archive/SessionToSnowflake.py
[2024-11-11T23:50:38.049+0000] {processor.py:830} INFO - Processing file /opt/airflow/dags/Assignment_8_Archive/SessionToSnowflake.py for tasks to queue
[2024-11-11T23:50:38.052+0000] {logging_mixin.py:188} INFO - [2024-11-11T23:50:38.052+0000] {dagbag.py:545} INFO - Filling up the DagBag from /opt/airflow/dags/Assignment_8_Archive/SessionToSnowflake.py
[2024-11-11T23:50:38.119+0000] {processor.py:840} INFO - DAG(s) 'SessionToSnowflake' retrieved from /opt/airflow/dags/Assignment_8_Archive/SessionToSnowflake.py
[2024-11-11T23:50:38.169+0000] {logging_mixin.py:188} INFO - [2024-11-11T23:50:38.167+0000] {dag.py:3096} INFO - Sync 1 DAGs
[2024-11-11T23:50:38.232+0000] {logging_mixin.py:188} INFO - [2024-11-11T23:50:38.231+0000] {dag.py:3954} INFO - Setting next_dagrun for SessionToSnowflake to 2024-11-10 06:00:00+00:00, run_after=2024-11-11 06:00:00+00:00
[2024-11-11T23:50:38.286+0000] {processor.py:183} INFO - Processing /opt/airflow/dags/Assignment_8_Archive/SessionToSnowflake.py took 0.251 seconds
[2024-11-11T23:51:09.184+0000] {processor.py:161} INFO - Started process (PID=4065) to work on /opt/airflow/dags/Assignment_8_Archive/SessionToSnowflake.py
[2024-11-11T23:51:09.192+0000] {processor.py:830} INFO - Processing file /opt/airflow/dags/Assignment_8_Archive/SessionToSnowflake.py for tasks to queue
[2024-11-11T23:51:09.197+0000] {logging_mixin.py:188} INFO - [2024-11-11T23:51:09.196+0000] {dagbag.py:545} INFO - Filling up the DagBag from /opt/airflow/dags/Assignment_8_Archive/SessionToSnowflake.py
[2024-11-11T23:51:09.588+0000] {processor.py:840} INFO - DAG(s) 'SessionToSnowflake' retrieved from /opt/airflow/dags/Assignment_8_Archive/SessionToSnowflake.py
[2024-11-11T23:51:09.670+0000] {logging_mixin.py:188} INFO - [2024-11-11T23:51:09.668+0000] {dag.py:3096} INFO - Sync 1 DAGs
[2024-11-11T23:51:09.751+0000] {logging_mixin.py:188} INFO - [2024-11-11T23:51:09.751+0000] {dag.py:3954} INFO - Setting next_dagrun for SessionToSnowflake to 2024-11-10 06:00:00+00:00, run_after=2024-11-11 06:00:00+00:00
[2024-11-11T23:51:09.818+0000] {processor.py:183} INFO - Processing /opt/airflow/dags/Assignment_8_Archive/SessionToSnowflake.py took 0.657 seconds
[2024-11-11T23:51:40.176+0000] {processor.py:161} INFO - Started process (PID=4126) to work on /opt/airflow/dags/Assignment_8_Archive/SessionToSnowflake.py
[2024-11-11T23:51:40.189+0000] {processor.py:830} INFO - Processing file /opt/airflow/dags/Assignment_8_Archive/SessionToSnowflake.py for tasks to queue
[2024-11-11T23:51:40.201+0000] {logging_mixin.py:188} INFO - [2024-11-11T23:51:40.201+0000] {dagbag.py:545} INFO - Filling up the DagBag from /opt/airflow/dags/Assignment_8_Archive/SessionToSnowflake.py
[2024-11-11T23:51:41.170+0000] {processor.py:840} INFO - DAG(s) 'SessionToSnowflake' retrieved from /opt/airflow/dags/Assignment_8_Archive/SessionToSnowflake.py
[2024-11-11T23:51:41.361+0000] {logging_mixin.py:188} INFO - [2024-11-11T23:51:41.360+0000] {dag.py:3096} INFO - Sync 1 DAGs
[2024-11-11T23:51:41.542+0000] {logging_mixin.py:188} INFO - [2024-11-11T23:51:41.540+0000] {dag.py:3954} INFO - Setting next_dagrun for SessionToSnowflake to 2024-11-10 06:00:00+00:00, run_after=2024-11-11 06:00:00+00:00
[2024-11-11T23:51:41.790+0000] {processor.py:183} INFO - Processing /opt/airflow/dags/Assignment_8_Archive/SessionToSnowflake.py took 1.674 seconds
[2024-11-11T23:52:12.446+0000] {processor.py:161} INFO - Started process (PID=4187) to work on /opt/airflow/dags/Assignment_8_Archive/SessionToSnowflake.py
[2024-11-11T23:52:12.448+0000] {processor.py:830} INFO - Processing file /opt/airflow/dags/Assignment_8_Archive/SessionToSnowflake.py for tasks to queue
[2024-11-11T23:52:12.451+0000] {logging_mixin.py:188} INFO - [2024-11-11T23:52:12.450+0000] {dagbag.py:545} INFO - Filling up the DagBag from /opt/airflow/dags/Assignment_8_Archive/SessionToSnowflake.py
[2024-11-11T23:52:12.486+0000] {processor.py:840} INFO - DAG(s) 'SessionToSnowflake' retrieved from /opt/airflow/dags/Assignment_8_Archive/SessionToSnowflake.py
[2024-11-11T23:52:12.515+0000] {logging_mixin.py:188} INFO - [2024-11-11T23:52:12.514+0000] {dag.py:3096} INFO - Sync 1 DAGs
[2024-11-11T23:52:12.548+0000] {logging_mixin.py:188} INFO - [2024-11-11T23:52:12.548+0000] {dag.py:3954} INFO - Setting next_dagrun for SessionToSnowflake to 2024-11-10 06:00:00+00:00, run_after=2024-11-11 06:00:00+00:00
[2024-11-11T23:52:12.587+0000] {processor.py:183} INFO - Processing /opt/airflow/dags/Assignment_8_Archive/SessionToSnowflake.py took 0.150 seconds
[2024-11-11T23:52:42.866+0000] {processor.py:161} INFO - Started process (PID=4248) to work on /opt/airflow/dags/Assignment_8_Archive/SessionToSnowflake.py
[2024-11-11T23:52:42.868+0000] {processor.py:830} INFO - Processing file /opt/airflow/dags/Assignment_8_Archive/SessionToSnowflake.py for tasks to queue
[2024-11-11T23:52:42.873+0000] {logging_mixin.py:188} INFO - [2024-11-11T23:52:42.872+0000] {dagbag.py:545} INFO - Filling up the DagBag from /opt/airflow/dags/Assignment_8_Archive/SessionToSnowflake.py
[2024-11-11T23:52:42.930+0000] {processor.py:840} INFO - DAG(s) 'SessionToSnowflake' retrieved from /opt/airflow/dags/Assignment_8_Archive/SessionToSnowflake.py
[2024-11-11T23:52:42.976+0000] {logging_mixin.py:188} INFO - [2024-11-11T23:52:42.975+0000] {dag.py:3096} INFO - Sync 1 DAGs
[2024-11-11T23:52:43.038+0000] {logging_mixin.py:188} INFO - [2024-11-11T23:52:43.037+0000] {dag.py:3954} INFO - Setting next_dagrun for SessionToSnowflake to 2024-11-10 06:00:00+00:00, run_after=2024-11-11 06:00:00+00:00
[2024-11-11T23:52:43.090+0000] {processor.py:183} INFO - Processing /opt/airflow/dags/Assignment_8_Archive/SessionToSnowflake.py took 0.236 seconds
[2024-11-11T23:53:13.632+0000] {processor.py:161} INFO - Started process (PID=4309) to work on /opt/airflow/dags/Assignment_8_Archive/SessionToSnowflake.py
[2024-11-11T23:53:13.634+0000] {processor.py:830} INFO - Processing file /opt/airflow/dags/Assignment_8_Archive/SessionToSnowflake.py for tasks to queue
[2024-11-11T23:53:13.641+0000] {logging_mixin.py:188} INFO - [2024-11-11T23:53:13.639+0000] {dagbag.py:545} INFO - Filling up the DagBag from /opt/airflow/dags/Assignment_8_Archive/SessionToSnowflake.py
[2024-11-11T23:53:13.733+0000] {processor.py:840} INFO - DAG(s) 'SessionToSnowflake' retrieved from /opt/airflow/dags/Assignment_8_Archive/SessionToSnowflake.py
[2024-11-11T23:53:13.791+0000] {logging_mixin.py:188} INFO - [2024-11-11T23:53:13.788+0000] {dag.py:3096} INFO - Sync 1 DAGs
[2024-11-11T23:53:13.866+0000] {logging_mixin.py:188} INFO - [2024-11-11T23:53:13.865+0000] {dag.py:3954} INFO - Setting next_dagrun for SessionToSnowflake to 2024-11-10 06:00:00+00:00, run_after=2024-11-11 06:00:00+00:00
[2024-11-11T23:53:13.939+0000] {processor.py:183} INFO - Processing /opt/airflow/dags/Assignment_8_Archive/SessionToSnowflake.py took 0.335 seconds
[2024-11-11T23:53:44.598+0000] {processor.py:161} INFO - Started process (PID=4370) to work on /opt/airflow/dags/Assignment_8_Archive/SessionToSnowflake.py
[2024-11-11T23:53:44.599+0000] {processor.py:830} INFO - Processing file /opt/airflow/dags/Assignment_8_Archive/SessionToSnowflake.py for tasks to queue
[2024-11-11T23:53:44.602+0000] {logging_mixin.py:188} INFO - [2024-11-11T23:53:44.602+0000] {dagbag.py:545} INFO - Filling up the DagBag from /opt/airflow/dags/Assignment_8_Archive/SessionToSnowflake.py
[2024-11-11T23:53:44.672+0000] {processor.py:840} INFO - DAG(s) 'SessionToSnowflake' retrieved from /opt/airflow/dags/Assignment_8_Archive/SessionToSnowflake.py
[2024-11-11T23:53:44.727+0000] {logging_mixin.py:188} INFO - [2024-11-11T23:53:44.726+0000] {dag.py:3096} INFO - Sync 1 DAGs
[2024-11-11T23:53:44.802+0000] {logging_mixin.py:188} INFO - [2024-11-11T23:53:44.802+0000] {dag.py:3954} INFO - Setting next_dagrun for SessionToSnowflake to 2024-11-10 06:00:00+00:00, run_after=2024-11-11 06:00:00+00:00
[2024-11-11T23:53:44.863+0000] {processor.py:183} INFO - Processing /opt/airflow/dags/Assignment_8_Archive/SessionToSnowflake.py took 0.284 seconds
[2024-11-11T23:54:15.144+0000] {processor.py:161} INFO - Started process (PID=4431) to work on /opt/airflow/dags/Assignment_8_Archive/SessionToSnowflake.py
[2024-11-11T23:54:15.146+0000] {processor.py:830} INFO - Processing file /opt/airflow/dags/Assignment_8_Archive/SessionToSnowflake.py for tasks to queue
[2024-11-11T23:54:15.150+0000] {logging_mixin.py:188} INFO - [2024-11-11T23:54:15.149+0000] {dagbag.py:545} INFO - Filling up the DagBag from /opt/airflow/dags/Assignment_8_Archive/SessionToSnowflake.py
[2024-11-11T23:54:15.183+0000] {processor.py:840} INFO - DAG(s) 'SessionToSnowflake' retrieved from /opt/airflow/dags/Assignment_8_Archive/SessionToSnowflake.py
[2024-11-11T23:54:15.211+0000] {logging_mixin.py:188} INFO - [2024-11-11T23:54:15.211+0000] {dag.py:3096} INFO - Sync 1 DAGs
[2024-11-11T23:54:15.251+0000] {logging_mixin.py:188} INFO - [2024-11-11T23:54:15.251+0000] {dag.py:3954} INFO - Setting next_dagrun for SessionToSnowflake to 2024-11-10 06:00:00+00:00, run_after=2024-11-11 06:00:00+00:00
[2024-11-11T23:54:15.287+0000] {processor.py:183} INFO - Processing /opt/airflow/dags/Assignment_8_Archive/SessionToSnowflake.py took 0.156 seconds
[2024-11-11T23:54:45.500+0000] {processor.py:161} INFO - Started process (PID=4492) to work on /opt/airflow/dags/Assignment_8_Archive/SessionToSnowflake.py
[2024-11-11T23:54:45.502+0000] {processor.py:830} INFO - Processing file /opt/airflow/dags/Assignment_8_Archive/SessionToSnowflake.py for tasks to queue
[2024-11-11T23:54:45.506+0000] {logging_mixin.py:188} INFO - [2024-11-11T23:54:45.505+0000] {dagbag.py:545} INFO - Filling up the DagBag from /opt/airflow/dags/Assignment_8_Archive/SessionToSnowflake.py
[2024-11-11T23:54:45.603+0000] {processor.py:840} INFO - DAG(s) 'SessionToSnowflake' retrieved from /opt/airflow/dags/Assignment_8_Archive/SessionToSnowflake.py
[2024-11-11T23:54:45.691+0000] {logging_mixin.py:188} INFO - [2024-11-11T23:54:45.690+0000] {dag.py:3096} INFO - Sync 1 DAGs
[2024-11-11T23:54:45.800+0000] {logging_mixin.py:188} INFO - [2024-11-11T23:54:45.800+0000] {dag.py:3954} INFO - Setting next_dagrun for SessionToSnowflake to 2024-11-10 06:00:00+00:00, run_after=2024-11-11 06:00:00+00:00
[2024-11-11T23:54:45.885+0000] {processor.py:183} INFO - Processing /opt/airflow/dags/Assignment_8_Archive/SessionToSnowflake.py took 0.397 seconds
[2024-11-11T23:55:16.149+0000] {processor.py:161} INFO - Started process (PID=4553) to work on /opt/airflow/dags/Assignment_8_Archive/SessionToSnowflake.py
[2024-11-11T23:55:16.151+0000] {processor.py:830} INFO - Processing file /opt/airflow/dags/Assignment_8_Archive/SessionToSnowflake.py for tasks to queue
[2024-11-11T23:55:16.155+0000] {logging_mixin.py:188} INFO - [2024-11-11T23:55:16.154+0000] {dagbag.py:545} INFO - Filling up the DagBag from /opt/airflow/dags/Assignment_8_Archive/SessionToSnowflake.py
[2024-11-11T23:55:16.201+0000] {processor.py:840} INFO - DAG(s) 'SessionToSnowflake' retrieved from /opt/airflow/dags/Assignment_8_Archive/SessionToSnowflake.py
[2024-11-11T23:55:16.234+0000] {logging_mixin.py:188} INFO - [2024-11-11T23:55:16.233+0000] {dag.py:3096} INFO - Sync 1 DAGs
[2024-11-11T23:55:16.296+0000] {logging_mixin.py:188} INFO - [2024-11-11T23:55:16.296+0000] {dag.py:3954} INFO - Setting next_dagrun for SessionToSnowflake to 2024-11-10 06:00:00+00:00, run_after=2024-11-11 06:00:00+00:00
[2024-11-11T23:55:16.352+0000] {processor.py:183} INFO - Processing /opt/airflow/dags/Assignment_8_Archive/SessionToSnowflake.py took 0.219 seconds
[2024-11-11T23:55:47.070+0000] {processor.py:161} INFO - Started process (PID=4614) to work on /opt/airflow/dags/Assignment_8_Archive/SessionToSnowflake.py
[2024-11-11T23:55:47.072+0000] {processor.py:830} INFO - Processing file /opt/airflow/dags/Assignment_8_Archive/SessionToSnowflake.py for tasks to queue
[2024-11-11T23:55:47.075+0000] {logging_mixin.py:188} INFO - [2024-11-11T23:55:47.075+0000] {dagbag.py:545} INFO - Filling up the DagBag from /opt/airflow/dags/Assignment_8_Archive/SessionToSnowflake.py
[2024-11-11T23:55:47.111+0000] {processor.py:840} INFO - DAG(s) 'SessionToSnowflake' retrieved from /opt/airflow/dags/Assignment_8_Archive/SessionToSnowflake.py
[2024-11-11T23:55:47.141+0000] {logging_mixin.py:188} INFO - [2024-11-11T23:55:47.140+0000] {dag.py:3096} INFO - Sync 1 DAGs
[2024-11-11T23:55:47.181+0000] {logging_mixin.py:188} INFO - [2024-11-11T23:55:47.181+0000] {dag.py:3954} INFO - Setting next_dagrun for SessionToSnowflake to 2024-11-10 06:00:00+00:00, run_after=2024-11-11 06:00:00+00:00
[2024-11-11T23:55:47.219+0000] {processor.py:183} INFO - Processing /opt/airflow/dags/Assignment_8_Archive/SessionToSnowflake.py took 0.162 seconds
[2024-11-11T23:56:17.470+0000] {processor.py:161} INFO - Started process (PID=4675) to work on /opt/airflow/dags/Assignment_8_Archive/SessionToSnowflake.py
[2024-11-11T23:56:17.472+0000] {processor.py:830} INFO - Processing file /opt/airflow/dags/Assignment_8_Archive/SessionToSnowflake.py for tasks to queue
[2024-11-11T23:56:17.477+0000] {logging_mixin.py:188} INFO - [2024-11-11T23:56:17.476+0000] {dagbag.py:545} INFO - Filling up the DagBag from /opt/airflow/dags/Assignment_8_Archive/SessionToSnowflake.py
[2024-11-11T23:56:17.528+0000] {processor.py:840} INFO - DAG(s) 'SessionToSnowflake' retrieved from /opt/airflow/dags/Assignment_8_Archive/SessionToSnowflake.py
[2024-11-11T23:56:17.569+0000] {logging_mixin.py:188} INFO - [2024-11-11T23:56:17.568+0000] {dag.py:3096} INFO - Sync 1 DAGs
[2024-11-11T23:56:17.609+0000] {logging_mixin.py:188} INFO - [2024-11-11T23:56:17.609+0000] {dag.py:3954} INFO - Setting next_dagrun for SessionToSnowflake to 2024-11-10 06:00:00+00:00, run_after=2024-11-11 06:00:00+00:00
[2024-11-11T23:56:17.647+0000] {processor.py:183} INFO - Processing /opt/airflow/dags/Assignment_8_Archive/SessionToSnowflake.py took 0.190 seconds
[2024-11-11T23:56:48.448+0000] {processor.py:161} INFO - Started process (PID=4736) to work on /opt/airflow/dags/Assignment_8_Archive/SessionToSnowflake.py
[2024-11-11T23:56:48.449+0000] {processor.py:830} INFO - Processing file /opt/airflow/dags/Assignment_8_Archive/SessionToSnowflake.py for tasks to queue
[2024-11-11T23:56:48.451+0000] {logging_mixin.py:188} INFO - [2024-11-11T23:56:48.451+0000] {dagbag.py:545} INFO - Filling up the DagBag from /opt/airflow/dags/Assignment_8_Archive/SessionToSnowflake.py
[2024-11-11T23:56:48.483+0000] {processor.py:840} INFO - DAG(s) 'SessionToSnowflake' retrieved from /opt/airflow/dags/Assignment_8_Archive/SessionToSnowflake.py
[2024-11-11T23:56:48.507+0000] {logging_mixin.py:188} INFO - [2024-11-11T23:56:48.506+0000] {dag.py:3096} INFO - Sync 1 DAGs
[2024-11-11T23:56:48.537+0000] {logging_mixin.py:188} INFO - [2024-11-11T23:56:48.537+0000] {dag.py:3954} INFO - Setting next_dagrun for SessionToSnowflake to 2024-11-10 06:00:00+00:00, run_after=2024-11-11 06:00:00+00:00
[2024-11-11T23:56:48.584+0000] {processor.py:183} INFO - Processing /opt/airflow/dags/Assignment_8_Archive/SessionToSnowflake.py took 0.142 seconds
[2024-11-11T23:57:18.933+0000] {processor.py:161} INFO - Started process (PID=4796) to work on /opt/airflow/dags/Assignment_8_Archive/SessionToSnowflake.py
[2024-11-11T23:57:18.934+0000] {processor.py:830} INFO - Processing file /opt/airflow/dags/Assignment_8_Archive/SessionToSnowflake.py for tasks to queue
[2024-11-11T23:57:18.939+0000] {logging_mixin.py:188} INFO - [2024-11-11T23:57:18.938+0000] {dagbag.py:545} INFO - Filling up the DagBag from /opt/airflow/dags/Assignment_8_Archive/SessionToSnowflake.py
[2024-11-11T23:57:18.988+0000] {processor.py:840} INFO - DAG(s) 'SessionToSnowflake' retrieved from /opt/airflow/dags/Assignment_8_Archive/SessionToSnowflake.py
[2024-11-11T23:57:19.029+0000] {logging_mixin.py:188} INFO - [2024-11-11T23:57:19.028+0000] {dag.py:3096} INFO - Sync 1 DAGs
[2024-11-11T23:57:19.080+0000] {logging_mixin.py:188} INFO - [2024-11-11T23:57:19.080+0000] {dag.py:3954} INFO - Setting next_dagrun for SessionToSnowflake to 2024-11-10 06:00:00+00:00, run_after=2024-11-11 06:00:00+00:00
[2024-11-11T23:57:19.141+0000] {processor.py:183} INFO - Processing /opt/airflow/dags/Assignment_8_Archive/SessionToSnowflake.py took 0.221 seconds
[2024-11-11T23:57:49.401+0000] {processor.py:161} INFO - Started process (PID=4857) to work on /opt/airflow/dags/Assignment_8_Archive/SessionToSnowflake.py
[2024-11-11T23:57:49.404+0000] {processor.py:830} INFO - Processing file /opt/airflow/dags/Assignment_8_Archive/SessionToSnowflake.py for tasks to queue
[2024-11-11T23:57:49.410+0000] {logging_mixin.py:188} INFO - [2024-11-11T23:57:49.409+0000] {dagbag.py:545} INFO - Filling up the DagBag from /opt/airflow/dags/Assignment_8_Archive/SessionToSnowflake.py
[2024-11-11T23:57:49.451+0000] {processor.py:840} INFO - DAG(s) 'SessionToSnowflake' retrieved from /opt/airflow/dags/Assignment_8_Archive/SessionToSnowflake.py
[2024-11-11T23:57:49.489+0000] {logging_mixin.py:188} INFO - [2024-11-11T23:57:49.488+0000] {dag.py:3096} INFO - Sync 1 DAGs
[2024-11-11T23:57:49.525+0000] {logging_mixin.py:188} INFO - [2024-11-11T23:57:49.524+0000] {dag.py:3954} INFO - Setting next_dagrun for SessionToSnowflake to 2024-11-10 06:00:00+00:00, run_after=2024-11-11 06:00:00+00:00
[2024-11-11T23:57:49.569+0000] {processor.py:183} INFO - Processing /opt/airflow/dags/Assignment_8_Archive/SessionToSnowflake.py took 0.175 seconds
[2024-11-11T23:58:20.328+0000] {processor.py:161} INFO - Started process (PID=4918) to work on /opt/airflow/dags/Assignment_8_Archive/SessionToSnowflake.py
[2024-11-11T23:58:20.330+0000] {processor.py:830} INFO - Processing file /opt/airflow/dags/Assignment_8_Archive/SessionToSnowflake.py for tasks to queue
[2024-11-11T23:58:20.333+0000] {logging_mixin.py:188} INFO - [2024-11-11T23:58:20.332+0000] {dagbag.py:545} INFO - Filling up the DagBag from /opt/airflow/dags/Assignment_8_Archive/SessionToSnowflake.py
[2024-11-11T23:58:20.378+0000] {processor.py:840} INFO - DAG(s) 'SessionToSnowflake' retrieved from /opt/airflow/dags/Assignment_8_Archive/SessionToSnowflake.py
[2024-11-11T23:58:20.413+0000] {logging_mixin.py:188} INFO - [2024-11-11T23:58:20.412+0000] {dag.py:3096} INFO - Sync 1 DAGs
[2024-11-11T23:58:20.475+0000] {logging_mixin.py:188} INFO - [2024-11-11T23:58:20.475+0000] {dag.py:3954} INFO - Setting next_dagrun for SessionToSnowflake to 2024-11-10 06:00:00+00:00, run_after=2024-11-11 06:00:00+00:00
[2024-11-11T23:58:20.514+0000] {processor.py:183} INFO - Processing /opt/airflow/dags/Assignment_8_Archive/SessionToSnowflake.py took 0.195 seconds
[2024-11-11T23:58:50.935+0000] {processor.py:161} INFO - Started process (PID=4985) to work on /opt/airflow/dags/Assignment_8_Archive/SessionToSnowflake.py
[2024-11-11T23:58:50.936+0000] {processor.py:830} INFO - Processing file /opt/airflow/dags/Assignment_8_Archive/SessionToSnowflake.py for tasks to queue
[2024-11-11T23:58:50.940+0000] {logging_mixin.py:188} INFO - [2024-11-11T23:58:50.939+0000] {dagbag.py:545} INFO - Filling up the DagBag from /opt/airflow/dags/Assignment_8_Archive/SessionToSnowflake.py
[2024-11-11T23:58:50.992+0000] {processor.py:840} INFO - DAG(s) 'SessionToSnowflake' retrieved from /opt/airflow/dags/Assignment_8_Archive/SessionToSnowflake.py
[2024-11-11T23:58:51.025+0000] {logging_mixin.py:188} INFO - [2024-11-11T23:58:51.025+0000] {dag.py:3096} INFO - Sync 1 DAGs
[2024-11-11T23:58:51.063+0000] {logging_mixin.py:188} INFO - [2024-11-11T23:58:51.063+0000] {dag.py:3954} INFO - Setting next_dagrun for SessionToSnowflake to 2024-11-10 06:00:00+00:00, run_after=2024-11-11 06:00:00+00:00
[2024-11-11T23:58:51.101+0000] {processor.py:183} INFO - Processing /opt/airflow/dags/Assignment_8_Archive/SessionToSnowflake.py took 0.176 seconds
[2024-11-11T23:59:21.786+0000] {processor.py:161} INFO - Started process (PID=5046) to work on /opt/airflow/dags/Assignment_8_Archive/SessionToSnowflake.py
[2024-11-11T23:59:21.787+0000] {processor.py:830} INFO - Processing file /opt/airflow/dags/Assignment_8_Archive/SessionToSnowflake.py for tasks to queue
[2024-11-11T23:59:21.789+0000] {logging_mixin.py:188} INFO - [2024-11-11T23:59:21.789+0000] {dagbag.py:545} INFO - Filling up the DagBag from /opt/airflow/dags/Assignment_8_Archive/SessionToSnowflake.py
[2024-11-11T23:59:21.832+0000] {processor.py:840} INFO - DAG(s) 'SessionToSnowflake' retrieved from /opt/airflow/dags/Assignment_8_Archive/SessionToSnowflake.py
[2024-11-11T23:59:21.867+0000] {logging_mixin.py:188} INFO - [2024-11-11T23:59:21.866+0000] {dag.py:3096} INFO - Sync 1 DAGs
[2024-11-11T23:59:21.893+0000] {logging_mixin.py:188} INFO - [2024-11-11T23:59:21.893+0000] {dag.py:3954} INFO - Setting next_dagrun for SessionToSnowflake to 2024-11-10 06:00:00+00:00, run_after=2024-11-11 06:00:00+00:00
[2024-11-11T23:59:21.938+0000] {processor.py:183} INFO - Processing /opt/airflow/dags/Assignment_8_Archive/SessionToSnowflake.py took 0.160 seconds
[2024-11-11T23:59:52.339+0000] {processor.py:161} INFO - Started process (PID=5107) to work on /opt/airflow/dags/Assignment_8_Archive/SessionToSnowflake.py
[2024-11-11T23:59:52.341+0000] {processor.py:830} INFO - Processing file /opt/airflow/dags/Assignment_8_Archive/SessionToSnowflake.py for tasks to queue
[2024-11-11T23:59:52.344+0000] {logging_mixin.py:188} INFO - [2024-11-11T23:59:52.343+0000] {dagbag.py:545} INFO - Filling up the DagBag from /opt/airflow/dags/Assignment_8_Archive/SessionToSnowflake.py
[2024-11-11T23:59:52.381+0000] {processor.py:840} INFO - DAG(s) 'SessionToSnowflake' retrieved from /opt/airflow/dags/Assignment_8_Archive/SessionToSnowflake.py
[2024-11-11T23:59:52.415+0000] {logging_mixin.py:188} INFO - [2024-11-11T23:59:52.413+0000] {dag.py:3096} INFO - Sync 1 DAGs
[2024-11-11T23:59:52.451+0000] {logging_mixin.py:188} INFO - [2024-11-11T23:59:52.450+0000] {dag.py:3954} INFO - Setting next_dagrun for SessionToSnowflake to 2024-11-10 06:00:00+00:00, run_after=2024-11-11 06:00:00+00:00
[2024-11-11T23:59:52.491+0000] {processor.py:183} INFO - Processing /opt/airflow/dags/Assignment_8_Archive/SessionToSnowflake.py took 0.163 seconds
