[2024-11-11T23:17:47.908+0000] {processor.py:161} INFO - Started process (PID=108) to work on /opt/airflow/dags/Assignment_8_Archive/yfinance_to_snowflake.py
[2024-11-11T23:17:47.910+0000] {processor.py:830} INFO - Processing file /opt/airflow/dags/Assignment_8_Archive/yfinance_to_snowflake.py for tasks to queue
[2024-11-11T23:17:47.914+0000] {logging_mixin.py:188} INFO - [2024-11-11T23:17:47.913+0000] {dagbag.py:545} INFO - Filling up the DagBag from /opt/airflow/dags/Assignment_8_Archive/yfinance_to_snowflake.py
[2024-11-11T23:17:48.572+0000] {processor.py:840} INFO - DAG(s) 'YfinanceToSnowflake' retrieved from /opt/airflow/dags/Assignment_8_Archive/yfinance_to_snowflake.py
[2024-11-11T23:17:48.632+0000] {logging_mixin.py:188} INFO - [2024-11-11T23:17:48.631+0000] {dag.py:3096} INFO - Sync 1 DAGs
[2024-11-11T23:17:48.689+0000] {logging_mixin.py:188} INFO - [2024-11-11T23:17:48.688+0000] {dag.py:3954} INFO - Setting next_dagrun for YfinanceToSnowflake to 2024-11-10 17:00:00+00:00, run_after=2024-11-11 17:00:00+00:00
[2024-11-11T23:17:48.749+0000] {processor.py:183} INFO - Processing /opt/airflow/dags/Assignment_8_Archive/yfinance_to_snowflake.py took 0.854 seconds
[2024-11-11T23:18:18.916+0000] {processor.py:161} INFO - Started process (PID=169) to work on /opt/airflow/dags/Assignment_8_Archive/yfinance_to_snowflake.py
[2024-11-11T23:18:18.919+0000] {processor.py:830} INFO - Processing file /opt/airflow/dags/Assignment_8_Archive/yfinance_to_snowflake.py for tasks to queue
[2024-11-11T23:18:18.923+0000] {logging_mixin.py:188} INFO - [2024-11-11T23:18:18.922+0000] {dagbag.py:545} INFO - Filling up the DagBag from /opt/airflow/dags/Assignment_8_Archive/yfinance_to_snowflake.py
[2024-11-11T23:18:19.241+0000] {processor.py:840} INFO - DAG(s) 'YfinanceToSnowflake' retrieved from /opt/airflow/dags/Assignment_8_Archive/yfinance_to_snowflake.py
[2024-11-11T23:18:19.280+0000] {logging_mixin.py:188} INFO - [2024-11-11T23:18:19.279+0000] {dag.py:3096} INFO - Sync 1 DAGs
[2024-11-11T23:18:19.319+0000] {logging_mixin.py:188} INFO - [2024-11-11T23:18:19.318+0000] {dag.py:3954} INFO - Setting next_dagrun for YfinanceToSnowflake to 2024-11-10 17:00:00+00:00, run_after=2024-11-11 17:00:00+00:00
[2024-11-11T23:18:19.386+0000] {processor.py:183} INFO - Processing /opt/airflow/dags/Assignment_8_Archive/yfinance_to_snowflake.py took 0.479 seconds
[2024-11-11T23:18:49.564+0000] {processor.py:161} INFO - Started process (PID=229) to work on /opt/airflow/dags/Assignment_8_Archive/yfinance_to_snowflake.py
[2024-11-11T23:18:49.566+0000] {processor.py:830} INFO - Processing file /opt/airflow/dags/Assignment_8_Archive/yfinance_to_snowflake.py for tasks to queue
[2024-11-11T23:18:49.571+0000] {logging_mixin.py:188} INFO - [2024-11-11T23:18:49.570+0000] {dagbag.py:545} INFO - Filling up the DagBag from /opt/airflow/dags/Assignment_8_Archive/yfinance_to_snowflake.py
[2024-11-11T23:18:49.998+0000] {processor.py:840} INFO - DAG(s) 'YfinanceToSnowflake' retrieved from /opt/airflow/dags/Assignment_8_Archive/yfinance_to_snowflake.py
[2024-11-11T23:18:50.058+0000] {logging_mixin.py:188} INFO - [2024-11-11T23:18:50.056+0000] {dag.py:3096} INFO - Sync 1 DAGs
[2024-11-11T23:18:50.185+0000] {logging_mixin.py:188} INFO - [2024-11-11T23:18:50.179+0000] {dag.py:3954} INFO - Setting next_dagrun for YfinanceToSnowflake to 2024-11-10 17:00:00+00:00, run_after=2024-11-11 17:00:00+00:00
[2024-11-11T23:18:50.259+0000] {processor.py:183} INFO - Processing /opt/airflow/dags/Assignment_8_Archive/yfinance_to_snowflake.py took 0.707 seconds
[2024-11-11T23:19:20.391+0000] {processor.py:161} INFO - Started process (PID=290) to work on /opt/airflow/dags/Assignment_8_Archive/yfinance_to_snowflake.py
[2024-11-11T23:19:20.393+0000] {processor.py:830} INFO - Processing file /opt/airflow/dags/Assignment_8_Archive/yfinance_to_snowflake.py for tasks to queue
[2024-11-11T23:19:20.396+0000] {logging_mixin.py:188} INFO - [2024-11-11T23:19:20.395+0000] {dagbag.py:545} INFO - Filling up the DagBag from /opt/airflow/dags/Assignment_8_Archive/yfinance_to_snowflake.py
[2024-11-11T23:19:20.660+0000] {processor.py:840} INFO - DAG(s) 'YfinanceToSnowflake' retrieved from /opt/airflow/dags/Assignment_8_Archive/yfinance_to_snowflake.py
[2024-11-11T23:19:20.696+0000] {logging_mixin.py:188} INFO - [2024-11-11T23:19:20.695+0000] {dag.py:3096} INFO - Sync 1 DAGs
[2024-11-11T23:19:20.748+0000] {logging_mixin.py:188} INFO - [2024-11-11T23:19:20.747+0000] {dag.py:3954} INFO - Setting next_dagrun for YfinanceToSnowflake to 2024-11-10 17:00:00+00:00, run_after=2024-11-11 17:00:00+00:00
[2024-11-11T23:19:20.789+0000] {processor.py:183} INFO - Processing /opt/airflow/dags/Assignment_8_Archive/yfinance_to_snowflake.py took 0.406 seconds
[2024-11-11T23:19:51.003+0000] {processor.py:161} INFO - Started process (PID=352) to work on /opt/airflow/dags/Assignment_8_Archive/yfinance_to_snowflake.py
[2024-11-11T23:19:51.005+0000] {processor.py:830} INFO - Processing file /opt/airflow/dags/Assignment_8_Archive/yfinance_to_snowflake.py for tasks to queue
[2024-11-11T23:19:51.008+0000] {logging_mixin.py:188} INFO - [2024-11-11T23:19:51.007+0000] {dagbag.py:545} INFO - Filling up the DagBag from /opt/airflow/dags/Assignment_8_Archive/yfinance_to_snowflake.py
[2024-11-11T23:19:51.227+0000] {processor.py:840} INFO - DAG(s) 'YfinanceToSnowflake' retrieved from /opt/airflow/dags/Assignment_8_Archive/yfinance_to_snowflake.py
[2024-11-11T23:19:51.251+0000] {logging_mixin.py:188} INFO - [2024-11-11T23:19:51.250+0000] {dag.py:3096} INFO - Sync 1 DAGs
[2024-11-11T23:19:51.283+0000] {logging_mixin.py:188} INFO - [2024-11-11T23:19:51.282+0000] {dag.py:3954} INFO - Setting next_dagrun for YfinanceToSnowflake to 2024-11-10 17:00:00+00:00, run_after=2024-11-11 17:00:00+00:00
[2024-11-11T23:19:51.314+0000] {processor.py:183} INFO - Processing /opt/airflow/dags/Assignment_8_Archive/yfinance_to_snowflake.py took 0.318 seconds
[2024-11-11T23:20:21.484+0000] {processor.py:161} INFO - Started process (PID=415) to work on /opt/airflow/dags/Assignment_8_Archive/yfinance_to_snowflake.py
[2024-11-11T23:20:21.485+0000] {processor.py:830} INFO - Processing file /opt/airflow/dags/Assignment_8_Archive/yfinance_to_snowflake.py for tasks to queue
[2024-11-11T23:20:21.489+0000] {logging_mixin.py:188} INFO - [2024-11-11T23:20:21.488+0000] {dagbag.py:545} INFO - Filling up the DagBag from /opt/airflow/dags/Assignment_8_Archive/yfinance_to_snowflake.py
[2024-11-11T23:20:21.680+0000] {processor.py:840} INFO - DAG(s) 'YfinanceToSnowflake' retrieved from /opt/airflow/dags/Assignment_8_Archive/yfinance_to_snowflake.py
[2024-11-11T23:20:21.708+0000] {logging_mixin.py:188} INFO - [2024-11-11T23:20:21.707+0000] {dag.py:3096} INFO - Sync 1 DAGs
[2024-11-11T23:20:21.733+0000] {logging_mixin.py:188} INFO - [2024-11-11T23:20:21.733+0000] {dag.py:3954} INFO - Setting next_dagrun for YfinanceToSnowflake to 2024-11-10 17:00:00+00:00, run_after=2024-11-11 17:00:00+00:00
[2024-11-11T23:20:21.762+0000] {processor.py:183} INFO - Processing /opt/airflow/dags/Assignment_8_Archive/yfinance_to_snowflake.py took 0.284 seconds
[2024-11-11T23:20:51.949+0000] {processor.py:161} INFO - Started process (PID=473) to work on /opt/airflow/dags/Assignment_8_Archive/yfinance_to_snowflake.py
[2024-11-11T23:20:51.951+0000] {processor.py:830} INFO - Processing file /opt/airflow/dags/Assignment_8_Archive/yfinance_to_snowflake.py for tasks to queue
[2024-11-11T23:20:51.955+0000] {logging_mixin.py:188} INFO - [2024-11-11T23:20:51.954+0000] {dagbag.py:545} INFO - Filling up the DagBag from /opt/airflow/dags/Assignment_8_Archive/yfinance_to_snowflake.py
[2024-11-11T23:20:52.227+0000] {processor.py:840} INFO - DAG(s) 'YfinanceToSnowflake' retrieved from /opt/airflow/dags/Assignment_8_Archive/yfinance_to_snowflake.py
[2024-11-11T23:20:52.264+0000] {logging_mixin.py:188} INFO - [2024-11-11T23:20:52.263+0000] {dag.py:3096} INFO - Sync 1 DAGs
[2024-11-11T23:20:52.304+0000] {logging_mixin.py:188} INFO - [2024-11-11T23:20:52.304+0000] {dag.py:3954} INFO - Setting next_dagrun for YfinanceToSnowflake to 2024-11-10 17:00:00+00:00, run_after=2024-11-11 17:00:00+00:00
[2024-11-11T23:20:52.347+0000] {processor.py:183} INFO - Processing /opt/airflow/dags/Assignment_8_Archive/yfinance_to_snowflake.py took 0.407 seconds
[2024-11-11T23:21:23.042+0000] {processor.py:161} INFO - Started process (PID=534) to work on /opt/airflow/dags/Assignment_8_Archive/yfinance_to_snowflake.py
[2024-11-11T23:21:23.043+0000] {processor.py:830} INFO - Processing file /opt/airflow/dags/Assignment_8_Archive/yfinance_to_snowflake.py for tasks to queue
[2024-11-11T23:21:23.046+0000] {logging_mixin.py:188} INFO - [2024-11-11T23:21:23.046+0000] {dagbag.py:545} INFO - Filling up the DagBag from /opt/airflow/dags/Assignment_8_Archive/yfinance_to_snowflake.py
[2024-11-11T23:21:23.353+0000] {processor.py:840} INFO - DAG(s) 'YfinanceToSnowflake' retrieved from /opt/airflow/dags/Assignment_8_Archive/yfinance_to_snowflake.py
[2024-11-11T23:21:23.384+0000] {logging_mixin.py:188} INFO - [2024-11-11T23:21:23.384+0000] {dag.py:3096} INFO - Sync 1 DAGs
[2024-11-11T23:21:23.440+0000] {logging_mixin.py:188} INFO - [2024-11-11T23:21:23.439+0000] {dag.py:3954} INFO - Setting next_dagrun for YfinanceToSnowflake to 2024-11-10 17:00:00+00:00, run_after=2024-11-11 17:00:00+00:00
[2024-11-11T23:21:23.502+0000] {processor.py:183} INFO - Processing /opt/airflow/dags/Assignment_8_Archive/yfinance_to_snowflake.py took 0.467 seconds
[2024-11-11T23:21:53.788+0000] {processor.py:161} INFO - Started process (PID=595) to work on /opt/airflow/dags/Assignment_8_Archive/yfinance_to_snowflake.py
[2024-11-11T23:21:53.790+0000] {processor.py:830} INFO - Processing file /opt/airflow/dags/Assignment_8_Archive/yfinance_to_snowflake.py for tasks to queue
[2024-11-11T23:21:53.794+0000] {logging_mixin.py:188} INFO - [2024-11-11T23:21:53.794+0000] {dagbag.py:545} INFO - Filling up the DagBag from /opt/airflow/dags/Assignment_8_Archive/yfinance_to_snowflake.py
[2024-11-11T23:21:54.061+0000] {processor.py:840} INFO - DAG(s) 'YfinanceToSnowflake' retrieved from /opt/airflow/dags/Assignment_8_Archive/yfinance_to_snowflake.py
[2024-11-11T23:21:54.090+0000] {logging_mixin.py:188} INFO - [2024-11-11T23:21:54.090+0000] {dag.py:3096} INFO - Sync 1 DAGs
[2024-11-11T23:21:54.124+0000] {logging_mixin.py:188} INFO - [2024-11-11T23:21:54.124+0000] {dag.py:3954} INFO - Setting next_dagrun for YfinanceToSnowflake to 2024-11-10 17:00:00+00:00, run_after=2024-11-11 17:00:00+00:00
[2024-11-11T23:21:54.160+0000] {processor.py:183} INFO - Processing /opt/airflow/dags/Assignment_8_Archive/yfinance_to_snowflake.py took 0.385 seconds
[2024-11-11T23:22:24.834+0000] {processor.py:161} INFO - Started process (PID=656) to work on /opt/airflow/dags/Assignment_8_Archive/yfinance_to_snowflake.py
[2024-11-11T23:22:24.835+0000] {processor.py:830} INFO - Processing file /opt/airflow/dags/Assignment_8_Archive/yfinance_to_snowflake.py for tasks to queue
[2024-11-11T23:22:24.839+0000] {logging_mixin.py:188} INFO - [2024-11-11T23:22:24.838+0000] {dagbag.py:545} INFO - Filling up the DagBag from /opt/airflow/dags/Assignment_8_Archive/yfinance_to_snowflake.py
[2024-11-11T23:22:25.054+0000] {processor.py:840} INFO - DAG(s) 'YfinanceToSnowflake' retrieved from /opt/airflow/dags/Assignment_8_Archive/yfinance_to_snowflake.py
[2024-11-11T23:22:25.077+0000] {logging_mixin.py:188} INFO - [2024-11-11T23:22:25.077+0000] {dag.py:3096} INFO - Sync 1 DAGs
[2024-11-11T23:22:25.108+0000] {logging_mixin.py:188} INFO - [2024-11-11T23:22:25.108+0000] {dag.py:3954} INFO - Setting next_dagrun for YfinanceToSnowflake to 2024-11-10 17:00:00+00:00, run_after=2024-11-11 17:00:00+00:00
[2024-11-11T23:22:25.141+0000] {processor.py:183} INFO - Processing /opt/airflow/dags/Assignment_8_Archive/yfinance_to_snowflake.py took 0.316 seconds
[2024-11-11T23:22:55.555+0000] {processor.py:161} INFO - Started process (PID=717) to work on /opt/airflow/dags/Assignment_8_Archive/yfinance_to_snowflake.py
[2024-11-11T23:22:55.557+0000] {processor.py:830} INFO - Processing file /opt/airflow/dags/Assignment_8_Archive/yfinance_to_snowflake.py for tasks to queue
[2024-11-11T23:22:55.561+0000] {logging_mixin.py:188} INFO - [2024-11-11T23:22:55.560+0000] {dagbag.py:545} INFO - Filling up the DagBag from /opt/airflow/dags/Assignment_8_Archive/yfinance_to_snowflake.py
[2024-11-11T23:22:56.002+0000] {processor.py:840} INFO - DAG(s) 'YfinanceToSnowflake' retrieved from /opt/airflow/dags/Assignment_8_Archive/yfinance_to_snowflake.py
[2024-11-11T23:22:56.093+0000] {logging_mixin.py:188} INFO - [2024-11-11T23:22:56.083+0000] {dag.py:3096} INFO - Sync 1 DAGs
[2024-11-11T23:22:56.189+0000] {logging_mixin.py:188} INFO - [2024-11-11T23:22:56.188+0000] {dag.py:3954} INFO - Setting next_dagrun for YfinanceToSnowflake to 2024-11-10 17:00:00+00:00, run_after=2024-11-11 17:00:00+00:00
[2024-11-11T23:22:56.256+0000] {processor.py:183} INFO - Processing /opt/airflow/dags/Assignment_8_Archive/yfinance_to_snowflake.py took 0.711 seconds
[2024-11-11T23:23:26.383+0000] {processor.py:161} INFO - Started process (PID=782) to work on /opt/airflow/dags/Assignment_8_Archive/yfinance_to_snowflake.py
[2024-11-11T23:23:26.385+0000] {processor.py:830} INFO - Processing file /opt/airflow/dags/Assignment_8_Archive/yfinance_to_snowflake.py for tasks to queue
[2024-11-11T23:23:26.390+0000] {logging_mixin.py:188} INFO - [2024-11-11T23:23:26.389+0000] {dagbag.py:545} INFO - Filling up the DagBag from /opt/airflow/dags/Assignment_8_Archive/yfinance_to_snowflake.py
[2024-11-11T23:23:26.792+0000] {processor.py:840} INFO - DAG(s) 'YfinanceToSnowflake' retrieved from /opt/airflow/dags/Assignment_8_Archive/yfinance_to_snowflake.py
[2024-11-11T23:23:26.839+0000] {logging_mixin.py:188} INFO - [2024-11-11T23:23:26.838+0000] {dag.py:3096} INFO - Sync 1 DAGs
[2024-11-11T23:23:26.893+0000] {logging_mixin.py:188} INFO - [2024-11-11T23:23:26.892+0000] {dag.py:3954} INFO - Setting next_dagrun for YfinanceToSnowflake to 2024-11-10 17:00:00+00:00, run_after=2024-11-11 17:00:00+00:00
[2024-11-11T23:23:26.949+0000] {processor.py:183} INFO - Processing /opt/airflow/dags/Assignment_8_Archive/yfinance_to_snowflake.py took 0.578 seconds
[2024-11-11T23:23:57.331+0000] {processor.py:161} INFO - Started process (PID=844) to work on /opt/airflow/dags/Assignment_8_Archive/yfinance_to_snowflake.py
[2024-11-11T23:23:57.333+0000] {processor.py:830} INFO - Processing file /opt/airflow/dags/Assignment_8_Archive/yfinance_to_snowflake.py for tasks to queue
[2024-11-11T23:23:57.340+0000] {logging_mixin.py:188} INFO - [2024-11-11T23:23:57.340+0000] {dagbag.py:545} INFO - Filling up the DagBag from /opt/airflow/dags/Assignment_8_Archive/yfinance_to_snowflake.py
[2024-11-11T23:23:57.659+0000] {processor.py:840} INFO - DAG(s) 'YfinanceToSnowflake' retrieved from /opt/airflow/dags/Assignment_8_Archive/yfinance_to_snowflake.py
[2024-11-11T23:23:57.691+0000] {logging_mixin.py:188} INFO - [2024-11-11T23:23:57.690+0000] {dag.py:3096} INFO - Sync 1 DAGs
[2024-11-11T23:23:57.727+0000] {logging_mixin.py:188} INFO - [2024-11-11T23:23:57.726+0000] {dag.py:3954} INFO - Setting next_dagrun for YfinanceToSnowflake to 2024-11-10 17:00:00+00:00, run_after=2024-11-11 17:00:00+00:00
[2024-11-11T23:23:57.764+0000] {processor.py:183} INFO - Processing /opt/airflow/dags/Assignment_8_Archive/yfinance_to_snowflake.py took 0.450 seconds
[2024-11-11T23:24:28.170+0000] {processor.py:161} INFO - Started process (PID=907) to work on /opt/airflow/dags/Assignment_8_Archive/yfinance_to_snowflake.py
[2024-11-11T23:24:28.172+0000] {processor.py:830} INFO - Processing file /opt/airflow/dags/Assignment_8_Archive/yfinance_to_snowflake.py for tasks to queue
[2024-11-11T23:24:28.177+0000] {logging_mixin.py:188} INFO - [2024-11-11T23:24:28.176+0000] {dagbag.py:545} INFO - Filling up the DagBag from /opt/airflow/dags/Assignment_8_Archive/yfinance_to_snowflake.py
[2024-11-11T23:24:28.495+0000] {processor.py:840} INFO - DAG(s) 'YfinanceToSnowflake' retrieved from /opt/airflow/dags/Assignment_8_Archive/yfinance_to_snowflake.py
[2024-11-11T23:24:28.529+0000] {logging_mixin.py:188} INFO - [2024-11-11T23:24:28.527+0000] {dag.py:3096} INFO - Sync 1 DAGs
[2024-11-11T23:24:28.576+0000] {logging_mixin.py:188} INFO - [2024-11-11T23:24:28.575+0000] {dag.py:3954} INFO - Setting next_dagrun for YfinanceToSnowflake to 2024-11-10 17:00:00+00:00, run_after=2024-11-11 17:00:00+00:00
[2024-11-11T23:24:28.619+0000] {processor.py:183} INFO - Processing /opt/airflow/dags/Assignment_8_Archive/yfinance_to_snowflake.py took 0.460 seconds
[2024-11-11T23:24:58.829+0000] {processor.py:161} INFO - Started process (PID=968) to work on /opt/airflow/dags/Assignment_8_Archive/yfinance_to_snowflake.py
[2024-11-11T23:24:58.834+0000] {processor.py:830} INFO - Processing file /opt/airflow/dags/Assignment_8_Archive/yfinance_to_snowflake.py for tasks to queue
[2024-11-11T23:24:58.838+0000] {logging_mixin.py:188} INFO - [2024-11-11T23:24:58.837+0000] {dagbag.py:545} INFO - Filling up the DagBag from /opt/airflow/dags/Assignment_8_Archive/yfinance_to_snowflake.py
[2024-11-11T23:24:59.101+0000] {processor.py:840} INFO - DAG(s) 'YfinanceToSnowflake' retrieved from /opt/airflow/dags/Assignment_8_Archive/yfinance_to_snowflake.py
[2024-11-11T23:24:59.129+0000] {logging_mixin.py:188} INFO - [2024-11-11T23:24:59.128+0000] {dag.py:3096} INFO - Sync 1 DAGs
[2024-11-11T23:24:59.161+0000] {logging_mixin.py:188} INFO - [2024-11-11T23:24:59.161+0000] {dag.py:3954} INFO - Setting next_dagrun for YfinanceToSnowflake to 2024-11-10 17:00:00+00:00, run_after=2024-11-11 17:00:00+00:00
[2024-11-11T23:24:59.227+0000] {processor.py:183} INFO - Processing /opt/airflow/dags/Assignment_8_Archive/yfinance_to_snowflake.py took 0.407 seconds
[2024-11-11T23:25:29.655+0000] {processor.py:161} INFO - Started process (PID=1028) to work on /opt/airflow/dags/Assignment_8_Archive/yfinance_to_snowflake.py
[2024-11-11T23:25:29.657+0000] {processor.py:830} INFO - Processing file /opt/airflow/dags/Assignment_8_Archive/yfinance_to_snowflake.py for tasks to queue
[2024-11-11T23:25:29.660+0000] {logging_mixin.py:188} INFO - [2024-11-11T23:25:29.659+0000] {dagbag.py:545} INFO - Filling up the DagBag from /opt/airflow/dags/Assignment_8_Archive/yfinance_to_snowflake.py
[2024-11-11T23:25:29.906+0000] {processor.py:840} INFO - DAG(s) 'YfinanceToSnowflake' retrieved from /opt/airflow/dags/Assignment_8_Archive/yfinance_to_snowflake.py
[2024-11-11T23:25:29.937+0000] {logging_mixin.py:188} INFO - [2024-11-11T23:25:29.935+0000] {dag.py:3096} INFO - Sync 1 DAGs
[2024-11-11T23:25:29.972+0000] {logging_mixin.py:188} INFO - [2024-11-11T23:25:29.972+0000] {dag.py:3954} INFO - Setting next_dagrun for YfinanceToSnowflake to 2024-11-10 17:00:00+00:00, run_after=2024-11-11 17:00:00+00:00
[2024-11-11T23:25:30.004+0000] {processor.py:183} INFO - Processing /opt/airflow/dags/Assignment_8_Archive/yfinance_to_snowflake.py took 0.357 seconds
[2024-11-11T23:26:00.223+0000] {processor.py:161} INFO - Started process (PID=1091) to work on /opt/airflow/dags/Assignment_8_Archive/yfinance_to_snowflake.py
[2024-11-11T23:26:00.226+0000] {processor.py:830} INFO - Processing file /opt/airflow/dags/Assignment_8_Archive/yfinance_to_snowflake.py for tasks to queue
[2024-11-11T23:26:00.230+0000] {logging_mixin.py:188} INFO - [2024-11-11T23:26:00.229+0000] {dagbag.py:545} INFO - Filling up the DagBag from /opt/airflow/dags/Assignment_8_Archive/yfinance_to_snowflake.py
[2024-11-11T23:26:00.423+0000] {processor.py:840} INFO - DAG(s) 'YfinanceToSnowflake' retrieved from /opt/airflow/dags/Assignment_8_Archive/yfinance_to_snowflake.py
[2024-11-11T23:26:00.447+0000] {logging_mixin.py:188} INFO - [2024-11-11T23:26:00.447+0000] {dag.py:3096} INFO - Sync 1 DAGs
[2024-11-11T23:26:00.471+0000] {logging_mixin.py:188} INFO - [2024-11-11T23:26:00.471+0000] {dag.py:3954} INFO - Setting next_dagrun for YfinanceToSnowflake to 2024-11-10 17:00:00+00:00, run_after=2024-11-11 17:00:00+00:00
[2024-11-11T23:26:00.506+0000] {processor.py:183} INFO - Processing /opt/airflow/dags/Assignment_8_Archive/yfinance_to_snowflake.py took 0.292 seconds
[2024-11-11T23:26:31.368+0000] {processor.py:161} INFO - Started process (PID=1152) to work on /opt/airflow/dags/Assignment_8_Archive/yfinance_to_snowflake.py
[2024-11-11T23:26:31.370+0000] {processor.py:830} INFO - Processing file /opt/airflow/dags/Assignment_8_Archive/yfinance_to_snowflake.py for tasks to queue
[2024-11-11T23:26:31.372+0000] {logging_mixin.py:188} INFO - [2024-11-11T23:26:31.372+0000] {dagbag.py:545} INFO - Filling up the DagBag from /opt/airflow/dags/Assignment_8_Archive/yfinance_to_snowflake.py
[2024-11-11T23:26:31.581+0000] {processor.py:840} INFO - DAG(s) 'YfinanceToSnowflake' retrieved from /opt/airflow/dags/Assignment_8_Archive/yfinance_to_snowflake.py
[2024-11-11T23:26:31.607+0000] {logging_mixin.py:188} INFO - [2024-11-11T23:26:31.606+0000] {dag.py:3096} INFO - Sync 1 DAGs
[2024-11-11T23:26:31.641+0000] {logging_mixin.py:188} INFO - [2024-11-11T23:26:31.641+0000] {dag.py:3954} INFO - Setting next_dagrun for YfinanceToSnowflake to 2024-11-10 17:00:00+00:00, run_after=2024-11-11 17:00:00+00:00
[2024-11-11T23:26:31.675+0000] {processor.py:183} INFO - Processing /opt/airflow/dags/Assignment_8_Archive/yfinance_to_snowflake.py took 0.315 seconds
[2024-11-11T23:27:02.153+0000] {processor.py:161} INFO - Started process (PID=1213) to work on /opt/airflow/dags/Assignment_8_Archive/yfinance_to_snowflake.py
[2024-11-11T23:27:02.154+0000] {processor.py:830} INFO - Processing file /opt/airflow/dags/Assignment_8_Archive/yfinance_to_snowflake.py for tasks to queue
[2024-11-11T23:27:02.157+0000] {logging_mixin.py:188} INFO - [2024-11-11T23:27:02.157+0000] {dagbag.py:545} INFO - Filling up the DagBag from /opt/airflow/dags/Assignment_8_Archive/yfinance_to_snowflake.py
[2024-11-11T23:27:02.374+0000] {processor.py:840} INFO - DAG(s) 'YfinanceToSnowflake' retrieved from /opt/airflow/dags/Assignment_8_Archive/yfinance_to_snowflake.py
[2024-11-11T23:27:02.400+0000] {logging_mixin.py:188} INFO - [2024-11-11T23:27:02.400+0000] {dag.py:3096} INFO - Sync 1 DAGs
[2024-11-11T23:27:02.429+0000] {logging_mixin.py:188} INFO - [2024-11-11T23:27:02.429+0000] {dag.py:3954} INFO - Setting next_dagrun for YfinanceToSnowflake to 2024-11-10 17:00:00+00:00, run_after=2024-11-11 17:00:00+00:00
[2024-11-11T23:27:02.463+0000] {processor.py:183} INFO - Processing /opt/airflow/dags/Assignment_8_Archive/yfinance_to_snowflake.py took 0.316 seconds
[2024-11-11T23:27:32.919+0000] {processor.py:161} INFO - Started process (PID=1274) to work on /opt/airflow/dags/Assignment_8_Archive/yfinance_to_snowflake.py
[2024-11-11T23:27:32.921+0000] {processor.py:830} INFO - Processing file /opt/airflow/dags/Assignment_8_Archive/yfinance_to_snowflake.py for tasks to queue
[2024-11-11T23:27:32.924+0000] {logging_mixin.py:188} INFO - [2024-11-11T23:27:32.923+0000] {dagbag.py:545} INFO - Filling up the DagBag from /opt/airflow/dags/Assignment_8_Archive/yfinance_to_snowflake.py
[2024-11-11T23:27:33.156+0000] {processor.py:840} INFO - DAG(s) 'YfinanceToSnowflake' retrieved from /opt/airflow/dags/Assignment_8_Archive/yfinance_to_snowflake.py
[2024-11-11T23:27:33.182+0000] {logging_mixin.py:188} INFO - [2024-11-11T23:27:33.182+0000] {dag.py:3096} INFO - Sync 1 DAGs
[2024-11-11T23:27:33.212+0000] {logging_mixin.py:188} INFO - [2024-11-11T23:27:33.212+0000] {dag.py:3954} INFO - Setting next_dagrun for YfinanceToSnowflake to 2024-11-10 17:00:00+00:00, run_after=2024-11-11 17:00:00+00:00
[2024-11-11T23:27:33.243+0000] {processor.py:183} INFO - Processing /opt/airflow/dags/Assignment_8_Archive/yfinance_to_snowflake.py took 0.333 seconds
[2024-11-11T23:28:03.669+0000] {processor.py:161} INFO - Started process (PID=1335) to work on /opt/airflow/dags/Assignment_8_Archive/yfinance_to_snowflake.py
[2024-11-11T23:28:03.670+0000] {processor.py:830} INFO - Processing file /opt/airflow/dags/Assignment_8_Archive/yfinance_to_snowflake.py for tasks to queue
[2024-11-11T23:28:03.674+0000] {logging_mixin.py:188} INFO - [2024-11-11T23:28:03.673+0000] {dagbag.py:545} INFO - Filling up the DagBag from /opt/airflow/dags/Assignment_8_Archive/yfinance_to_snowflake.py
[2024-11-11T23:28:03.886+0000] {processor.py:840} INFO - DAG(s) 'YfinanceToSnowflake' retrieved from /opt/airflow/dags/Assignment_8_Archive/yfinance_to_snowflake.py
[2024-11-11T23:28:03.913+0000] {logging_mixin.py:188} INFO - [2024-11-11T23:28:03.912+0000] {dag.py:3096} INFO - Sync 1 DAGs
[2024-11-11T23:28:03.946+0000] {logging_mixin.py:188} INFO - [2024-11-11T23:28:03.946+0000] {dag.py:3954} INFO - Setting next_dagrun for YfinanceToSnowflake to 2024-11-10 17:00:00+00:00, run_after=2024-11-11 17:00:00+00:00
[2024-11-11T23:28:03.982+0000] {processor.py:183} INFO - Processing /opt/airflow/dags/Assignment_8_Archive/yfinance_to_snowflake.py took 0.321 seconds
[2024-11-11T23:28:34.162+0000] {processor.py:161} INFO - Started process (PID=1396) to work on /opt/airflow/dags/Assignment_8_Archive/yfinance_to_snowflake.py
[2024-11-11T23:28:34.163+0000] {processor.py:830} INFO - Processing file /opt/airflow/dags/Assignment_8_Archive/yfinance_to_snowflake.py for tasks to queue
[2024-11-11T23:28:34.166+0000] {logging_mixin.py:188} INFO - [2024-11-11T23:28:34.165+0000] {dagbag.py:545} INFO - Filling up the DagBag from /opt/airflow/dags/Assignment_8_Archive/yfinance_to_snowflake.py
[2024-11-11T23:28:34.398+0000] {processor.py:840} INFO - DAG(s) 'YfinanceToSnowflake' retrieved from /opt/airflow/dags/Assignment_8_Archive/yfinance_to_snowflake.py
[2024-11-11T23:28:34.427+0000] {logging_mixin.py:188} INFO - [2024-11-11T23:28:34.426+0000] {dag.py:3096} INFO - Sync 1 DAGs
[2024-11-11T23:28:34.463+0000] {logging_mixin.py:188} INFO - [2024-11-11T23:28:34.462+0000] {dag.py:3954} INFO - Setting next_dagrun for YfinanceToSnowflake to 2024-11-10 17:00:00+00:00, run_after=2024-11-11 17:00:00+00:00
[2024-11-11T23:28:34.506+0000] {processor.py:183} INFO - Processing /opt/airflow/dags/Assignment_8_Archive/yfinance_to_snowflake.py took 0.352 seconds
[2024-11-11T23:29:04.831+0000] {processor.py:161} INFO - Started process (PID=1457) to work on /opt/airflow/dags/Assignment_8_Archive/yfinance_to_snowflake.py
[2024-11-11T23:29:04.832+0000] {processor.py:830} INFO - Processing file /opt/airflow/dags/Assignment_8_Archive/yfinance_to_snowflake.py for tasks to queue
[2024-11-11T23:29:04.834+0000] {logging_mixin.py:188} INFO - [2024-11-11T23:29:04.834+0000] {dagbag.py:545} INFO - Filling up the DagBag from /opt/airflow/dags/Assignment_8_Archive/yfinance_to_snowflake.py
[2024-11-11T23:29:05.103+0000] {processor.py:840} INFO - DAG(s) 'YfinanceToSnowflake' retrieved from /opt/airflow/dags/Assignment_8_Archive/yfinance_to_snowflake.py
[2024-11-11T23:29:05.132+0000] {logging_mixin.py:188} INFO - [2024-11-11T23:29:05.131+0000] {dag.py:3096} INFO - Sync 1 DAGs
[2024-11-11T23:29:05.177+0000] {logging_mixin.py:188} INFO - [2024-11-11T23:29:05.177+0000] {dag.py:3954} INFO - Setting next_dagrun for YfinanceToSnowflake to 2024-11-10 17:00:00+00:00, run_after=2024-11-11 17:00:00+00:00
[2024-11-11T23:29:05.215+0000] {processor.py:183} INFO - Processing /opt/airflow/dags/Assignment_8_Archive/yfinance_to_snowflake.py took 0.390 seconds
[2024-11-11T23:29:35.420+0000] {processor.py:161} INFO - Started process (PID=1520) to work on /opt/airflow/dags/Assignment_8_Archive/yfinance_to_snowflake.py
[2024-11-11T23:29:35.422+0000] {processor.py:830} INFO - Processing file /opt/airflow/dags/Assignment_8_Archive/yfinance_to_snowflake.py for tasks to queue
[2024-11-11T23:29:35.426+0000] {logging_mixin.py:188} INFO - [2024-11-11T23:29:35.425+0000] {dagbag.py:545} INFO - Filling up the DagBag from /opt/airflow/dags/Assignment_8_Archive/yfinance_to_snowflake.py
[2024-11-11T23:29:35.759+0000] {processor.py:840} INFO - DAG(s) 'YfinanceToSnowflake' retrieved from /opt/airflow/dags/Assignment_8_Archive/yfinance_to_snowflake.py
[2024-11-11T23:29:35.797+0000] {logging_mixin.py:188} INFO - [2024-11-11T23:29:35.796+0000] {dag.py:3096} INFO - Sync 1 DAGs
[2024-11-11T23:29:35.881+0000] {logging_mixin.py:188} INFO - [2024-11-11T23:29:35.880+0000] {dag.py:3954} INFO - Setting next_dagrun for YfinanceToSnowflake to 2024-11-10 17:00:00+00:00, run_after=2024-11-11 17:00:00+00:00
[2024-11-11T23:29:35.969+0000] {processor.py:183} INFO - Processing /opt/airflow/dags/Assignment_8_Archive/yfinance_to_snowflake.py took 0.559 seconds
[2024-11-11T23:30:06.138+0000] {processor.py:161} INFO - Started process (PID=1583) to work on /opt/airflow/dags/Assignment_8_Archive/yfinance_to_snowflake.py
[2024-11-11T23:30:06.140+0000] {processor.py:830} INFO - Processing file /opt/airflow/dags/Assignment_8_Archive/yfinance_to_snowflake.py for tasks to queue
[2024-11-11T23:30:06.142+0000] {logging_mixin.py:188} INFO - [2024-11-11T23:30:06.143+0000] {dagbag.py:545} INFO - Filling up the DagBag from /opt/airflow/dags/Assignment_8_Archive/yfinance_to_snowflake.py
[2024-11-11T23:30:06.351+0000] {processor.py:840} INFO - DAG(s) 'YfinanceToSnowflake' retrieved from /opt/airflow/dags/Assignment_8_Archive/yfinance_to_snowflake.py
[2024-11-11T23:30:06.376+0000] {logging_mixin.py:188} INFO - [2024-11-11T23:30:06.376+0000] {dag.py:3096} INFO - Sync 1 DAGs
[2024-11-11T23:30:06.408+0000] {logging_mixin.py:188} INFO - [2024-11-11T23:30:06.408+0000] {dag.py:3954} INFO - Setting next_dagrun for YfinanceToSnowflake to 2024-11-10 17:00:00+00:00, run_after=2024-11-11 17:00:00+00:00
[2024-11-11T23:30:06.450+0000] {processor.py:183} INFO - Processing /opt/airflow/dags/Assignment_8_Archive/yfinance_to_snowflake.py took 0.322 seconds
[2024-11-11T23:30:36.635+0000] {processor.py:161} INFO - Started process (PID=1644) to work on /opt/airflow/dags/Assignment_8_Archive/yfinance_to_snowflake.py
[2024-11-11T23:30:36.637+0000] {processor.py:830} INFO - Processing file /opt/airflow/dags/Assignment_8_Archive/yfinance_to_snowflake.py for tasks to queue
[2024-11-11T23:30:36.640+0000] {logging_mixin.py:188} INFO - [2024-11-11T23:30:36.640+0000] {dagbag.py:545} INFO - Filling up the DagBag from /opt/airflow/dags/Assignment_8_Archive/yfinance_to_snowflake.py
[2024-11-11T23:30:36.879+0000] {processor.py:840} INFO - DAG(s) 'YfinanceToSnowflake' retrieved from /opt/airflow/dags/Assignment_8_Archive/yfinance_to_snowflake.py
[2024-11-11T23:30:36.911+0000] {logging_mixin.py:188} INFO - [2024-11-11T23:30:36.910+0000] {dag.py:3096} INFO - Sync 1 DAGs
[2024-11-11T23:30:36.942+0000] {logging_mixin.py:188} INFO - [2024-11-11T23:30:36.941+0000] {dag.py:3954} INFO - Setting next_dagrun for YfinanceToSnowflake to 2024-11-10 17:00:00+00:00, run_after=2024-11-11 17:00:00+00:00
[2024-11-11T23:30:36.977+0000] {processor.py:183} INFO - Processing /opt/airflow/dags/Assignment_8_Archive/yfinance_to_snowflake.py took 0.350 seconds
[2024-11-11T23:31:07.213+0000] {processor.py:161} INFO - Started process (PID=1705) to work on /opt/airflow/dags/Assignment_8_Archive/yfinance_to_snowflake.py
[2024-11-11T23:31:07.215+0000] {processor.py:830} INFO - Processing file /opt/airflow/dags/Assignment_8_Archive/yfinance_to_snowflake.py for tasks to queue
[2024-11-11T23:31:07.219+0000] {logging_mixin.py:188} INFO - [2024-11-11T23:31:07.218+0000] {dagbag.py:545} INFO - Filling up the DagBag from /opt/airflow/dags/Assignment_8_Archive/yfinance_to_snowflake.py
[2024-11-11T23:31:07.669+0000] {processor.py:840} INFO - DAG(s) 'YfinanceToSnowflake' retrieved from /opt/airflow/dags/Assignment_8_Archive/yfinance_to_snowflake.py
[2024-11-11T23:31:07.753+0000] {logging_mixin.py:188} INFO - [2024-11-11T23:31:07.752+0000] {dag.py:3096} INFO - Sync 1 DAGs
[2024-11-11T23:31:07.819+0000] {logging_mixin.py:188} INFO - [2024-11-11T23:31:07.818+0000] {dag.py:3954} INFO - Setting next_dagrun for YfinanceToSnowflake to 2024-11-10 17:00:00+00:00, run_after=2024-11-11 17:00:00+00:00
[2024-11-11T23:31:07.858+0000] {processor.py:183} INFO - Processing /opt/airflow/dags/Assignment_8_Archive/yfinance_to_snowflake.py took 0.659 seconds
[2024-11-11T23:31:38.202+0000] {processor.py:161} INFO - Started process (PID=1766) to work on /opt/airflow/dags/Assignment_8_Archive/yfinance_to_snowflake.py
[2024-11-11T23:31:38.203+0000] {processor.py:830} INFO - Processing file /opt/airflow/dags/Assignment_8_Archive/yfinance_to_snowflake.py for tasks to queue
[2024-11-11T23:31:38.209+0000] {logging_mixin.py:188} INFO - [2024-11-11T23:31:38.208+0000] {dagbag.py:545} INFO - Filling up the DagBag from /opt/airflow/dags/Assignment_8_Archive/yfinance_to_snowflake.py
[2024-11-11T23:31:38.576+0000] {processor.py:840} INFO - DAG(s) 'YfinanceToSnowflake' retrieved from /opt/airflow/dags/Assignment_8_Archive/yfinance_to_snowflake.py
[2024-11-11T23:31:38.610+0000] {logging_mixin.py:188} INFO - [2024-11-11T23:31:38.609+0000] {dag.py:3096} INFO - Sync 1 DAGs
[2024-11-11T23:31:38.669+0000] {logging_mixin.py:188} INFO - [2024-11-11T23:31:38.668+0000] {dag.py:3954} INFO - Setting next_dagrun for YfinanceToSnowflake to 2024-11-10 17:00:00+00:00, run_after=2024-11-11 17:00:00+00:00
[2024-11-11T23:31:38.747+0000] {processor.py:183} INFO - Processing /opt/airflow/dags/Assignment_8_Archive/yfinance_to_snowflake.py took 0.557 seconds
[2024-11-11T23:32:09.276+0000] {processor.py:161} INFO - Started process (PID=1827) to work on /opt/airflow/dags/Assignment_8_Archive/yfinance_to_snowflake.py
[2024-11-11T23:32:09.278+0000] {processor.py:830} INFO - Processing file /opt/airflow/dags/Assignment_8_Archive/yfinance_to_snowflake.py for tasks to queue
[2024-11-11T23:32:09.281+0000] {logging_mixin.py:188} INFO - [2024-11-11T23:32:09.280+0000] {dagbag.py:545} INFO - Filling up the DagBag from /opt/airflow/dags/Assignment_8_Archive/yfinance_to_snowflake.py
[2024-11-11T23:32:09.528+0000] {processor.py:840} INFO - DAG(s) 'YfinanceToSnowflake' retrieved from /opt/airflow/dags/Assignment_8_Archive/yfinance_to_snowflake.py
[2024-11-11T23:32:09.562+0000] {logging_mixin.py:188} INFO - [2024-11-11T23:32:09.561+0000] {dag.py:3096} INFO - Sync 1 DAGs
[2024-11-11T23:32:09.601+0000] {logging_mixin.py:188} INFO - [2024-11-11T23:32:09.601+0000] {dag.py:3954} INFO - Setting next_dagrun for YfinanceToSnowflake to 2024-11-10 17:00:00+00:00, run_after=2024-11-11 17:00:00+00:00
[2024-11-11T23:32:09.641+0000] {processor.py:183} INFO - Processing /opt/airflow/dags/Assignment_8_Archive/yfinance_to_snowflake.py took 0.375 seconds
[2024-11-11T23:32:39.777+0000] {processor.py:161} INFO - Started process (PID=1888) to work on /opt/airflow/dags/Assignment_8_Archive/yfinance_to_snowflake.py
[2024-11-11T23:32:39.779+0000] {processor.py:830} INFO - Processing file /opt/airflow/dags/Assignment_8_Archive/yfinance_to_snowflake.py for tasks to queue
[2024-11-11T23:32:39.785+0000] {logging_mixin.py:188} INFO - [2024-11-11T23:32:39.783+0000] {dagbag.py:545} INFO - Filling up the DagBag from /opt/airflow/dags/Assignment_8_Archive/yfinance_to_snowflake.py
[2024-11-11T23:32:40.227+0000] {processor.py:840} INFO - DAG(s) 'YfinanceToSnowflake' retrieved from /opt/airflow/dags/Assignment_8_Archive/yfinance_to_snowflake.py
[2024-11-11T23:32:40.261+0000] {logging_mixin.py:188} INFO - [2024-11-11T23:32:40.260+0000] {dag.py:3096} INFO - Sync 1 DAGs
[2024-11-11T23:32:40.305+0000] {logging_mixin.py:188} INFO - [2024-11-11T23:32:40.304+0000] {dag.py:3954} INFO - Setting next_dagrun for YfinanceToSnowflake to 2024-11-10 17:00:00+00:00, run_after=2024-11-11 17:00:00+00:00
[2024-11-11T23:32:40.343+0000] {processor.py:183} INFO - Processing /opt/airflow/dags/Assignment_8_Archive/yfinance_to_snowflake.py took 0.581 seconds
[2024-11-11T23:33:10.578+0000] {processor.py:161} INFO - Started process (PID=1951) to work on /opt/airflow/dags/Assignment_8_Archive/yfinance_to_snowflake.py
[2024-11-11T23:33:10.581+0000] {processor.py:830} INFO - Processing file /opt/airflow/dags/Assignment_8_Archive/yfinance_to_snowflake.py for tasks to queue
[2024-11-11T23:33:10.585+0000] {logging_mixin.py:188} INFO - [2024-11-11T23:33:10.584+0000] {dagbag.py:545} INFO - Filling up the DagBag from /opt/airflow/dags/Assignment_8_Archive/yfinance_to_snowflake.py
[2024-11-11T23:33:10.953+0000] {processor.py:840} INFO - DAG(s) 'YfinanceToSnowflake' retrieved from /opt/airflow/dags/Assignment_8_Archive/yfinance_to_snowflake.py
[2024-11-11T23:33:11.007+0000] {logging_mixin.py:188} INFO - [2024-11-11T23:33:11.005+0000] {dag.py:3096} INFO - Sync 1 DAGs
[2024-11-11T23:33:11.066+0000] {logging_mixin.py:188} INFO - [2024-11-11T23:33:11.066+0000] {dag.py:3954} INFO - Setting next_dagrun for YfinanceToSnowflake to 2024-11-10 17:00:00+00:00, run_after=2024-11-11 17:00:00+00:00
[2024-11-11T23:33:11.109+0000] {processor.py:183} INFO - Processing /opt/airflow/dags/Assignment_8_Archive/yfinance_to_snowflake.py took 0.545 seconds
[2024-11-11T23:33:41.898+0000] {processor.py:161} INFO - Started process (PID=2013) to work on /opt/airflow/dags/Assignment_8_Archive/yfinance_to_snowflake.py
[2024-11-11T23:33:41.899+0000] {processor.py:830} INFO - Processing file /opt/airflow/dags/Assignment_8_Archive/yfinance_to_snowflake.py for tasks to queue
[2024-11-11T23:33:41.902+0000] {logging_mixin.py:188} INFO - [2024-11-11T23:33:41.902+0000] {dagbag.py:545} INFO - Filling up the DagBag from /opt/airflow/dags/Assignment_8_Archive/yfinance_to_snowflake.py
[2024-11-11T23:33:42.158+0000] {processor.py:840} INFO - DAG(s) 'YfinanceToSnowflake' retrieved from /opt/airflow/dags/Assignment_8_Archive/yfinance_to_snowflake.py
[2024-11-11T23:33:42.186+0000] {logging_mixin.py:188} INFO - [2024-11-11T23:33:42.185+0000] {dag.py:3096} INFO - Sync 1 DAGs
[2024-11-11T23:33:42.223+0000] {logging_mixin.py:188} INFO - [2024-11-11T23:33:42.223+0000] {dag.py:3954} INFO - Setting next_dagrun for YfinanceToSnowflake to 2024-11-10 17:00:00+00:00, run_after=2024-11-11 17:00:00+00:00
[2024-11-11T23:33:42.279+0000] {processor.py:183} INFO - Processing /opt/airflow/dags/Assignment_8_Archive/yfinance_to_snowflake.py took 0.388 seconds
[2024-11-11T23:34:12.590+0000] {processor.py:161} INFO - Started process (PID=2074) to work on /opt/airflow/dags/Assignment_8_Archive/yfinance_to_snowflake.py
[2024-11-11T23:34:12.592+0000] {processor.py:830} INFO - Processing file /opt/airflow/dags/Assignment_8_Archive/yfinance_to_snowflake.py for tasks to queue
[2024-11-11T23:34:12.596+0000] {logging_mixin.py:188} INFO - [2024-11-11T23:34:12.595+0000] {dagbag.py:545} INFO - Filling up the DagBag from /opt/airflow/dags/Assignment_8_Archive/yfinance_to_snowflake.py
[2024-11-11T23:34:13.118+0000] {processor.py:840} INFO - DAG(s) 'YfinanceToSnowflake' retrieved from /opt/airflow/dags/Assignment_8_Archive/yfinance_to_snowflake.py
[2024-11-11T23:34:13.185+0000] {logging_mixin.py:188} INFO - [2024-11-11T23:34:13.182+0000] {dag.py:3096} INFO - Sync 1 DAGs
[2024-11-11T23:34:13.293+0000] {logging_mixin.py:188} INFO - [2024-11-11T23:34:13.292+0000] {dag.py:3954} INFO - Setting next_dagrun for YfinanceToSnowflake to 2024-11-10 17:00:00+00:00, run_after=2024-11-11 17:00:00+00:00
[2024-11-11T23:34:13.355+0000] {processor.py:183} INFO - Processing /opt/airflow/dags/Assignment_8_Archive/yfinance_to_snowflake.py took 0.780 seconds
[2024-11-11T23:34:44.503+0000] {processor.py:161} INFO - Started process (PID=2135) to work on /opt/airflow/dags/Assignment_8_Archive/yfinance_to_snowflake.py
[2024-11-11T23:34:44.510+0000] {processor.py:830} INFO - Processing file /opt/airflow/dags/Assignment_8_Archive/yfinance_to_snowflake.py for tasks to queue
[2024-11-11T23:34:44.522+0000] {logging_mixin.py:188} INFO - [2024-11-11T23:34:44.521+0000] {dagbag.py:545} INFO - Filling up the DagBag from /opt/airflow/dags/Assignment_8_Archive/yfinance_to_snowflake.py
[2024-11-11T23:34:45.709+0000] {processor.py:840} INFO - DAG(s) 'YfinanceToSnowflake' retrieved from /opt/airflow/dags/Assignment_8_Archive/yfinance_to_snowflake.py
[2024-11-11T23:34:45.816+0000] {logging_mixin.py:188} INFO - [2024-11-11T23:34:45.814+0000] {dag.py:3096} INFO - Sync 1 DAGs
[2024-11-11T23:34:46.004+0000] {logging_mixin.py:188} INFO - [2024-11-11T23:34:46.003+0000] {dag.py:3954} INFO - Setting next_dagrun for YfinanceToSnowflake to 2024-11-10 17:00:00+00:00, run_after=2024-11-11 17:00:00+00:00
[2024-11-11T23:34:46.135+0000] {processor.py:183} INFO - Processing /opt/airflow/dags/Assignment_8_Archive/yfinance_to_snowflake.py took 1.668 seconds
[2024-11-11T23:35:16.589+0000] {processor.py:161} INFO - Started process (PID=2204) to work on /opt/airflow/dags/Assignment_8_Archive/yfinance_to_snowflake.py
[2024-11-11T23:35:16.591+0000] {processor.py:830} INFO - Processing file /opt/airflow/dags/Assignment_8_Archive/yfinance_to_snowflake.py for tasks to queue
[2024-11-11T23:35:16.598+0000] {logging_mixin.py:188} INFO - [2024-11-11T23:35:16.598+0000] {dagbag.py:545} INFO - Filling up the DagBag from /opt/airflow/dags/Assignment_8_Archive/yfinance_to_snowflake.py
[2024-11-11T23:35:16.989+0000] {processor.py:840} INFO - DAG(s) 'YfinanceToSnowflake' retrieved from /opt/airflow/dags/Assignment_8_Archive/yfinance_to_snowflake.py
[2024-11-11T23:35:17.039+0000] {logging_mixin.py:188} INFO - [2024-11-11T23:35:17.038+0000] {dag.py:3096} INFO - Sync 1 DAGs
[2024-11-11T23:35:17.118+0000] {logging_mixin.py:188} INFO - [2024-11-11T23:35:17.117+0000] {dag.py:3954} INFO - Setting next_dagrun for YfinanceToSnowflake to 2024-11-10 17:00:00+00:00, run_after=2024-11-11 17:00:00+00:00
[2024-11-11T23:35:18.589+0000] {processor.py:183} INFO - Processing /opt/airflow/dags/Assignment_8_Archive/yfinance_to_snowflake.py took 2.012 seconds
[2024-11-11T23:35:48.914+0000] {processor.py:161} INFO - Started process (PID=2267) to work on /opt/airflow/dags/Assignment_8_Archive/yfinance_to_snowflake.py
[2024-11-11T23:35:48.917+0000] {processor.py:830} INFO - Processing file /opt/airflow/dags/Assignment_8_Archive/yfinance_to_snowflake.py for tasks to queue
[2024-11-11T23:35:48.928+0000] {logging_mixin.py:188} INFO - [2024-11-11T23:35:48.926+0000] {dagbag.py:545} INFO - Filling up the DagBag from /opt/airflow/dags/Assignment_8_Archive/yfinance_to_snowflake.py
[2024-11-11T23:35:49.695+0000] {processor.py:840} INFO - DAG(s) 'YfinanceToSnowflake' retrieved from /opt/airflow/dags/Assignment_8_Archive/yfinance_to_snowflake.py
[2024-11-11T23:35:49.746+0000] {logging_mixin.py:188} INFO - [2024-11-11T23:35:49.744+0000] {dag.py:3096} INFO - Sync 1 DAGs
[2024-11-11T23:35:49.810+0000] {logging_mixin.py:188} INFO - [2024-11-11T23:35:49.810+0000] {dag.py:3954} INFO - Setting next_dagrun for YfinanceToSnowflake to 2024-11-10 17:00:00+00:00, run_after=2024-11-11 17:00:00+00:00
[2024-11-11T23:35:49.872+0000] {processor.py:183} INFO - Processing /opt/airflow/dags/Assignment_8_Archive/yfinance_to_snowflake.py took 0.980 seconds
[2024-11-11T23:36:20.056+0000] {processor.py:161} INFO - Started process (PID=2329) to work on /opt/airflow/dags/Assignment_8_Archive/yfinance_to_snowflake.py
[2024-11-11T23:36:20.058+0000] {processor.py:830} INFO - Processing file /opt/airflow/dags/Assignment_8_Archive/yfinance_to_snowflake.py for tasks to queue
[2024-11-11T23:36:20.062+0000] {logging_mixin.py:188} INFO - [2024-11-11T23:36:20.062+0000] {dagbag.py:545} INFO - Filling up the DagBag from /opt/airflow/dags/Assignment_8_Archive/yfinance_to_snowflake.py
[2024-11-11T23:36:20.459+0000] {processor.py:840} INFO - DAG(s) 'YfinanceToSnowflake' retrieved from /opt/airflow/dags/Assignment_8_Archive/yfinance_to_snowflake.py
[2024-11-11T23:36:20.504+0000] {logging_mixin.py:188} INFO - [2024-11-11T23:36:20.503+0000] {dag.py:3096} INFO - Sync 1 DAGs
[2024-11-11T23:36:20.582+0000] {logging_mixin.py:188} INFO - [2024-11-11T23:36:20.582+0000] {dag.py:3954} INFO - Setting next_dagrun for YfinanceToSnowflake to 2024-11-10 17:00:00+00:00, run_after=2024-11-11 17:00:00+00:00
[2024-11-11T23:36:20.640+0000] {processor.py:183} INFO - Processing /opt/airflow/dags/Assignment_8_Archive/yfinance_to_snowflake.py took 0.599 seconds
[2024-11-11T23:36:50.877+0000] {processor.py:161} INFO - Started process (PID=2390) to work on /opt/airflow/dags/Assignment_8_Archive/yfinance_to_snowflake.py
[2024-11-11T23:36:50.881+0000] {processor.py:830} INFO - Processing file /opt/airflow/dags/Assignment_8_Archive/yfinance_to_snowflake.py for tasks to queue
[2024-11-11T23:36:50.888+0000] {logging_mixin.py:188} INFO - [2024-11-11T23:36:50.887+0000] {dagbag.py:545} INFO - Filling up the DagBag from /opt/airflow/dags/Assignment_8_Archive/yfinance_to_snowflake.py
[2024-11-11T23:36:51.436+0000] {processor.py:840} INFO - DAG(s) 'YfinanceToSnowflake' retrieved from /opt/airflow/dags/Assignment_8_Archive/yfinance_to_snowflake.py
[2024-11-11T23:36:51.512+0000] {logging_mixin.py:188} INFO - [2024-11-11T23:36:51.510+0000] {dag.py:3096} INFO - Sync 1 DAGs
[2024-11-11T23:36:51.624+0000] {logging_mixin.py:188} INFO - [2024-11-11T23:36:51.623+0000] {dag.py:3954} INFO - Setting next_dagrun for YfinanceToSnowflake to 2024-11-10 17:00:00+00:00, run_after=2024-11-11 17:00:00+00:00
[2024-11-11T23:36:51.700+0000] {processor.py:183} INFO - Processing /opt/airflow/dags/Assignment_8_Archive/yfinance_to_snowflake.py took 0.838 seconds
[2024-11-11T23:37:22.654+0000] {processor.py:161} INFO - Started process (PID=2451) to work on /opt/airflow/dags/Assignment_8_Archive/yfinance_to_snowflake.py
[2024-11-11T23:37:22.656+0000] {processor.py:830} INFO - Processing file /opt/airflow/dags/Assignment_8_Archive/yfinance_to_snowflake.py for tasks to queue
[2024-11-11T23:37:22.661+0000] {logging_mixin.py:188} INFO - [2024-11-11T23:37:22.660+0000] {dagbag.py:545} INFO - Filling up the DagBag from /opt/airflow/dags/Assignment_8_Archive/yfinance_to_snowflake.py
[2024-11-11T23:37:23.219+0000] {processor.py:840} INFO - DAG(s) 'YfinanceToSnowflake' retrieved from /opt/airflow/dags/Assignment_8_Archive/yfinance_to_snowflake.py
[2024-11-11T23:37:23.286+0000] {logging_mixin.py:188} INFO - [2024-11-11T23:37:23.285+0000] {dag.py:3096} INFO - Sync 1 DAGs
[2024-11-11T23:37:23.396+0000] {logging_mixin.py:188} INFO - [2024-11-11T23:37:23.395+0000] {dag.py:3954} INFO - Setting next_dagrun for YfinanceToSnowflake to 2024-11-10 17:00:00+00:00, run_after=2024-11-11 17:00:00+00:00
[2024-11-11T23:37:24.211+0000] {processor.py:183} INFO - Processing /opt/airflow/dags/Assignment_8_Archive/yfinance_to_snowflake.py took 1.572 seconds
[2024-11-11T23:37:54.637+0000] {processor.py:161} INFO - Started process (PID=2514) to work on /opt/airflow/dags/Assignment_8_Archive/yfinance_to_snowflake.py
[2024-11-11T23:37:54.640+0000] {processor.py:830} INFO - Processing file /opt/airflow/dags/Assignment_8_Archive/yfinance_to_snowflake.py for tasks to queue
[2024-11-11T23:37:54.644+0000] {logging_mixin.py:188} INFO - [2024-11-11T23:37:54.643+0000] {dagbag.py:545} INFO - Filling up the DagBag from /opt/airflow/dags/Assignment_8_Archive/yfinance_to_snowflake.py
[2024-11-11T23:37:55.205+0000] {processor.py:840} INFO - DAG(s) 'YfinanceToSnowflake' retrieved from /opt/airflow/dags/Assignment_8_Archive/yfinance_to_snowflake.py
[2024-11-11T23:37:55.265+0000] {logging_mixin.py:188} INFO - [2024-11-11T23:37:55.264+0000] {dag.py:3096} INFO - Sync 1 DAGs
[2024-11-11T23:37:55.317+0000] {logging_mixin.py:188} INFO - [2024-11-11T23:37:55.316+0000] {dag.py:3954} INFO - Setting next_dagrun for YfinanceToSnowflake to 2024-11-10 17:00:00+00:00, run_after=2024-11-11 17:00:00+00:00
[2024-11-11T23:37:55.380+0000] {processor.py:183} INFO - Processing /opt/airflow/dags/Assignment_8_Archive/yfinance_to_snowflake.py took 0.755 seconds
[2024-11-11T23:38:25.589+0000] {processor.py:161} INFO - Started process (PID=2576) to work on /opt/airflow/dags/Assignment_8_Archive/yfinance_to_snowflake.py
[2024-11-11T23:38:25.592+0000] {processor.py:830} INFO - Processing file /opt/airflow/dags/Assignment_8_Archive/yfinance_to_snowflake.py for tasks to queue
[2024-11-11T23:38:25.607+0000] {logging_mixin.py:188} INFO - [2024-11-11T23:38:25.603+0000] {dagbag.py:545} INFO - Filling up the DagBag from /opt/airflow/dags/Assignment_8_Archive/yfinance_to_snowflake.py
[2024-11-11T23:38:26.699+0000] {processor.py:840} INFO - DAG(s) 'YfinanceToSnowflake' retrieved from /opt/airflow/dags/Assignment_8_Archive/yfinance_to_snowflake.py
[2024-11-11T23:38:26.746+0000] {logging_mixin.py:188} INFO - [2024-11-11T23:38:26.744+0000] {dag.py:3096} INFO - Sync 1 DAGs
[2024-11-11T23:38:26.816+0000] {logging_mixin.py:188} INFO - [2024-11-11T23:38:26.815+0000] {dag.py:3954} INFO - Setting next_dagrun for YfinanceToSnowflake to 2024-11-10 17:00:00+00:00, run_after=2024-11-11 17:00:00+00:00
[2024-11-11T23:38:26.885+0000] {processor.py:183} INFO - Processing /opt/airflow/dags/Assignment_8_Archive/yfinance_to_snowflake.py took 1.314 seconds
[2024-11-11T23:38:57.216+0000] {processor.py:161} INFO - Started process (PID=2638) to work on /opt/airflow/dags/Assignment_8_Archive/yfinance_to_snowflake.py
[2024-11-11T23:38:57.218+0000] {processor.py:830} INFO - Processing file /opt/airflow/dags/Assignment_8_Archive/yfinance_to_snowflake.py for tasks to queue
[2024-11-11T23:38:57.221+0000] {logging_mixin.py:188} INFO - [2024-11-11T23:38:57.220+0000] {dagbag.py:545} INFO - Filling up the DagBag from /opt/airflow/dags/Assignment_8_Archive/yfinance_to_snowflake.py
[2024-11-11T23:38:57.535+0000] {processor.py:840} INFO - DAG(s) 'YfinanceToSnowflake' retrieved from /opt/airflow/dags/Assignment_8_Archive/yfinance_to_snowflake.py
[2024-11-11T23:38:57.578+0000] {logging_mixin.py:188} INFO - [2024-11-11T23:38:57.577+0000] {dag.py:3096} INFO - Sync 1 DAGs
[2024-11-11T23:38:57.627+0000] {logging_mixin.py:188} INFO - [2024-11-11T23:38:57.627+0000] {dag.py:3954} INFO - Setting next_dagrun for YfinanceToSnowflake to 2024-11-10 17:00:00+00:00, run_after=2024-11-11 17:00:00+00:00
[2024-11-11T23:38:57.674+0000] {processor.py:183} INFO - Processing /opt/airflow/dags/Assignment_8_Archive/yfinance_to_snowflake.py took 0.466 seconds
[2024-11-11T23:39:27.845+0000] {processor.py:161} INFO - Started process (PID=2699) to work on /opt/airflow/dags/Assignment_8_Archive/yfinance_to_snowflake.py
[2024-11-11T23:39:27.847+0000] {processor.py:830} INFO - Processing file /opt/airflow/dags/Assignment_8_Archive/yfinance_to_snowflake.py for tasks to queue
[2024-11-11T23:39:27.853+0000] {logging_mixin.py:188} INFO - [2024-11-11T23:39:27.851+0000] {dagbag.py:545} INFO - Filling up the DagBag from /opt/airflow/dags/Assignment_8_Archive/yfinance_to_snowflake.py
[2024-11-11T23:39:28.189+0000] {processor.py:840} INFO - DAG(s) 'YfinanceToSnowflake' retrieved from /opt/airflow/dags/Assignment_8_Archive/yfinance_to_snowflake.py
[2024-11-11T23:39:28.219+0000] {logging_mixin.py:188} INFO - [2024-11-11T23:39:28.218+0000] {dag.py:3096} INFO - Sync 1 DAGs
[2024-11-11T23:39:28.473+0000] {logging_mixin.py:188} INFO - [2024-11-11T23:39:28.473+0000] {dag.py:3954} INFO - Setting next_dagrun for YfinanceToSnowflake to 2024-11-10 17:00:00+00:00, run_after=2024-11-11 17:00:00+00:00
[2024-11-11T23:39:28.511+0000] {processor.py:183} INFO - Processing /opt/airflow/dags/Assignment_8_Archive/yfinance_to_snowflake.py took 0.676 seconds
[2024-11-11T23:39:58.638+0000] {processor.py:161} INFO - Started process (PID=2762) to work on /opt/airflow/dags/Assignment_8_Archive/yfinance_to_snowflake.py
[2024-11-11T23:39:58.640+0000] {processor.py:830} INFO - Processing file /opt/airflow/dags/Assignment_8_Archive/yfinance_to_snowflake.py for tasks to queue
[2024-11-11T23:39:58.644+0000] {logging_mixin.py:188} INFO - [2024-11-11T23:39:58.644+0000] {dagbag.py:545} INFO - Filling up the DagBag from /opt/airflow/dags/Assignment_8_Archive/yfinance_to_snowflake.py
[2024-11-11T23:39:59.111+0000] {processor.py:840} INFO - DAG(s) 'YfinanceToSnowflake' retrieved from /opt/airflow/dags/Assignment_8_Archive/yfinance_to_snowflake.py
[2024-11-11T23:39:59.139+0000] {logging_mixin.py:188} INFO - [2024-11-11T23:39:59.139+0000] {dag.py:3096} INFO - Sync 1 DAGs
[2024-11-11T23:39:59.172+0000] {logging_mixin.py:188} INFO - [2024-11-11T23:39:59.172+0000] {dag.py:3954} INFO - Setting next_dagrun for YfinanceToSnowflake to 2024-11-10 17:00:00+00:00, run_after=2024-11-11 17:00:00+00:00
[2024-11-11T23:39:59.215+0000] {processor.py:183} INFO - Processing /opt/airflow/dags/Assignment_8_Archive/yfinance_to_snowflake.py took 0.587 seconds
[2024-11-11T23:40:29.694+0000] {processor.py:161} INFO - Started process (PID=2824) to work on /opt/airflow/dags/Assignment_8_Archive/yfinance_to_snowflake.py
[2024-11-11T23:40:29.695+0000] {processor.py:830} INFO - Processing file /opt/airflow/dags/Assignment_8_Archive/yfinance_to_snowflake.py for tasks to queue
[2024-11-11T23:40:29.698+0000] {logging_mixin.py:188} INFO - [2024-11-11T23:40:29.698+0000] {dagbag.py:545} INFO - Filling up the DagBag from /opt/airflow/dags/Assignment_8_Archive/yfinance_to_snowflake.py
[2024-11-11T23:40:30.394+0000] {processor.py:840} INFO - DAG(s) 'YfinanceToSnowflake' retrieved from /opt/airflow/dags/Assignment_8_Archive/yfinance_to_snowflake.py
[2024-11-11T23:40:30.438+0000] {logging_mixin.py:188} INFO - [2024-11-11T23:40:30.437+0000] {dag.py:3096} INFO - Sync 1 DAGs
[2024-11-11T23:40:30.504+0000] {logging_mixin.py:188} INFO - [2024-11-11T23:40:30.503+0000] {dag.py:3954} INFO - Setting next_dagrun for YfinanceToSnowflake to 2024-11-10 17:00:00+00:00, run_after=2024-11-11 17:00:00+00:00
[2024-11-11T23:40:30.569+0000] {processor.py:183} INFO - Processing /opt/airflow/dags/Assignment_8_Archive/yfinance_to_snowflake.py took 0.887 seconds
[2024-11-11T23:41:00.779+0000] {processor.py:161} INFO - Started process (PID=2885) to work on /opt/airflow/dags/Assignment_8_Archive/yfinance_to_snowflake.py
[2024-11-11T23:41:00.781+0000] {processor.py:830} INFO - Processing file /opt/airflow/dags/Assignment_8_Archive/yfinance_to_snowflake.py for tasks to queue
[2024-11-11T23:41:00.787+0000] {logging_mixin.py:188} INFO - [2024-11-11T23:41:00.786+0000] {dagbag.py:545} INFO - Filling up the DagBag from /opt/airflow/dags/Assignment_8_Archive/yfinance_to_snowflake.py
[2024-11-11T23:41:01.170+0000] {processor.py:840} INFO - DAG(s) 'YfinanceToSnowflake' retrieved from /opt/airflow/dags/Assignment_8_Archive/yfinance_to_snowflake.py
[2024-11-11T23:41:01.213+0000] {logging_mixin.py:188} INFO - [2024-11-11T23:41:01.212+0000] {dag.py:3096} INFO - Sync 1 DAGs
[2024-11-11T23:41:01.270+0000] {logging_mixin.py:188} INFO - [2024-11-11T23:41:01.270+0000] {dag.py:3954} INFO - Setting next_dagrun for YfinanceToSnowflake to 2024-11-10 17:00:00+00:00, run_after=2024-11-11 17:00:00+00:00
[2024-11-11T23:41:01.304+0000] {processor.py:183} INFO - Processing /opt/airflow/dags/Assignment_8_Archive/yfinance_to_snowflake.py took 0.544 seconds
[2024-11-11T23:41:32.002+0000] {processor.py:161} INFO - Started process (PID=2946) to work on /opt/airflow/dags/Assignment_8_Archive/yfinance_to_snowflake.py
[2024-11-11T23:41:32.004+0000] {processor.py:830} INFO - Processing file /opt/airflow/dags/Assignment_8_Archive/yfinance_to_snowflake.py for tasks to queue
[2024-11-11T23:41:32.010+0000] {logging_mixin.py:188} INFO - [2024-11-11T23:41:32.009+0000] {dagbag.py:545} INFO - Filling up the DagBag from /opt/airflow/dags/Assignment_8_Archive/yfinance_to_snowflake.py
[2024-11-11T23:41:32.310+0000] {processor.py:840} INFO - DAG(s) 'YfinanceToSnowflake' retrieved from /opt/airflow/dags/Assignment_8_Archive/yfinance_to_snowflake.py
[2024-11-11T23:41:32.354+0000] {logging_mixin.py:188} INFO - [2024-11-11T23:41:32.353+0000] {dag.py:3096} INFO - Sync 1 DAGs
[2024-11-11T23:41:32.796+0000] {logging_mixin.py:188} INFO - [2024-11-11T23:41:32.796+0000] {dag.py:3954} INFO - Setting next_dagrun for YfinanceToSnowflake to 2024-11-10 17:00:00+00:00, run_after=2024-11-11 17:00:00+00:00
[2024-11-11T23:41:32.891+0000] {processor.py:183} INFO - Processing /opt/airflow/dags/Assignment_8_Archive/yfinance_to_snowflake.py took 0.901 seconds
[2024-11-11T23:42:03.115+0000] {processor.py:161} INFO - Started process (PID=3009) to work on /opt/airflow/dags/Assignment_8_Archive/yfinance_to_snowflake.py
[2024-11-11T23:42:03.117+0000] {processor.py:830} INFO - Processing file /opt/airflow/dags/Assignment_8_Archive/yfinance_to_snowflake.py for tasks to queue
[2024-11-11T23:42:03.120+0000] {logging_mixin.py:188} INFO - [2024-11-11T23:42:03.119+0000] {dagbag.py:545} INFO - Filling up the DagBag from /opt/airflow/dags/Assignment_8_Archive/yfinance_to_snowflake.py
[2024-11-11T23:42:03.844+0000] {processor.py:840} INFO - DAG(s) 'YfinanceToSnowflake' retrieved from /opt/airflow/dags/Assignment_8_Archive/yfinance_to_snowflake.py
[2024-11-11T23:42:03.882+0000] {logging_mixin.py:188} INFO - [2024-11-11T23:42:03.881+0000] {dag.py:3096} INFO - Sync 1 DAGs
[2024-11-11T23:42:03.956+0000] {logging_mixin.py:188} INFO - [2024-11-11T23:42:03.955+0000] {dag.py:3954} INFO - Setting next_dagrun for YfinanceToSnowflake to 2024-11-10 17:00:00+00:00, run_after=2024-11-11 17:00:00+00:00
[2024-11-11T23:42:04.007+0000] {processor.py:183} INFO - Processing /opt/airflow/dags/Assignment_8_Archive/yfinance_to_snowflake.py took 0.897 seconds
[2024-11-11T23:42:34.503+0000] {processor.py:161} INFO - Started process (PID=3070) to work on /opt/airflow/dags/Assignment_8_Archive/yfinance_to_snowflake.py
[2024-11-11T23:42:34.507+0000] {processor.py:830} INFO - Processing file /opt/airflow/dags/Assignment_8_Archive/yfinance_to_snowflake.py for tasks to queue
[2024-11-11T23:42:34.516+0000] {logging_mixin.py:188} INFO - [2024-11-11T23:42:34.513+0000] {dagbag.py:545} INFO - Filling up the DagBag from /opt/airflow/dags/Assignment_8_Archive/yfinance_to_snowflake.py
[2024-11-11T23:42:35.331+0000] {processor.py:840} INFO - DAG(s) 'YfinanceToSnowflake' retrieved from /opt/airflow/dags/Assignment_8_Archive/yfinance_to_snowflake.py
[2024-11-11T23:42:35.361+0000] {logging_mixin.py:188} INFO - [2024-11-11T23:42:35.360+0000] {dag.py:3096} INFO - Sync 1 DAGs
[2024-11-11T23:42:35.396+0000] {logging_mixin.py:188} INFO - [2024-11-11T23:42:35.396+0000] {dag.py:3954} INFO - Setting next_dagrun for YfinanceToSnowflake to 2024-11-10 17:00:00+00:00, run_after=2024-11-11 17:00:00+00:00
[2024-11-11T23:42:35.438+0000] {processor.py:183} INFO - Processing /opt/airflow/dags/Assignment_8_Archive/yfinance_to_snowflake.py took 0.957 seconds
[2024-11-11T23:43:06.007+0000] {processor.py:161} INFO - Started process (PID=3132) to work on /opt/airflow/dags/Assignment_8_Archive/yfinance_to_snowflake.py
[2024-11-11T23:43:06.010+0000] {processor.py:830} INFO - Processing file /opt/airflow/dags/Assignment_8_Archive/yfinance_to_snowflake.py for tasks to queue
[2024-11-11T23:43:06.031+0000] {logging_mixin.py:188} INFO - [2024-11-11T23:43:06.030+0000] {dagbag.py:545} INFO - Filling up the DagBag from /opt/airflow/dags/Assignment_8_Archive/yfinance_to_snowflake.py
[2024-11-11T23:43:07.247+0000] {processor.py:840} INFO - DAG(s) 'YfinanceToSnowflake' retrieved from /opt/airflow/dags/Assignment_8_Archive/yfinance_to_snowflake.py
[2024-11-11T23:43:07.319+0000] {logging_mixin.py:188} INFO - [2024-11-11T23:43:07.316+0000] {dag.py:3096} INFO - Sync 1 DAGs
[2024-11-11T23:43:07.409+0000] {logging_mixin.py:188} INFO - [2024-11-11T23:43:07.409+0000] {dag.py:3954} INFO - Setting next_dagrun for YfinanceToSnowflake to 2024-11-10 17:00:00+00:00, run_after=2024-11-11 17:00:00+00:00
[2024-11-11T23:43:07.473+0000] {processor.py:183} INFO - Processing /opt/airflow/dags/Assignment_8_Archive/yfinance_to_snowflake.py took 1.487 seconds
[2024-11-11T23:43:37.802+0000] {processor.py:161} INFO - Started process (PID=3195) to work on /opt/airflow/dags/Assignment_8_Archive/yfinance_to_snowflake.py
[2024-11-11T23:43:37.804+0000] {processor.py:830} INFO - Processing file /opt/airflow/dags/Assignment_8_Archive/yfinance_to_snowflake.py for tasks to queue
[2024-11-11T23:43:37.816+0000] {logging_mixin.py:188} INFO - [2024-11-11T23:43:37.815+0000] {dagbag.py:545} INFO - Filling up the DagBag from /opt/airflow/dags/Assignment_8_Archive/yfinance_to_snowflake.py
[2024-11-11T23:43:38.607+0000] {processor.py:840} INFO - DAG(s) 'YfinanceToSnowflake' retrieved from /opt/airflow/dags/Assignment_8_Archive/yfinance_to_snowflake.py
[2024-11-11T23:43:39.329+0000] {logging_mixin.py:188} INFO - [2024-11-11T23:43:39.327+0000] {dag.py:3096} INFO - Sync 1 DAGs
[2024-11-11T23:43:39.416+0000] {logging_mixin.py:188} INFO - [2024-11-11T23:43:39.415+0000] {dag.py:3954} INFO - Setting next_dagrun for YfinanceToSnowflake to 2024-11-10 17:00:00+00:00, run_after=2024-11-11 17:00:00+00:00
[2024-11-11T23:43:39.516+0000] {processor.py:183} INFO - Processing /opt/airflow/dags/Assignment_8_Archive/yfinance_to_snowflake.py took 1.737 seconds
[2024-11-11T23:44:09.648+0000] {processor.py:161} INFO - Started process (PID=3256) to work on /opt/airflow/dags/Assignment_8_Archive/yfinance_to_snowflake.py
[2024-11-11T23:44:09.649+0000] {processor.py:830} INFO - Processing file /opt/airflow/dags/Assignment_8_Archive/yfinance_to_snowflake.py for tasks to queue
[2024-11-11T23:44:09.652+0000] {logging_mixin.py:188} INFO - [2024-11-11T23:44:09.651+0000] {dagbag.py:545} INFO - Filling up the DagBag from /opt/airflow/dags/Assignment_8_Archive/yfinance_to_snowflake.py
[2024-11-11T23:44:09.962+0000] {processor.py:840} INFO - DAG(s) 'YfinanceToSnowflake' retrieved from /opt/airflow/dags/Assignment_8_Archive/yfinance_to_snowflake.py
[2024-11-11T23:44:10.007+0000] {logging_mixin.py:188} INFO - [2024-11-11T23:44:10.006+0000] {dag.py:3096} INFO - Sync 1 DAGs
[2024-11-11T23:44:10.312+0000] {logging_mixin.py:188} INFO - [2024-11-11T23:44:10.311+0000] {dag.py:3954} INFO - Setting next_dagrun for YfinanceToSnowflake to 2024-11-10 17:00:00+00:00, run_after=2024-11-11 17:00:00+00:00
[2024-11-11T23:44:10.365+0000] {processor.py:183} INFO - Processing /opt/airflow/dags/Assignment_8_Archive/yfinance_to_snowflake.py took 0.727 seconds
[2024-11-11T23:44:40.466+0000] {processor.py:161} INFO - Started process (PID=3318) to work on /opt/airflow/dags/Assignment_8_Archive/yfinance_to_snowflake.py
[2024-11-11T23:44:40.468+0000] {processor.py:830} INFO - Processing file /opt/airflow/dags/Assignment_8_Archive/yfinance_to_snowflake.py for tasks to queue
[2024-11-11T23:44:40.472+0000] {logging_mixin.py:188} INFO - [2024-11-11T23:44:40.472+0000] {dagbag.py:545} INFO - Filling up the DagBag from /opt/airflow/dags/Assignment_8_Archive/yfinance_to_snowflake.py
[2024-11-11T23:44:40.984+0000] {processor.py:840} INFO - DAG(s) 'YfinanceToSnowflake' retrieved from /opt/airflow/dags/Assignment_8_Archive/yfinance_to_snowflake.py
[2024-11-11T23:44:41.008+0000] {logging_mixin.py:188} INFO - [2024-11-11T23:44:41.008+0000] {dag.py:3096} INFO - Sync 1 DAGs
[2024-11-11T23:44:41.062+0000] {logging_mixin.py:188} INFO - [2024-11-11T23:44:41.062+0000] {dag.py:3954} INFO - Setting next_dagrun for YfinanceToSnowflake to 2024-11-10 17:00:00+00:00, run_after=2024-11-11 17:00:00+00:00
[2024-11-11T23:44:41.103+0000] {processor.py:183} INFO - Processing /opt/airflow/dags/Assignment_8_Archive/yfinance_to_snowflake.py took 0.645 seconds
[2024-11-11T23:45:11.442+0000] {processor.py:161} INFO - Started process (PID=3379) to work on /opt/airflow/dags/Assignment_8_Archive/yfinance_to_snowflake.py
[2024-11-11T23:45:11.444+0000] {processor.py:830} INFO - Processing file /opt/airflow/dags/Assignment_8_Archive/yfinance_to_snowflake.py for tasks to queue
[2024-11-11T23:45:11.449+0000] {logging_mixin.py:188} INFO - [2024-11-11T23:45:11.448+0000] {dagbag.py:545} INFO - Filling up the DagBag from /opt/airflow/dags/Assignment_8_Archive/yfinance_to_snowflake.py
[2024-11-11T23:45:12.639+0000] {processor.py:840} INFO - DAG(s) 'YfinanceToSnowflake' retrieved from /opt/airflow/dags/Assignment_8_Archive/yfinance_to_snowflake.py
[2024-11-11T23:45:12.788+0000] {logging_mixin.py:188} INFO - [2024-11-11T23:45:12.787+0000] {dag.py:3096} INFO - Sync 1 DAGs
[2024-11-11T23:45:12.927+0000] {logging_mixin.py:188} INFO - [2024-11-11T23:45:12.926+0000] {dag.py:3954} INFO - Setting next_dagrun for YfinanceToSnowflake to 2024-11-10 17:00:00+00:00, run_after=2024-11-11 17:00:00+00:00
[2024-11-11T23:45:13.040+0000] {processor.py:183} INFO - Processing /opt/airflow/dags/Assignment_8_Archive/yfinance_to_snowflake.py took 1.612 seconds
[2024-11-11T23:45:44.152+0000] {processor.py:161} INFO - Started process (PID=3443) to work on /opt/airflow/dags/Assignment_8_Archive/yfinance_to_snowflake.py
[2024-11-11T23:45:44.156+0000] {processor.py:830} INFO - Processing file /opt/airflow/dags/Assignment_8_Archive/yfinance_to_snowflake.py for tasks to queue
[2024-11-11T23:45:44.160+0000] {logging_mixin.py:188} INFO - [2024-11-11T23:45:44.160+0000] {dagbag.py:545} INFO - Filling up the DagBag from /opt/airflow/dags/Assignment_8_Archive/yfinance_to_snowflake.py
[2024-11-11T23:45:44.813+0000] {processor.py:840} INFO - DAG(s) 'YfinanceToSnowflake' retrieved from /opt/airflow/dags/Assignment_8_Archive/yfinance_to_snowflake.py
[2024-11-11T23:45:44.850+0000] {logging_mixin.py:188} INFO - [2024-11-11T23:45:44.849+0000] {dag.py:3096} INFO - Sync 1 DAGs
[2024-11-11T23:45:44.888+0000] {logging_mixin.py:188} INFO - [2024-11-11T23:45:44.888+0000] {dag.py:3954} INFO - Setting next_dagrun for YfinanceToSnowflake to 2024-11-10 17:00:00+00:00, run_after=2024-11-11 17:00:00+00:00
[2024-11-11T23:45:44.930+0000] {processor.py:183} INFO - Processing /opt/airflow/dags/Assignment_8_Archive/yfinance_to_snowflake.py took 0.794 seconds
[2024-11-11T23:46:15.646+0000] {processor.py:161} INFO - Started process (PID=3505) to work on /opt/airflow/dags/Assignment_8_Archive/yfinance_to_snowflake.py
[2024-11-11T23:46:15.650+0000] {processor.py:830} INFO - Processing file /opt/airflow/dags/Assignment_8_Archive/yfinance_to_snowflake.py for tasks to queue
[2024-11-11T23:46:15.672+0000] {logging_mixin.py:188} INFO - [2024-11-11T23:46:15.670+0000] {dagbag.py:545} INFO - Filling up the DagBag from /opt/airflow/dags/Assignment_8_Archive/yfinance_to_snowflake.py
[2024-11-11T23:46:17.676+0000] {processor.py:840} INFO - DAG(s) 'YfinanceToSnowflake' retrieved from /opt/airflow/dags/Assignment_8_Archive/yfinance_to_snowflake.py
[2024-11-11T23:46:17.764+0000] {logging_mixin.py:188} INFO - [2024-11-11T23:46:17.763+0000] {dag.py:3096} INFO - Sync 1 DAGs
[2024-11-11T23:46:17.921+0000] {logging_mixin.py:188} INFO - [2024-11-11T23:46:17.911+0000] {dag.py:3954} INFO - Setting next_dagrun for YfinanceToSnowflake to 2024-11-10 17:00:00+00:00, run_after=2024-11-11 17:00:00+00:00
[2024-11-11T23:46:18.185+0000] {processor.py:183} INFO - Processing /opt/airflow/dags/Assignment_8_Archive/yfinance_to_snowflake.py took 2.562 seconds
[2024-11-11T23:46:49.585+0000] {processor.py:161} INFO - Started process (PID=3565) to work on /opt/airflow/dags/Assignment_8_Archive/yfinance_to_snowflake.py
[2024-11-11T23:46:49.594+0000] {processor.py:830} INFO - Processing file /opt/airflow/dags/Assignment_8_Archive/yfinance_to_snowflake.py for tasks to queue
[2024-11-11T23:46:49.619+0000] {logging_mixin.py:188} INFO - [2024-11-11T23:46:49.618+0000] {dagbag.py:545} INFO - Filling up the DagBag from /opt/airflow/dags/Assignment_8_Archive/yfinance_to_snowflake.py
[2024-11-11T23:46:52.505+0000] {processor.py:840} INFO - DAG(s) 'YfinanceToSnowflake' retrieved from /opt/airflow/dags/Assignment_8_Archive/yfinance_to_snowflake.py
[2024-11-11T23:46:52.639+0000] {logging_mixin.py:188} INFO - [2024-11-11T23:46:52.638+0000] {dag.py:3096} INFO - Sync 1 DAGs
[2024-11-11T23:46:52.881+0000] {logging_mixin.py:188} INFO - [2024-11-11T23:46:52.881+0000] {dag.py:3954} INFO - Setting next_dagrun for YfinanceToSnowflake to 2024-11-10 17:00:00+00:00, run_after=2024-11-11 17:00:00+00:00
[2024-11-11T23:46:53.042+0000] {processor.py:183} INFO - Processing /opt/airflow/dags/Assignment_8_Archive/yfinance_to_snowflake.py took 3.518 seconds
[2024-11-11T23:47:23.468+0000] {processor.py:161} INFO - Started process (PID=3627) to work on /opt/airflow/dags/Assignment_8_Archive/yfinance_to_snowflake.py
[2024-11-11T23:47:23.470+0000] {processor.py:830} INFO - Processing file /opt/airflow/dags/Assignment_8_Archive/yfinance_to_snowflake.py for tasks to queue
[2024-11-11T23:47:23.476+0000] {logging_mixin.py:188} INFO - [2024-11-11T23:47:23.475+0000] {dagbag.py:545} INFO - Filling up the DagBag from /opt/airflow/dags/Assignment_8_Archive/yfinance_to_snowflake.py
[2024-11-11T23:47:24.558+0000] {processor.py:840} INFO - DAG(s) 'YfinanceToSnowflake' retrieved from /opt/airflow/dags/Assignment_8_Archive/yfinance_to_snowflake.py
[2024-11-11T23:47:24.607+0000] {logging_mixin.py:188} INFO - [2024-11-11T23:47:24.605+0000] {dag.py:3096} INFO - Sync 1 DAGs
[2024-11-11T23:47:24.691+0000] {logging_mixin.py:188} INFO - [2024-11-11T23:47:24.690+0000] {dag.py:3954} INFO - Setting next_dagrun for YfinanceToSnowflake to 2024-11-10 17:00:00+00:00, run_after=2024-11-11 17:00:00+00:00
[2024-11-11T23:47:24.765+0000] {processor.py:183} INFO - Processing /opt/airflow/dags/Assignment_8_Archive/yfinance_to_snowflake.py took 1.311 seconds
[2024-11-11T23:47:54.891+0000] {processor.py:161} INFO - Started process (PID=3688) to work on /opt/airflow/dags/Assignment_8_Archive/yfinance_to_snowflake.py
[2024-11-11T23:47:54.893+0000] {processor.py:830} INFO - Processing file /opt/airflow/dags/Assignment_8_Archive/yfinance_to_snowflake.py for tasks to queue
[2024-11-11T23:47:54.899+0000] {logging_mixin.py:188} INFO - [2024-11-11T23:47:54.899+0000] {dagbag.py:545} INFO - Filling up the DagBag from /opt/airflow/dags/Assignment_8_Archive/yfinance_to_snowflake.py
[2024-11-11T23:47:55.535+0000] {processor.py:840} INFO - DAG(s) 'YfinanceToSnowflake' retrieved from /opt/airflow/dags/Assignment_8_Archive/yfinance_to_snowflake.py
[2024-11-11T23:47:55.582+0000] {logging_mixin.py:188} INFO - [2024-11-11T23:47:55.581+0000] {dag.py:3096} INFO - Sync 1 DAGs
[2024-11-11T23:47:55.643+0000] {logging_mixin.py:188} INFO - [2024-11-11T23:47:55.643+0000] {dag.py:3954} INFO - Setting next_dagrun for YfinanceToSnowflake to 2024-11-10 17:00:00+00:00, run_after=2024-11-11 17:00:00+00:00
[2024-11-11T23:47:55.685+0000] {processor.py:183} INFO - Processing /opt/airflow/dags/Assignment_8_Archive/yfinance_to_snowflake.py took 0.806 seconds
[2024-11-11T23:48:26.274+0000] {processor.py:161} INFO - Started process (PID=3749) to work on /opt/airflow/dags/Assignment_8_Archive/yfinance_to_snowflake.py
[2024-11-11T23:48:26.276+0000] {processor.py:830} INFO - Processing file /opt/airflow/dags/Assignment_8_Archive/yfinance_to_snowflake.py for tasks to queue
[2024-11-11T23:48:26.281+0000] {logging_mixin.py:188} INFO - [2024-11-11T23:48:26.280+0000] {dagbag.py:545} INFO - Filling up the DagBag from /opt/airflow/dags/Assignment_8_Archive/yfinance_to_snowflake.py
[2024-11-11T23:48:27.144+0000] {processor.py:840} INFO - DAG(s) 'YfinanceToSnowflake' retrieved from /opt/airflow/dags/Assignment_8_Archive/yfinance_to_snowflake.py
[2024-11-11T23:48:27.186+0000] {logging_mixin.py:188} INFO - [2024-11-11T23:48:27.185+0000] {dag.py:3096} INFO - Sync 1 DAGs
[2024-11-11T23:48:27.279+0000] {logging_mixin.py:188} INFO - [2024-11-11T23:48:27.278+0000] {dag.py:3954} INFO - Setting next_dagrun for YfinanceToSnowflake to 2024-11-10 17:00:00+00:00, run_after=2024-11-11 17:00:00+00:00
[2024-11-11T23:48:27.399+0000] {processor.py:183} INFO - Processing /opt/airflow/dags/Assignment_8_Archive/yfinance_to_snowflake.py took 1.144 seconds
[2024-11-11T23:48:58.210+0000] {processor.py:161} INFO - Started process (PID=3810) to work on /opt/airflow/dags/Assignment_8_Archive/yfinance_to_snowflake.py
[2024-11-11T23:48:58.211+0000] {processor.py:830} INFO - Processing file /opt/airflow/dags/Assignment_8_Archive/yfinance_to_snowflake.py for tasks to queue
[2024-11-11T23:48:58.215+0000] {logging_mixin.py:188} INFO - [2024-11-11T23:48:58.214+0000] {dagbag.py:545} INFO - Filling up the DagBag from /opt/airflow/dags/Assignment_8_Archive/yfinance_to_snowflake.py
[2024-11-11T23:48:58.549+0000] {processor.py:840} INFO - DAG(s) 'YfinanceToSnowflake' retrieved from /opt/airflow/dags/Assignment_8_Archive/yfinance_to_snowflake.py
[2024-11-11T23:48:58.584+0000] {logging_mixin.py:188} INFO - [2024-11-11T23:48:58.583+0000] {dag.py:3096} INFO - Sync 1 DAGs
[2024-11-11T23:48:58.635+0000] {logging_mixin.py:188} INFO - [2024-11-11T23:48:58.634+0000] {dag.py:3954} INFO - Setting next_dagrun for YfinanceToSnowflake to 2024-11-10 17:00:00+00:00, run_after=2024-11-11 17:00:00+00:00
[2024-11-11T23:48:58.691+0000] {processor.py:183} INFO - Processing /opt/airflow/dags/Assignment_8_Archive/yfinance_to_snowflake.py took 0.489 seconds
[2024-11-11T23:49:28.916+0000] {processor.py:161} INFO - Started process (PID=3872) to work on /opt/airflow/dags/Assignment_8_Archive/yfinance_to_snowflake.py
[2024-11-11T23:49:28.918+0000] {processor.py:830} INFO - Processing file /opt/airflow/dags/Assignment_8_Archive/yfinance_to_snowflake.py for tasks to queue
[2024-11-11T23:49:28.922+0000] {logging_mixin.py:188} INFO - [2024-11-11T23:49:28.922+0000] {dagbag.py:545} INFO - Filling up the DagBag from /opt/airflow/dags/Assignment_8_Archive/yfinance_to_snowflake.py
[2024-11-11T23:49:29.238+0000] {processor.py:840} INFO - DAG(s) 'YfinanceToSnowflake' retrieved from /opt/airflow/dags/Assignment_8_Archive/yfinance_to_snowflake.py
[2024-11-11T23:49:29.274+0000] {logging_mixin.py:188} INFO - [2024-11-11T23:49:29.273+0000] {dag.py:3096} INFO - Sync 1 DAGs
[2024-11-11T23:49:29.329+0000] {logging_mixin.py:188} INFO - [2024-11-11T23:49:29.328+0000] {dag.py:3954} INFO - Setting next_dagrun for YfinanceToSnowflake to 2024-11-10 17:00:00+00:00, run_after=2024-11-11 17:00:00+00:00
[2024-11-11T23:49:29.374+0000] {processor.py:183} INFO - Processing /opt/airflow/dags/Assignment_8_Archive/yfinance_to_snowflake.py took 0.475 seconds
[2024-11-11T23:49:59.540+0000] {processor.py:161} INFO - Started process (PID=3932) to work on /opt/airflow/dags/Assignment_8_Archive/yfinance_to_snowflake.py
[2024-11-11T23:49:59.542+0000] {processor.py:830} INFO - Processing file /opt/airflow/dags/Assignment_8_Archive/yfinance_to_snowflake.py for tasks to queue
[2024-11-11T23:49:59.547+0000] {logging_mixin.py:188} INFO - [2024-11-11T23:49:59.546+0000] {dagbag.py:545} INFO - Filling up the DagBag from /opt/airflow/dags/Assignment_8_Archive/yfinance_to_snowflake.py
[2024-11-11T23:50:00.287+0000] {processor.py:840} INFO - DAG(s) 'YfinanceToSnowflake' retrieved from /opt/airflow/dags/Assignment_8_Archive/yfinance_to_snowflake.py
[2024-11-11T23:50:00.412+0000] {logging_mixin.py:188} INFO - [2024-11-11T23:50:00.403+0000] {dag.py:3096} INFO - Sync 1 DAGs
[2024-11-11T23:50:00.564+0000] {logging_mixin.py:188} INFO - [2024-11-11T23:50:00.563+0000] {dag.py:3954} INFO - Setting next_dagrun for YfinanceToSnowflake to 2024-11-10 17:00:00+00:00, run_after=2024-11-11 17:00:00+00:00
[2024-11-11T23:50:00.694+0000] {processor.py:183} INFO - Processing /opt/airflow/dags/Assignment_8_Archive/yfinance_to_snowflake.py took 1.183 seconds
[2024-11-11T23:50:31.005+0000] {processor.py:161} INFO - Started process (PID=3993) to work on /opt/airflow/dags/Assignment_8_Archive/yfinance_to_snowflake.py
[2024-11-11T23:50:31.010+0000] {processor.py:830} INFO - Processing file /opt/airflow/dags/Assignment_8_Archive/yfinance_to_snowflake.py for tasks to queue
[2024-11-11T23:50:31.017+0000] {logging_mixin.py:188} INFO - [2024-11-11T23:50:31.016+0000] {dagbag.py:545} INFO - Filling up the DagBag from /opt/airflow/dags/Assignment_8_Archive/yfinance_to_snowflake.py
[2024-11-11T23:50:31.765+0000] {processor.py:840} INFO - DAG(s) 'YfinanceToSnowflake' retrieved from /opt/airflow/dags/Assignment_8_Archive/yfinance_to_snowflake.py
[2024-11-11T23:50:31.812+0000] {logging_mixin.py:188} INFO - [2024-11-11T23:50:31.811+0000] {dag.py:3096} INFO - Sync 1 DAGs
[2024-11-11T23:50:31.888+0000] {logging_mixin.py:188} INFO - [2024-11-11T23:50:31.886+0000] {dag.py:3954} INFO - Setting next_dagrun for YfinanceToSnowflake to 2024-11-10 17:00:00+00:00, run_after=2024-11-11 17:00:00+00:00
[2024-11-11T23:50:31.940+0000] {processor.py:183} INFO - Processing /opt/airflow/dags/Assignment_8_Archive/yfinance_to_snowflake.py took 0.957 seconds
[2024-11-11T23:51:02.153+0000] {processor.py:161} INFO - Started process (PID=4056) to work on /opt/airflow/dags/Assignment_8_Archive/yfinance_to_snowflake.py
[2024-11-11T23:51:02.155+0000] {processor.py:830} INFO - Processing file /opt/airflow/dags/Assignment_8_Archive/yfinance_to_snowflake.py for tasks to queue
[2024-11-11T23:51:02.158+0000] {logging_mixin.py:188} INFO - [2024-11-11T23:51:02.157+0000] {dagbag.py:545} INFO - Filling up the DagBag from /opt/airflow/dags/Assignment_8_Archive/yfinance_to_snowflake.py
[2024-11-11T23:51:02.419+0000] {processor.py:840} INFO - DAG(s) 'YfinanceToSnowflake' retrieved from /opt/airflow/dags/Assignment_8_Archive/yfinance_to_snowflake.py
[2024-11-11T23:51:02.453+0000] {logging_mixin.py:188} INFO - [2024-11-11T23:51:02.452+0000] {dag.py:3096} INFO - Sync 1 DAGs
[2024-11-11T23:51:02.485+0000] {logging_mixin.py:188} INFO - [2024-11-11T23:51:02.485+0000] {dag.py:3954} INFO - Setting next_dagrun for YfinanceToSnowflake to 2024-11-10 17:00:00+00:00, run_after=2024-11-11 17:00:00+00:00
[2024-11-11T23:51:02.526+0000] {processor.py:183} INFO - Processing /opt/airflow/dags/Assignment_8_Archive/yfinance_to_snowflake.py took 0.380 seconds
[2024-11-11T23:51:33.472+0000] {processor.py:161} INFO - Started process (PID=4117) to work on /opt/airflow/dags/Assignment_8_Archive/yfinance_to_snowflake.py
[2024-11-11T23:51:33.474+0000] {processor.py:830} INFO - Processing file /opt/airflow/dags/Assignment_8_Archive/yfinance_to_snowflake.py for tasks to queue
[2024-11-11T23:51:33.477+0000] {logging_mixin.py:188} INFO - [2024-11-11T23:51:33.476+0000] {dagbag.py:545} INFO - Filling up the DagBag from /opt/airflow/dags/Assignment_8_Archive/yfinance_to_snowflake.py
[2024-11-11T23:51:33.803+0000] {processor.py:840} INFO - DAG(s) 'YfinanceToSnowflake' retrieved from /opt/airflow/dags/Assignment_8_Archive/yfinance_to_snowflake.py
[2024-11-11T23:51:33.874+0000] {logging_mixin.py:188} INFO - [2024-11-11T23:51:33.871+0000] {dag.py:3096} INFO - Sync 1 DAGs
[2024-11-11T23:51:33.975+0000] {logging_mixin.py:188} INFO - [2024-11-11T23:51:33.975+0000] {dag.py:3954} INFO - Setting next_dagrun for YfinanceToSnowflake to 2024-11-10 17:00:00+00:00, run_after=2024-11-11 17:00:00+00:00
[2024-11-11T23:51:34.079+0000] {processor.py:183} INFO - Processing /opt/airflow/dags/Assignment_8_Archive/yfinance_to_snowflake.py took 0.616 seconds
[2024-11-11T23:52:04.838+0000] {processor.py:161} INFO - Started process (PID=4180) to work on /opt/airflow/dags/Assignment_8_Archive/yfinance_to_snowflake.py
[2024-11-11T23:52:04.843+0000] {processor.py:830} INFO - Processing file /opt/airflow/dags/Assignment_8_Archive/yfinance_to_snowflake.py for tasks to queue
[2024-11-11T23:52:04.850+0000] {logging_mixin.py:188} INFO - [2024-11-11T23:52:04.849+0000] {dagbag.py:545} INFO - Filling up the DagBag from /opt/airflow/dags/Assignment_8_Archive/yfinance_to_snowflake.py
[2024-11-11T23:52:05.539+0000] {processor.py:840} INFO - DAG(s) 'YfinanceToSnowflake' retrieved from /opt/airflow/dags/Assignment_8_Archive/yfinance_to_snowflake.py
[2024-11-11T23:52:05.607+0000] {logging_mixin.py:188} INFO - [2024-11-11T23:52:05.606+0000] {dag.py:3096} INFO - Sync 1 DAGs
[2024-11-11T23:52:05.668+0000] {logging_mixin.py:188} INFO - [2024-11-11T23:52:05.668+0000] {dag.py:3954} INFO - Setting next_dagrun for YfinanceToSnowflake to 2024-11-10 17:00:00+00:00, run_after=2024-11-11 17:00:00+00:00
[2024-11-11T23:52:05.723+0000] {processor.py:183} INFO - Processing /opt/airflow/dags/Assignment_8_Archive/yfinance_to_snowflake.py took 0.903 seconds
[2024-11-11T23:52:36.157+0000] {processor.py:161} INFO - Started process (PID=4241) to work on /opt/airflow/dags/Assignment_8_Archive/yfinance_to_snowflake.py
[2024-11-11T23:52:36.159+0000] {processor.py:830} INFO - Processing file /opt/airflow/dags/Assignment_8_Archive/yfinance_to_snowflake.py for tasks to queue
[2024-11-11T23:52:36.162+0000] {logging_mixin.py:188} INFO - [2024-11-11T23:52:36.162+0000] {dagbag.py:545} INFO - Filling up the DagBag from /opt/airflow/dags/Assignment_8_Archive/yfinance_to_snowflake.py
[2024-11-11T23:52:36.460+0000] {processor.py:840} INFO - DAG(s) 'YfinanceToSnowflake' retrieved from /opt/airflow/dags/Assignment_8_Archive/yfinance_to_snowflake.py
[2024-11-11T23:52:36.509+0000] {logging_mixin.py:188} INFO - [2024-11-11T23:52:36.508+0000] {dag.py:3096} INFO - Sync 1 DAGs
[2024-11-11T23:52:36.573+0000] {logging_mixin.py:188} INFO - [2024-11-11T23:52:36.572+0000] {dag.py:3954} INFO - Setting next_dagrun for YfinanceToSnowflake to 2024-11-10 17:00:00+00:00, run_after=2024-11-11 17:00:00+00:00
[2024-11-11T23:52:36.628+0000] {processor.py:183} INFO - Processing /opt/airflow/dags/Assignment_8_Archive/yfinance_to_snowflake.py took 0.479 seconds
[2024-11-11T23:53:06.777+0000] {processor.py:161} INFO - Started process (PID=4302) to work on /opt/airflow/dags/Assignment_8_Archive/yfinance_to_snowflake.py
[2024-11-11T23:53:06.779+0000] {processor.py:830} INFO - Processing file /opt/airflow/dags/Assignment_8_Archive/yfinance_to_snowflake.py for tasks to queue
[2024-11-11T23:53:06.783+0000] {logging_mixin.py:188} INFO - [2024-11-11T23:53:06.782+0000] {dagbag.py:545} INFO - Filling up the DagBag from /opt/airflow/dags/Assignment_8_Archive/yfinance_to_snowflake.py
[2024-11-11T23:53:07.042+0000] {processor.py:840} INFO - DAG(s) 'YfinanceToSnowflake' retrieved from /opt/airflow/dags/Assignment_8_Archive/yfinance_to_snowflake.py
[2024-11-11T23:53:07.072+0000] {logging_mixin.py:188} INFO - [2024-11-11T23:53:07.071+0000] {dag.py:3096} INFO - Sync 1 DAGs
[2024-11-11T23:53:07.117+0000] {logging_mixin.py:188} INFO - [2024-11-11T23:53:07.117+0000] {dag.py:3954} INFO - Setting next_dagrun for YfinanceToSnowflake to 2024-11-10 17:00:00+00:00, run_after=2024-11-11 17:00:00+00:00
[2024-11-11T23:53:07.164+0000] {processor.py:183} INFO - Processing /opt/airflow/dags/Assignment_8_Archive/yfinance_to_snowflake.py took 0.393 seconds
[2024-11-11T23:53:37.417+0000] {processor.py:161} INFO - Started process (PID=4364) to work on /opt/airflow/dags/Assignment_8_Archive/yfinance_to_snowflake.py
[2024-11-11T23:53:37.421+0000] {processor.py:830} INFO - Processing file /opt/airflow/dags/Assignment_8_Archive/yfinance_to_snowflake.py for tasks to queue
[2024-11-11T23:53:37.428+0000] {logging_mixin.py:188} INFO - [2024-11-11T23:53:37.427+0000] {dagbag.py:545} INFO - Filling up the DagBag from /opt/airflow/dags/Assignment_8_Archive/yfinance_to_snowflake.py
[2024-11-11T23:53:38.074+0000] {processor.py:840} INFO - DAG(s) 'YfinanceToSnowflake' retrieved from /opt/airflow/dags/Assignment_8_Archive/yfinance_to_snowflake.py
[2024-11-11T23:53:38.118+0000] {logging_mixin.py:188} INFO - [2024-11-11T23:53:38.117+0000] {dag.py:3096} INFO - Sync 1 DAGs
[2024-11-11T23:53:38.169+0000] {logging_mixin.py:188} INFO - [2024-11-11T23:53:38.168+0000] {dag.py:3954} INFO - Setting next_dagrun for YfinanceToSnowflake to 2024-11-10 17:00:00+00:00, run_after=2024-11-11 17:00:00+00:00
[2024-11-11T23:53:38.216+0000] {processor.py:183} INFO - Processing /opt/airflow/dags/Assignment_8_Archive/yfinance_to_snowflake.py took 0.819 seconds
[2024-11-11T23:54:08.503+0000] {processor.py:161} INFO - Started process (PID=4425) to work on /opt/airflow/dags/Assignment_8_Archive/yfinance_to_snowflake.py
[2024-11-11T23:54:08.505+0000] {processor.py:830} INFO - Processing file /opt/airflow/dags/Assignment_8_Archive/yfinance_to_snowflake.py for tasks to queue
[2024-11-11T23:54:08.508+0000] {logging_mixin.py:188} INFO - [2024-11-11T23:54:08.508+0000] {dagbag.py:545} INFO - Filling up the DagBag from /opt/airflow/dags/Assignment_8_Archive/yfinance_to_snowflake.py
[2024-11-11T23:54:08.736+0000] {processor.py:840} INFO - DAG(s) 'YfinanceToSnowflake' retrieved from /opt/airflow/dags/Assignment_8_Archive/yfinance_to_snowflake.py
[2024-11-11T23:54:08.761+0000] {logging_mixin.py:188} INFO - [2024-11-11T23:54:08.760+0000] {dag.py:3096} INFO - Sync 1 DAGs
[2024-11-11T23:54:08.787+0000] {logging_mixin.py:188} INFO - [2024-11-11T23:54:08.787+0000] {dag.py:3954} INFO - Setting next_dagrun for YfinanceToSnowflake to 2024-11-10 17:00:00+00:00, run_after=2024-11-11 17:00:00+00:00
[2024-11-11T23:54:08.825+0000] {processor.py:183} INFO - Processing /opt/airflow/dags/Assignment_8_Archive/yfinance_to_snowflake.py took 0.331 seconds
[2024-11-11T23:54:38.965+0000] {processor.py:161} INFO - Started process (PID=4486) to work on /opt/airflow/dags/Assignment_8_Archive/yfinance_to_snowflake.py
[2024-11-11T23:54:38.966+0000] {processor.py:830} INFO - Processing file /opt/airflow/dags/Assignment_8_Archive/yfinance_to_snowflake.py for tasks to queue
[2024-11-11T23:54:38.969+0000] {logging_mixin.py:188} INFO - [2024-11-11T23:54:38.969+0000] {dagbag.py:545} INFO - Filling up the DagBag from /opt/airflow/dags/Assignment_8_Archive/yfinance_to_snowflake.py
[2024-11-11T23:54:39.177+0000] {processor.py:840} INFO - DAG(s) 'YfinanceToSnowflake' retrieved from /opt/airflow/dags/Assignment_8_Archive/yfinance_to_snowflake.py
[2024-11-11T23:54:39.203+0000] {logging_mixin.py:188} INFO - [2024-11-11T23:54:39.203+0000] {dag.py:3096} INFO - Sync 1 DAGs
[2024-11-11T23:54:39.236+0000] {logging_mixin.py:188} INFO - [2024-11-11T23:54:39.236+0000] {dag.py:3954} INFO - Setting next_dagrun for YfinanceToSnowflake to 2024-11-10 17:00:00+00:00, run_after=2024-11-11 17:00:00+00:00
[2024-11-11T23:54:39.269+0000] {processor.py:183} INFO - Processing /opt/airflow/dags/Assignment_8_Archive/yfinance_to_snowflake.py took 0.310 seconds
[2024-11-11T23:55:09.660+0000] {processor.py:161} INFO - Started process (PID=4547) to work on /opt/airflow/dags/Assignment_8_Archive/yfinance_to_snowflake.py
[2024-11-11T23:55:09.664+0000] {processor.py:830} INFO - Processing file /opt/airflow/dags/Assignment_8_Archive/yfinance_to_snowflake.py for tasks to queue
[2024-11-11T23:55:09.671+0000] {logging_mixin.py:188} INFO - [2024-11-11T23:55:09.670+0000] {dagbag.py:545} INFO - Filling up the DagBag from /opt/airflow/dags/Assignment_8_Archive/yfinance_to_snowflake.py
[2024-11-11T23:55:10.284+0000] {processor.py:840} INFO - DAG(s) 'YfinanceToSnowflake' retrieved from /opt/airflow/dags/Assignment_8_Archive/yfinance_to_snowflake.py
[2024-11-11T23:55:10.348+0000] {logging_mixin.py:188} INFO - [2024-11-11T23:55:10.347+0000] {dag.py:3096} INFO - Sync 1 DAGs
[2024-11-11T23:55:10.471+0000] {logging_mixin.py:188} INFO - [2024-11-11T23:55:10.470+0000] {dag.py:3954} INFO - Setting next_dagrun for YfinanceToSnowflake to 2024-11-10 17:00:00+00:00, run_after=2024-11-11 17:00:00+00:00
[2024-11-11T23:55:10.595+0000] {processor.py:183} INFO - Processing /opt/airflow/dags/Assignment_8_Archive/yfinance_to_snowflake.py took 0.954 seconds
[2024-11-11T23:55:41.227+0000] {processor.py:161} INFO - Started process (PID=4609) to work on /opt/airflow/dags/Assignment_8_Archive/yfinance_to_snowflake.py
[2024-11-11T23:55:41.229+0000] {processor.py:830} INFO - Processing file /opt/airflow/dags/Assignment_8_Archive/yfinance_to_snowflake.py for tasks to queue
[2024-11-11T23:55:41.232+0000] {logging_mixin.py:188} INFO - [2024-11-11T23:55:41.231+0000] {dagbag.py:545} INFO - Filling up the DagBag from /opt/airflow/dags/Assignment_8_Archive/yfinance_to_snowflake.py
[2024-11-11T23:55:41.429+0000] {processor.py:840} INFO - DAG(s) 'YfinanceToSnowflake' retrieved from /opt/airflow/dags/Assignment_8_Archive/yfinance_to_snowflake.py
[2024-11-11T23:55:41.453+0000] {logging_mixin.py:188} INFO - [2024-11-11T23:55:41.452+0000] {dag.py:3096} INFO - Sync 1 DAGs
[2024-11-11T23:55:41.482+0000] {logging_mixin.py:188} INFO - [2024-11-11T23:55:41.481+0000] {dag.py:3954} INFO - Setting next_dagrun for YfinanceToSnowflake to 2024-11-10 17:00:00+00:00, run_after=2024-11-11 17:00:00+00:00
[2024-11-11T23:55:41.519+0000] {processor.py:183} INFO - Processing /opt/airflow/dags/Assignment_8_Archive/yfinance_to_snowflake.py took 0.298 seconds
[2024-11-11T23:56:11.744+0000] {processor.py:161} INFO - Started process (PID=4670) to work on /opt/airflow/dags/Assignment_8_Archive/yfinance_to_snowflake.py
[2024-11-11T23:56:11.746+0000] {processor.py:830} INFO - Processing file /opt/airflow/dags/Assignment_8_Archive/yfinance_to_snowflake.py for tasks to queue
[2024-11-11T23:56:11.748+0000] {logging_mixin.py:188} INFO - [2024-11-11T23:56:11.748+0000] {dagbag.py:545} INFO - Filling up the DagBag from /opt/airflow/dags/Assignment_8_Archive/yfinance_to_snowflake.py
[2024-11-11T23:56:12.011+0000] {processor.py:840} INFO - DAG(s) 'YfinanceToSnowflake' retrieved from /opt/airflow/dags/Assignment_8_Archive/yfinance_to_snowflake.py
[2024-11-11T23:56:12.037+0000] {logging_mixin.py:188} INFO - [2024-11-11T23:56:12.037+0000] {dag.py:3096} INFO - Sync 1 DAGs
[2024-11-11T23:56:12.068+0000] {logging_mixin.py:188} INFO - [2024-11-11T23:56:12.067+0000] {dag.py:3954} INFO - Setting next_dagrun for YfinanceToSnowflake to 2024-11-10 17:00:00+00:00, run_after=2024-11-11 17:00:00+00:00
[2024-11-11T23:56:12.103+0000] {processor.py:183} INFO - Processing /opt/airflow/dags/Assignment_8_Archive/yfinance_to_snowflake.py took 0.366 seconds
[2024-11-11T23:56:42.488+0000] {processor.py:161} INFO - Started process (PID=4731) to work on /opt/airflow/dags/Assignment_8_Archive/yfinance_to_snowflake.py
[2024-11-11T23:56:42.490+0000] {processor.py:830} INFO - Processing file /opt/airflow/dags/Assignment_8_Archive/yfinance_to_snowflake.py for tasks to queue
[2024-11-11T23:56:42.493+0000] {logging_mixin.py:188} INFO - [2024-11-11T23:56:42.493+0000] {dagbag.py:545} INFO - Filling up the DagBag from /opt/airflow/dags/Assignment_8_Archive/yfinance_to_snowflake.py
[2024-11-11T23:56:42.713+0000] {processor.py:840} INFO - DAG(s) 'YfinanceToSnowflake' retrieved from /opt/airflow/dags/Assignment_8_Archive/yfinance_to_snowflake.py
[2024-11-11T23:56:42.741+0000] {logging_mixin.py:188} INFO - [2024-11-11T23:56:42.740+0000] {dag.py:3096} INFO - Sync 1 DAGs
[2024-11-11T23:56:42.772+0000] {logging_mixin.py:188} INFO - [2024-11-11T23:56:42.771+0000] {dag.py:3954} INFO - Setting next_dagrun for YfinanceToSnowflake to 2024-11-10 17:00:00+00:00, run_after=2024-11-11 17:00:00+00:00
[2024-11-11T23:56:42.804+0000] {processor.py:183} INFO - Processing /opt/airflow/dags/Assignment_8_Archive/yfinance_to_snowflake.py took 0.323 seconds
[2024-11-11T23:57:12.910+0000] {processor.py:161} INFO - Started process (PID=4791) to work on /opt/airflow/dags/Assignment_8_Archive/yfinance_to_snowflake.py
[2024-11-11T23:57:12.912+0000] {processor.py:830} INFO - Processing file /opt/airflow/dags/Assignment_8_Archive/yfinance_to_snowflake.py for tasks to queue
[2024-11-11T23:57:12.915+0000] {logging_mixin.py:188} INFO - [2024-11-11T23:57:12.915+0000] {dagbag.py:545} INFO - Filling up the DagBag from /opt/airflow/dags/Assignment_8_Archive/yfinance_to_snowflake.py
[2024-11-11T23:57:13.191+0000] {processor.py:840} INFO - DAG(s) 'YfinanceToSnowflake' retrieved from /opt/airflow/dags/Assignment_8_Archive/yfinance_to_snowflake.py
[2024-11-11T23:57:13.226+0000] {logging_mixin.py:188} INFO - [2024-11-11T23:57:13.226+0000] {dag.py:3096} INFO - Sync 1 DAGs
[2024-11-11T23:57:13.266+0000] {logging_mixin.py:188} INFO - [2024-11-11T23:57:13.264+0000] {dag.py:3954} INFO - Setting next_dagrun for YfinanceToSnowflake to 2024-11-10 17:00:00+00:00, run_after=2024-11-11 17:00:00+00:00
[2024-11-11T23:57:13.305+0000] {processor.py:183} INFO - Processing /opt/airflow/dags/Assignment_8_Archive/yfinance_to_snowflake.py took 0.406 seconds
[2024-11-11T23:57:43.389+0000] {processor.py:161} INFO - Started process (PID=4852) to work on /opt/airflow/dags/Assignment_8_Archive/yfinance_to_snowflake.py
[2024-11-11T23:57:43.390+0000] {processor.py:830} INFO - Processing file /opt/airflow/dags/Assignment_8_Archive/yfinance_to_snowflake.py for tasks to queue
[2024-11-11T23:57:43.392+0000] {logging_mixin.py:188} INFO - [2024-11-11T23:57:43.392+0000] {dagbag.py:545} INFO - Filling up the DagBag from /opt/airflow/dags/Assignment_8_Archive/yfinance_to_snowflake.py
[2024-11-11T23:57:43.583+0000] {processor.py:840} INFO - DAG(s) 'YfinanceToSnowflake' retrieved from /opt/airflow/dags/Assignment_8_Archive/yfinance_to_snowflake.py
[2024-11-11T23:57:43.611+0000] {logging_mixin.py:188} INFO - [2024-11-11T23:57:43.611+0000] {dag.py:3096} INFO - Sync 1 DAGs
[2024-11-11T23:57:43.645+0000] {logging_mixin.py:188} INFO - [2024-11-11T23:57:43.644+0000] {dag.py:3954} INFO - Setting next_dagrun for YfinanceToSnowflake to 2024-11-10 17:00:00+00:00, run_after=2024-11-11 17:00:00+00:00
[2024-11-11T23:57:43.696+0000] {processor.py:183} INFO - Processing /opt/airflow/dags/Assignment_8_Archive/yfinance_to_snowflake.py took 0.314 seconds
[2024-11-11T23:58:13.955+0000] {processor.py:161} INFO - Started process (PID=4913) to work on /opt/airflow/dags/Assignment_8_Archive/yfinance_to_snowflake.py
[2024-11-11T23:58:13.956+0000] {processor.py:830} INFO - Processing file /opt/airflow/dags/Assignment_8_Archive/yfinance_to_snowflake.py for tasks to queue
[2024-11-11T23:58:13.959+0000] {logging_mixin.py:188} INFO - [2024-11-11T23:58:13.959+0000] {dagbag.py:545} INFO - Filling up the DagBag from /opt/airflow/dags/Assignment_8_Archive/yfinance_to_snowflake.py
[2024-11-11T23:58:14.173+0000] {processor.py:840} INFO - DAG(s) 'YfinanceToSnowflake' retrieved from /opt/airflow/dags/Assignment_8_Archive/yfinance_to_snowflake.py
[2024-11-11T23:58:14.199+0000] {logging_mixin.py:188} INFO - [2024-11-11T23:58:14.198+0000] {dag.py:3096} INFO - Sync 1 DAGs
[2024-11-11T23:58:14.245+0000] {logging_mixin.py:188} INFO - [2024-11-11T23:58:14.245+0000] {dag.py:3954} INFO - Setting next_dagrun for YfinanceToSnowflake to 2024-11-10 17:00:00+00:00, run_after=2024-11-11 17:00:00+00:00
[2024-11-11T23:58:14.284+0000] {processor.py:183} INFO - Processing /opt/airflow/dags/Assignment_8_Archive/yfinance_to_snowflake.py took 0.337 seconds
[2024-11-11T23:58:44.454+0000] {processor.py:161} INFO - Started process (PID=4974) to work on /opt/airflow/dags/Assignment_8_Archive/yfinance_to_snowflake.py
[2024-11-11T23:58:44.456+0000] {processor.py:830} INFO - Processing file /opt/airflow/dags/Assignment_8_Archive/yfinance_to_snowflake.py for tasks to queue
[2024-11-11T23:58:44.459+0000] {logging_mixin.py:188} INFO - [2024-11-11T23:58:44.459+0000] {dagbag.py:545} INFO - Filling up the DagBag from /opt/airflow/dags/Assignment_8_Archive/yfinance_to_snowflake.py
[2024-11-11T23:58:44.786+0000] {processor.py:840} INFO - DAG(s) 'YfinanceToSnowflake' retrieved from /opt/airflow/dags/Assignment_8_Archive/yfinance_to_snowflake.py
[2024-11-11T23:58:44.825+0000] {logging_mixin.py:188} INFO - [2024-11-11T23:58:44.824+0000] {dag.py:3096} INFO - Sync 1 DAGs
[2024-11-11T23:58:44.901+0000] {logging_mixin.py:188} INFO - [2024-11-11T23:58:44.899+0000] {dag.py:3954} INFO - Setting next_dagrun for YfinanceToSnowflake to 2024-11-10 17:00:00+00:00, run_after=2024-11-11 17:00:00+00:00
[2024-11-11T23:58:44.946+0000] {processor.py:183} INFO - Processing /opt/airflow/dags/Assignment_8_Archive/yfinance_to_snowflake.py took 0.499 seconds
[2024-11-11T23:59:15.110+0000] {processor.py:161} INFO - Started process (PID=5035) to work on /opt/airflow/dags/Assignment_8_Archive/yfinance_to_snowflake.py
[2024-11-11T23:59:15.113+0000] {processor.py:830} INFO - Processing file /opt/airflow/dags/Assignment_8_Archive/yfinance_to_snowflake.py for tasks to queue
[2024-11-11T23:59:15.119+0000] {logging_mixin.py:188} INFO - [2024-11-11T23:59:15.118+0000] {dagbag.py:545} INFO - Filling up the DagBag from /opt/airflow/dags/Assignment_8_Archive/yfinance_to_snowflake.py
[2024-11-11T23:59:15.496+0000] {processor.py:840} INFO - DAG(s) 'YfinanceToSnowflake' retrieved from /opt/airflow/dags/Assignment_8_Archive/yfinance_to_snowflake.py
[2024-11-11T23:59:15.537+0000] {logging_mixin.py:188} INFO - [2024-11-11T23:59:15.536+0000] {dag.py:3096} INFO - Sync 1 DAGs
[2024-11-11T23:59:15.584+0000] {logging_mixin.py:188} INFO - [2024-11-11T23:59:15.584+0000] {dag.py:3954} INFO - Setting next_dagrun for YfinanceToSnowflake to 2024-11-10 17:00:00+00:00, run_after=2024-11-11 17:00:00+00:00
[2024-11-11T23:59:15.637+0000] {processor.py:183} INFO - Processing /opt/airflow/dags/Assignment_8_Archive/yfinance_to_snowflake.py took 0.542 seconds
[2024-11-11T23:59:46.615+0000] {processor.py:161} INFO - Started process (PID=5096) to work on /opt/airflow/dags/Assignment_8_Archive/yfinance_to_snowflake.py
[2024-11-11T23:59:46.617+0000] {processor.py:830} INFO - Processing file /opt/airflow/dags/Assignment_8_Archive/yfinance_to_snowflake.py for tasks to queue
[2024-11-11T23:59:46.622+0000] {logging_mixin.py:188} INFO - [2024-11-11T23:59:46.621+0000] {dagbag.py:545} INFO - Filling up the DagBag from /opt/airflow/dags/Assignment_8_Archive/yfinance_to_snowflake.py
[2024-11-11T23:59:46.864+0000] {processor.py:840} INFO - DAG(s) 'YfinanceToSnowflake' retrieved from /opt/airflow/dags/Assignment_8_Archive/yfinance_to_snowflake.py
[2024-11-11T23:59:46.891+0000] {logging_mixin.py:188} INFO - [2024-11-11T23:59:46.891+0000] {dag.py:3096} INFO - Sync 1 DAGs
[2024-11-11T23:59:46.919+0000] {logging_mixin.py:188} INFO - [2024-11-11T23:59:46.918+0000] {dag.py:3954} INFO - Setting next_dagrun for YfinanceToSnowflake to 2024-11-10 17:00:00+00:00, run_after=2024-11-11 17:00:00+00:00
[2024-11-11T23:59:46.965+0000] {processor.py:183} INFO - Processing /opt/airflow/dags/Assignment_8_Archive/yfinance_to_snowflake.py took 0.363 seconds
