[2024-11-11T23:17:44.970+0000] {processor.py:161} INFO - Started process (PID=102) to work on /opt/airflow/dags/utl.py
[2024-11-11T23:17:44.973+0000] {processor.py:830} INFO - Processing file /opt/airflow/dags/utl.py for tasks to queue
[2024-11-11T23:17:44.985+0000] {logging_mixin.py:188} INFO - [2024-11-11T23:17:44.981+0000] {dagbag.py:545} INFO - Filling up the DagBag from /opt/airflow/dags/utl.py
[2024-11-11T23:17:47.492+0000] {processor.py:840} INFO - DAG(s) 'Stock_data_analysis_lab2utl' retrieved from /opt/airflow/dags/utl.py
[2024-11-11T23:17:47.659+0000] {logging_mixin.py:188} INFO - [2024-11-11T23:17:47.658+0000] {dag.py:3096} INFO - Sync 1 DAGs
[2024-11-11T23:17:47.748+0000] {logging_mixin.py:188} INFO - [2024-11-11T23:17:47.747+0000] {dag.py:3954} INFO - Setting next_dagrun for Stock_data_analysis_lab2utl to 2024-11-11 17:00:00+00:00, run_after=2024-11-12 17:00:00+00:00
[2024-11-11T23:17:47.810+0000] {processor.py:183} INFO - Processing /opt/airflow/dags/utl.py took 2.857 seconds
[2024-11-11T23:18:17.954+0000] {processor.py:161} INFO - Started process (PID=166) to work on /opt/airflow/dags/utl.py
[2024-11-11T23:18:17.956+0000] {processor.py:830} INFO - Processing file /opt/airflow/dags/utl.py for tasks to queue
[2024-11-11T23:18:17.960+0000] {logging_mixin.py:188} INFO - [2024-11-11T23:18:17.959+0000] {dagbag.py:545} INFO - Filling up the DagBag from /opt/airflow/dags/utl.py
[2024-11-11T23:18:18.002+0000] {processor.py:840} INFO - DAG(s) 'Stock_data_analysis_lab2utl' retrieved from /opt/airflow/dags/utl.py
[2024-11-11T23:18:18.044+0000] {logging_mixin.py:188} INFO - [2024-11-11T23:18:18.043+0000] {dag.py:3096} INFO - Sync 1 DAGs
[2024-11-11T23:18:18.093+0000] {logging_mixin.py:188} INFO - [2024-11-11T23:18:18.092+0000] {dag.py:3954} INFO - Setting next_dagrun for Stock_data_analysis_lab2utl to 2024-11-11 17:00:00+00:00, run_after=2024-11-12 17:00:00+00:00
[2024-11-11T23:18:18.130+0000] {processor.py:183} INFO - Processing /opt/airflow/dags/utl.py took 0.185 seconds
[2024-11-11T23:18:48.368+0000] {processor.py:161} INFO - Started process (PID=227) to work on /opt/airflow/dags/utl.py
[2024-11-11T23:18:48.369+0000] {processor.py:830} INFO - Processing file /opt/airflow/dags/utl.py for tasks to queue
[2024-11-11T23:18:48.373+0000] {logging_mixin.py:188} INFO - [2024-11-11T23:18:48.372+0000] {dagbag.py:545} INFO - Filling up the DagBag from /opt/airflow/dags/utl.py
[2024-11-11T23:18:48.409+0000] {processor.py:840} INFO - DAG(s) 'Stock_data_analysis_lab2utl' retrieved from /opt/airflow/dags/utl.py
[2024-11-11T23:18:48.444+0000] {logging_mixin.py:188} INFO - [2024-11-11T23:18:48.443+0000] {dag.py:3096} INFO - Sync 1 DAGs
[2024-11-11T23:18:48.484+0000] {logging_mixin.py:188} INFO - [2024-11-11T23:18:48.484+0000] {dag.py:3954} INFO - Setting next_dagrun for Stock_data_analysis_lab2utl to 2024-11-11 17:00:00+00:00, run_after=2024-11-12 17:00:00+00:00
[2024-11-11T23:18:48.527+0000] {processor.py:183} INFO - Processing /opt/airflow/dags/utl.py took 0.168 seconds
[2024-11-11T23:19:19.159+0000] {processor.py:161} INFO - Started process (PID=288) to work on /opt/airflow/dags/utl.py
[2024-11-11T23:19:19.160+0000] {processor.py:830} INFO - Processing file /opt/airflow/dags/utl.py for tasks to queue
[2024-11-11T23:19:19.164+0000] {logging_mixin.py:188} INFO - [2024-11-11T23:19:19.163+0000] {dagbag.py:545} INFO - Filling up the DagBag from /opt/airflow/dags/utl.py
[2024-11-11T23:19:19.197+0000] {processor.py:840} INFO - DAG(s) 'Stock_data_analysis_lab2utl' retrieved from /opt/airflow/dags/utl.py
[2024-11-11T23:19:19.224+0000] {logging_mixin.py:188} INFO - [2024-11-11T23:19:19.223+0000] {dag.py:3096} INFO - Sync 1 DAGs
[2024-11-11T23:19:19.261+0000] {logging_mixin.py:188} INFO - [2024-11-11T23:19:19.261+0000] {dag.py:3954} INFO - Setting next_dagrun for Stock_data_analysis_lab2utl to 2024-11-11 17:00:00+00:00, run_after=2024-11-12 17:00:00+00:00
[2024-11-11T23:19:19.294+0000] {processor.py:183} INFO - Processing /opt/airflow/dags/utl.py took 0.143 seconds
[2024-11-11T23:19:49.391+0000] {processor.py:161} INFO - Started process (PID=349) to work on /opt/airflow/dags/utl.py
[2024-11-11T23:19:49.392+0000] {processor.py:830} INFO - Processing file /opt/airflow/dags/utl.py for tasks to queue
[2024-11-11T23:19:49.395+0000] {logging_mixin.py:188} INFO - [2024-11-11T23:19:49.394+0000] {dagbag.py:545} INFO - Filling up the DagBag from /opt/airflow/dags/utl.py
[2024-11-11T23:19:49.420+0000] {processor.py:840} INFO - DAG(s) 'Stock_data_analysis_lab2utl' retrieved from /opt/airflow/dags/utl.py
[2024-11-11T23:19:49.443+0000] {logging_mixin.py:188} INFO - [2024-11-11T23:19:49.443+0000] {dag.py:3096} INFO - Sync 1 DAGs
[2024-11-11T23:19:49.472+0000] {logging_mixin.py:188} INFO - [2024-11-11T23:19:49.471+0000] {dag.py:3954} INFO - Setting next_dagrun for Stock_data_analysis_lab2utl to 2024-11-11 17:00:00+00:00, run_after=2024-11-12 17:00:00+00:00
[2024-11-11T23:19:49.506+0000] {processor.py:183} INFO - Processing /opt/airflow/dags/utl.py took 0.122 seconds
[2024-11-11T23:20:19.947+0000] {processor.py:161} INFO - Started process (PID=410) to work on /opt/airflow/dags/utl.py
[2024-11-11T23:20:19.948+0000] {processor.py:830} INFO - Processing file /opt/airflow/dags/utl.py for tasks to queue
[2024-11-11T23:20:19.952+0000] {logging_mixin.py:188} INFO - [2024-11-11T23:20:19.952+0000] {dagbag.py:545} INFO - Filling up the DagBag from /opt/airflow/dags/utl.py
[2024-11-11T23:20:19.991+0000] {processor.py:840} INFO - DAG(s) 'Stock_data_analysis_lab2utl' retrieved from /opt/airflow/dags/utl.py
[2024-11-11T23:20:20.017+0000] {logging_mixin.py:188} INFO - [2024-11-11T23:20:20.016+0000] {dag.py:3096} INFO - Sync 1 DAGs
[2024-11-11T23:20:20.046+0000] {logging_mixin.py:188} INFO - [2024-11-11T23:20:20.045+0000] {dag.py:3954} INFO - Setting next_dagrun for Stock_data_analysis_lab2utl to 2024-11-11 17:00:00+00:00, run_after=2024-11-12 17:00:00+00:00
[2024-11-11T23:20:20.081+0000] {processor.py:183} INFO - Processing /opt/airflow/dags/utl.py took 0.153 seconds
[2024-11-11T23:20:50.871+0000] {processor.py:161} INFO - Started process (PID=471) to work on /opt/airflow/dags/utl.py
[2024-11-11T23:20:50.872+0000] {processor.py:830} INFO - Processing file /opt/airflow/dags/utl.py for tasks to queue
[2024-11-11T23:20:50.877+0000] {logging_mixin.py:188} INFO - [2024-11-11T23:20:50.876+0000] {dagbag.py:545} INFO - Filling up the DagBag from /opt/airflow/dags/utl.py
[2024-11-11T23:20:50.909+0000] {processor.py:840} INFO - DAG(s) 'Stock_data_analysis_lab2utl' retrieved from /opt/airflow/dags/utl.py
[2024-11-11T23:20:50.940+0000] {logging_mixin.py:188} INFO - [2024-11-11T23:20:50.940+0000] {dag.py:3096} INFO - Sync 1 DAGs
[2024-11-11T23:20:50.978+0000] {logging_mixin.py:188} INFO - [2024-11-11T23:20:50.977+0000] {dag.py:3954} INFO - Setting next_dagrun for Stock_data_analysis_lab2utl to 2024-11-11 17:00:00+00:00, run_after=2024-11-12 17:00:00+00:00
[2024-11-11T23:20:51.022+0000] {processor.py:183} INFO - Processing /opt/airflow/dags/utl.py took 0.163 seconds
[2024-11-11T23:21:21.910+0000] {processor.py:161} INFO - Started process (PID=532) to work on /opt/airflow/dags/utl.py
[2024-11-11T23:21:21.912+0000] {processor.py:830} INFO - Processing file /opt/airflow/dags/utl.py for tasks to queue
[2024-11-11T23:21:21.915+0000] {logging_mixin.py:188} INFO - [2024-11-11T23:21:21.915+0000] {dagbag.py:545} INFO - Filling up the DagBag from /opt/airflow/dags/utl.py
[2024-11-11T23:21:21.949+0000] {processor.py:840} INFO - DAG(s) 'Stock_data_analysis_lab2utl' retrieved from /opt/airflow/dags/utl.py
[2024-11-11T23:21:21.985+0000] {logging_mixin.py:188} INFO - [2024-11-11T23:21:21.984+0000] {dag.py:3096} INFO - Sync 1 DAGs
[2024-11-11T23:21:22.024+0000] {logging_mixin.py:188} INFO - [2024-11-11T23:21:22.023+0000] {dag.py:3954} INFO - Setting next_dagrun for Stock_data_analysis_lab2utl to 2024-11-11 17:00:00+00:00, run_after=2024-11-12 17:00:00+00:00
[2024-11-11T23:21:22.063+0000] {processor.py:183} INFO - Processing /opt/airflow/dags/utl.py took 0.162 seconds
[2024-11-11T23:21:52.683+0000] {processor.py:161} INFO - Started process (PID=593) to work on /opt/airflow/dags/utl.py
[2024-11-11T23:21:52.684+0000] {processor.py:830} INFO - Processing file /opt/airflow/dags/utl.py for tasks to queue
[2024-11-11T23:21:52.687+0000] {logging_mixin.py:188} INFO - [2024-11-11T23:21:52.687+0000] {dagbag.py:545} INFO - Filling up the DagBag from /opt/airflow/dags/utl.py
[2024-11-11T23:21:52.712+0000] {processor.py:840} INFO - DAG(s) 'Stock_data_analysis_lab2utl' retrieved from /opt/airflow/dags/utl.py
[2024-11-11T23:21:52.738+0000] {logging_mixin.py:188} INFO - [2024-11-11T23:21:52.738+0000] {dag.py:3096} INFO - Sync 1 DAGs
[2024-11-11T23:21:52.764+0000] {logging_mixin.py:188} INFO - [2024-11-11T23:21:52.764+0000] {dag.py:3954} INFO - Setting next_dagrun for Stock_data_analysis_lab2utl to 2024-11-11 17:00:00+00:00, run_after=2024-11-12 17:00:00+00:00
[2024-11-11T23:21:52.797+0000] {processor.py:183} INFO - Processing /opt/airflow/dags/utl.py took 0.122 seconds
[2024-11-11T23:22:23.742+0000] {processor.py:161} INFO - Started process (PID=654) to work on /opt/airflow/dags/utl.py
[2024-11-11T23:22:23.744+0000] {processor.py:830} INFO - Processing file /opt/airflow/dags/utl.py for tasks to queue
[2024-11-11T23:22:23.750+0000] {logging_mixin.py:188} INFO - [2024-11-11T23:22:23.749+0000] {dagbag.py:545} INFO - Filling up the DagBag from /opt/airflow/dags/utl.py
[2024-11-11T23:22:23.773+0000] {processor.py:840} INFO - DAG(s) 'Stock_data_analysis_lab2utl' retrieved from /opt/airflow/dags/utl.py
[2024-11-11T23:22:23.796+0000] {logging_mixin.py:188} INFO - [2024-11-11T23:22:23.796+0000] {dag.py:3096} INFO - Sync 1 DAGs
[2024-11-11T23:22:23.824+0000] {logging_mixin.py:188} INFO - [2024-11-11T23:22:23.823+0000] {dag.py:3954} INFO - Setting next_dagrun for Stock_data_analysis_lab2utl to 2024-11-11 17:00:00+00:00, run_after=2024-11-12 17:00:00+00:00
[2024-11-11T23:22:23.860+0000] {processor.py:183} INFO - Processing /opt/airflow/dags/utl.py took 0.127 seconds
[2024-11-11T23:22:54.471+0000] {processor.py:161} INFO - Started process (PID=715) to work on /opt/airflow/dags/utl.py
[2024-11-11T23:22:54.473+0000] {processor.py:830} INFO - Processing file /opt/airflow/dags/utl.py for tasks to queue
[2024-11-11T23:22:54.477+0000] {logging_mixin.py:188} INFO - [2024-11-11T23:22:54.476+0000] {dagbag.py:545} INFO - Filling up the DagBag from /opt/airflow/dags/utl.py
[2024-11-11T23:22:54.508+0000] {processor.py:840} INFO - DAG(s) 'Stock_data_analysis_lab2utl' retrieved from /opt/airflow/dags/utl.py
[2024-11-11T23:22:54.542+0000] {logging_mixin.py:188} INFO - [2024-11-11T23:22:54.541+0000] {dag.py:3096} INFO - Sync 1 DAGs
[2024-11-11T23:22:54.598+0000] {logging_mixin.py:188} INFO - [2024-11-11T23:22:54.597+0000] {dag.py:3954} INFO - Setting next_dagrun for Stock_data_analysis_lab2utl to 2024-11-11 17:00:00+00:00, run_after=2024-11-12 17:00:00+00:00
[2024-11-11T23:22:54.641+0000] {processor.py:183} INFO - Processing /opt/airflow/dags/utl.py took 0.181 seconds
[2024-11-11T23:23:25.298+0000] {processor.py:161} INFO - Started process (PID=780) to work on /opt/airflow/dags/utl.py
[2024-11-11T23:23:25.300+0000] {processor.py:830} INFO - Processing file /opt/airflow/dags/utl.py for tasks to queue
[2024-11-11T23:23:25.302+0000] {logging_mixin.py:188} INFO - [2024-11-11T23:23:25.302+0000] {dagbag.py:545} INFO - Filling up the DagBag from /opt/airflow/dags/utl.py
[2024-11-11T23:23:25.337+0000] {processor.py:840} INFO - DAG(s) 'Stock_data_analysis_lab2utl' retrieved from /opt/airflow/dags/utl.py
[2024-11-11T23:23:25.368+0000] {logging_mixin.py:188} INFO - [2024-11-11T23:23:25.367+0000] {dag.py:3096} INFO - Sync 1 DAGs
[2024-11-11T23:23:25.404+0000] {logging_mixin.py:188} INFO - [2024-11-11T23:23:25.404+0000] {dag.py:3954} INFO - Setting next_dagrun for Stock_data_analysis_lab2utl to 2024-11-11 17:00:00+00:00, run_after=2024-11-12 17:00:00+00:00
[2024-11-11T23:23:25.441+0000] {processor.py:183} INFO - Processing /opt/airflow/dags/utl.py took 0.152 seconds
[2024-11-11T23:23:55.610+0000] {processor.py:161} INFO - Started process (PID=841) to work on /opt/airflow/dags/utl.py
[2024-11-11T23:23:55.611+0000] {processor.py:830} INFO - Processing file /opt/airflow/dags/utl.py for tasks to queue
[2024-11-11T23:23:55.614+0000] {logging_mixin.py:188} INFO - [2024-11-11T23:23:55.614+0000] {dagbag.py:545} INFO - Filling up the DagBag from /opt/airflow/dags/utl.py
[2024-11-11T23:23:55.651+0000] {processor.py:840} INFO - DAG(s) 'Stock_data_analysis_lab2utl' retrieved from /opt/airflow/dags/utl.py
[2024-11-11T23:23:55.678+0000] {logging_mixin.py:188} INFO - [2024-11-11T23:23:55.677+0000] {dag.py:3096} INFO - Sync 1 DAGs
[2024-11-11T23:23:55.707+0000] {logging_mixin.py:188} INFO - [2024-11-11T23:23:55.707+0000] {dag.py:3954} INFO - Setting next_dagrun for Stock_data_analysis_lab2utl to 2024-11-11 17:00:00+00:00, run_after=2024-11-12 17:00:00+00:00
[2024-11-11T23:23:55.739+0000] {processor.py:183} INFO - Processing /opt/airflow/dags/utl.py took 0.137 seconds
[2024-11-11T23:24:26.493+0000] {processor.py:161} INFO - Started process (PID=902) to work on /opt/airflow/dags/utl.py
[2024-11-11T23:24:26.495+0000] {processor.py:830} INFO - Processing file /opt/airflow/dags/utl.py for tasks to queue
[2024-11-11T23:24:26.500+0000] {logging_mixin.py:188} INFO - [2024-11-11T23:24:26.499+0000] {dagbag.py:545} INFO - Filling up the DagBag from /opt/airflow/dags/utl.py
[2024-11-11T23:24:26.544+0000] {processor.py:840} INFO - DAG(s) 'Stock_data_analysis_lab2utl' retrieved from /opt/airflow/dags/utl.py
[2024-11-11T23:24:26.578+0000] {logging_mixin.py:188} INFO - [2024-11-11T23:24:26.577+0000] {dag.py:3096} INFO - Sync 1 DAGs
[2024-11-11T23:24:26.618+0000] {logging_mixin.py:188} INFO - [2024-11-11T23:24:26.618+0000] {dag.py:3954} INFO - Setting next_dagrun for Stock_data_analysis_lab2utl to 2024-11-11 17:00:00+00:00, run_after=2024-11-12 17:00:00+00:00
[2024-11-11T23:24:26.663+0000] {processor.py:183} INFO - Processing /opt/airflow/dags/utl.py took 0.179 seconds
[2024-11-11T23:24:57.109+0000] {processor.py:161} INFO - Started process (PID=963) to work on /opt/airflow/dags/utl.py
[2024-11-11T23:24:57.113+0000] {processor.py:830} INFO - Processing file /opt/airflow/dags/utl.py for tasks to queue
[2024-11-11T23:24:57.119+0000] {logging_mixin.py:188} INFO - [2024-11-11T23:24:57.118+0000] {dagbag.py:545} INFO - Filling up the DagBag from /opt/airflow/dags/utl.py
[2024-11-11T23:24:57.166+0000] {processor.py:840} INFO - DAG(s) 'Stock_data_analysis_lab2utl' retrieved from /opt/airflow/dags/utl.py
[2024-11-11T23:24:57.214+0000] {logging_mixin.py:188} INFO - [2024-11-11T23:24:57.212+0000] {dag.py:3096} INFO - Sync 1 DAGs
[2024-11-11T23:24:57.275+0000] {logging_mixin.py:188} INFO - [2024-11-11T23:24:57.274+0000] {dag.py:3954} INFO - Setting next_dagrun for Stock_data_analysis_lab2utl to 2024-11-11 17:00:00+00:00, run_after=2024-11-12 17:00:00+00:00
[2024-11-11T23:24:57.322+0000] {processor.py:183} INFO - Processing /opt/airflow/dags/utl.py took 0.224 seconds
[2024-11-11T23:25:27.420+0000] {processor.py:161} INFO - Started process (PID=1024) to work on /opt/airflow/dags/utl.py
[2024-11-11T23:25:27.422+0000] {processor.py:830} INFO - Processing file /opt/airflow/dags/utl.py for tasks to queue
[2024-11-11T23:25:27.425+0000] {logging_mixin.py:188} INFO - [2024-11-11T23:25:27.425+0000] {dagbag.py:545} INFO - Filling up the DagBag from /opt/airflow/dags/utl.py
[2024-11-11T23:25:27.455+0000] {processor.py:840} INFO - DAG(s) 'Stock_data_analysis_lab2utl' retrieved from /opt/airflow/dags/utl.py
[2024-11-11T23:25:27.481+0000] {logging_mixin.py:188} INFO - [2024-11-11T23:25:27.480+0000] {dag.py:3096} INFO - Sync 1 DAGs
[2024-11-11T23:25:27.508+0000] {logging_mixin.py:188} INFO - [2024-11-11T23:25:27.508+0000] {dag.py:3954} INFO - Setting next_dagrun for Stock_data_analysis_lab2utl to 2024-11-11 17:00:00+00:00, run_after=2024-11-12 17:00:00+00:00
[2024-11-11T23:25:27.540+0000] {processor.py:183} INFO - Processing /opt/airflow/dags/utl.py took 0.127 seconds
[2024-11-11T23:25:57.620+0000] {processor.py:161} INFO - Started process (PID=1085) to work on /opt/airflow/dags/utl.py
[2024-11-11T23:25:57.621+0000] {processor.py:830} INFO - Processing file /opt/airflow/dags/utl.py for tasks to queue
[2024-11-11T23:25:57.624+0000] {logging_mixin.py:188} INFO - [2024-11-11T23:25:57.624+0000] {dagbag.py:545} INFO - Filling up the DagBag from /opt/airflow/dags/utl.py
[2024-11-11T23:25:57.660+0000] {processor.py:840} INFO - DAG(s) 'Stock_data_analysis_lab2utl' retrieved from /opt/airflow/dags/utl.py
[2024-11-11T23:25:57.684+0000] {logging_mixin.py:188} INFO - [2024-11-11T23:25:57.683+0000] {dag.py:3096} INFO - Sync 1 DAGs
[2024-11-11T23:25:57.710+0000] {logging_mixin.py:188} INFO - [2024-11-11T23:25:57.709+0000] {dag.py:3954} INFO - Setting next_dagrun for Stock_data_analysis_lab2utl to 2024-11-11 17:00:00+00:00, run_after=2024-11-12 17:00:00+00:00
[2024-11-11T23:25:57.740+0000] {processor.py:183} INFO - Processing /opt/airflow/dags/utl.py took 0.126 seconds
[2024-11-11T23:26:28.075+0000] {processor.py:161} INFO - Started process (PID=1146) to work on /opt/airflow/dags/utl.py
[2024-11-11T23:26:28.076+0000] {processor.py:830} INFO - Processing file /opt/airflow/dags/utl.py for tasks to queue
[2024-11-11T23:26:28.079+0000] {logging_mixin.py:188} INFO - [2024-11-11T23:26:28.079+0000] {dagbag.py:545} INFO - Filling up the DagBag from /opt/airflow/dags/utl.py
[2024-11-11T23:26:28.110+0000] {processor.py:840} INFO - DAG(s) 'Stock_data_analysis_lab2utl' retrieved from /opt/airflow/dags/utl.py
[2024-11-11T23:26:28.135+0000] {logging_mixin.py:188} INFO - [2024-11-11T23:26:28.134+0000] {dag.py:3096} INFO - Sync 1 DAGs
[2024-11-11T23:26:28.157+0000] {logging_mixin.py:188} INFO - [2024-11-11T23:26:28.156+0000] {dag.py:3954} INFO - Setting next_dagrun for Stock_data_analysis_lab2utl to 2024-11-11 17:00:00+00:00, run_after=2024-11-12 17:00:00+00:00
[2024-11-11T23:26:28.182+0000] {processor.py:183} INFO - Processing /opt/airflow/dags/utl.py took 0.113 seconds
[2024-11-11T23:26:58.684+0000] {processor.py:161} INFO - Started process (PID=1207) to work on /opt/airflow/dags/utl.py
[2024-11-11T23:26:58.685+0000] {processor.py:830} INFO - Processing file /opt/airflow/dags/utl.py for tasks to queue
[2024-11-11T23:26:58.688+0000] {logging_mixin.py:188} INFO - [2024-11-11T23:26:58.687+0000] {dagbag.py:545} INFO - Filling up the DagBag from /opt/airflow/dags/utl.py
[2024-11-11T23:26:58.717+0000] {processor.py:840} INFO - DAG(s) 'Stock_data_analysis_lab2utl' retrieved from /opt/airflow/dags/utl.py
[2024-11-11T23:26:58.745+0000] {logging_mixin.py:188} INFO - [2024-11-11T23:26:58.744+0000] {dag.py:3096} INFO - Sync 1 DAGs
[2024-11-11T23:26:58.780+0000] {logging_mixin.py:188} INFO - [2024-11-11T23:26:58.780+0000] {dag.py:3954} INFO - Setting next_dagrun for Stock_data_analysis_lab2utl to 2024-11-11 17:00:00+00:00, run_after=2024-11-12 17:00:00+00:00
[2024-11-11T23:26:58.811+0000] {processor.py:183} INFO - Processing /opt/airflow/dags/utl.py took 0.133 seconds
[2024-11-11T23:27:29.430+0000] {processor.py:161} INFO - Started process (PID=1268) to work on /opt/airflow/dags/utl.py
[2024-11-11T23:27:29.432+0000] {processor.py:830} INFO - Processing file /opt/airflow/dags/utl.py for tasks to queue
[2024-11-11T23:27:29.434+0000] {logging_mixin.py:188} INFO - [2024-11-11T23:27:29.434+0000] {dagbag.py:545} INFO - Filling up the DagBag from /opt/airflow/dags/utl.py
[2024-11-11T23:27:29.480+0000] {processor.py:840} INFO - DAG(s) 'Stock_data_analysis_lab2utl' retrieved from /opt/airflow/dags/utl.py
[2024-11-11T23:27:29.503+0000] {logging_mixin.py:188} INFO - [2024-11-11T23:27:29.502+0000] {dag.py:3096} INFO - Sync 1 DAGs
[2024-11-11T23:27:29.530+0000] {logging_mixin.py:188} INFO - [2024-11-11T23:27:29.529+0000] {dag.py:3954} INFO - Setting next_dagrun for Stock_data_analysis_lab2utl to 2024-11-11 17:00:00+00:00, run_after=2024-11-12 17:00:00+00:00
[2024-11-11T23:27:29.564+0000] {processor.py:183} INFO - Processing /opt/airflow/dags/utl.py took 0.140 seconds
[2024-11-11T23:28:00.305+0000] {processor.py:161} INFO - Started process (PID=1329) to work on /opt/airflow/dags/utl.py
[2024-11-11T23:28:00.306+0000] {processor.py:830} INFO - Processing file /opt/airflow/dags/utl.py for tasks to queue
[2024-11-11T23:28:00.309+0000] {logging_mixin.py:188} INFO - [2024-11-11T23:28:00.309+0000] {dagbag.py:545} INFO - Filling up the DagBag from /opt/airflow/dags/utl.py
[2024-11-11T23:28:00.348+0000] {processor.py:840} INFO - DAG(s) 'Stock_data_analysis_lab2utl' retrieved from /opt/airflow/dags/utl.py
[2024-11-11T23:28:00.400+0000] {logging_mixin.py:188} INFO - [2024-11-11T23:28:00.400+0000] {dag.py:3096} INFO - Sync 1 DAGs
[2024-11-11T23:28:00.442+0000] {logging_mixin.py:188} INFO - [2024-11-11T23:28:00.442+0000] {dag.py:3954} INFO - Setting next_dagrun for Stock_data_analysis_lab2utl to 2024-11-11 17:00:00+00:00, run_after=2024-11-12 17:00:00+00:00
[2024-11-11T23:28:00.477+0000] {processor.py:183} INFO - Processing /opt/airflow/dags/utl.py took 0.179 seconds
[2024-11-11T23:28:30.872+0000] {processor.py:161} INFO - Started process (PID=1390) to work on /opt/airflow/dags/utl.py
[2024-11-11T23:28:30.874+0000] {processor.py:830} INFO - Processing file /opt/airflow/dags/utl.py for tasks to queue
[2024-11-11T23:28:30.879+0000] {logging_mixin.py:188} INFO - [2024-11-11T23:28:30.878+0000] {dagbag.py:545} INFO - Filling up the DagBag from /opt/airflow/dags/utl.py
[2024-11-11T23:28:30.917+0000] {processor.py:840} INFO - DAG(s) 'Stock_data_analysis_lab2utl' retrieved from /opt/airflow/dags/utl.py
[2024-11-11T23:28:30.947+0000] {logging_mixin.py:188} INFO - [2024-11-11T23:28:30.946+0000] {dag.py:3096} INFO - Sync 1 DAGs
[2024-11-11T23:28:30.979+0000] {logging_mixin.py:188} INFO - [2024-11-11T23:28:30.978+0000] {dag.py:3954} INFO - Setting next_dagrun for Stock_data_analysis_lab2utl to 2024-11-11 17:00:00+00:00, run_after=2024-11-12 17:00:00+00:00
[2024-11-11T23:28:31.015+0000] {processor.py:183} INFO - Processing /opt/airflow/dags/utl.py took 0.156 seconds
[2024-11-11T23:29:01.361+0000] {processor.py:161} INFO - Started process (PID=1451) to work on /opt/airflow/dags/utl.py
[2024-11-11T23:29:01.363+0000] {processor.py:830} INFO - Processing file /opt/airflow/dags/utl.py for tasks to queue
[2024-11-11T23:29:01.366+0000] {logging_mixin.py:188} INFO - [2024-11-11T23:29:01.366+0000] {dagbag.py:545} INFO - Filling up the DagBag from /opt/airflow/dags/utl.py
[2024-11-11T23:29:01.406+0000] {processor.py:840} INFO - DAG(s) 'Stock_data_analysis_lab2utl' retrieved from /opt/airflow/dags/utl.py
[2024-11-11T23:29:01.433+0000] {logging_mixin.py:188} INFO - [2024-11-11T23:29:01.433+0000] {dag.py:3096} INFO - Sync 1 DAGs
[2024-11-11T23:29:01.462+0000] {logging_mixin.py:188} INFO - [2024-11-11T23:29:01.462+0000] {dag.py:3954} INFO - Setting next_dagrun for Stock_data_analysis_lab2utl to 2024-11-11 17:00:00+00:00, run_after=2024-11-12 17:00:00+00:00
[2024-11-11T23:29:01.495+0000] {processor.py:183} INFO - Processing /opt/airflow/dags/utl.py took 0.142 seconds
[2024-11-11T23:29:32.478+0000] {processor.py:161} INFO - Started process (PID=1512) to work on /opt/airflow/dags/utl.py
[2024-11-11T23:29:32.480+0000] {processor.py:830} INFO - Processing file /opt/airflow/dags/utl.py for tasks to queue
[2024-11-11T23:29:32.483+0000] {logging_mixin.py:188} INFO - [2024-11-11T23:29:32.482+0000] {dagbag.py:545} INFO - Filling up the DagBag from /opt/airflow/dags/utl.py
[2024-11-11T23:29:32.516+0000] {processor.py:840} INFO - DAG(s) 'Stock_data_analysis_lab2utl' retrieved from /opt/airflow/dags/utl.py
[2024-11-11T23:29:32.549+0000] {logging_mixin.py:188} INFO - [2024-11-11T23:29:32.549+0000] {dag.py:3096} INFO - Sync 1 DAGs
[2024-11-11T23:29:32.581+0000] {logging_mixin.py:188} INFO - [2024-11-11T23:29:32.581+0000] {dag.py:3954} INFO - Setting next_dagrun for Stock_data_analysis_lab2utl to 2024-11-11 17:00:00+00:00, run_after=2024-11-12 17:00:00+00:00
[2024-11-11T23:29:32.616+0000] {processor.py:183} INFO - Processing /opt/airflow/dags/utl.py took 0.145 seconds
[2024-11-11T23:30:03.485+0000] {processor.py:161} INFO - Started process (PID=1573) to work on /opt/airflow/dags/utl.py
[2024-11-11T23:30:03.487+0000] {processor.py:830} INFO - Processing file /opt/airflow/dags/utl.py for tasks to queue
[2024-11-11T23:30:03.490+0000] {logging_mixin.py:188} INFO - [2024-11-11T23:30:03.490+0000] {dagbag.py:545} INFO - Filling up the DagBag from /opt/airflow/dags/utl.py
[2024-11-11T23:30:03.528+0000] {processor.py:840} INFO - DAG(s) 'Stock_data_analysis_lab2utl' retrieved from /opt/airflow/dags/utl.py
[2024-11-11T23:30:03.559+0000] {logging_mixin.py:188} INFO - [2024-11-11T23:30:03.558+0000] {dag.py:3096} INFO - Sync 1 DAGs
[2024-11-11T23:30:03.590+0000] {logging_mixin.py:188} INFO - [2024-11-11T23:30:03.590+0000] {dag.py:3954} INFO - Setting next_dagrun for Stock_data_analysis_lab2utl to 2024-11-11 17:00:00+00:00, run_after=2024-11-12 17:00:00+00:00
[2024-11-11T23:30:03.623+0000] {processor.py:183} INFO - Processing /opt/airflow/dags/utl.py took 0.147 seconds
[2024-11-11T23:30:33.786+0000] {processor.py:161} INFO - Started process (PID=1634) to work on /opt/airflow/dags/utl.py
[2024-11-11T23:30:33.789+0000] {processor.py:830} INFO - Processing file /opt/airflow/dags/utl.py for tasks to queue
[2024-11-11T23:30:33.792+0000] {logging_mixin.py:188} INFO - [2024-11-11T23:30:33.792+0000] {dagbag.py:545} INFO - Filling up the DagBag from /opt/airflow/dags/utl.py
[2024-11-11T23:30:33.832+0000] {processor.py:840} INFO - DAG(s) 'Stock_data_analysis_lab2utl' retrieved from /opt/airflow/dags/utl.py
[2024-11-11T23:30:33.870+0000] {logging_mixin.py:188} INFO - [2024-11-11T23:30:33.870+0000] {dag.py:3096} INFO - Sync 1 DAGs
[2024-11-11T23:30:33.919+0000] {logging_mixin.py:188} INFO - [2024-11-11T23:30:33.919+0000] {dag.py:3954} INFO - Setting next_dagrun for Stock_data_analysis_lab2utl to 2024-11-11 17:00:00+00:00, run_after=2024-11-12 17:00:00+00:00
[2024-11-11T23:30:33.958+0000] {processor.py:183} INFO - Processing /opt/airflow/dags/utl.py took 0.181 seconds
[2024-11-11T23:31:04.154+0000] {processor.py:161} INFO - Started process (PID=1695) to work on /opt/airflow/dags/utl.py
[2024-11-11T23:31:04.155+0000] {processor.py:830} INFO - Processing file /opt/airflow/dags/utl.py for tasks to queue
[2024-11-11T23:31:04.159+0000] {logging_mixin.py:188} INFO - [2024-11-11T23:31:04.158+0000] {dagbag.py:545} INFO - Filling up the DagBag from /opt/airflow/dags/utl.py
[2024-11-11T23:31:04.194+0000] {processor.py:840} INFO - DAG(s) 'Stock_data_analysis_lab2utl' retrieved from /opt/airflow/dags/utl.py
[2024-11-11T23:31:04.225+0000] {logging_mixin.py:188} INFO - [2024-11-11T23:31:04.224+0000] {dag.py:3096} INFO - Sync 1 DAGs
[2024-11-11T23:31:04.263+0000] {logging_mixin.py:188} INFO - [2024-11-11T23:31:04.262+0000] {dag.py:3954} INFO - Setting next_dagrun for Stock_data_analysis_lab2utl to 2024-11-11 17:00:00+00:00, run_after=2024-11-12 17:00:00+00:00
[2024-11-11T23:31:04.301+0000] {processor.py:183} INFO - Processing /opt/airflow/dags/utl.py took 0.156 seconds
[2024-11-11T23:31:34.447+0000] {processor.py:161} INFO - Started process (PID=1756) to work on /opt/airflow/dags/utl.py
[2024-11-11T23:31:34.450+0000] {processor.py:830} INFO - Processing file /opt/airflow/dags/utl.py for tasks to queue
[2024-11-11T23:31:34.454+0000] {logging_mixin.py:188} INFO - [2024-11-11T23:31:34.453+0000] {dagbag.py:545} INFO - Filling up the DagBag from /opt/airflow/dags/utl.py
[2024-11-11T23:31:34.499+0000] {processor.py:840} INFO - DAG(s) 'Stock_data_analysis_lab2utl' retrieved from /opt/airflow/dags/utl.py
[2024-11-11T23:31:34.539+0000] {logging_mixin.py:188} INFO - [2024-11-11T23:31:34.538+0000] {dag.py:3096} INFO - Sync 1 DAGs
[2024-11-11T23:31:34.597+0000] {logging_mixin.py:188} INFO - [2024-11-11T23:31:34.596+0000] {dag.py:3954} INFO - Setting next_dagrun for Stock_data_analysis_lab2utl to 2024-11-11 17:00:00+00:00, run_after=2024-11-12 17:00:00+00:00
[2024-11-11T23:31:34.649+0000] {processor.py:183} INFO - Processing /opt/airflow/dags/utl.py took 0.213 seconds
[2024-11-11T23:32:05.514+0000] {processor.py:161} INFO - Started process (PID=1817) to work on /opt/airflow/dags/utl.py
[2024-11-11T23:32:05.516+0000] {processor.py:830} INFO - Processing file /opt/airflow/dags/utl.py for tasks to queue
[2024-11-11T23:32:05.520+0000] {logging_mixin.py:188} INFO - [2024-11-11T23:32:05.519+0000] {dagbag.py:545} INFO - Filling up the DagBag from /opt/airflow/dags/utl.py
[2024-11-11T23:32:05.558+0000] {processor.py:840} INFO - DAG(s) 'Stock_data_analysis_lab2utl' retrieved from /opt/airflow/dags/utl.py
[2024-11-11T23:32:05.594+0000] {logging_mixin.py:188} INFO - [2024-11-11T23:32:05.593+0000] {dag.py:3096} INFO - Sync 1 DAGs
[2024-11-11T23:32:05.644+0000] {logging_mixin.py:188} INFO - [2024-11-11T23:32:05.644+0000] {dag.py:3954} INFO - Setting next_dagrun for Stock_data_analysis_lab2utl to 2024-11-11 17:00:00+00:00, run_after=2024-11-12 17:00:00+00:00
[2024-11-11T23:32:05.682+0000] {processor.py:183} INFO - Processing /opt/airflow/dags/utl.py took 0.178 seconds
[2024-11-11T23:32:36.457+0000] {processor.py:161} INFO - Started process (PID=1878) to work on /opt/airflow/dags/utl.py
[2024-11-11T23:32:36.460+0000] {processor.py:830} INFO - Processing file /opt/airflow/dags/utl.py for tasks to queue
[2024-11-11T23:32:36.464+0000] {logging_mixin.py:188} INFO - [2024-11-11T23:32:36.463+0000] {dagbag.py:545} INFO - Filling up the DagBag from /opt/airflow/dags/utl.py
[2024-11-11T23:32:36.495+0000] {processor.py:840} INFO - DAG(s) 'Stock_data_analysis_lab2utl' retrieved from /opt/airflow/dags/utl.py
[2024-11-11T23:32:36.527+0000] {logging_mixin.py:188} INFO - [2024-11-11T23:32:36.526+0000] {dag.py:3096} INFO - Sync 1 DAGs
[2024-11-11T23:32:36.576+0000] {logging_mixin.py:188} INFO - [2024-11-11T23:32:36.575+0000] {dag.py:3954} INFO - Setting next_dagrun for Stock_data_analysis_lab2utl to 2024-11-11 17:00:00+00:00, run_after=2024-11-12 17:00:00+00:00
[2024-11-11T23:32:36.619+0000] {processor.py:183} INFO - Processing /opt/airflow/dags/utl.py took 0.170 seconds
[2024-11-11T23:33:07.368+0000] {processor.py:161} INFO - Started process (PID=1939) to work on /opt/airflow/dags/utl.py
[2024-11-11T23:33:07.370+0000] {processor.py:830} INFO - Processing file /opt/airflow/dags/utl.py for tasks to queue
[2024-11-11T23:33:07.375+0000] {logging_mixin.py:188} INFO - [2024-11-11T23:33:07.374+0000] {dagbag.py:545} INFO - Filling up the DagBag from /opt/airflow/dags/utl.py
[2024-11-11T23:33:07.417+0000] {processor.py:840} INFO - DAG(s) 'Stock_data_analysis_lab2utl' retrieved from /opt/airflow/dags/utl.py
[2024-11-11T23:33:07.459+0000] {logging_mixin.py:188} INFO - [2024-11-11T23:33:07.458+0000] {dag.py:3096} INFO - Sync 1 DAGs
[2024-11-11T23:33:07.511+0000] {logging_mixin.py:188} INFO - [2024-11-11T23:33:07.510+0000] {dag.py:3954} INFO - Setting next_dagrun for Stock_data_analysis_lab2utl to 2024-11-11 17:00:00+00:00, run_after=2024-11-12 17:00:00+00:00
[2024-11-11T23:33:07.554+0000] {processor.py:183} INFO - Processing /opt/airflow/dags/utl.py took 0.202 seconds
[2024-11-11T23:33:38.294+0000] {processor.py:161} INFO - Started process (PID=2000) to work on /opt/airflow/dags/utl.py
[2024-11-11T23:33:38.296+0000] {processor.py:830} INFO - Processing file /opt/airflow/dags/utl.py for tasks to queue
[2024-11-11T23:33:38.299+0000] {logging_mixin.py:188} INFO - [2024-11-11T23:33:38.298+0000] {dagbag.py:545} INFO - Filling up the DagBag from /opt/airflow/dags/utl.py
[2024-11-11T23:33:38.330+0000] {processor.py:840} INFO - DAG(s) 'Stock_data_analysis_lab2utl' retrieved from /opt/airflow/dags/utl.py
[2024-11-11T23:33:38.361+0000] {logging_mixin.py:188} INFO - [2024-11-11T23:33:38.360+0000] {dag.py:3096} INFO - Sync 1 DAGs
[2024-11-11T23:33:38.397+0000] {logging_mixin.py:188} INFO - [2024-11-11T23:33:38.396+0000] {dag.py:3954} INFO - Setting next_dagrun for Stock_data_analysis_lab2utl to 2024-11-11 17:00:00+00:00, run_after=2024-11-12 17:00:00+00:00
[2024-11-11T23:33:38.435+0000] {processor.py:183} INFO - Processing /opt/airflow/dags/utl.py took 0.149 seconds
[2024-11-11T23:34:08.798+0000] {processor.py:161} INFO - Started process (PID=2061) to work on /opt/airflow/dags/utl.py
[2024-11-11T23:34:09.197+0000] {processor.py:830} INFO - Processing file /opt/airflow/dags/utl.py for tasks to queue
[2024-11-11T23:34:09.759+0000] {logging_mixin.py:188} INFO - [2024-11-11T23:34:09.758+0000] {dagbag.py:545} INFO - Filling up the DagBag from /opt/airflow/dags/utl.py
[2024-11-11T23:34:09.806+0000] {processor.py:840} INFO - DAG(s) 'Stock_data_analysis_lab2utl' retrieved from /opt/airflow/dags/utl.py
[2024-11-11T23:34:09.844+0000] {logging_mixin.py:188} INFO - [2024-11-11T23:34:09.844+0000] {dag.py:3096} INFO - Sync 1 DAGs
[2024-11-11T23:34:09.882+0000] {logging_mixin.py:188} INFO - [2024-11-11T23:34:09.881+0000] {dag.py:3954} INFO - Setting next_dagrun for Stock_data_analysis_lab2utl to 2024-11-11 17:00:00+00:00, run_after=2024-11-12 17:00:00+00:00
[2024-11-11T23:34:09.929+0000] {processor.py:183} INFO - Processing /opt/airflow/dags/utl.py took 1.144 seconds
[2024-11-11T23:34:40.256+0000] {processor.py:161} INFO - Started process (PID=2122) to work on /opt/airflow/dags/utl.py
[2024-11-11T23:34:40.259+0000] {processor.py:830} INFO - Processing file /opt/airflow/dags/utl.py for tasks to queue
[2024-11-11T23:34:40.283+0000] {logging_mixin.py:188} INFO - [2024-11-11T23:34:40.281+0000] {dagbag.py:545} INFO - Filling up the DagBag from /opt/airflow/dags/utl.py
[2024-11-11T23:34:40.355+0000] {processor.py:840} INFO - DAG(s) 'Stock_data_analysis_lab2utl' retrieved from /opt/airflow/dags/utl.py
[2024-11-11T23:34:40.454+0000] {logging_mixin.py:188} INFO - [2024-11-11T23:34:40.453+0000] {dag.py:3096} INFO - Sync 1 DAGs
[2024-11-11T23:34:40.544+0000] {logging_mixin.py:188} INFO - [2024-11-11T23:34:40.544+0000] {dag.py:3954} INFO - Setting next_dagrun for Stock_data_analysis_lab2utl to 2024-11-11 17:00:00+00:00, run_after=2024-11-12 17:00:00+00:00
[2024-11-11T23:34:40.619+0000] {processor.py:183} INFO - Processing /opt/airflow/dags/utl.py took 0.386 seconds
[2024-11-11T23:35:11.456+0000] {processor.py:161} INFO - Started process (PID=2183) to work on /opt/airflow/dags/utl.py
[2024-11-11T23:35:11.458+0000] {processor.py:830} INFO - Processing file /opt/airflow/dags/utl.py for tasks to queue
[2024-11-11T23:35:11.465+0000] {logging_mixin.py:188} INFO - [2024-11-11T23:35:11.463+0000] {dagbag.py:545} INFO - Filling up the DagBag from /opt/airflow/dags/utl.py
[2024-11-11T23:35:11.520+0000] {processor.py:840} INFO - DAG(s) 'Stock_data_analysis_lab2utl' retrieved from /opt/airflow/dags/utl.py
[2024-11-11T23:35:11.606+0000] {logging_mixin.py:188} INFO - [2024-11-11T23:35:11.605+0000] {dag.py:3096} INFO - Sync 1 DAGs
[2024-11-11T23:35:11.759+0000] {logging_mixin.py:188} INFO - [2024-11-11T23:35:11.758+0000] {dag.py:3954} INFO - Setting next_dagrun for Stock_data_analysis_lab2utl to 2024-11-11 17:00:00+00:00, run_after=2024-11-12 17:00:00+00:00
[2024-11-11T23:35:11.860+0000] {processor.py:183} INFO - Processing /opt/airflow/dags/utl.py took 0.415 seconds
[2024-11-11T23:35:42.098+0000] {processor.py:161} INFO - Started process (PID=2244) to work on /opt/airflow/dags/utl.py
[2024-11-11T23:35:42.104+0000] {processor.py:830} INFO - Processing file /opt/airflow/dags/utl.py for tasks to queue
[2024-11-11T23:35:42.115+0000] {logging_mixin.py:188} INFO - [2024-11-11T23:35:42.110+0000] {dagbag.py:545} INFO - Filling up the DagBag from /opt/airflow/dags/utl.py
[2024-11-11T23:35:42.238+0000] {processor.py:840} INFO - DAG(s) 'Stock_data_analysis_lab2utl' retrieved from /opt/airflow/dags/utl.py
[2024-11-11T23:35:42.350+0000] {logging_mixin.py:188} INFO - [2024-11-11T23:35:42.347+0000] {dag.py:3096} INFO - Sync 1 DAGs
[2024-11-11T23:35:42.445+0000] {logging_mixin.py:188} INFO - [2024-11-11T23:35:42.444+0000] {dag.py:3954} INFO - Setting next_dagrun for Stock_data_analysis_lab2utl to 2024-11-11 17:00:00+00:00, run_after=2024-11-12 17:00:00+00:00
[2024-11-11T23:35:42.513+0000] {processor.py:183} INFO - Processing /opt/airflow/dags/utl.py took 0.442 seconds
[2024-11-11T23:36:12.861+0000] {processor.py:161} INFO - Started process (PID=2306) to work on /opt/airflow/dags/utl.py
[2024-11-11T23:36:12.867+0000] {processor.py:830} INFO - Processing file /opt/airflow/dags/utl.py for tasks to queue
[2024-11-11T23:36:12.883+0000] {logging_mixin.py:188} INFO - [2024-11-11T23:36:12.872+0000] {dagbag.py:545} INFO - Filling up the DagBag from /opt/airflow/dags/utl.py
[2024-11-11T23:36:12.954+0000] {processor.py:840} INFO - DAG(s) 'Stock_data_analysis_lab2utl' retrieved from /opt/airflow/dags/utl.py
[2024-11-11T23:36:13.062+0000] {logging_mixin.py:188} INFO - [2024-11-11T23:36:13.061+0000] {dag.py:3096} INFO - Sync 1 DAGs
[2024-11-11T23:36:13.194+0000] {logging_mixin.py:188} INFO - [2024-11-11T23:36:13.193+0000] {dag.py:3954} INFO - Setting next_dagrun for Stock_data_analysis_lab2utl to 2024-11-11 17:00:00+00:00, run_after=2024-11-12 17:00:00+00:00
[2024-11-11T23:36:13.277+0000] {processor.py:183} INFO - Processing /opt/airflow/dags/utl.py took 0.451 seconds
[2024-11-11T23:36:43.653+0000] {processor.py:161} INFO - Started process (PID=2367) to work on /opt/airflow/dags/utl.py
[2024-11-11T23:36:43.656+0000] {processor.py:830} INFO - Processing file /opt/airflow/dags/utl.py for tasks to queue
[2024-11-11T23:36:43.671+0000] {logging_mixin.py:188} INFO - [2024-11-11T23:36:43.670+0000] {dagbag.py:545} INFO - Filling up the DagBag from /opt/airflow/dags/utl.py
[2024-11-11T23:36:43.782+0000] {processor.py:840} INFO - DAG(s) 'Stock_data_analysis_lab2utl' retrieved from /opt/airflow/dags/utl.py
[2024-11-11T23:36:43.904+0000] {logging_mixin.py:188} INFO - [2024-11-11T23:36:43.902+0000] {dag.py:3096} INFO - Sync 1 DAGs
[2024-11-11T23:36:44.017+0000] {logging_mixin.py:188} INFO - [2024-11-11T23:36:44.016+0000] {dag.py:3954} INFO - Setting next_dagrun for Stock_data_analysis_lab2utl to 2024-11-11 17:00:00+00:00, run_after=2024-11-12 17:00:00+00:00
[2024-11-11T23:36:44.108+0000] {processor.py:183} INFO - Processing /opt/airflow/dags/utl.py took 0.491 seconds
[2024-11-11T23:37:14.415+0000] {processor.py:161} INFO - Started process (PID=2428) to work on /opt/airflow/dags/utl.py
[2024-11-11T23:37:14.419+0000] {processor.py:830} INFO - Processing file /opt/airflow/dags/utl.py for tasks to queue
[2024-11-11T23:37:14.426+0000] {logging_mixin.py:188} INFO - [2024-11-11T23:37:14.425+0000] {dagbag.py:545} INFO - Filling up the DagBag from /opt/airflow/dags/utl.py
[2024-11-11T23:37:14.507+0000] {processor.py:840} INFO - DAG(s) 'Stock_data_analysis_lab2utl' retrieved from /opt/airflow/dags/utl.py
[2024-11-11T23:37:14.575+0000] {logging_mixin.py:188} INFO - [2024-11-11T23:37:14.574+0000] {dag.py:3096} INFO - Sync 1 DAGs
[2024-11-11T23:37:14.665+0000] {logging_mixin.py:188} INFO - [2024-11-11T23:37:14.664+0000] {dag.py:3954} INFO - Setting next_dagrun for Stock_data_analysis_lab2utl to 2024-11-11 17:00:00+00:00, run_after=2024-11-12 17:00:00+00:00
[2024-11-11T23:37:14.769+0000] {processor.py:183} INFO - Processing /opt/airflow/dags/utl.py took 0.371 seconds
[2024-11-11T23:37:45.010+0000] {processor.py:161} INFO - Started process (PID=2489) to work on /opt/airflow/dags/utl.py
[2024-11-11T23:37:45.014+0000] {processor.py:830} INFO - Processing file /opt/airflow/dags/utl.py for tasks to queue
[2024-11-11T23:37:45.029+0000] {logging_mixin.py:188} INFO - [2024-11-11T23:37:45.028+0000] {dagbag.py:545} INFO - Filling up the DagBag from /opt/airflow/dags/utl.py
[2024-11-11T23:37:45.085+0000] {processor.py:840} INFO - DAG(s) 'Stock_data_analysis_lab2utl' retrieved from /opt/airflow/dags/utl.py
[2024-11-11T23:37:45.152+0000] {logging_mixin.py:188} INFO - [2024-11-11T23:37:45.151+0000] {dag.py:3096} INFO - Sync 1 DAGs
[2024-11-11T23:37:45.223+0000] {logging_mixin.py:188} INFO - [2024-11-11T23:37:45.222+0000] {dag.py:3954} INFO - Setting next_dagrun for Stock_data_analysis_lab2utl to 2024-11-11 17:00:00+00:00, run_after=2024-11-12 17:00:00+00:00
[2024-11-11T23:37:45.307+0000] {processor.py:183} INFO - Processing /opt/airflow/dags/utl.py took 0.320 seconds
[2024-11-11T23:38:15.619+0000] {processor.py:161} INFO - Started process (PID=2550) to work on /opt/airflow/dags/utl.py
[2024-11-11T23:38:15.626+0000] {processor.py:830} INFO - Processing file /opt/airflow/dags/utl.py for tasks to queue
[2024-11-11T23:38:15.631+0000] {logging_mixin.py:188} INFO - [2024-11-11T23:38:15.630+0000] {dagbag.py:545} INFO - Filling up the DagBag from /opt/airflow/dags/utl.py
[2024-11-11T23:38:15.719+0000] {processor.py:840} INFO - DAG(s) 'Stock_data_analysis_lab2utl' retrieved from /opt/airflow/dags/utl.py
[2024-11-11T23:38:15.787+0000] {logging_mixin.py:188} INFO - [2024-11-11T23:38:15.785+0000] {dag.py:3096} INFO - Sync 1 DAGs
[2024-11-11T23:38:15.898+0000] {logging_mixin.py:188} INFO - [2024-11-11T23:38:15.897+0000] {dag.py:3954} INFO - Setting next_dagrun for Stock_data_analysis_lab2utl to 2024-11-11 17:00:00+00:00, run_after=2024-11-12 17:00:00+00:00
[2024-11-11T23:38:15.970+0000] {processor.py:183} INFO - Processing /opt/airflow/dags/utl.py took 0.368 seconds
[2024-11-11T23:38:46.077+0000] {processor.py:161} INFO - Started process (PID=2612) to work on /opt/airflow/dags/utl.py
[2024-11-11T23:38:46.078+0000] {processor.py:830} INFO - Processing file /opt/airflow/dags/utl.py for tasks to queue
[2024-11-11T23:38:46.081+0000] {logging_mixin.py:188} INFO - [2024-11-11T23:38:46.080+0000] {dagbag.py:545} INFO - Filling up the DagBag from /opt/airflow/dags/utl.py
[2024-11-11T23:38:46.100+0000] {processor.py:840} INFO - DAG(s) 'Stock_data_analysis_lab2utl' retrieved from /opt/airflow/dags/utl.py
[2024-11-11T23:38:46.124+0000] {logging_mixin.py:188} INFO - [2024-11-11T23:38:46.123+0000] {dag.py:3096} INFO - Sync 1 DAGs
[2024-11-11T23:38:46.169+0000] {logging_mixin.py:188} INFO - [2024-11-11T23:38:46.169+0000] {dag.py:3954} INFO - Setting next_dagrun for Stock_data_analysis_lab2utl to 2024-11-11 17:00:00+00:00, run_after=2024-11-12 17:00:00+00:00
[2024-11-11T23:38:46.248+0000] {processor.py:183} INFO - Processing /opt/airflow/dags/utl.py took 0.176 seconds
[2024-11-11T23:39:16.773+0000] {processor.py:161} INFO - Started process (PID=2679) to work on /opt/airflow/dags/utl.py
[2024-11-11T23:39:16.774+0000] {processor.py:830} INFO - Processing file /opt/airflow/dags/utl.py for tasks to queue
[2024-11-11T23:39:16.778+0000] {logging_mixin.py:188} INFO - [2024-11-11T23:39:16.777+0000] {dagbag.py:545} INFO - Filling up the DagBag from /opt/airflow/dags/utl.py
[2024-11-11T23:39:16.812+0000] {processor.py:840} INFO - DAG(s) 'Stock_data_analysis_lab2utl' retrieved from /opt/airflow/dags/utl.py
[2024-11-11T23:39:16.843+0000] {logging_mixin.py:188} INFO - [2024-11-11T23:39:16.843+0000] {dag.py:3096} INFO - Sync 1 DAGs
[2024-11-11T23:39:16.872+0000] {logging_mixin.py:188} INFO - [2024-11-11T23:39:16.872+0000] {dag.py:3954} INFO - Setting next_dagrun for Stock_data_analysis_lab2utl to 2024-11-11 17:00:00+00:00, run_after=2024-11-12 17:00:00+00:00
[2024-11-11T23:39:16.910+0000] {processor.py:183} INFO - Processing /opt/airflow/dags/utl.py took 0.145 seconds
[2024-11-11T23:39:46.998+0000] {processor.py:161} INFO - Started process (PID=2740) to work on /opt/airflow/dags/utl.py
[2024-11-11T23:39:46.999+0000] {processor.py:830} INFO - Processing file /opt/airflow/dags/utl.py for tasks to queue
[2024-11-11T23:39:47.002+0000] {logging_mixin.py:188} INFO - [2024-11-11T23:39:47.002+0000] {dagbag.py:545} INFO - Filling up the DagBag from /opt/airflow/dags/utl.py
[2024-11-11T23:39:47.026+0000] {processor.py:840} INFO - DAG(s) 'Stock_data_analysis_lab2utl' retrieved from /opt/airflow/dags/utl.py
[2024-11-11T23:39:47.052+0000] {logging_mixin.py:188} INFO - [2024-11-11T23:39:47.051+0000] {dag.py:3096} INFO - Sync 1 DAGs
[2024-11-11T23:39:47.076+0000] {logging_mixin.py:188} INFO - [2024-11-11T23:39:47.076+0000] {dag.py:3954} INFO - Setting next_dagrun for Stock_data_analysis_lab2utl to 2024-11-11 17:00:00+00:00, run_after=2024-11-12 17:00:00+00:00
[2024-11-11T23:39:47.106+0000] {processor.py:183} INFO - Processing /opt/airflow/dags/utl.py took 0.113 seconds
[2024-11-11T23:40:17.204+0000] {processor.py:161} INFO - Started process (PID=2801) to work on /opt/airflow/dags/utl.py
[2024-11-11T23:40:17.206+0000] {processor.py:830} INFO - Processing file /opt/airflow/dags/utl.py for tasks to queue
[2024-11-11T23:40:17.209+0000] {logging_mixin.py:188} INFO - [2024-11-11T23:40:17.208+0000] {dagbag.py:545} INFO - Filling up the DagBag from /opt/airflow/dags/utl.py
[2024-11-11T23:40:17.245+0000] {processor.py:840} INFO - DAG(s) 'Stock_data_analysis_lab2utl' retrieved from /opt/airflow/dags/utl.py
[2024-11-11T23:40:17.281+0000] {logging_mixin.py:188} INFO - [2024-11-11T23:40:17.281+0000] {dag.py:3096} INFO - Sync 1 DAGs
[2024-11-11T23:40:17.315+0000] {logging_mixin.py:188} INFO - [2024-11-11T23:40:17.314+0000] {dag.py:3954} INFO - Setting next_dagrun for Stock_data_analysis_lab2utl to 2024-11-11 17:00:00+00:00, run_after=2024-11-12 17:00:00+00:00
[2024-11-11T23:40:17.347+0000] {processor.py:183} INFO - Processing /opt/airflow/dags/utl.py took 0.151 seconds
[2024-11-11T23:40:47.878+0000] {processor.py:161} INFO - Started process (PID=2862) to work on /opt/airflow/dags/utl.py
[2024-11-11T23:40:47.880+0000] {processor.py:830} INFO - Processing file /opt/airflow/dags/utl.py for tasks to queue
[2024-11-11T23:40:47.883+0000] {logging_mixin.py:188} INFO - [2024-11-11T23:40:47.883+0000] {dagbag.py:545} INFO - Filling up the DagBag from /opt/airflow/dags/utl.py
[2024-11-11T23:40:47.902+0000] {processor.py:840} INFO - DAG(s) 'Stock_data_analysis_lab2utl' retrieved from /opt/airflow/dags/utl.py
[2024-11-11T23:40:47.928+0000] {logging_mixin.py:188} INFO - [2024-11-11T23:40:47.927+0000] {dag.py:3096} INFO - Sync 1 DAGs
[2024-11-11T23:40:47.961+0000] {logging_mixin.py:188} INFO - [2024-11-11T23:40:47.961+0000] {dag.py:3954} INFO - Setting next_dagrun for Stock_data_analysis_lab2utl to 2024-11-11 17:00:00+00:00, run_after=2024-11-12 17:00:00+00:00
[2024-11-11T23:40:47.992+0000] {processor.py:183} INFO - Processing /opt/airflow/dags/utl.py took 0.121 seconds
[2024-11-11T23:41:18.242+0000] {processor.py:161} INFO - Started process (PID=2923) to work on /opt/airflow/dags/utl.py
[2024-11-11T23:41:18.257+0000] {processor.py:830} INFO - Processing file /opt/airflow/dags/utl.py for tasks to queue
[2024-11-11T23:41:18.261+0000] {logging_mixin.py:188} INFO - [2024-11-11T23:41:18.260+0000] {dagbag.py:545} INFO - Filling up the DagBag from /opt/airflow/dags/utl.py
[2024-11-11T23:41:18.304+0000] {processor.py:840} INFO - DAG(s) 'Stock_data_analysis_lab2utl' retrieved from /opt/airflow/dags/utl.py
[2024-11-11T23:41:18.353+0000] {logging_mixin.py:188} INFO - [2024-11-11T23:41:18.351+0000] {dag.py:3096} INFO - Sync 1 DAGs
[2024-11-11T23:41:18.407+0000] {logging_mixin.py:188} INFO - [2024-11-11T23:41:18.406+0000] {dag.py:3954} INFO - Setting next_dagrun for Stock_data_analysis_lab2utl to 2024-11-11 17:00:00+00:00, run_after=2024-11-12 17:00:00+00:00
[2024-11-11T23:41:18.450+0000] {processor.py:183} INFO - Processing /opt/airflow/dags/utl.py took 0.223 seconds
[2024-11-11T23:41:48.971+0000] {processor.py:161} INFO - Started process (PID=2983) to work on /opt/airflow/dags/utl.py
[2024-11-11T23:41:48.976+0000] {processor.py:830} INFO - Processing file /opt/airflow/dags/utl.py for tasks to queue
[2024-11-11T23:41:48.998+0000] {logging_mixin.py:188} INFO - [2024-11-11T23:41:48.997+0000] {dagbag.py:545} INFO - Filling up the DagBag from /opt/airflow/dags/utl.py
[2024-11-11T23:41:49.086+0000] {processor.py:840} INFO - DAG(s) 'Stock_data_analysis_lab2utl' retrieved from /opt/airflow/dags/utl.py
[2024-11-11T23:41:49.147+0000] {logging_mixin.py:188} INFO - [2024-11-11T23:41:49.146+0000] {dag.py:3096} INFO - Sync 1 DAGs
[2024-11-11T23:41:49.233+0000] {logging_mixin.py:188} INFO - [2024-11-11T23:41:49.232+0000] {dag.py:3954} INFO - Setting next_dagrun for Stock_data_analysis_lab2utl to 2024-11-11 17:00:00+00:00, run_after=2024-11-12 17:00:00+00:00
[2024-11-11T23:41:49.278+0000] {processor.py:183} INFO - Processing /opt/airflow/dags/utl.py took 0.332 seconds
[2024-11-11T23:42:20.012+0000] {processor.py:161} INFO - Started process (PID=3044) to work on /opt/airflow/dags/utl.py
[2024-11-11T23:42:20.016+0000] {processor.py:830} INFO - Processing file /opt/airflow/dags/utl.py for tasks to queue
[2024-11-11T23:42:20.019+0000] {logging_mixin.py:188} INFO - [2024-11-11T23:42:20.019+0000] {dagbag.py:545} INFO - Filling up the DagBag from /opt/airflow/dags/utl.py
[2024-11-11T23:42:20.070+0000] {processor.py:840} INFO - DAG(s) 'Stock_data_analysis_lab2utl' retrieved from /opt/airflow/dags/utl.py
[2024-11-11T23:42:20.104+0000] {logging_mixin.py:188} INFO - [2024-11-11T23:42:20.102+0000] {dag.py:3096} INFO - Sync 1 DAGs
[2024-11-11T23:42:20.167+0000] {logging_mixin.py:188} INFO - [2024-11-11T23:42:20.167+0000] {dag.py:3954} INFO - Setting next_dagrun for Stock_data_analysis_lab2utl to 2024-11-11 17:00:00+00:00, run_after=2024-11-12 17:00:00+00:00
[2024-11-11T23:42:20.222+0000] {processor.py:183} INFO - Processing /opt/airflow/dags/utl.py took 0.229 seconds
[2024-11-11T23:42:50.475+0000] {processor.py:161} INFO - Started process (PID=3105) to work on /opt/airflow/dags/utl.py
[2024-11-11T23:42:50.477+0000] {processor.py:830} INFO - Processing file /opt/airflow/dags/utl.py for tasks to queue
[2024-11-11T23:42:50.481+0000] {logging_mixin.py:188} INFO - [2024-11-11T23:42:50.480+0000] {dagbag.py:545} INFO - Filling up the DagBag from /opt/airflow/dags/utl.py
[2024-11-11T23:42:50.524+0000] {processor.py:840} INFO - DAG(s) 'Stock_data_analysis_lab2utl' retrieved from /opt/airflow/dags/utl.py
[2024-11-11T23:42:50.569+0000] {logging_mixin.py:188} INFO - [2024-11-11T23:42:50.568+0000] {dag.py:3096} INFO - Sync 1 DAGs
[2024-11-11T23:42:50.612+0000] {logging_mixin.py:188} INFO - [2024-11-11T23:42:50.612+0000] {dag.py:3954} INFO - Setting next_dagrun for Stock_data_analysis_lab2utl to 2024-11-11 17:00:00+00:00, run_after=2024-11-12 17:00:00+00:00
[2024-11-11T23:42:50.667+0000] {processor.py:183} INFO - Processing /opt/airflow/dags/utl.py took 0.201 seconds
[2024-11-11T23:43:21.211+0000] {processor.py:161} INFO - Started process (PID=3166) to work on /opt/airflow/dags/utl.py
[2024-11-11T23:43:21.215+0000] {processor.py:830} INFO - Processing file /opt/airflow/dags/utl.py for tasks to queue
[2024-11-11T23:43:21.245+0000] {logging_mixin.py:188} INFO - [2024-11-11T23:43:21.244+0000] {dagbag.py:545} INFO - Filling up the DagBag from /opt/airflow/dags/utl.py
[2024-11-11T23:43:21.357+0000] {processor.py:840} INFO - DAG(s) 'Stock_data_analysis_lab2utl' retrieved from /opt/airflow/dags/utl.py
[2024-11-11T23:43:21.486+0000] {logging_mixin.py:188} INFO - [2024-11-11T23:43:21.485+0000] {dag.py:3096} INFO - Sync 1 DAGs
[2024-11-11T23:43:21.690+0000] {logging_mixin.py:188} INFO - [2024-11-11T23:43:21.690+0000] {dag.py:3954} INFO - Setting next_dagrun for Stock_data_analysis_lab2utl to 2024-11-11 17:00:00+00:00, run_after=2024-11-12 17:00:00+00:00
[2024-11-11T23:43:21.828+0000] {processor.py:183} INFO - Processing /opt/airflow/dags/utl.py took 0.642 seconds
[2024-11-11T23:43:52.450+0000] {processor.py:161} INFO - Started process (PID=3227) to work on /opt/airflow/dags/utl.py
[2024-11-11T23:43:52.451+0000] {processor.py:830} INFO - Processing file /opt/airflow/dags/utl.py for tasks to queue
[2024-11-11T23:43:52.455+0000] {logging_mixin.py:188} INFO - [2024-11-11T23:43:52.454+0000] {dagbag.py:545} INFO - Filling up the DagBag from /opt/airflow/dags/utl.py
[2024-11-11T23:43:52.496+0000] {processor.py:840} INFO - DAG(s) 'Stock_data_analysis_lab2utl' retrieved from /opt/airflow/dags/utl.py
[2024-11-11T23:43:52.527+0000] {logging_mixin.py:188} INFO - [2024-11-11T23:43:52.526+0000] {dag.py:3096} INFO - Sync 1 DAGs
[2024-11-11T23:43:52.562+0000] {logging_mixin.py:188} INFO - [2024-11-11T23:43:52.562+0000] {dag.py:3954} INFO - Setting next_dagrun for Stock_data_analysis_lab2utl to 2024-11-11 17:00:00+00:00, run_after=2024-11-12 17:00:00+00:00
[2024-11-11T23:43:52.606+0000] {processor.py:183} INFO - Processing /opt/airflow/dags/utl.py took 0.163 seconds
[2024-11-11T23:44:22.749+0000] {processor.py:161} INFO - Started process (PID=3289) to work on /opt/airflow/dags/utl.py
[2024-11-11T23:44:22.751+0000] {processor.py:830} INFO - Processing file /opt/airflow/dags/utl.py for tasks to queue
[2024-11-11T23:44:22.755+0000] {logging_mixin.py:188} INFO - [2024-11-11T23:44:22.754+0000] {dagbag.py:545} INFO - Filling up the DagBag from /opt/airflow/dags/utl.py
[2024-11-11T23:44:22.811+0000] {processor.py:840} INFO - DAG(s) 'Stock_data_analysis_lab2utl' retrieved from /opt/airflow/dags/utl.py
[2024-11-11T23:44:22.866+0000] {logging_mixin.py:188} INFO - [2024-11-11T23:44:22.866+0000] {dag.py:3096} INFO - Sync 1 DAGs
[2024-11-11T23:44:22.956+0000] {logging_mixin.py:188} INFO - [2024-11-11T23:44:22.955+0000] {dag.py:3954} INFO - Setting next_dagrun for Stock_data_analysis_lab2utl to 2024-11-11 17:00:00+00:00, run_after=2024-11-12 17:00:00+00:00
[2024-11-11T23:44:23.036+0000] {processor.py:183} INFO - Processing /opt/airflow/dags/utl.py took 0.303 seconds
[2024-11-11T23:44:53.221+0000] {processor.py:161} INFO - Started process (PID=3350) to work on /opt/airflow/dags/utl.py
[2024-11-11T23:44:53.224+0000] {processor.py:830} INFO - Processing file /opt/airflow/dags/utl.py for tasks to queue
[2024-11-11T23:44:53.230+0000] {logging_mixin.py:188} INFO - [2024-11-11T23:44:53.230+0000] {dagbag.py:545} INFO - Filling up the DagBag from /opt/airflow/dags/utl.py
[2024-11-11T23:44:53.319+0000] {processor.py:840} INFO - DAG(s) 'Stock_data_analysis_lab2utl' retrieved from /opt/airflow/dags/utl.py
[2024-11-11T23:44:53.445+0000] {logging_mixin.py:188} INFO - [2024-11-11T23:44:53.444+0000] {dag.py:3096} INFO - Sync 1 DAGs
[2024-11-11T23:44:53.526+0000] {logging_mixin.py:188} INFO - [2024-11-11T23:44:53.525+0000] {dag.py:3954} INFO - Setting next_dagrun for Stock_data_analysis_lab2utl to 2024-11-11 17:00:00+00:00, run_after=2024-11-12 17:00:00+00:00
[2024-11-11T23:44:53.670+0000] {processor.py:183} INFO - Processing /opt/airflow/dags/utl.py took 0.463 seconds
[2024-11-11T23:45:23.825+0000] {processor.py:161} INFO - Started process (PID=3411) to work on /opt/airflow/dags/utl.py
[2024-11-11T23:45:23.827+0000] {processor.py:830} INFO - Processing file /opt/airflow/dags/utl.py for tasks to queue
[2024-11-11T23:45:23.833+0000] {logging_mixin.py:188} INFO - [2024-11-11T23:45:23.832+0000] {dagbag.py:545} INFO - Filling up the DagBag from /opt/airflow/dags/utl.py
[2024-11-11T23:45:23.887+0000] {processor.py:840} INFO - DAG(s) 'Stock_data_analysis_lab2utl' retrieved from /opt/airflow/dags/utl.py
[2024-11-11T23:45:23.926+0000] {logging_mixin.py:188} INFO - [2024-11-11T23:45:23.925+0000] {dag.py:3096} INFO - Sync 1 DAGs
[2024-11-11T23:45:23.962+0000] {logging_mixin.py:188} INFO - [2024-11-11T23:45:23.961+0000] {dag.py:3954} INFO - Setting next_dagrun for Stock_data_analysis_lab2utl to 2024-11-11 17:00:00+00:00, run_after=2024-11-12 17:00:00+00:00
[2024-11-11T23:45:24.000+0000] {processor.py:183} INFO - Processing /opt/airflow/dags/utl.py took 0.190 seconds
[2024-11-11T23:45:54.939+0000] {processor.py:161} INFO - Started process (PID=3472) to work on /opt/airflow/dags/utl.py
[2024-11-11T23:45:54.941+0000] {processor.py:830} INFO - Processing file /opt/airflow/dags/utl.py for tasks to queue
[2024-11-11T23:45:54.955+0000] {logging_mixin.py:188} INFO - [2024-11-11T23:45:54.954+0000] {dagbag.py:545} INFO - Filling up the DagBag from /opt/airflow/dags/utl.py
[2024-11-11T23:45:55.027+0000] {processor.py:840} INFO - DAG(s) 'Stock_data_analysis_lab2utl' retrieved from /opt/airflow/dags/utl.py
[2024-11-11T23:45:55.100+0000] {logging_mixin.py:188} INFO - [2024-11-11T23:45:55.098+0000] {dag.py:3096} INFO - Sync 1 DAGs
[2024-11-11T23:45:55.188+0000] {logging_mixin.py:188} INFO - [2024-11-11T23:45:55.187+0000] {dag.py:3954} INFO - Setting next_dagrun for Stock_data_analysis_lab2utl to 2024-11-11 17:00:00+00:00, run_after=2024-11-12 17:00:00+00:00
[2024-11-11T23:45:55.257+0000] {processor.py:183} INFO - Processing /opt/airflow/dags/utl.py took 0.335 seconds
[2024-11-11T23:46:26.115+0000] {processor.py:161} INFO - Started process (PID=3531) to work on /opt/airflow/dags/utl.py
[2024-11-11T23:46:26.118+0000] {processor.py:830} INFO - Processing file /opt/airflow/dags/utl.py for tasks to queue
[2024-11-11T23:46:26.124+0000] {logging_mixin.py:188} INFO - [2024-11-11T23:46:26.123+0000] {dagbag.py:545} INFO - Filling up the DagBag from /opt/airflow/dags/utl.py
[2024-11-11T23:46:26.310+0000] {processor.py:840} INFO - DAG(s) 'Stock_data_analysis_lab2utl' retrieved from /opt/airflow/dags/utl.py
[2024-11-11T23:46:26.419+0000] {logging_mixin.py:188} INFO - [2024-11-11T23:46:26.418+0000] {dag.py:3096} INFO - Sync 1 DAGs
[2024-11-11T23:46:26.587+0000] {logging_mixin.py:188} INFO - [2024-11-11T23:46:26.586+0000] {dag.py:3954} INFO - Setting next_dagrun for Stock_data_analysis_lab2utl to 2024-11-11 17:00:00+00:00, run_after=2024-11-12 17:00:00+00:00
[2024-11-11T23:46:26.733+0000] {processor.py:183} INFO - Processing /opt/airflow/dags/utl.py took 0.654 seconds
[2024-11-11T23:47:02.056+0000] {processor.py:161} INFO - Started process (PID=3576) to work on /opt/airflow/dags/utl.py
[2024-11-11T23:47:02.069+0000] {processor.py:830} INFO - Processing file /opt/airflow/dags/utl.py for tasks to queue
[2024-11-11T23:47:02.076+0000] {logging_mixin.py:188} INFO - [2024-11-11T23:47:02.075+0000] {dagbag.py:545} INFO - Filling up the DagBag from /opt/airflow/dags/utl.py
[2024-11-11T23:47:02.393+0000] {processor.py:840} INFO - DAG(s) 'Stock_data_analysis_lab2utl' retrieved from /opt/airflow/dags/utl.py
[2024-11-11T23:47:02.555+0000] {logging_mixin.py:188} INFO - [2024-11-11T23:47:02.553+0000] {dag.py:3096} INFO - Sync 1 DAGs
[2024-11-11T23:47:02.763+0000] {logging_mixin.py:188} INFO - [2024-11-11T23:47:02.762+0000] {dag.py:3954} INFO - Setting next_dagrun for Stock_data_analysis_lab2utl to 2024-11-11 17:00:00+00:00, run_after=2024-11-12 17:00:00+00:00
[2024-11-11T23:47:02.948+0000] {processor.py:183} INFO - Processing /opt/airflow/dags/utl.py took 0.928 seconds
[2024-11-11T23:47:33.121+0000] {processor.py:161} INFO - Started process (PID=3637) to work on /opt/airflow/dags/utl.py
[2024-11-11T23:47:33.124+0000] {processor.py:830} INFO - Processing file /opt/airflow/dags/utl.py for tasks to queue
[2024-11-11T23:47:33.128+0000] {logging_mixin.py:188} INFO - [2024-11-11T23:47:33.127+0000] {dagbag.py:545} INFO - Filling up the DagBag from /opt/airflow/dags/utl.py
[2024-11-11T23:47:33.175+0000] {processor.py:840} INFO - DAG(s) 'Stock_data_analysis_lab2utl' retrieved from /opt/airflow/dags/utl.py
[2024-11-11T23:47:33.220+0000] {logging_mixin.py:188} INFO - [2024-11-11T23:47:33.220+0000] {dag.py:3096} INFO - Sync 1 DAGs
[2024-11-11T23:47:33.505+0000] {logging_mixin.py:188} INFO - [2024-11-11T23:47:33.505+0000] {dag.py:3954} INFO - Setting next_dagrun for Stock_data_analysis_lab2utl to 2024-11-11 17:00:00+00:00, run_after=2024-11-12 17:00:00+00:00
[2024-11-11T23:47:33.565+0000] {processor.py:183} INFO - Processing /opt/airflow/dags/utl.py took 0.455 seconds
[2024-11-11T23:48:04.498+0000] {processor.py:161} INFO - Started process (PID=3698) to work on /opt/airflow/dags/utl.py
[2024-11-11T23:48:04.501+0000] {processor.py:830} INFO - Processing file /opt/airflow/dags/utl.py for tasks to queue
[2024-11-11T23:48:04.525+0000] {logging_mixin.py:188} INFO - [2024-11-11T23:48:04.524+0000] {dagbag.py:545} INFO - Filling up the DagBag from /opt/airflow/dags/utl.py
[2024-11-11T23:48:04.869+0000] {processor.py:840} INFO - DAG(s) 'Stock_data_analysis_lab2utl' retrieved from /opt/airflow/dags/utl.py
[2024-11-11T23:48:04.968+0000] {logging_mixin.py:188} INFO - [2024-11-11T23:48:04.967+0000] {dag.py:3096} INFO - Sync 1 DAGs
[2024-11-11T23:48:05.092+0000] {logging_mixin.py:188} INFO - [2024-11-11T23:48:05.092+0000] {dag.py:3954} INFO - Setting next_dagrun for Stock_data_analysis_lab2utl to 2024-11-11 17:00:00+00:00, run_after=2024-11-12 17:00:00+00:00
[2024-11-11T23:48:05.209+0000] {processor.py:183} INFO - Processing /opt/airflow/dags/utl.py took 0.738 seconds
[2024-11-11T23:48:35.896+0000] {processor.py:161} INFO - Started process (PID=3759) to work on /opt/airflow/dags/utl.py
[2024-11-11T23:48:35.898+0000] {processor.py:830} INFO - Processing file /opt/airflow/dags/utl.py for tasks to queue
[2024-11-11T23:48:35.902+0000] {logging_mixin.py:188} INFO - [2024-11-11T23:48:35.902+0000] {dagbag.py:545} INFO - Filling up the DagBag from /opt/airflow/dags/utl.py
[2024-11-11T23:48:35.941+0000] {processor.py:840} INFO - DAG(s) 'Stock_data_analysis_lab2utl' retrieved from /opt/airflow/dags/utl.py
[2024-11-11T23:48:35.982+0000] {logging_mixin.py:188} INFO - [2024-11-11T23:48:35.980+0000] {dag.py:3096} INFO - Sync 1 DAGs
[2024-11-11T23:48:36.053+0000] {logging_mixin.py:188} INFO - [2024-11-11T23:48:36.052+0000] {dag.py:3954} INFO - Setting next_dagrun for Stock_data_analysis_lab2utl to 2024-11-11 17:00:00+00:00, run_after=2024-11-12 17:00:00+00:00
[2024-11-11T23:48:36.100+0000] {processor.py:183} INFO - Processing /opt/airflow/dags/utl.py took 0.217 seconds
[2024-11-11T23:49:06.362+0000] {processor.py:161} INFO - Started process (PID=3820) to work on /opt/airflow/dags/utl.py
[2024-11-11T23:49:06.365+0000] {processor.py:830} INFO - Processing file /opt/airflow/dags/utl.py for tasks to queue
[2024-11-11T23:49:06.370+0000] {logging_mixin.py:188} INFO - [2024-11-11T23:49:06.370+0000] {dagbag.py:545} INFO - Filling up the DagBag from /opt/airflow/dags/utl.py
[2024-11-11T23:49:06.408+0000] {processor.py:840} INFO - DAG(s) 'Stock_data_analysis_lab2utl' retrieved from /opt/airflow/dags/utl.py
[2024-11-11T23:49:06.450+0000] {logging_mixin.py:188} INFO - [2024-11-11T23:49:06.449+0000] {dag.py:3096} INFO - Sync 1 DAGs
[2024-11-11T23:49:06.496+0000] {logging_mixin.py:188} INFO - [2024-11-11T23:49:06.495+0000] {dag.py:3954} INFO - Setting next_dagrun for Stock_data_analysis_lab2utl to 2024-11-11 17:00:00+00:00, run_after=2024-11-12 17:00:00+00:00
[2024-11-11T23:49:06.539+0000] {processor.py:183} INFO - Processing /opt/airflow/dags/utl.py took 0.202 seconds
[2024-11-11T23:49:36.758+0000] {processor.py:161} INFO - Started process (PID=3881) to work on /opt/airflow/dags/utl.py
[2024-11-11T23:49:36.760+0000] {processor.py:830} INFO - Processing file /opt/airflow/dags/utl.py for tasks to queue
[2024-11-11T23:49:36.762+0000] {logging_mixin.py:188} INFO - [2024-11-11T23:49:36.762+0000] {dagbag.py:545} INFO - Filling up the DagBag from /opt/airflow/dags/utl.py
[2024-11-11T23:49:36.808+0000] {processor.py:840} INFO - DAG(s) 'Stock_data_analysis_lab2utl' retrieved from /opt/airflow/dags/utl.py
[2024-11-11T23:49:36.868+0000] {logging_mixin.py:188} INFO - [2024-11-11T23:49:36.867+0000] {dag.py:3096} INFO - Sync 1 DAGs
[2024-11-11T23:49:36.939+0000] {logging_mixin.py:188} INFO - [2024-11-11T23:49:36.939+0000] {dag.py:3954} INFO - Setting next_dagrun for Stock_data_analysis_lab2utl to 2024-11-11 17:00:00+00:00, run_after=2024-11-12 17:00:00+00:00
[2024-11-11T23:49:37.005+0000] {processor.py:183} INFO - Processing /opt/airflow/dags/utl.py took 0.256 seconds
[2024-11-11T23:50:07.360+0000] {processor.py:161} INFO - Started process (PID=3942) to work on /opt/airflow/dags/utl.py
[2024-11-11T23:50:07.368+0000] {processor.py:830} INFO - Processing file /opt/airflow/dags/utl.py for tasks to queue
[2024-11-11T23:50:07.372+0000] {logging_mixin.py:188} INFO - [2024-11-11T23:50:07.371+0000] {dagbag.py:545} INFO - Filling up the DagBag from /opt/airflow/dags/utl.py
[2024-11-11T23:50:07.409+0000] {processor.py:840} INFO - DAG(s) 'Stock_data_analysis_lab2utl' retrieved from /opt/airflow/dags/utl.py
[2024-11-11T23:50:07.459+0000] {logging_mixin.py:188} INFO - [2024-11-11T23:50:07.458+0000] {dag.py:3096} INFO - Sync 1 DAGs
[2024-11-11T23:50:07.543+0000] {logging_mixin.py:188} INFO - [2024-11-11T23:50:07.542+0000] {dag.py:3954} INFO - Setting next_dagrun for Stock_data_analysis_lab2utl to 2024-11-11 17:00:00+00:00, run_after=2024-11-12 17:00:00+00:00
[2024-11-11T23:50:07.612+0000] {processor.py:183} INFO - Processing /opt/airflow/dags/utl.py took 0.271 seconds
[2024-11-11T23:50:37.726+0000] {processor.py:161} INFO - Started process (PID=4003) to work on /opt/airflow/dags/utl.py
[2024-11-11T23:50:37.727+0000] {processor.py:830} INFO - Processing file /opt/airflow/dags/utl.py for tasks to queue
[2024-11-11T23:50:37.733+0000] {logging_mixin.py:188} INFO - [2024-11-11T23:50:37.732+0000] {dagbag.py:545} INFO - Filling up the DagBag from /opt/airflow/dags/utl.py
[2024-11-11T23:50:37.785+0000] {processor.py:840} INFO - DAG(s) 'Stock_data_analysis_lab2utl' retrieved from /opt/airflow/dags/utl.py
[2024-11-11T23:50:37.831+0000] {logging_mixin.py:188} INFO - [2024-11-11T23:50:37.830+0000] {dag.py:3096} INFO - Sync 1 DAGs
[2024-11-11T23:50:37.901+0000] {logging_mixin.py:188} INFO - [2024-11-11T23:50:37.900+0000] {dag.py:3954} INFO - Setting next_dagrun for Stock_data_analysis_lab2utl to 2024-11-11 17:00:00+00:00, run_after=2024-11-12 17:00:00+00:00
[2024-11-11T23:50:37.952+0000] {processor.py:183} INFO - Processing /opt/airflow/dags/utl.py took 0.237 seconds
[2024-11-11T23:51:08.360+0000] {processor.py:161} INFO - Started process (PID=4064) to work on /opt/airflow/dags/utl.py
[2024-11-11T23:51:08.377+0000] {processor.py:830} INFO - Processing file /opt/airflow/dags/utl.py for tasks to queue
[2024-11-11T23:51:08.391+0000] {logging_mixin.py:188} INFO - [2024-11-11T23:51:08.390+0000] {dagbag.py:545} INFO - Filling up the DagBag from /opt/airflow/dags/utl.py
[2024-11-11T23:51:08.516+0000] {processor.py:840} INFO - DAG(s) 'Stock_data_analysis_lab2utl' retrieved from /opt/airflow/dags/utl.py
[2024-11-11T23:51:08.624+0000] {logging_mixin.py:188} INFO - [2024-11-11T23:51:08.622+0000] {dag.py:3096} INFO - Sync 1 DAGs
[2024-11-11T23:51:08.794+0000] {logging_mixin.py:188} INFO - [2024-11-11T23:51:08.794+0000] {dag.py:3954} INFO - Setting next_dagrun for Stock_data_analysis_lab2utl to 2024-11-11 17:00:00+00:00, run_after=2024-11-12 17:00:00+00:00
[2024-11-11T23:51:08.904+0000] {processor.py:183} INFO - Processing /opt/airflow/dags/utl.py took 0.591 seconds
[2024-11-11T23:51:39.651+0000] {processor.py:161} INFO - Started process (PID=4125) to work on /opt/airflow/dags/utl.py
[2024-11-11T23:51:39.653+0000] {processor.py:830} INFO - Processing file /opt/airflow/dags/utl.py for tasks to queue
[2024-11-11T23:51:39.657+0000] {logging_mixin.py:188} INFO - [2024-11-11T23:51:39.656+0000] {dagbag.py:545} INFO - Filling up the DagBag from /opt/airflow/dags/utl.py
[2024-11-11T23:51:39.707+0000] {processor.py:840} INFO - DAG(s) 'Stock_data_analysis_lab2utl' retrieved from /opt/airflow/dags/utl.py
[2024-11-11T23:51:39.753+0000] {logging_mixin.py:188} INFO - [2024-11-11T23:51:39.752+0000] {dag.py:3096} INFO - Sync 1 DAGs
[2024-11-11T23:51:39.814+0000] {logging_mixin.py:188} INFO - [2024-11-11T23:51:39.814+0000] {dag.py:3954} INFO - Setting next_dagrun for Stock_data_analysis_lab2utl to 2024-11-11 17:00:00+00:00, run_after=2024-11-12 17:00:00+00:00
[2024-11-11T23:51:39.884+0000] {processor.py:183} INFO - Processing /opt/airflow/dags/utl.py took 0.241 seconds
[2024-11-11T23:52:10.244+0000] {processor.py:161} INFO - Started process (PID=4186) to work on /opt/airflow/dags/utl.py
[2024-11-11T23:52:10.246+0000] {processor.py:830} INFO - Processing file /opt/airflow/dags/utl.py for tasks to queue
[2024-11-11T23:52:10.250+0000] {logging_mixin.py:188} INFO - [2024-11-11T23:52:10.249+0000] {dagbag.py:545} INFO - Filling up the DagBag from /opt/airflow/dags/utl.py
[2024-11-11T23:52:10.287+0000] {processor.py:840} INFO - DAG(s) 'Stock_data_analysis_lab2utl' retrieved from /opt/airflow/dags/utl.py
[2024-11-11T23:52:10.320+0000] {logging_mixin.py:188} INFO - [2024-11-11T23:52:10.319+0000] {dag.py:3096} INFO - Sync 1 DAGs
[2024-11-11T23:52:10.353+0000] {logging_mixin.py:188} INFO - [2024-11-11T23:52:10.352+0000] {dag.py:3954} INFO - Setting next_dagrun for Stock_data_analysis_lab2utl to 2024-11-11 17:00:00+00:00, run_after=2024-11-12 17:00:00+00:00
[2024-11-11T23:52:10.386+0000] {processor.py:183} INFO - Processing /opt/airflow/dags/utl.py took 0.150 seconds
[2024-11-11T23:52:40.494+0000] {processor.py:161} INFO - Started process (PID=4247) to work on /opt/airflow/dags/utl.py
[2024-11-11T23:52:40.496+0000] {processor.py:830} INFO - Processing file /opt/airflow/dags/utl.py for tasks to queue
[2024-11-11T23:52:40.499+0000] {logging_mixin.py:188} INFO - [2024-11-11T23:52:40.498+0000] {dagbag.py:545} INFO - Filling up the DagBag from /opt/airflow/dags/utl.py
[2024-11-11T23:52:40.545+0000] {processor.py:840} INFO - DAG(s) 'Stock_data_analysis_lab2utl' retrieved from /opt/airflow/dags/utl.py
[2024-11-11T23:52:40.597+0000] {logging_mixin.py:188} INFO - [2024-11-11T23:52:40.596+0000] {dag.py:3096} INFO - Sync 1 DAGs
[2024-11-11T23:52:40.652+0000] {logging_mixin.py:188} INFO - [2024-11-11T23:52:40.652+0000] {dag.py:3954} INFO - Setting next_dagrun for Stock_data_analysis_lab2utl to 2024-11-11 17:00:00+00:00, run_after=2024-11-12 17:00:00+00:00
[2024-11-11T23:52:40.727+0000] {processor.py:183} INFO - Processing /opt/airflow/dags/utl.py took 0.245 seconds
[2024-11-11T23:53:11.437+0000] {processor.py:161} INFO - Started process (PID=4308) to work on /opt/airflow/dags/utl.py
[2024-11-11T23:53:11.439+0000] {processor.py:830} INFO - Processing file /opt/airflow/dags/utl.py for tasks to queue
[2024-11-11T23:53:11.442+0000] {logging_mixin.py:188} INFO - [2024-11-11T23:53:11.442+0000] {dagbag.py:545} INFO - Filling up the DagBag from /opt/airflow/dags/utl.py
[2024-11-11T23:53:11.484+0000] {processor.py:840} INFO - DAG(s) 'Stock_data_analysis_lab2utl' retrieved from /opt/airflow/dags/utl.py
[2024-11-11T23:53:11.516+0000] {logging_mixin.py:188} INFO - [2024-11-11T23:53:11.516+0000] {dag.py:3096} INFO - Sync 1 DAGs
[2024-11-11T23:53:11.564+0000] {logging_mixin.py:188} INFO - [2024-11-11T23:53:11.564+0000] {dag.py:3954} INFO - Setting next_dagrun for Stock_data_analysis_lab2utl to 2024-11-11 17:00:00+00:00, run_after=2024-11-12 17:00:00+00:00
[2024-11-11T23:53:11.600+0000] {processor.py:183} INFO - Processing /opt/airflow/dags/utl.py took 0.184 seconds
[2024-11-11T23:53:42.331+0000] {processor.py:161} INFO - Started process (PID=4369) to work on /opt/airflow/dags/utl.py
[2024-11-11T23:53:42.334+0000] {processor.py:830} INFO - Processing file /opt/airflow/dags/utl.py for tasks to queue
[2024-11-11T23:53:42.337+0000] {logging_mixin.py:188} INFO - [2024-11-11T23:53:42.337+0000] {dagbag.py:545} INFO - Filling up the DagBag from /opt/airflow/dags/utl.py
[2024-11-11T23:53:42.380+0000] {processor.py:840} INFO - DAG(s) 'Stock_data_analysis_lab2utl' retrieved from /opt/airflow/dags/utl.py
[2024-11-11T23:53:42.424+0000] {logging_mixin.py:188} INFO - [2024-11-11T23:53:42.423+0000] {dag.py:3096} INFO - Sync 1 DAGs
[2024-11-11T23:53:42.467+0000] {logging_mixin.py:188} INFO - [2024-11-11T23:53:42.467+0000] {dag.py:3954} INFO - Setting next_dagrun for Stock_data_analysis_lab2utl to 2024-11-11 17:00:00+00:00, run_after=2024-11-12 17:00:00+00:00
[2024-11-11T23:53:42.502+0000] {processor.py:183} INFO - Processing /opt/airflow/dags/utl.py took 0.179 seconds
[2024-11-11T23:54:12.977+0000] {processor.py:161} INFO - Started process (PID=4430) to work on /opt/airflow/dags/utl.py
[2024-11-11T23:54:12.979+0000] {processor.py:830} INFO - Processing file /opt/airflow/dags/utl.py for tasks to queue
[2024-11-11T23:54:12.982+0000] {logging_mixin.py:188} INFO - [2024-11-11T23:54:12.981+0000] {dagbag.py:545} INFO - Filling up the DagBag from /opt/airflow/dags/utl.py
[2024-11-11T23:54:13.019+0000] {processor.py:840} INFO - DAG(s) 'Stock_data_analysis_lab2utl' retrieved from /opt/airflow/dags/utl.py
[2024-11-11T23:54:13.046+0000] {logging_mixin.py:188} INFO - [2024-11-11T23:54:13.046+0000] {dag.py:3096} INFO - Sync 1 DAGs
[2024-11-11T23:54:13.077+0000] {logging_mixin.py:188} INFO - [2024-11-11T23:54:13.076+0000] {dag.py:3954} INFO - Setting next_dagrun for Stock_data_analysis_lab2utl to 2024-11-11 17:00:00+00:00, run_after=2024-11-12 17:00:00+00:00
[2024-11-11T23:54:13.110+0000] {processor.py:183} INFO - Processing /opt/airflow/dags/utl.py took 0.139 seconds
[2024-11-11T23:54:43.378+0000] {processor.py:161} INFO - Started process (PID=4491) to work on /opt/airflow/dags/utl.py
[2024-11-11T23:54:43.379+0000] {processor.py:830} INFO - Processing file /opt/airflow/dags/utl.py for tasks to queue
[2024-11-11T23:54:43.383+0000] {logging_mixin.py:188} INFO - [2024-11-11T23:54:43.382+0000] {dagbag.py:545} INFO - Filling up the DagBag from /opt/airflow/dags/utl.py
[2024-11-11T23:54:43.412+0000] {processor.py:840} INFO - DAG(s) 'Stock_data_analysis_lab2utl' retrieved from /opt/airflow/dags/utl.py
[2024-11-11T23:54:43.434+0000] {logging_mixin.py:188} INFO - [2024-11-11T23:54:43.434+0000] {dag.py:3096} INFO - Sync 1 DAGs
[2024-11-11T23:54:43.464+0000] {logging_mixin.py:188} INFO - [2024-11-11T23:54:43.463+0000] {dag.py:3954} INFO - Setting next_dagrun for Stock_data_analysis_lab2utl to 2024-11-11 17:00:00+00:00, run_after=2024-11-12 17:00:00+00:00
[2024-11-11T23:54:43.498+0000] {processor.py:183} INFO - Processing /opt/airflow/dags/utl.py took 0.126 seconds
[2024-11-11T23:55:13.709+0000] {processor.py:161} INFO - Started process (PID=4552) to work on /opt/airflow/dags/utl.py
[2024-11-11T23:55:13.719+0000] {processor.py:830} INFO - Processing file /opt/airflow/dags/utl.py for tasks to queue
[2024-11-11T23:55:13.728+0000] {logging_mixin.py:188} INFO - [2024-11-11T23:55:13.727+0000] {dagbag.py:545} INFO - Filling up the DagBag from /opt/airflow/dags/utl.py
[2024-11-11T23:55:13.822+0000] {processor.py:840} INFO - DAG(s) 'Stock_data_analysis_lab2utl' retrieved from /opt/airflow/dags/utl.py
[2024-11-11T23:55:13.962+0000] {logging_mixin.py:188} INFO - [2024-11-11T23:55:13.960+0000] {dag.py:3096} INFO - Sync 1 DAGs
[2024-11-11T23:55:14.104+0000] {logging_mixin.py:188} INFO - [2024-11-11T23:55:14.104+0000] {dag.py:3954} INFO - Setting next_dagrun for Stock_data_analysis_lab2utl to 2024-11-11 17:00:00+00:00, run_after=2024-11-12 17:00:00+00:00
[2024-11-11T23:55:14.214+0000] {processor.py:183} INFO - Processing /opt/airflow/dags/utl.py took 0.525 seconds
[2024-11-11T23:55:44.809+0000] {processor.py:161} INFO - Started process (PID=4612) to work on /opt/airflow/dags/utl.py
[2024-11-11T23:55:44.811+0000] {processor.py:830} INFO - Processing file /opt/airflow/dags/utl.py for tasks to queue
[2024-11-11T23:55:44.816+0000] {logging_mixin.py:188} INFO - [2024-11-11T23:55:44.815+0000] {dagbag.py:545} INFO - Filling up the DagBag from /opt/airflow/dags/utl.py
[2024-11-11T23:55:44.848+0000] {processor.py:840} INFO - DAG(s) 'Stock_data_analysis_lab2utl' retrieved from /opt/airflow/dags/utl.py
[2024-11-11T23:55:44.879+0000] {logging_mixin.py:188} INFO - [2024-11-11T23:55:44.878+0000] {dag.py:3096} INFO - Sync 1 DAGs
[2024-11-11T23:55:44.915+0000] {logging_mixin.py:188} INFO - [2024-11-11T23:55:44.914+0000] {dag.py:3954} INFO - Setting next_dagrun for Stock_data_analysis_lab2utl to 2024-11-11 17:00:00+00:00, run_after=2024-11-12 17:00:00+00:00
[2024-11-11T23:55:44.958+0000] {processor.py:183} INFO - Processing /opt/airflow/dags/utl.py took 0.158 seconds
[2024-11-11T23:56:15.201+0000] {processor.py:161} INFO - Started process (PID=4673) to work on /opt/airflow/dags/utl.py
[2024-11-11T23:56:15.203+0000] {processor.py:830} INFO - Processing file /opt/airflow/dags/utl.py for tasks to queue
[2024-11-11T23:56:15.207+0000] {logging_mixin.py:188} INFO - [2024-11-11T23:56:15.207+0000] {dagbag.py:545} INFO - Filling up the DagBag from /opt/airflow/dags/utl.py
[2024-11-11T23:56:15.254+0000] {processor.py:840} INFO - DAG(s) 'Stock_data_analysis_lab2utl' retrieved from /opt/airflow/dags/utl.py
[2024-11-11T23:56:15.299+0000] {logging_mixin.py:188} INFO - [2024-11-11T23:56:15.298+0000] {dag.py:3096} INFO - Sync 1 DAGs
[2024-11-11T23:56:15.342+0000] {logging_mixin.py:188} INFO - [2024-11-11T23:56:15.341+0000] {dag.py:3954} INFO - Setting next_dagrun for Stock_data_analysis_lab2utl to 2024-11-11 17:00:00+00:00, run_after=2024-11-12 17:00:00+00:00
[2024-11-11T23:56:15.383+0000] {processor.py:183} INFO - Processing /opt/airflow/dags/utl.py took 0.194 seconds
[2024-11-11T23:56:46.227+0000] {processor.py:161} INFO - Started process (PID=4734) to work on /opt/airflow/dags/utl.py
[2024-11-11T23:56:46.232+0000] {processor.py:830} INFO - Processing file /opt/airflow/dags/utl.py for tasks to queue
[2024-11-11T23:56:46.236+0000] {logging_mixin.py:188} INFO - [2024-11-11T23:56:46.235+0000] {dagbag.py:545} INFO - Filling up the DagBag from /opt/airflow/dags/utl.py
[2024-11-11T23:56:46.274+0000] {processor.py:840} INFO - DAG(s) 'Stock_data_analysis_lab2utl' retrieved from /opt/airflow/dags/utl.py
[2024-11-11T23:56:46.300+0000] {logging_mixin.py:188} INFO - [2024-11-11T23:56:46.300+0000] {dag.py:3096} INFO - Sync 1 DAGs
[2024-11-11T23:56:46.335+0000] {logging_mixin.py:188} INFO - [2024-11-11T23:56:46.334+0000] {dag.py:3954} INFO - Setting next_dagrun for Stock_data_analysis_lab2utl to 2024-11-11 17:00:00+00:00, run_after=2024-11-12 17:00:00+00:00
[2024-11-11T23:56:46.377+0000] {processor.py:183} INFO - Processing /opt/airflow/dags/utl.py took 0.162 seconds
[2024-11-11T23:57:16.679+0000] {processor.py:161} INFO - Started process (PID=4794) to work on /opt/airflow/dags/utl.py
[2024-11-11T23:57:16.680+0000] {processor.py:830} INFO - Processing file /opt/airflow/dags/utl.py for tasks to queue
[2024-11-11T23:57:16.683+0000] {logging_mixin.py:188} INFO - [2024-11-11T23:57:16.683+0000] {dagbag.py:545} INFO - Filling up the DagBag from /opt/airflow/dags/utl.py
[2024-11-11T23:57:16.720+0000] {processor.py:840} INFO - DAG(s) 'Stock_data_analysis_lab2utl' retrieved from /opt/airflow/dags/utl.py
[2024-11-11T23:57:16.748+0000] {logging_mixin.py:188} INFO - [2024-11-11T23:57:16.747+0000] {dag.py:3096} INFO - Sync 1 DAGs
[2024-11-11T23:57:16.796+0000] {logging_mixin.py:188} INFO - [2024-11-11T23:57:16.795+0000] {dag.py:3954} INFO - Setting next_dagrun for Stock_data_analysis_lab2utl to 2024-11-11 17:00:00+00:00, run_after=2024-11-12 17:00:00+00:00
[2024-11-11T23:57:16.826+0000] {processor.py:183} INFO - Processing /opt/airflow/dags/utl.py took 0.161 seconds
[2024-11-11T23:57:47.091+0000] {processor.py:161} INFO - Started process (PID=4855) to work on /opt/airflow/dags/utl.py
[2024-11-11T23:57:47.093+0000] {processor.py:830} INFO - Processing file /opt/airflow/dags/utl.py for tasks to queue
[2024-11-11T23:57:47.096+0000] {logging_mixin.py:188} INFO - [2024-11-11T23:57:47.095+0000] {dagbag.py:545} INFO - Filling up the DagBag from /opt/airflow/dags/utl.py
[2024-11-11T23:57:47.145+0000] {processor.py:840} INFO - DAG(s) 'Stock_data_analysis_lab2utl' retrieved from /opt/airflow/dags/utl.py
[2024-11-11T23:57:47.197+0000] {logging_mixin.py:188} INFO - [2024-11-11T23:57:47.196+0000] {dag.py:3096} INFO - Sync 1 DAGs
[2024-11-11T23:57:47.252+0000] {logging_mixin.py:188} INFO - [2024-11-11T23:57:47.251+0000] {dag.py:3954} INFO - Setting next_dagrun for Stock_data_analysis_lab2utl to 2024-11-11 17:00:00+00:00, run_after=2024-11-12 17:00:00+00:00
[2024-11-11T23:57:47.305+0000] {processor.py:183} INFO - Processing /opt/airflow/dags/utl.py took 0.222 seconds
[2024-11-11T23:58:18.108+0000] {processor.py:161} INFO - Started process (PID=4916) to work on /opt/airflow/dags/utl.py
[2024-11-11T23:58:18.110+0000] {processor.py:830} INFO - Processing file /opt/airflow/dags/utl.py for tasks to queue
[2024-11-11T23:58:18.113+0000] {logging_mixin.py:188} INFO - [2024-11-11T23:58:18.112+0000] {dagbag.py:545} INFO - Filling up the DagBag from /opt/airflow/dags/utl.py
[2024-11-11T23:58:18.145+0000] {processor.py:840} INFO - DAG(s) 'Stock_data_analysis_lab2utl' retrieved from /opt/airflow/dags/utl.py
[2024-11-11T23:58:18.176+0000] {logging_mixin.py:188} INFO - [2024-11-11T23:58:18.175+0000] {dag.py:3096} INFO - Sync 1 DAGs
[2024-11-11T23:58:18.209+0000] {logging_mixin.py:188} INFO - [2024-11-11T23:58:18.209+0000] {dag.py:3954} INFO - Setting next_dagrun for Stock_data_analysis_lab2utl to 2024-11-11 17:00:00+00:00, run_after=2024-11-12 17:00:00+00:00
[2024-11-11T23:58:18.247+0000] {processor.py:183} INFO - Processing /opt/airflow/dags/utl.py took 0.146 seconds
[2024-11-11T23:58:48.732+0000] {processor.py:161} INFO - Started process (PID=4977) to work on /opt/airflow/dags/utl.py
[2024-11-11T23:58:48.737+0000] {processor.py:830} INFO - Processing file /opt/airflow/dags/utl.py for tasks to queue
[2024-11-11T23:58:48.742+0000] {logging_mixin.py:188} INFO - [2024-11-11T23:58:48.741+0000] {dagbag.py:545} INFO - Filling up the DagBag from /opt/airflow/dags/utl.py
[2024-11-11T23:58:48.787+0000] {processor.py:840} INFO - DAG(s) 'Stock_data_analysis_lab2utl' retrieved from /opt/airflow/dags/utl.py
[2024-11-11T23:58:48.822+0000] {logging_mixin.py:188} INFO - [2024-11-11T23:58:48.821+0000] {dag.py:3096} INFO - Sync 1 DAGs
[2024-11-11T23:58:48.858+0000] {logging_mixin.py:188} INFO - [2024-11-11T23:58:48.857+0000] {dag.py:3954} INFO - Setting next_dagrun for Stock_data_analysis_lab2utl to 2024-11-11 17:00:00+00:00, run_after=2024-11-12 17:00:00+00:00
[2024-11-11T23:58:48.903+0000] {processor.py:183} INFO - Processing /opt/airflow/dags/utl.py took 0.181 seconds
[2024-11-11T23:59:19.481+0000] {processor.py:161} INFO - Started process (PID=5038) to work on /opt/airflow/dags/utl.py
[2024-11-11T23:59:19.484+0000] {processor.py:830} INFO - Processing file /opt/airflow/dags/utl.py for tasks to queue
[2024-11-11T23:59:19.489+0000] {logging_mixin.py:188} INFO - [2024-11-11T23:59:19.488+0000] {dagbag.py:545} INFO - Filling up the DagBag from /opt/airflow/dags/utl.py
[2024-11-11T23:59:19.546+0000] {processor.py:840} INFO - DAG(s) 'Stock_data_analysis_lab2utl' retrieved from /opt/airflow/dags/utl.py
[2024-11-11T23:59:19.594+0000] {logging_mixin.py:188} INFO - [2024-11-11T23:59:19.592+0000] {dag.py:3096} INFO - Sync 1 DAGs
[2024-11-11T23:59:19.655+0000] {logging_mixin.py:188} INFO - [2024-11-11T23:59:19.655+0000] {dag.py:3954} INFO - Setting next_dagrun for Stock_data_analysis_lab2utl to 2024-11-11 17:00:00+00:00, run_after=2024-11-12 17:00:00+00:00
[2024-11-11T23:59:19.716+0000] {processor.py:183} INFO - Processing /opt/airflow/dags/utl.py took 0.248 seconds
[2024-11-11T23:59:50.003+0000] {processor.py:161} INFO - Started process (PID=5099) to work on /opt/airflow/dags/utl.py
[2024-11-11T23:59:50.005+0000] {processor.py:830} INFO - Processing file /opt/airflow/dags/utl.py for tasks to queue
[2024-11-11T23:59:50.008+0000] {logging_mixin.py:188} INFO - [2024-11-11T23:59:50.008+0000] {dagbag.py:545} INFO - Filling up the DagBag from /opt/airflow/dags/utl.py
[2024-11-11T23:59:50.040+0000] {processor.py:840} INFO - DAG(s) 'Stock_data_analysis_lab2utl' retrieved from /opt/airflow/dags/utl.py
[2024-11-11T23:59:50.094+0000] {logging_mixin.py:188} INFO - [2024-11-11T23:59:50.093+0000] {dag.py:3096} INFO - Sync 1 DAGs
[2024-11-11T23:59:50.185+0000] {logging_mixin.py:188} INFO - [2024-11-11T23:59:50.185+0000] {dag.py:3954} INFO - Setting next_dagrun for Stock_data_analysis_lab2utl to 2024-11-11 17:00:00+00:00, run_after=2024-11-12 17:00:00+00:00
[2024-11-11T23:59:50.259+0000] {processor.py:183} INFO - Processing /opt/airflow/dags/utl.py took 0.270 seconds
